5296536,1363,1.261,45.33,4.836,-81.5
5296556,1363,1.26,45.21,4.836,-82.5
5296576,1363,1.254,45.18,4.869,-82
5296596,1363,1.263,45.31,4.869,-81
5296616,1363,1.262,45.3,4.869,-82
5296636,1363,1.263,45.18,4.869,-81.5
5296656,1363,1.262,45.25,4.869,-82
5296676,1363,1.261,45.07,4.869,-82
5296696,1363,1.265,45.14,4.836,-82
5296716,1363,1.261,45.16,4.836,-81.5
5296736,1363,1.266,45.35,4.836,-81.5
5296756,1363,1.265,45.37,4.836,-81.5
5296776,1364,1.271,45.62,4.836,-81
5296796,1363,1.266,45.65,4.836,-81.5
5296816,1364,1.261,45.25,4.857,-81.5
5296836,1363,1.26,45.2,4.857,-82
5296856,1364,1.258,44.96,4.857,-81.5
5296876,1364,1.264,44.99,4.857,-81
5296896,1364,1.26,45.01,4.857,-82
5296916,1364,1.263,45.1,4.857,-81.5
5296936,1364,1.26,45.23,4.85,-82
5296956,1364,1.263,45.33,4.85,-81
5296976,1365,1.26,45.35,4.85,-81.5
5296996,1364,1.256,45.01,4.85,-81.5
5297016,1365,1.252,45.24,4.85,-82
5297036,1365,1.255,45.23,4.85,-81
5297056,1365,1.259,45.37,4.85,-81
5297076,1366,1.258,45.57,4.85,-81.5
5297096,1366,1.26,45.58,4.85,-82.5
5297116,1366,1.258,45.69,4.85,-82
5297136,1366,1.254,45.62,4.85,-81.5
5297156,1366,1.25,45.62,4.85,-82
5297176,1366,1.244,45.89,4.866,-81.5
5297196,1366,1.247,45.96,4.866,-82
5297216,1366,1.247,46.14,4.866,-81.5
5297236,1366,1.252,46.25,4.866,-82
5297256,1366,1.254,46.48,4.866,-82
5297276,1366,1.259,46.8,4.866,-81.5
5297296,1366,1.256,46.81,4.852,-81.5
5297316,1366,1.259,47,4.852,-81.5
5297336,1366,1.259,47.24,4.852,-82
5297356,1366,1.257,47.27,4.852,-81.5
5297376,1366,1.262,47.37,4.852,-82
5297396,1366,1.252,47.4,4.852,-81.5
5297416,1366,1.257,47.39,4.85,-82.5
5297436,1366,1.257,47.4,4.85,-81.5
5297456,1366,1.259,47.43,4.85,-81
5297476,1366,1.259,47.41,4.85,-81.5
5297496,1366,1.263,47.17,4.85,-81
5297516,1366,1.261,47.28,4.85,-81.5
5297536,1366,1.252,47.12,4.827,-81.5
5297556,1366,1.254,47.21,4.827,-82
5297576,1366,1.247,47.12,4.827,-82
5297596,1366,1.255,47.23,4.827,-81
5297616,1366,1.252,47.12,4.827,-81.5
5297636,1366,1.253,47.1,4.827,-81.5
5297656,1366,1.255,47.48,4.852,-82
5297676,1366,1.252,47.46,4.852,-81.5
5297696,1366,1.253,47.71,4.852,-82
5297716,1366,1.249,47.69,4.852,-81
5297736,1366,1.254,47.84,4.852,-81.5
5297756,1366,1.25,47.85,4.852,-81.5
5297776,1366,1.253,47.93,4.869,-81.5
5297796,1366,1.255,47.75,4.869,-81.5
5297816,1366,1.255,47.58,4.869,-81
5297836,1366,1.256,47.7,4.869,-82
5297856,1366,1.249,47.66,4.869,-81.5
5297876,1366,1.252,47.81,4.869,-82
5297896,1366,1.246,47.74,4.85,-81.5
5297916,1366,1.257,47.86,4.85,-81.5
5297936,1366,1.257,47.8,4.85,-81.5
5297956,1366,1.257,47.76,4.85,-81
5297976,1366,1.258,47.69,4.85,-82
5297996,1366,1.254,47.74,4.85,-81.5
5298016,1366,1.257,47.83,4.85,-82
5298036,1366,1.255,47.94,4.85,-81.5
5298056,1366,1.26,47.99,4.85,-82.5
5298076,1366,1.259,47.96,4.85,-81.5
5298096,1366,1.259,47.85,4.85,-81
5298116,1366,1.259,47.78,4.85,-82
5298136,1366,1.256,47.52,4.836,-81.5
5298156,1366,1.256,47.53,4.836,-82
5298176,1366,1.256,47.58,4.836,-81
5298196,1366,1.259,47.71,4.836,-82
5298216,1366,1.254,47.55,4.836,-81.5
5298236,1365,1.259,47.45,4.836,-82.5
5298256,1366,1.257,47.36,4.836,-82
5298276,1366,1.259,47.39,4.836,-81
5298296,1366,1.256,47.53,4.836,-81.5
5298316,1366,1.254,47.42,4.836,-81
5298336,1366,1.258,47.55,4.836,-82
5298356,1366,1.251,47.39,4.836,-81.5
5298376,1366,1.256,47.31,4.866,-81
5298396,1366,1.258,47.03,4.866,-81.5
5298416,1366,1.261,46.96,4.866,-81
5298436,1366,1.257,47.23,4.866,-81.5
5298456,1366,1.257,47.24,4.866,-81.5
5298476,1366,1.26,47.52,4.866,-81.5
5298496,1366,1.255,47.5,4.873,-81.5
5298516,1366,1.257,47.52,4.873,-82.5
5298536,1366,1.256,47.58,4.873,-81.5
5298556,1366,1.254,47.4,4.873,-81.5
5298576,1366,1.25,47.41,4.873,-81.5
5298596,1365,1.247,47.39,4.873,-81
5298616,1366,1.252,47.26,4.844,-82
5298636,1366,1.25,47.28,4.844,-82
5298656,1366,1.255,47.35,4.844,-82.5
5298676,1366,1.25,47.44,4.844,-81.5
5298696,1366,1.256,47.4,4.844,-81
5298716,1366,1.253,47.51,4.844,-82
5298736,1366,1.247,47.27,4.846,-81.5
5298756,1366,1.25,47.33,4.846,-82
5298776,1366,1.248,47.4,4.846,-81.5
5298796,1366,1.253,47.43,4.846,-81
5298816,1366,1.251,47.61,4.846,-81.5
5298836,1366,1.256,47.45,4.846,-81
5298856,1366,1.253,47.58,4.844,-81.5
5298876,1366,1.253,47.5,4.844,-81.5
5298896,1366,1.253,47.57,4.844,-82
5298916,1366,1.252,47.65,4.844,-82
5298936,1366,1.256,47.78,4.844,-82
5298956,1366,1.254,47.75,4.844,-81.5
5298976,1366,1.256,47.81,4.869,-81
5298996,1366,1.252,47.87,4.869,-81.5
5299016,1366,1.254,47.92,4.869,-81.5
5299036,1366,1.253,47.93,4.869,-82
5299056,1366,1.249,47.94,4.869,-81
5299076,1366,1.251,47.99,4.869,-82
5299096,1366,1.245,47.85,4.852,-81.5
5299116,1366,1.247,47.84,4.852,-81
5299136,1366,1.246,47.65,4.852,-82
5299156,1366,1.252,47.52,4.852,-81
5299176,1366,1.251,47.65,4.852,-82
5299196,1366,1.245,47.59,4.852,-81.5
5299216,1366,1.251,47.67,4.85,-82.5
5299236,1366,1.245,47.41,4.85,-81.5
5299256,1366,1.255,47.51,4.85,-81
5299276,1366,1.256,47.76,4.85,-82
5299296,1366,1.253,47.65,4.85,-81.5
5299316,1366,1.258,47.69,4.85,-82
5299336,1366,1.253,47.77,4.846,-81.5
5299356,1365,1.261,47.85,4.846,-81.5
5299376,1366,1.256,47.84,4.846,-81.5
5299396,1366,1.255,47.76,4.846,-81.5
5299416,1366,1.255,47.69,4.846,-82
5299436,1366,1.25,47.65,4.846,-81.5
5299456,1366,1.253,47.75,4.846,-81
5299476,1366,1.253,47.7,4.846,-81.5
5299496,1366,1.258,47.5,4.846,-81
5299516,1366,1.259,47.6,4.846,-82
5299536,1365,1.255,47.75,4.846,-81.5
5299556,1366,1.26,47.81,4.846,-81
5299576,1366,1.258,47.93,4.869,-82
5299596,1366,1.254,47.91,4.869,-81
5299616,1366,1.259,47.84,4.869,-82
5299636,1366,1.256,48.01,4.869,-81.5
5299656,1365,1.255,47.93,4.869,-81.5
5299676,1366,1.251,48.03,4.869,-82
5299696,1366,1.249,48.19,4.866,-81.5
5299716,1366,1.251,48.39,4.866,-82
5299736,1366,1.249,48.43,4.866,-81.5
5299756,1366,1.252,48.55,4.866,-81
5299776,1366,1.249,48.24,4.866,-81.5
5299796,1365,1.245,48.37,4.866,-81
5299816,1366,1.246,48.4,4.85,-82
5299836,1366,1.239,48.37,4.85,-81.5
5299856,1366,1.242,48.23,4.85,-82.5
5299876,1366,1.241,48.15,4.85,-81.5
5299896,1366,1.24,48.1,4.85,-81.5
5299916,1366,1.24,48.08,4.85,-82
5299936,1366,1.237,48.03,4.836,-81.5
5299956,1366,1.246,48.2,4.836,-81
5299976,1366,1.25,48.23,4.836,-81.5
5299996,1366,1.255,48.41,4.836,-81
5300016,1366,1.253,48.4,4.836,-82
5300036,1366,1.251,48.39,4.836,-81.5
5300056,1366,1.253,48.41,4.863,-82
5300076,1366,1.251,48.28,4.863,-81.5
5300096,1366,1.253,48.31,4.863,-82.5
5300116,1366,1.248,48.18,4.863,-82
5300136,1366,1.244,47.99,4.863,-81.5
5300156,1366,1.241,47.7,4.863,-82
5300176,1366,1.239,47.62,4.855,-81.5
5300196,1366,1.246,47.6,4.855,-82
5300216,1365,1.244,47.46,4.855,-81.5
5300236,1365,1.249,47.56,4.855,-81.5
5300256,1365,1.252,47.6,4.855,-82
5300276,1365,1.249,47.48,4.855,-81
5300296,1366,1.251,47.49,4.869,-82
5300316,1366,1.249,47.55,4.869,-81.5
5300336,1365,1.257,47.52,4.869,-81
5300356,1366,1.259,47.53,4.869,-82.5
5300376,1366,1.259,47.84,4.869,-81
5300396,1366,1.26,48,4.869,-82
5300416,1366,1.255,48.02,4.844,-81.5
5300436,1365,1.259,47.99,4.844,-81
5300456,1366,1.26,48.11,4.844,-81.5
5300476,1366,1.259,48.07,4.844,-81.5
5300496,1366,1.256,48.07,4.844,-82
5300516,1365,1.251,47.64,4.844,-81.5
5300536,1366,1.258,47.45,4.836,-82
5300556,1365,1.249,47.45,4.836,-82
5300576,1366,1.255,47.26,4.836,-81.5
5300596,1365,1.25,47.23,4.836,-81.5
5300616,1365,1.251,47.28,4.836,-81
5300636,1366,1.251,47.44,4.836,-82
5300656,1366,1.249,47.36,4.836,-81.5
5300676,1365,1.255,47.37,4.836,-81.5
5300696,1366,1.251,47.46,4.836,-81.5
5300716,1366,1.25,47.44,4.836,-81.5
5300736,1365,1.25,47.7,4.836,-82
5300756,1365,1.25,47.59,4.836,-81
5300776,1365,1.252,47.59,4.863,-82
5300796,1366,1.244,47.62,4.863,-82
5300816,1366,1.251,47.62,4.863,-82
5300836,1366,1.251,47.23,4.863,-82
5300856,1365,1.253,47.32,4.863,-81
5300876,1366,1.252,47.46,4.863,-82
5300896,1366,1.253,47.46,4.85,-81.5
5300916,1366,1.258,47.46,4.85,-82.5
5300936,1365,1.258,47.37,4.85,-81.5
5300956,1365,1.262,47.42,4.85,-81
5300976,1365,1.261,47.46,4.85,-81.5
5300996,1366,1.26,47.44,4.85,-81
5301016,1366,1.258,47.45,4.836,-82
5301036,1366,1.249,47.37,4.836,-81.5
5301056,1366,1.253,47.34,4.836,-82
5301076,1366,1.25,47.24,4.836,-81.5
5301096,1366,1.251,47.33,4.836,-81
5301116,1365,1.249,47.37,4.836,-81.5
5301136,1365,1.251,47.42,4.846,-81
5301156,1366,1.25,47.52,4.846,-82
5301176,1366,1.248,47.43,4.846,-81
5301196,1365,1.251,47.31,4.846,-82
5301216,1366,1.247,47.43,4.846,-82
5301236,1366,1.256,47.5,4.846,-81
5301256,1366,1.258,47.51,4.833,-82
5301276,1365,1.258,47.31,4.833,-81
5301296,1366,1.262,47.28,4.833,-82
5301316,1365,1.257,47.28,4.833,-81.5
5301336,1366,1.262,47.52,4.833,-81.5
5301356,1365,1.255,47.49,4.833,-82
5301376,1366,1.258,47.37,4.863,-81
5301396,1366,1.258,47.46,4.863,-82.5
5301416,1366,1.249,47.53,4.863,-82
5301436,1365,1.251,47.66,4.863,-81
5301456,1365,1.247,47.59,4.863,-81.5
5301476,1365,1.25,47.57,4.863,-81
5301496,1366,1.25,47.45,4.852,-81.5
5301516,1365,1.247,47.27,4.852,-81
5301536,1365,1.255,47.32,4.852,-81.5
5301556,1365,1.253,47.39,4.852,-81.5
5301576,1365,1.255,47.35,4.852,-81.5
5301596,1365,1.255,47.41,4.852,-82.5
5301616,1365,1.25,47.42,4.844,-81.5
5301636,1365,1.254,47.64,4.844,-81
5301656,1365,1.253,47.81,4.844,-81.5
5301676,1365,1.257,47.8,4.844,-81
5301696,1365,1.255,47.66,4.844,-81.5
5301716,1365,1.255,47.69,4.844,-81.5
5301736,1365,1.26,47.76,4.85,-82.5
5301756,1365,1.258,47.78,4.85,-81.5
5301776,1365,1.264,47.82,4.85,-81
5301796,1365,1.258,47.87,4.85,-81.5
5301816,1365,1.259,47.77,4.85,-81.5
5301836,1365,1.259,47.8,4.85,-82
5301856,1365,1.254,47.9,4.844,-82
5301876,1365,1.259,47.9,4.844,-81
5301896,1365,1.259,48.05,4.844,-82
5301916,1364,1.258,47.96,4.844,-81.5
5301936,1364,1.256,48.08,4.844,-82
5301956,1364,1.257,48.12,4.844,-81
5301976,1365,1.261,48.28,4.869,-82
5301996,1364,1.258,48.31,4.869,-81.5
5302016,1364,1.261,48.27,4.869,-82.5
5302036,1364,1.26,48.19,4.869,-82
5302056,1365,1.264,48.16,4.869,-81.5
5302076,1364,1.257,48.21,4.869,-82
5302096,1365,1.249,47.96,4.836,-81
5302116,1365,1.254,48.01,4.836,-82
5302136,1365,1.251,47.96,4.836,-81.5
5302156,1364,1.256,48.03,4.836,-81.5
5302176,1364,1.254,48.21,4.836,-82
5302196,1365,1.259,47.96,4.836,-81
5302216,1364,1.259,48.03,4.844,-82.5
5302236,1365,1.255,48.07,4.844,-81.5
5302256,1364,1.254,48.03,4.844,-82.5
5302276,1365,1.253,48.17,4.844,-81.5
5302296,1364,1.26,48.21,4.844,-82.5
5302316,1364,1.26,48.21,4.844,-81.5
5302336,1364,1.259,48.17,4.836,-81.5
5302356,1364,1.256,48.21,4.836,-82
5302376,1364,1.257,48.08,4.836,-81
5302396,1364,1.258,48.21,4.836,-82
5302416,1364,1.256,48.15,4.836,-81
5302436,1365,1.259,48.16,4.836,-82.5
5302456,1364,1.253,48.05,4.85,-82
5302476,1364,1.258,47.94,4.85,-81
5302496,1365,1.253,47.89,4.85,-81.5
5302516,1365,1.255,47.87,4.85,-81.5
5302536,1364,1.253,47.93,4.85,-82
5302556,1364,1.248,47.75,4.85,-81.5
5302576,1365,1.253,47.78,4.852,-82
5302596,1364,1.256,47.71,4.852,-81.5
5302616,1364,1.262,47.76,4.852,-81
5302636,1364,1.26,47.68,4.852,-81.5
5302656,1365,1.266,47.67,4.852,-81
5302676,1364,1.266,47.62,4.852,-81.5
5302696,1364,1.269,47.67,4.836,-81
5302716,1364,1.27,47.53,4.836,-82
5302736,1364,1.265,47.5,4.836,-81.5
5302756,1364,1.267,47.49,4.836,-82
5302776,1364,1.262,47.5,4.836,-81.5
5302796,1364,1.265,47.55,4.836,-82
5302816,1365,1.265,47.59,4.846,-81.5
5302836,1364,1.265,47.58,4.846,-81
5302856,1364,1.265,47.55,4.846,-81.5
5302876,1364,1.268,47.52,4.846,-81.5
5302896,1364,1.266,47.64,4.846,-82
5302916,1364,1.265,47.39,4.846,-81
5302936,1364,1.27,47.61,4.833,-81.5
5302956,1364,1.262,47.58,4.833,-82
5302976,1364,1.268,47.53,4.833,-81
5302996,1365,1.262,47.55,4.833,-81.5
5303016,1364,1.259,47.42,4.833,-81.5
5303036,1364,1.259,47.53,4.833,-82
5303056,1364,1.257,47.55,4.827,-81.5
5303076,1364,1.26,47.52,4.827,-82
5303096,1364,1.253,47.43,4.827,-81.5
5303116,1364,1.257,47.45,4.827,-81
5303136,1364,1.257,47.43,4.827,-82
5303156,1364,1.262,47.46,4.827,-81
5303176,1365,1.261,47.48,4.869,-81.5
5303196,1364,1.26,47.39,4.869,-81.5
5303216,1364,1.255,47.28,4.869,-82
5303236,1364,1.257,47.25,4.869,-81
5303256,1364,1.262,47.17,4.869,-81
5303276,1364,1.255,46.96,4.869,-81.5
5303296,1364,1.259,46.87,4.836,-81
5303316,1364,1.256,46.77,4.836,-82
5303336,1364,1.26,46.85,4.836,-81
5303356,1364,1.26,46.99,4.836,-82
5303376,1364,1.261,47.05,4.836,-81.5
5303396,1364,1.26,47.11,4.836,-82
5303416,1364,1.256,47.16,4.827,-81.5
5303436,1364,1.257,47.28,4.827,-83
5303456,1364,1.252,47.18,4.827,-81.5
5303476,1364,1.254,47.27,4.827,-81.5
5303496,1364,1.251,47.21,4.827,-81.5
5303516,1364,1.253,47.08,4.827,-81
5303536,1364,1.257,47.17,4.833,-82.5
5303556,1364,1.255,47.01,4.833,-81.5
5303576,1364,1.255,47.1,4.833,-82
5303596,1364,1.25,46.96,4.833,-81.5
5303616,1364,1.257,46.9,4.833,-82
5303636,1364,1.256,46.96,4.833,-81.5
5303656,1364,1.261,47.14,4.846,-81.5
5303676,1364,1.258,47.27,4.846,-82
5303696,1365,1.26,47.28,4.846,-81.5
5303716,1364,1.254,47.45,4.846,-82
5303736,1364,1.255,47.68,4.846,-81
5303756,1364,1.256,47.87,4.846,-81.5
5303776,1364,1.251,47.73,4.863,-81.5
5303796,1364,1.255,47.78,4.863,-82.5
5303816,1364,1.247,47.77,4.863,-82
5303836,1364,1.253,47.78,4.863,-81
5303856,1364,1.254,47.77,4.863,-82
5303876,1364,1.257,47.48,4.863,-81
5303896,1364,1.253,47.8,4.846,-81.5
5303916,1364,1.252,47.69,4.846,-81.5
5303936,1364,1.252,47.62,4.846,-82.5
5303956,1364,1.25,47.62,4.846,-81.5
5303976,1364,1.254,47.67,4.846,-82
5303996,1364,1.253,47.73,4.846,-81.5
5304016,1364,1.259,47.69,4.863,-81
5304036,1364,1.257,47.62,4.863,-81
5304056,1364,1.262,47.67,4.863,-81
5304076,1364,1.263,47.67,4.863,-81.5
5304096,1364,1.264,47.56,4.863,-81
5304116,1364,1.258,47.51,4.863,-81.5
5304136,1364,1.257,47.53,4.85,-81
5304156,1364,1.254,47.46,4.85,-82
5304176,1364,1.252,47.45,4.85,-81
5304196,1364,1.25,47.49,4.85,-82
5304216,1364,1.25,47.65,4.85,-81.5
5304236,1364,1.258,47.62,4.85,-82.5
5304256,1364,1.254,47.74,4.836,-81
5304276,1364,1.258,47.61,4.836,-81
5304296,1364,1.258,47.76,4.836,-82
5304316,1364,1.257,47.56,4.836,-81
5304336,1364,1.257,47.71,4.836,-82
5304356,1364,1.26,47.71,4.836,-81.5
5304376,1364,1.257,47.68,4.869,-82
5304396,1364,1.252,47.75,4.869,-81.5
5304416,1364,1.258,47.8,4.869,-82.5
5304436,1364,1.252,47.69,4.869,-81
5304456,1364,1.256,47.64,4.869,-81
5304476,1364,1.248,47.71,4.869,-81.5
5304496,1364,1.254,47.66,4.836,-82.5
5304516,1364,1.254,47.74,4.836,-81.5
5304536,1364,1.257,47.59,4.836,-81
5304556,1364,1.254,47.55,4.836,-81.5
5304576,1364,1.251,47.53,4.836,-81.5
5304596,1364,1.249,47.42,4.836,-82
5304616,1364,1.247,47.58,4.836,-81.5
5304636,1364,1.249,47.61,4.836,-82
5304656,1364,1.243,47.48,4.836,-81
5304676,1364,1.248,47.51,4.836,-81
5304696,1364,1.249,47.35,4.836,-81.5
5304716,1364,1.256,47.36,4.836,-82
5304736,1364,1.248,47.28,4.836,-81.5
5304756,1364,1.254,47.27,4.836,-81
5304776,1364,1.253,47.33,4.836,-81.5
5304796,1364,1.256,47.34,4.836,-81
5304816,1364,1.255,47.41,4.836,-81.5
5304836,1364,1.253,47.41,4.836,-81.5
5304856,1364,1.248,47.67,4.844,-82
5304876,1364,1.251,47.94,4.844,-81
5304896,1364,1.25,47.98,4.844,-81.5
5304916,1364,1.246,47.75,4.844,-81.5
5304936,1364,1.249,47.75,4.844,-82.5
5304956,1364,1.244,47.4,4.844,-81
5304976,1364,1.253,47.57,4.863,-82.5
5304996,1364,1.251,47.61,4.863,-81.5
5305016,1364,1.251,47.62,4.863,-82
5305036,1364,1.245,47.7,4.863,-81.5
5305056,1364,1.249,47.86,4.863,-82
5305076,1364,1.244,47.78,4.863,-81.5
5305096,1364,1.25,47.62,4.863,-82
5305116,1364,1.247,47.53,4.863,-81.5
5305136,1364,1.252,47.48,4.863,-82
5305156,1364,1.249,47.6,4.863,-81.5
5305176,1364,1.252,47.65,4.863,-81.5
5305196,1364,1.246,47.55,4.863,-82
5305216,1364,1.251,47.64,4.863,-81.5
5305236,1364,1.249,47.51,4.863,-82
5305256,1364,1.256,47.58,4.863,-81
5305276,1364,1.254,47.44,4.863,-82
5305296,1364,1.259,47.52,4.863,-81
5305316,1364,1.259,47.34,4.863,-82
5305336,1364,1.259,47.39,4.85,-81.5
5305356,1364,1.254,47.27,4.85,-81.5
5305376,1364,1.254,47.26,4.85,-81.5
5305396,1364,1.247,47.2,4.85,-81.5
5305416,1364,1.247,47.24,4.85,-81
5305436,1364,1.244,46.96,4.85,-81.5
5305456,1364,1.249,46.83,4.869,-81
5305476,1364,1.252,46.74,4.869,-81.5
5305496,1364,1.253,46.9,4.869,-81.5
5305516,1364,1.253,47.08,4.869,-81.5
5305536,1364,1.255,46.81,4.869,-81.5
5305556,1364,1.258,47,4.869,-81.5
5305576,1364,1.253,46.84,4.866,-81.5
5305596,1364,1.252,46.86,4.866,-82
5305616,1364,1.252,46.96,4.866,-81.5
5305636,1364,1.254,46.98,4.866,-82
5305656,1364,1.256,46.87,4.866,-81
5305676,1364,1.255,47.05,4.866,-81.5
5305696,1364,1.255,47.05,4.85,-81.5
5305716,1364,1.257,47.14,4.85,-82
5305736,1364,1.257,47.32,4.85,-81.5
5305756,1364,1.26,47.32,4.85,-82
5305776,1364,1.252,47.28,4.85,-81.5
5305796,1364,1.25,47.21,4.85,-82
5305816,1364,1.246,47.12,4.833,-81
5305836,1364,1.252,47.2,4.833,-82
5305856,1364,1.249,47.23,4.833,-81
5305876,1364,1.254,47.51,4.833,-82
5305896,1364,1.25,47.34,4.833,-81.5
5305916,1364,1.26,47.44,4.833,-81
5305936,1365,1.261,47.39,4.833,-81.5
5305956,1364,1.264,47.48,4.833,-81.5
5305976,1364,1.265,47.4,4.833,-82
5305996,1364,1.265,47.56,4.833,-81.5
5306016,1364,1.263,47.66,4.833,-82
5306036,1364,1.26,47.61,4.833,-81.5
5306056,1365,1.259,47.69,4.844,-82
5306076,1364,1.258,47.67,4.844,-81.5
5306096,1364,1.256,47.62,4.844,-82
5306116,1364,1.255,47.56,4.844,-81.5
5306136,1364,1.262,47.62,4.844,-82
5306156,1364,1.256,47.51,4.844,-81
5306176,1364,1.258,47.61,4.836,-81
5306196,1364,1.256,47.39,4.836,-81.5
5306216,1364,1.261,47.21,4.836,-81.5
5306236,1364,1.26,47.19,4.836,-81.5
5306256,1364,1.26,47.11,4.836,-81
5306276,1364,1.258,47.07,4.836,-82
5306296,1364,1.262,47.1,4.852,-81.5
5306316,1364,1.261,47.16,4.852,-82
5306336,1364,1.256,46.96,4.852,-81.5
5306356,1364,1.259,46.98,4.852,-82
5306376,1364,1.255,47.11,4.852,-81.5
5306396,1364,1.257,47.25,4.852,-82
5306416,1364,1.248,47.21,4.846,-81.5
5306436,1364,1.255,47.37,4.846,-81
5306456,1364,1.251,47.28,4.846,-81.5
5306476,1364,1.257,47.31,4.846,-81.5
5306496,1364,1.257,47.32,4.846,-82
5306516,1364,1.255,47.34,4.846,-81.5
