24286733,2791,1.475,-71.18,4.814,-83
24286753,2790,1.471,-70.71,4.814,-83
24286773,2790,1.467,-70.68,4.814,-83
24286793,2790,1.47,-70.78,4.814,-82.5
24286813,2790,1.472,-70.86,4.825,-82.5
24286833,2790,1.475,-70.58,4.825,-82.5
24286853,2790,1.47,-70.67,4.825,-83
24286873,2790,1.475,-70.22,4.825,-82.5
24286893,2790,1.481,-70.15,4.825,-83
24286913,2790,1.483,-70.24,4.825,-83
24286933,2790,1.489,-70.47,4.814,-83
24286953,2790,1.495,-70.28,4.814,-83
24286973,2790,1.485,-70.49,4.814,-83
24286993,2790,1.479,-69.93,4.814,-83
24287013,2790,1.473,-69.61,4.814,-83
24287033,2790,1.474,-69.83,4.814,-83
24287053,2790,1.477,-69.96,4.814,-82.5
24287073,2790,1.48,-69.76,4.814,-83
24287093,2789,1.474,-70.15,4.814,-83
24287113,2789,1.471,-69.67,4.814,-82.5
24287133,2789,1.475,-69.64,4.814,-83
24287153,2789,1.477,-69.86,4.814,-83
24287173,2788,1.47,-69.46,4.782,-83
24287193,2789,1.476,-68.99,4.782,-83
24287213,2788,1.473,-69.33,4.782,-84
24287273,2788,1.483,-69.99,4.782,-84
24287293,2788,1.498,-70.12,4.804,-83
24287313,2788,1.496,-69.93,4.804,-83.5
24287333,2788,1.487,-69.92,4.804,-84
24287353,2788,1.484,-69.4,4.804,-83
24287373,2788,1.482,-69.08,4.804,-83
24287393,2788,1.481,-69.19,4.804,-83
24287413,2788,1.484,-69.36,4.807,-82.5
24287433,2788,1.481,-69.01,4.807,-82.5
24287453,2787,1.483,-68.78,4.807,-83
24287473,2788,1.488,-68.76,4.807,-82.5
24287493,2788,1.489,-68.31,4.807,-83
24287513,2787,1.493,-68.35,4.807,-83
24287533,2787,1.493,-68.57,4.807,-83
24287553,2787,1.491,-68.15,4.807,-83
24287573,2787,1.483,-68.01,4.807,-84
24287593,2787,1.483,-68.15,4.807,-82.5
24287613,2787,1.482,-67.86,4.807,-83.5
24287633,2787,1.489,-67.87,4.807,-83
24287653,2787,1.487,-68.17,4.814,-83
24287673,2787,1.496,-68.01,4.814,-83
24287693,2787,1.493,-67.93,4.814,-83
24287713,2787,1.49,-68.01,4.814,-83
24287733,2787,1.49,-67.72,4.814,-83
24287753,2786,1.486,-67.79,4.814,-83.5
24287773,2787,1.485,-67.76,4.814,-83
24287793,2787,1.488,-67.15,4.814,-83
24287813,2787,1.49,-66.81,4.814,-83.5
24287833,2787,1.5,-66.93,4.814,-82.5
24287853,2787,1.499,-66.35,4.814,-83
24287873,2786,1.501,-66.25,4.814,-83
24287893,2787,1.498,-66.33,4.817,-83.5
24287913,2787,1.501,-65.93,4.817,-83
24287933,2787,1.492,-65.72,4.817,-83.5
24287953,2786,1.492,-65.92,4.817,-83.5
24287973,2786,1.505,-66.47,4.817,-82.5
24287993,2787,1.502,-66.26,4.817,-83
24288013,2786,1.494,-66.04,4.819,-83.5
24288033,2786,1.499,-66.42,4.819,-82.5
24288053,2787,1.496,-66,4.819,-83
24288073,2786,1.495,-65.87,4.819,-83
24288093,2786,1.499,-65.4,4.819,-82.5
24288113,2786,1.49,-65.11,4.819,-83
24288133,2787,1.497,-65.35,4.814,-83.5
24288153,2786,1.499,-65.5,4.814,-83
24288173,2786,1.494,-65.22,4.814,-83.5
24288193,2786,1.503,-65.01,4.814,-83.5
24288213,2786,1.506,-65.26,4.814,-82.5
24288233,2786,1.51,-66,4.814,-83.5
24288253,2786,1.508,-66.06,4.801,-83.5
24288273,2786,1.503,-66.04,4.801,-83.5
24288293,2786,1.504,-65.65,4.801,-83
24288313,2786,1.506,-65.74,4.801,-83
24288333,2786,1.503,-65.83,4.801,-83.5
24288353,2787,1.505,-66.29,4.801,-83
24288373,2786,1.502,-65.94,4.807,-82.5
24288393,2786,1.5,-65.99,4.807,-83
24288413,2786,1.498,-66.49,4.807,-83
24288433,2786,1.494,-66.1,4.807,-82.5
24288453,2787,1.489,-66.08,4.807,-83.5
24288473,2786,1.493,-65.51,4.807,-83
24288493,2786,1.49,-65.08,4.804,-83
24288513,2786,1.498,-64.83,4.804,-83
24288533,2786,1.504,-65.22,4.804,-83
24288553,2786,1.505,-65.04,4.804,-83
24288573,2786,1.502,-65.04,4.804,-83
24288593,2786,1.502,-65.19,4.804,-83
24288613,2786,1.5,-64.74,4.814,-83
24288633,2786,1.498,-64.78,4.814,-83.5
24288653,2786,1.497,-64.83,4.814,-83
24288673,2786,1.496,-64.61,4.814,-82.5
24288693,2786,1.497,-64.54,4.814,-83
24288713,2786,1.497,-64.57,4.814,-83
24288733,2786,1.5,-64.9,4.814,-82.5
24288753,2786,1.5,-64.81,4.814,-83
24288773,2786,1.5,-64.72,4.814,-83.5
24288793,2786,1.496,-65.01,4.814,-83
24288813,2786,1.497,-65.61,4.814,-83
24288833,2786,1.498,-65.62,4.814,-83.5
24288853,2786,1.498,-65.62,4.814,-83.5
24288873,2786,1.501,-66.04,4.814,-83
24288893,2786,1.499,-65.76,4.814,-83
24288913,2786,1.507,-65.69,4.814,-83
24288933,2786,1.505,-65.97,4.814,-83
24288953,2786,1.51,-65.72,4.814,-83
24288973,2787,1.507,-65.47,4.785,-83
24288993,2786,1.51,-65.92,4.785,-83
24289013,2786,1.503,-65.79,4.785,-83
24289033,2786,1.508,-65.82,4.785,-83.5
24289053,2786,1.519,-66.11,4.785,-83
24289073,2786,1.508,-65.72,4.785,-83
24289093,2786,1.505,-65.75,4.812,-83.5
24289113,2786,1.512,-65.93,4.812,-83
24289133,2786,1.505,-65.47,4.812,-83
24289153,2786,1.508,-65.39,4.812,-83
24289173,2786,1.512,-65.51,4.812,-83.5
24289193,2786,1.51,-65.22,4.812,-83
24289213,2786,1.51,-64.99,4.814,-83
24289233,2787,1.507,-65.1,4.814,-83.5
24289253,2786,1.504,-64.85,4.814,-83
24289273,2786,1.503,-64.57,4.814,-83
24289293,2786,1.501,-64.75,4.814,-83
24289313,2786,1.504,-64.72,4.814,-83
24289333,2787,1.503,-65.25,4.812,-83
24289353,2786,1.501,-65.43,4.812,-83
24289373,2786,1.502,-65.4,4.812,-83
24289393,2786,1.5,-65.87,4.812,-83
24289413,2786,1.494,-65.72,4.812,-83.5
24289433,2786,1.494,-65.76,4.812,-84
24289453,2786,1.494,-65.97,4.819,-83.5
24289473,2786,1.499,-65.81,4.819,-83
24289493,2786,1.495,-65.87,4.819,-83.5
24289513,2786,1.499,-65.87,4.819,-83.5
24289533,2786,1.502,-66.51,4.819,-83
24289553,2786,1.505,-66.65,4.819,-83
24289573,2786,1.511,-66.47,4.814,-83
24289593,2786,1.506,-66.76,4.814,-83
24289613,2786,1.502,-66.15,4.814,-83
24289633,2786,1.507,-66.04,4.814,-83.5
24289653,2786,1.502,-66.47,4.814,-83.5
24289673,2786,1.5,-65.96,4.814,-83
24289693,2786,1.508,-66.04,4.811,-83
24289713,2786,1.513,-66.37,4.811,-83.5
24289733,2786,1.518,-66.9,4.811,-83
24289753,2786,1.516,-66.76,4.811,-83
24289773,2786,1.514,-66.72,4.811,-84
24289793,2787,1.515,-67.04,4.811,-83
24289813,2786,1.507,-66.79,4.814,-83
24289833,2786,1.504,-66.86,4.814,-83.5
24289853,2786,1.504,-67.08,4.814,-83
24289873,2786,1.502,-66.78,4.814,-83
24289893,2786,1.508,-66.72,4.814,-83
24289913,2786,1.503,-66.64,4.814,-83
24289933,2786,1.501,-66.9,4.812,-83
24289953,2786,1.503,-66.54,4.812,-83
24289973,2786,1.503,-66.22,4.812,-83
24289993,2786,1.5,-66.32,4.812,-83
24290013,2786,1.499,-65.76,4.812,-83
24290033,2786,1.501,-65.65,4.812,-83.5
24290053,2786,1.497,-65.71,4.814,-83.5
24290073,2786,1.497,-66.07,4.814,-83.5
24290093,2786,1.501,-65.76,4.814,-83
24290113,2786,1.492,-65.69,4.814,-83.5
24290133,2786,1.49,-65.87,4.814,-83
24290153,2786,1.488,-65.4,4.814,-83
24290173,2786,1.49,-65.26,4.785,-83
24290193,2786,1.49,-65.28,4.785,-82.5
24290213,2786,1.488,-64.93,4.785,-83
24290233,2786,1.487,-64.72,4.785,-82.5
24290253,2787,1.488,-64.89,4.785,-83
24290273,2786,1.494,-65.31,4.785,-83
24290293,2786,1.497,-65.86,4.819,-83
24290313,2786,1.496,-65.86,4.819,-83
24290333,2786,1.5,-66.06,4.819,-83.5
24290353,2786,1.498,-66.6,4.819,-83.5
24290373,2786,1.5,-66.35,4.819,-83
24290393,2786,1.501,-66.36,4.819,-83.5
24290413,2786,1.504,-66.5,4.814,-83
24290433,2786,1.511,-66.86,4.814,-83
24290453,2786,1.513,-66.75,4.814,-83
24290473,2786,1.513,-66.85,4.814,-83
24290493,2786,1.514,-67.17,4.814,-82.5
24290513,2786,1.508,-66.68,4.814,-83
24290533,2786,1.498,-66.39,4.819,-83
24290553,2786,1.497,-66.53,4.819,-83.5
24290573,2786,1.5,-66.08,4.819,-83
24290593,2786,1.498,-65.87,4.819,-83
24290613,2786,1.494,-65.87,4.819,-83.5
24290633,2786,1.503,-66.01,4.819,-83
24290653,2786,1.5,-65.4,4.807,-83
24290673,2786,1.499,-65.47,4.807,-83.5
24290693,2786,1.495,-65.43,4.807,-84
24290713,2786,1.496,-65.81,4.807,-83
24290733,2786,1.498,-65.62,4.807,-83
24290753,2786,1.502,-65.85,4.807,-83
24290773,2786,1.504,-66.18,4.812,-82.5
24290793,2786,1.506,-66.58,4.812,-83
24290813,2786,1.5,-66.33,4.812,-83.5
24290833,2786,1.504,-66.43,4.812,-83.5
24290853,2786,1.512,-66.78,4.812,-83
24290873,2786,1.507,-66.32,4.812,-83
24290893,2786,1.503,-66.36,4.804,-83.5
24290913,2786,1.504,-66.43,4.804,-83
24290933,2786,1.503,-66.76,4.804,-83
24290953,2786,1.501,-66.37,4.804,-83
24290973,2786,1.513,-66.53,4.804,-83.5
24290993,2786,1.508,-66.56,4.804,-83
24291013,2786,1.506,-66.97,4.814,-83
24291033,2786,1.506,-67.12,4.814,-83.5
24291053,2786,1.503,-67.08,4.814,-83.5
24291073,2786,1.504,-67.26,4.814,-83
24291093,2786,1.508,-67.03,4.814,-83
24291113,2787,1.503,-67.04,4.814,-83.5
24291133,2786,1.495,-67.08,4.807,-83
24291153,2787,1.493,-66.79,4.807,-83
24291173,2786,1.497,-66.42,4.807,-83
24291193,2787,1.507,-66.28,4.807,-83
24291213,2786,1.509,-66.47,4.807,-83
24291233,2786,1.507,-66.97,4.807,-83.5
24291253,2786,1.502,-66.68,4.806,-83
24291273,2786,1.51,-66.51,4.806,-83
24291293,2787,1.506,-66.83,4.806,-83
24291313,2786,1.514,-67.36,4.806,-83
24291333,2787,1.513,-66.93,4.806,-83
24291353,2786,1.508,-67.06,4.806,-83.5
24291373,2787,1.503,-67.22,4.807,-83
24291393,2786,1.504,-66.65,4.807,-83
24291413,2787,1.499,-66.08,4.807,-83
24291433,2787,1.495,-65.99,4.807,-83
24291453,2787,1.499,-65.42,4.807,-83
24291473,2787,1.505,-65.22,4.807,-83
24291493,2786,1.499,-65.19,4.807,-83
24291513,2786,1.498,-65.56,4.807,-83
24291533,2786,1.499,-66.01,4.807,-83
24291553,2786,1.494,-65.76,4.807,-83
24291573,2786,1.498,-65.61,4.807,-83.5
24291593,2786,1.503,-65.69,4.807,-83
24291613,2787,1.499,-66.01,4.814,-83
24291633,2787,1.501,-65.64,4.814,-83
24291653,2786,1.504,-65.75,4.814,-83
24291673,2786,1.502,-65.87,4.814,-83
24291693,2787,1.499,-65.51,4.814,-83
24291713,2786,1.499,-65.35,4.814,-82.5
24291733,2786,1.497,-65.53,4.814,-83.5
24291753,2786,1.503,-65.78,4.814,-83
24291773,2786,1.501,-65.36,4.814,-83
24291793,2786,1.504,-65.11,4.814,-83
24291813,2786,1.5,-64.82,4.814,-83.5
24291833,2787,1.504,-64.99,4.814,-83
24291853,2786,1.504,-64.46,4.812,-83
24291873,2787,1.497,-64.22,4.812,-83.5
24291893,2786,1.496,-64.46,4.812,-83.5
24291913,2786,1.496,-64.74,4.812,-83
24291933,2786,1.494,-64.43,4.812,-83
24291953,2787,1.492,-64.57,4.812,-83.5
24291973,2786,1.491,-64.68,4.822,-83
24291993,2787,1.491,-64.9,4.822,-83
24292013,2787,1.489,-64.65,4.822,-83
24292033,2786,1.487,-64.46,4.822,-82.5
24292053,2786,1.488,-64.64,4.822,-83.5
24292073,2787,1.496,-64.94,4.822,-83
24292093,2787,1.495,-65.46,4.811,-83
24292113,2787,1.494,-65.36,4.811,-83.5
24292133,2786,1.493,-65.47,4.811,-83.5
24292153,2787,1.497,-65.68,4.811,-83.5
24292173,2786,1.496,-65.89,4.811,-83
24292193,2786,1.499,-65.65,4.811,-83
24292213,2786,1.498,-65.76,4.814,-83.5
24292233,2787,1.496,-65.9,4.814,-83.5
24292253,2786,1.5,-66.43,4.814,-83
24292273,2786,1.506,-66.28,4.814,-83
24292293,2787,1.506,-66.15,4.814,-83
24292313,2787,1.501,-66.11,4.814,-83.5
24292333,2787,1.498,-66.32,4.814,-83
24292353,2787,1.495,-65.87,4.814,-83
24292373,2786,1.493,-65.76,4.814,-83.5
24292393,2786,1.494,-65.69,4.814,-83.5
24292413,2786,1.492,-66,4.814,-83
24292433,2786,1.496,-66.53,4.814,-83
24292453,2786,1.499,-66.26,4.819,-83.5
24292473,2786,1.499,-66.37,4.819,-83.5
24292493,2787,1.496,-66.58,4.819,-83
24292513,2786,1.498,-66.08,4.819,-83
24292533,2787,1.495,-65.74,4.819,-83
24292553,2787,1.493,-65.76,4.819,-83
24292573,2786,1.494,-65.92,4.785,-83
24292593,2787,1.499,-66.26,4.785,-83
24292613,2786,1.503,-65.97,4.785,-83
24292633,2786,1.501,-65.81,4.785,-83
24292653,2786,1.5,-65.75,4.785,-83
24292673,2787,1.504,-66.14,4.785,-83
24292693,2786,1.5,-65.68,4.814,-83
24292713,2787,1.496,-65.61,4.814,-83.5
24292733,2786,1.505,-65.62,4.814,-83.5
24292753,2787,1.506,-65.65,4.814,-83.5
24292773,2787,1.504,-66.24,4.814,-83
24292793,2787,1.501,-65.99,4.814,-83
24292813,2787,1.502,-65.85,4.801,-83
24292833,2786,1.502,-65.9,4.801,-83.5
24292853,2786,1.506,-65.61,4.801,-83
24292873,2786,1.505,-65.99,4.801,-83
24292893,2787,1.506,-66.11,4.801,-83
24292913,2786,1.508,-66.18,4.801,-83
24292933,2787,1.508,-66.36,4.814,-83
24292953,2787,1.511,-66.83,4.814,-83
24292973,2786,1.515,-66.61,4.814,-83
24292993,2787,1.513,-66.68,4.814,-83.5
24293013,2787,1.509,-66.54,4.814,-83
24293033,2786,1.51,-66.74,4.814,-83.5
24293053,2787,1.506,-66.11,4.807,-83
24293073,2787,1.503,-65.94,4.807,-83.5
24293093,2787,1.501,-66.14,4.807,-83
24293113,2787,1.495,-66.25,4.807,-83.5
24293133,2787,1.492,-66.53,4.807,-83
24293153,2786,1.489,-66.26,4.807,-83
24293173,2786,1.495,-66.03,4.785,-83
24293193,2787,1.496,-66.01,4.785,-83
24293213,2786,1.497,-66.14,4.785,-82.5
24293233,2786,1.5,-66.43,4.785,-83
24293253,2787,1.494,-66.12,4.785,-83
24293273,2787,1.491,-66.04,4.785,-83.5
24293293,2786,1.487,-65.93,4.825,-83.5
24293313,2787,1.489,-65.87,4.825,-83
24293333,2786,1.489,-65.61,4.825,-83
24293353,2786,1.489,-65.54,4.825,-83.5
24293373,2786,1.495,-65.69,4.825,-83
24293393,2786,1.492,-65.54,4.825,-83.5
24293413,2786,1.495,-65.68,4.814,-83
24293433,2787,1.493,-65.21,4.814,-83
24293453,2786,1.488,-65.12,4.814,-83.5
24293473,2787,1.488,-65.08,4.814,-83
24293493,2787,1.491,-65.04,4.814,-83
24293513,2786,1.494,-65.54,4.814,-83
24293533,2787,1.498,-66.08,4.812,-83
24293553,2787,1.498,-65.99,4.812,-83.5
24293573,2786,1.502,-65.93,4.812,-83.5
24293593,2786,1.502,-65.99,4.812,-83
24293613,2787,1.496,-66.35,4.812,-83
24293633,2787,1.493,-66.07,4.812,-83.5
24293653,2787,1.493,-65.93,4.812,-83
24293673,2786,1.494,-65.97,4.812,-83.5
24293693,2787,1.502,-66.08,4.812,-83
24293713,2786,1.498,-66.22,4.812,-83
24293733,2787,1.5,-65.71,4.812,-82.5
24293753,2787,1.504,-65.61,4.812,-83
24293773,2787,1.497,-65.54,4.785,-83
24293793,2787,1.49,-65.54,4.785,-83.5
24293813,2787,1.492,-65.9,4.785,-83
24293833,2786,1.496,-66.32,4.785,-83
24293853,2787,1.49,-65.93,4.785,-83
24293873,2787,1.494,-65.87,4.785,-83
24293893,2787,1.496,-65.9,4.814,-83.5
24293913,2787,1.5,-66.08,4.814,-83
24293933,2787,1.506,-66.37,4.814,-83
24293953,2786,1.502,-65.85,4.814,-83
24293973,2787,1.504,-65.72,4.814,-83
24293993,2787,1.502,-66.03,4.814,-83.5
24294013,2787,1.503,-66.12,4.807,-83.5
24294033,2786,1.504,-66.08,4.807,-82.5
24294053,2786,1.5,-66.46,4.807,-82.5
24294073,2787,1.495,-66.29,4.807,-83
24294093,2787,1.501,-66.17,4.807,-83
24294113,2787,1.495,-66.18,4.807,-83.5
24294133,2787,1.497,-65.92,4.814,-83
24294153,2786,1.498,-66.07,4.814,-82.5
24294173,2787,1.496,-65.57,4.814,-83
24294193,2787,1.495,-65.39,4.814,-83
24294213,2787,1.491,-65.36,4.814,-83
24294233,2787,1.497,-65.49,4.814,-84
24294253,2786,1.5,-65.51,4.814,-83.5
24294273,2786,1.501,-65.92,4.814,-83
24294293,2786,1.511,-66.31,4.814,-83
24294313,2786,1.51,-66.04,4.814,-83
24294333,2786,1.501,-65.79,4.814,-83
24294353,2786,1.499,-65.64,4.814,-83
24294373,2787,1.5,-65.68,4.825,-83
24294393,2786,1.507,-66.21,4.825,-83
24294413,2787,1.505,-65.74,4.825,-83
24294433,2787,1.512,-65.33,4.825,-83
24294453,2787,1.51,-65.26,4.825,-83
24294473,2787,1.504,-65,4.825,-83.5
24294493,2787,1.501,-65.07,4.804,-83.5
24294513,2786,1.498,-65.33,4.804,-83
24294533,2787,1.498,-65.11,4.804,-83.5
24294553,2786,1.499,-64.86,4.804,-83
24294573,2787,1.499,-64.89,4.804,-83
24294593,2786,1.498,-64.87,4.804,-83.5
24294613,2787,1.501,-65.11,4.814,-83.5
24294633,2786,1.507,-65.56,4.814,-82.5
24294653,2787,1.5,-65.26,4.814,-83
24294673,2787,1.505,-65.01,4.814,-83
24294693,2787,1.503,-65.29,4.814,-83.5
24294713,2786,1.501,-65.36,4.814,-83.5
24294733,2786,1.501,-65.49,4.814,-83.5
24294753,2786,1.497,-65.82,4.814,-83
24294773,2787,1.5,-65.32,4.814,-83
24294793,2787,1.494,-65.25,4.814,-83.5
24294813,2787,1.499,-65.47,4.814,-83
24294833,2786,1.503,-65.36,4.814,-83
24294853,2786,1.503,-65.4,4.807,-83
24294873,2786,1.51,-65.83,4.807,-83
24294893,2787,1.507,-65.47,4.807,-83
24294913,2786,1.506,-65.18,4.807,-83
24294933,2787,1.502,-65.11,4.807,-83.5
24294953,2786,1.5,-65.33,4.807,-83.5
24294973,2787,1.505,-65.37,4.782,-83
24294993,2786,1.507,-65.64,4.782,-83
24295013,2786,1.512,-66.18,4.782,-83
24295033,2787,1.509,-66.82,4.782,-83.5
24295053,2787,1.511,-66.54,4.782,-83
24295073,2786,1.513,-66.51,4.782,-83.5
24295093,2787,1.505,-66.64,4.814,-84
24295113,2787,1.506,-66.61,4.814,-82.5
24295133,2786,1.51,-67.01,4.814,-83
24295153,2787,1.502,-67.46,4.814,-83
24295173,2787,1.499,-66.97,4.814,-83
24295193,2787,1.503,-66.69,4.814,-83
24295213,2787,1.501,-66.79,4.807,-83.5
24295233,2786,1.498,-66.96,4.807,-83.5
24295253,2787,1.502,-67.18,4.807,-83
24295273,2787,1.504,-67.47,4.807,-83
24295293,2787,1.502,-66.97,4.807,-83
24295313,2787,1.502,-66.62,4.807,-83
24295333,2787,1.505,-66.58,4.814,-83.5
24295353,2787,1.507,-66.4,4.814,-83.5
24295373,2787,1.508,-66.42,4.814,-83.5
24295393,2787,1.504,-66.87,4.814,-83.5
24295413,2787,1.502,-66.39,4.814,-83
24295433,2787,1.499,-65.92,4.814,-83
24295453,2787,1.5,-65.61,4.812,-83
24295473,2787,1.498,-65.76,4.812,-83.5
24295493,2787,1.495,-65.9,4.812,-83.5
24295513,2787,1.5,-65.65,4.812,-83
24295533,2787,1.502,-65.83,4.812,-83
24295553,2787,1.512,-66.42,4.812,-83
24295573,2787,1.509,-65.99,4.785,-83
24295593,2787,1.512,-65.93,4.785,-83
24295613,2787,1.516,-65.9,4.785,-83.5
24295633,2787,1.525,-65.79,4.785,-83
24295653,2787,1.526,-66.21,4.785,-83
24295673,2787,1.528,-66.58,4.785,-83
24295693,2787,1.529,-66.18,4.817,-83
24295713,2787,1.521,-66,4.817,-83
24295733,2787,1.508,-66.03,4.817,-83
24295753,2787,1.507,-65.99,4.817,-83.5
24295773,2787,1.512,-66.31,4.817,-83
24295793,2787,1.511,-66.26,4.817,-83
24295813,2786,1.506,-66.51,4.814,-83
24295833,2787,1.504,-66.99,4.814,-83
24295853,2787,1.506,-66.62,4.814,-83
24295873,2787,1.503,-66.33,4.814,-83
24295893,2787,1.507,-66.29,4.814,-83
24295913,2787,1.504,-66.36,4.814,-83.5
24295933,2787,1.502,-66.32,4.812,-83.5
24295953,2787,1.503,-66.62,4.812,-82.5
24295973,2787,1.51,-67.08,4.812,-83
24295993,2787,1.51,-66.65,4.812,-83
24296013,2787,1.505,-66.32,4.812,-83
24296033,2787,1.507,-66.07,4.812,-83
24296053,2787,1.511,-65.82,4.812,-83.5
24296073,2786,1.499,-65.99,4.812,-84
24296093,2787,1.505,-66.11,4.812,-83
24296113,2787,1.504,-66.15,4.812,-83
24296133,2787,1.509,-66.72,4.812,-83
24296153,2787,1.503,-66.26,4.812,-83
24296173,2787,1.502,-66.15,4.812,-83
24296193,2787,1.502,-66.18,4.812,-83.5
24296213,2786,1.502,-66.22,4.812,-83.5
24296233,2787,1.508,-66.25,4.812,-83.5
24296253,2787,1.502,-66.46,4.812,-83.5
24296273,2787,1.506,-66.83,4.812,-83
24296293,2787,1.507,-67.15,4.814,-83
24296313,2787,1.502,-66.75,4.814,-82.5
24296333,2787,1.505,-66.58,4.814,-83
24296353,2787,1.499,-66.49,4.814,-83
24296373,2787,1.497,-66.46,4.814,-83.5
24296393,2787,1.5,-66.44,4.814,-83
24296413,2787,1.496,-66.51,4.814,-83.5
24296433,2787,1.496,-66.81,4.814,-83
24296453,2787,1.491,-66.51,4.814,-83
24296473,2787,1.491,-66.26,4.814,-83
24296493,2787,1.497,-66.08,4.814,-83
24296513,2787,1.497,-66.01,4.814,-83
24296533,2787,1.497,-66.26,4.812,-83.5
24296553,2787,1.502,-66.26,4.812,-83.5
24296573,2787,1.507,-66.62,4.812,-83
24296593,2787,1.507,-67,4.812,-82.5
24296613,2787,1.503,-66.61,4.812,-83
24296633,2787,1.514,-66.26,4.812,-83
24296653,2787,1.52,-66.32,4.814,-83
24296673,2787,1.515,-66.49,4.814,-83.5
24296693,2787,1.516,-66.51,4.814,-83.5
24296713,2787,1.516,-66.5,4.814,-83.5
24296733,2787,1.515,-66.64,4.814,-83.5
24296753,2787,1.513,-67.31,4.814,-83
