6726394,1594,1.443,31.76,4.784,-81
6726414,1594,1.445,31.62,4.784,-81
6726434,1594,1.445,31.47,4.784,-82
6726454,1594,1.441,31.67,4.784,-81.5
6726474,1593,1.445,32.09,4.784,-81.5
6726494,1594,1.455,32.64,4.774,-81.5
6726514,1593,1.458,32.64,4.774,-81
6726534,1593,1.455,32.29,4.774,-81.5
6726554,1593,1.456,32.16,4.774,-82
6726574,1593,1.456,32.55,4.774,-82
6726594,1593,1.465,33.11,4.774,-81.5
6726614,1593,1.466,33.21,4.78,-81
6726634,1593,1.461,32.96,4.78,-81
6726654,1593,1.456,32.62,4.78,-82
6726674,1593,1.453,32.78,4.78,-82
6726694,1593,1.455,33.32,4.78,-82
6726714,1593,1.451,33.12,4.78,-81.5
6726734,1593,1.454,32.93,4.78,-82.5
6726754,1593,1.452,32.82,4.78,-82
6726774,1593,1.456,32.66,4.78,-82
6726794,1593,1.457,32.77,4.78,-81
6726814,1593,1.455,32.64,4.78,-81.5
6726834,1593,1.454,32.66,4.78,-82.5
6726854,1593,1.452,32.98,4.782,-82
6726874,1593,1.46,33.38,4.782,-81.5
6726894,1593,1.46,33.14,4.782,-81
6726914,1593,1.463,32.91,4.782,-82
6726934,1593,1.462,32.93,4.782,-82
6726954,1593,1.46,33.46,4.782,-81.5
6726974,1593,1.464,33.5,4.792,-81
6726994,1593,1.46,33.3,4.792,-81.5
6727014,1593,1.46,33.54,4.792,-81.5
6727034,1593,1.459,33.84,4.792,-81.5
6727054,1593,1.46,33.84,4.792,-81.5
6727074,1593,1.461,33.43,4.792,-81
6727094,1593,1.457,33.53,4.776,-81.5
6727114,1592,1.457,33.82,4.776,-81.5
6727134,1592,1.457,33.93,4.776,-81
6727154,1592,1.458,33.61,4.776,-81
6727174,1592,1.454,33.54,4.776,-82
6727194,1593,1.456,33.89,4.776,-81.5
6727214,1592,1.459,33.59,4.78,-81
6727234,1592,1.459,33.34,4.78,-81
6727254,1592,1.455,33.3,4.78,-81.5
6727274,1592,1.454,33.71,4.78,-81.5
6727294,1592,1.455,33.8,4.78,-81.5
6727314,1592,1.46,33.54,4.78,-82
6727334,1593,1.457,33.64,4.782,-81.5
6727354,1592,1.462,34.03,4.782,-81.5
6727374,1592,1.46,33.91,4.782,-81
6727394,1592,1.459,33.64,4.782,-82
6727414,1592,1.458,33.48,4.782,-81.5
6727434,1593,1.456,33.41,4.782,-81.5
6727454,1592,1.46,33.39,4.782,-81.5
6727474,1592,1.459,33.28,4.782,-82.5
6727494,1592,1.455,33.57,4.782,-81.5
6727514,1592,1.464,34.28,4.782,-81.5
6727534,1593,1.467,33.98,4.782,-81
6727554,1593,1.46,33.59,4.782,-82
6727574,1592,1.455,33.78,4.801,-82
6727594,1592,1.449,33.62,4.801,-81.5
6727614,1592,1.453,33.54,4.801,-81
6727634,1592,1.455,33.55,4.801,-81.5
6727654,1592,1.456,33.46,4.801,-81.5
6727674,1592,1.454,33.05,4.801,-81
6727694,1592,1.455,32.98,4.78,-82.5
6727714,1592,1.454,33.05,4.78,-82
6727734,1593,1.455,33.43,4.78,-81.5
6727754,1592,1.458,33.12,4.78,-81.5
6727774,1592,1.462,32.88,4.78,-82.5
6727794,1592,1.454,32.75,4.78,-82
6727814,1592,1.456,33.18,4.78,-81.5
6727834,1592,1.459,33.18,4.78,-81
6727854,1592,1.457,33.05,4.78,-82
6727874,1592,1.461,33.3,4.78,-81.5
6727894,1592,1.464,33.89,4.78,-81.5
6727914,1592,1.465,33.71,4.78,-81
6727934,1592,1.465,33.39,4.782,-82
6727954,1592,1.464,33.59,4.782,-82
6727974,1592,1.456,33.41,4.782,-81
6727994,1593,1.458,33.21,4.782,-81.5
6728014,1592,1.455,32.93,4.782,-82
6728034,1592,1.455,33.68,4.782,-81.5
6728054,1592,1.459,33.55,4.78,-81.5
6728074,1592,1.458,33.2,4.78,-81
6728094,1592,1.46,33.09,4.78,-82
6728114,1592,1.464,33.59,4.78,-81.5
6728134,1592,1.462,33.62,4.78,-81.5
6728154,1592,1.461,33.54,4.78,-82
6728174,1592,1.465,33.55,4.793,-81.5
6728194,1592,1.461,33.39,4.793,-81.5
6728214,1592,1.462,33.34,4.793,-81.5
6728234,1592,1.459,33.32,4.793,-82
6728254,1592,1.467,33.37,4.793,-81.5
6728274,1592,1.465,33.14,4.793,-81.5
6728294,1593,1.464,32.82,4.78,-81
6728314,1592,1.466,32.89,4.78,-81.5
6728334,1592,1.464,33.09,4.78,-81.5
6728354,1592,1.465,32.91,4.78,-81.5
6728374,1592,1.457,32.84,4.78,-82
6728394,1592,1.459,32.84,4.78,-81.5
6728414,1592,1.454,32.86,4.782,-81.5
6728434,1592,1.458,32.75,4.782,-81.5
6728454,1592,1.457,32.5,4.782,-82.5
6728474,1592,1.464,32.91,4.782,-81.5
6728494,1592,1.463,32.89,4.782,-81
6728514,1592,1.467,32.88,4.782,-81
6728534,1592,1.462,32.64,4.78,-82
6728554,1592,1.46,33.3,4.78,-81.5
6728574,1591,1.464,33.54,4.78,-81
6728594,1592,1.464,33.37,4.78,-82
6728614,1592,1.464,33.43,4.78,-82
6728634,1592,1.462,33.39,4.78,-81
6728654,1592,1.464,33.18,4.782,-81
6728674,1592,1.461,33.18,4.782,-82
6728694,1592,1.463,33.23,4.782,-81.5
6728714,1592,1.468,33.3,4.782,-81.5
6728734,1592,1.462,33.09,4.782,-81
6728754,1593,1.458,32.96,4.782,-82
6728774,1592,1.459,33.23,4.793,-81.5
6728794,1592,1.459,33.43,4.793,-81.5
6728814,1592,1.457,33.25,4.793,-81
6728834,1592,1.455,33.14,4.793,-82
6728854,1592,1.458,33.23,4.793,-81.5
6728874,1592,1.456,33.28,4.793,-81.5
6728894,1592,1.459,33.25,4.78,-81
6728914,1592,1.458,33.14,4.78,-82.5
6728934,1592,1.457,33.12,4.78,-81.5
6728954,1592,1.457,33.53,4.78,-81.5
6728974,1592,1.459,33.18,4.78,-81
6728994,1592,1.461,33.09,4.78,-82
6729014,1592,1.461,33.54,4.78,-81.5
6729034,1592,1.464,33.73,4.78,-81.5
6729054,1592,1.46,33.66,4.78,-81
6729074,1592,1.457,33.63,4.78,-82
6729094,1592,1.453,33.57,4.78,-82
6729114,1592,1.455,34.03,4.78,-81.5
6729134,1592,1.455,33.73,4.78,-81.5
6729154,1592,1.461,33.34,4.78,-82.5
6729174,1592,1.46,33.21,4.78,-82
6729194,1592,1.455,33.25,4.78,-81.5
6729214,1592,1.455,33.05,4.78,-81
6729234,1592,1.462,32.59,4.78,-81
6729254,1592,1.457,32.5,4.776,-82
6729274,1592,1.463,33.07,4.776,-81.5
6729294,1592,1.462,33.21,4.776,-81.5
6729314,1592,1.467,32.79,4.776,-81
6729334,1592,1.47,32.62,4.776,-82
6729354,1592,1.462,33.13,4.776,-82
6729374,1592,1.463,33.09,4.801,-81.5
6729394,1592,1.459,33.13,4.801,-81
6729414,1592,1.454,32.96,4.801,-82
6729434,1592,1.457,32.98,4.801,-81.5
6729454,1592,1.459,33.37,4.801,-81.5
6729474,1592,1.462,33.18,4.801,-81.5
6729494,1592,1.456,33.12,4.774,-82
6729514,1592,1.459,33.36,4.774,-81.5
6729534,1592,1.461,34,4.774,-81.5
6729554,1592,1.46,33.88,4.774,-81
6729574,1592,1.459,33.57,4.774,-82.5
6729594,1592,1.458,33.75,4.774,-81.5
6729614,1592,1.46,34.18,4.78,-81.5
6729634,1592,1.46,33.93,4.78,-81
6729654,1592,1.459,33.38,4.78,-82.5
6729674,1592,1.46,33.78,4.78,-81.5
6729694,1592,1.459,34.25,4.78,-82
6729714,1592,1.462,33.82,4.78,-81
6729734,1592,1.46,33.73,4.782,-82
6729754,1592,1.459,33.53,4.782,-81.5
6729774,1592,1.459,33.96,4.782,-81.5
6729794,1592,1.466,33.66,4.782,-81
6729814,1592,1.471,33.34,4.782,-82
6729834,1592,1.463,33.77,4.782,-82
6729854,1592,1.467,33.64,4.78,-81.5
6729874,1592,1.462,33.63,4.78,-81.5
6729894,1592,1.466,33.36,4.78,-81
6729914,1592,1.464,33.07,4.78,-81.5
6729934,1592,1.467,33.46,4.78,-81.5
6729954,1592,1.468,33.3,4.78,-81.5
6729974,1592,1.462,33.28,4.8,-82.5
6729994,1592,1.455,32.91,4.8,-82
6730014,1592,1.455,32.8,4.8,-81.5
6730034,1592,1.46,32.86,4.8,-81.5
6730054,1592,1.463,32.66,4.8,-81.5
6730074,1592,1.458,32.48,4.8,-82
6730094,1592,1.457,33.07,4.774,-82
6730114,1592,1.448,32.95,4.774,-81.5
6730134,1592,1.448,32.55,4.774,-81
6730154,1592,1.45,32.73,4.774,-81.5
6730174,1592,1.456,33.07,4.774,-81.5
6730194,1592,1.459,33.53,4.774,-81.5
6730214,1592,1.467,33.46,4.78,-81.5
6730234,1592,1.461,33.48,4.78,-82
6730254,1592,1.461,33.5,4.78,-81.5
6730274,1592,1.46,33.57,4.78,-81
6730294,1592,1.46,33.43,4.78,-81
6730314,1592,1.454,33.34,4.78,-82
6730334,1592,1.462,33.46,4.78,-82
6730354,1592,1.464,33.89,4.78,-81.5
6730374,1592,1.462,33.79,4.78,-81
6730394,1592,1.464,33.54,4.78,-82
6730414,1592,1.458,33.39,4.78,-82
6730434,1592,1.466,34.07,4.78,-81.5
6730454,1592,1.467,33.95,4.782,-81
6730474,1592,1.464,33.84,4.782,-81
6730494,1592,1.462,33.79,4.782,-82
6730514,1592,1.463,34.28,4.782,-81.5
6730534,1592,1.466,34.5,4.782,-81
6730554,1592,1.465,34.07,4.782,-81.5
6730574,1592,1.464,34.18,4.792,-82
6730594,1592,1.466,34.63,4.792,-81.5
6730614,1592,1.47,34.52,4.792,-81
6730634,1592,1.465,34.21,4.792,-81
6730654,1592,1.459,34.09,4.792,-81.5
6730674,1592,1.463,34.04,4.792,-82
6730694,1592,1.464,34.18,4.787,-81.5
6730714,1592,1.458,34.05,4.787,-81.5
6730734,1592,1.461,33.84,4.787,-81
6730754,1592,1.465,33.57,4.787,-82
6730774,1592,1.464,33.95,4.787,-82
6730794,1592,1.46,33.73,4.787,-81.5
6730814,1592,1.459,33.7,4.78,-81.5
6730834,1592,1.459,33.34,4.78,-81
6730854,1592,1.46,33.23,4.78,-82
6730874,1592,1.46,33.89,4.78,-81.5
6730894,1592,1.458,34.18,4.78,-81.5
6730914,1592,1.458,34.09,4.78,-81.5
6730934,1592,1.46,33.63,4.769,-81.5
6730954,1592,1.458,33.68,4.769,-82
6730974,1592,1.46,33.86,4.769,-81.5
6730994,1592,1.463,33.73,4.769,-81.5
6731014,1592,1.469,33.64,4.769,-81
6731034,1592,1.472,33.59,4.769,-81
6731054,1592,1.467,33.57,4.782,-82
6731074,1592,1.469,34.21,4.782,-81.5
6731094,1592,1.471,34.57,4.782,-81.5
6731114,1592,1.468,34.3,4.782,-81.5
6731134,1592,1.466,33.95,4.782,-81
6731154,1592,1.46,34.09,4.782,-81.5
6731174,1592,1.458,34.43,4.793,-82
6731194,1592,1.462,34.54,4.793,-81.5
6731214,1592,1.46,34.39,4.793,-81
6731234,1592,1.456,34.27,4.793,-82
6731254,1592,1.455,34.57,4.793,-81.5
6731274,1592,1.458,34.98,4.793,-81.5
6731294,1592,1.458,34.32,4.787,-81.5
6731314,1592,1.462,33.7,4.787,-81
6731334,1592,1.461,33.2,4.787,-82.5
6731354,1592,1.458,33.13,4.787,-82
6731374,1592,1.463,33.8,4.787,-81.5
6731394,1592,1.466,33.88,4.787,-81
6731414,1592,1.468,33.5,4.78,-81
6731434,1592,1.463,33.27,4.78,-82
6731454,1592,1.457,33.21,4.78,-82
6731474,1592,1.459,33.23,4.78,-81
6731494,1592,1.464,33,4.78,-81.5
6731514,1591,1.462,32.84,4.78,-81
6731534,1592,1.46,32.73,4.782,-82
6731554,1592,1.456,33.07,4.782,-82
6731574,1592,1.458,33.46,4.782,-81.5
6731594,1592,1.458,33.27,4.782,-81
6731614,1592,1.459,33.05,4.782,-81
6731634,1592,1.46,32.96,4.782,-82
6731654,1592,1.46,33.05,4.78,-81.5
6731674,1592,1.459,33.59,4.78,-81.5
6731694,1592,1.461,33.55,4.78,-81
6731714,1592,1.462,33.27,4.78,-81
6731734,1592,1.459,32.84,4.78,-82
6731754,1592,1.461,32.93,4.78,-81.5
6731774,1592,1.46,32.91,4.8,-81
6731794,1592,1.46,32.82,4.8,-81
6731814,1592,1.459,32.48,4.8,-81.5
6731834,1592,1.456,32.68,4.8,-82
6731854,1592,1.459,33.3,4.8,-81.5
6731874,1592,1.461,33.2,4.8,-81
6731894,1592,1.459,32.82,4.8,-81.5
6731914,1592,1.455,32.48,4.8,-82
6731934,1592,1.458,32.5,4.8,-81.5
6731954,1592,1.46,32.73,4.8,-81.5
6731974,1592,1.46,32.52,4.8,-81.5
6731994,1592,1.456,32.21,4.8,-81
6732014,1592,1.455,32.39,4.782,-82
6732034,1592,1.461,32.93,4.782,-81.5
6732054,1592,1.459,32.82,4.782,-81
6732074,1592,1.459,32.54,4.782,-81.5
6732094,1592,1.456,32.38,4.782,-82
6732114,1592,1.455,32.89,4.782,-82
6732134,1592,1.456,32.93,4.78,-81.5
6732154,1592,1.458,32.91,4.78,-81
6732174,1592,1.46,32.82,4.78,-82
6732194,1592,1.456,33.09,4.78,-81.5
6732214,1592,1.457,33.05,4.78,-81.5
6732234,1592,1.456,32.88,4.78,-81.5
6732254,1592,1.454,33.07,4.782,-81.5
6732274,1592,1.46,33.48,4.782,-81.5
6732294,1592,1.465,33.46,4.782,-81.5
6732314,1592,1.462,33.16,4.782,-81
6732334,1592,1.459,33.3,4.782,-81.5
6732354,1592,1.459,33.61,4.782,-81.5
6732374,1592,1.453,33.5,4.8,-81.5
6732394,1592,1.455,33.27,4.8,-81
6732414,1592,1.456,33.28,4.8,-82
6732434,1592,1.456,33.66,4.8,-81.5
6732454,1592,1.459,33.61,4.8,-81.5
6732474,1592,1.465,33.32,4.8,-82
6732494,1592,1.463,33.18,4.774,-81.5
6732514,1592,1.463,33.46,4.774,-81
6732534,1592,1.463,33.48,4.774,-81.5
6732554,1592,1.467,33.34,4.774,-82
6732574,1592,1.467,33.5,4.774,-81.5
6732594,1592,1.465,33.88,4.774,-81.5
6732614,1592,1.464,33.5,4.78,-81
6732634,1592,1.467,33.39,4.78,-81
6732654,1592,1.462,32.82,4.78,-81.5
6732674,1592,1.466,33.32,4.78,-81.5
6732694,1592,1.467,33.25,4.78,-81.5
6732714,1592,1.467,33.14,4.78,-81.5
6732734,1592,1.461,33,4.78,-81.5
6732754,1592,1.457,33.46,4.78,-81.5
6732774,1592,1.457,33.46,4.78,-81.5
6732794,1592,1.459,33.3,4.78,-82
6732814,1592,1.458,33.32,4.78,-82
6732834,1592,1.462,33.89,4.78,-81.5
6732854,1592,1.461,33.75,4.782,-81.5
6732874,1592,1.464,33.36,4.782,-81.5
6732894,1592,1.457,33.07,4.782,-82
6732914,1592,1.459,33.55,4.782,-82
6732934,1592,1.458,34.05,4.782,-81.5
6732954,1592,1.456,33.91,4.782,-81.5
6732974,1592,1.452,33.68,4.788,-82
6732994,1592,1.459,33.8,4.788,-82
6733014,1592,1.461,34.45,4.788,-81.5
6733034,1592,1.456,34.18,4.788,-81.5
6733054,1592,1.457,33.93,4.788,-82.5
6733074,1592,1.459,34.23,4.788,-82
6733094,1592,1.463,34.62,4.78,-81.5
6733114,1592,1.467,34.68,4.78,-81.5
6733134,1592,1.466,34.48,4.78,-82
6733154,1592,1.467,34.39,4.78,-81.5
6733174,1592,1.464,34.48,4.78,-81.5
6733194,1592,1.464,34.3,4.78,-81
6733214,1592,1.464,33.82,4.782,-81.5
6733234,1592,1.459,33.61,4.782,-82
6733254,1592,1.461,33.55,4.782,-81.5
6733274,1592,1.463,33.57,4.782,-81
6733294,1592,1.463,33.46,4.782,-81.5
6733314,1592,1.46,33.21,4.782,-82
6733334,1592,1.461,33.5,4.782,-81.5
6733354,1592,1.46,33.32,4.782,-81.5
6733374,1592,1.46,33.14,4.782,-81
6733394,1592,1.458,33.16,4.782,-82
6733414,1592,1.456,33.07,4.782,-82
6733434,1592,1.455,33.05,4.782,-81.5
6733454,1592,1.455,32.8,4.78,-81
6733474,1592,1.455,33.07,4.78,-82
6733494,1592,1.456,32.91,4.78,-82
6733514,1592,1.457,33.57,4.78,-81
6733534,1592,1.459,33.68,4.78,-81.5
6733554,1592,1.46,33.32,4.78,-81
6733574,1592,1.46,33.66,4.8,-81.5
6733594,1592,1.454,33.54,4.8,-81.5
6733614,1591,1.454,33.43,4.8,-81
6733634,1592,1.452,33.04,4.8,-82
6733654,1592,1.452,33.05,4.8,-81.5
6733674,1592,1.452,32.84,4.8,-81.5
6733694,1592,1.453,32.73,4.78,-81
6733714,1592,1.456,32.7,4.78,-82.5
6733734,1592,1.455,33,4.78,-82
6733754,1592,1.46,33.48,4.78,-81
6733774,1592,1.465,33.32,4.78,-81
6733794,1592,1.461,32.93,4.78,-81
6733814,1592,1.464,33,4.782,-81.5
6733834,1592,1.466,33.34,4.782,-81.5
6733854,1592,1.466,33.27,4.782,-81.5
6733874,1592,1.467,32.8,4.782,-82.5
6733894,1591,1.466,32.7,4.782,-81.5
6733914,1592,1.462,32.93,4.782,-81.5
6733934,1592,1.464,33.23,4.782,-81.5
6733954,1592,1.462,33.09,4.782,-82.5
6733974,1592,1.457,33.05,4.782,-82
6733994,1592,1.459,33.46,4.782,-82
6734014,1592,1.46,33.48,4.782,-81
6734034,1592,1.461,33.32,4.782,-81
6734054,1592,1.461,33.14,4.78,-81.5
6734074,1592,1.46,33.63,4.78,-82
6734094,1592,1.455,33.34,4.78,-81
6734114,1592,1.457,33.07,4.78,-81
6734134,1592,1.455,32.71,4.78,-82
6734154,1592,1.455,33.23,4.78,-81.5
6734174,1592,1.458,33.09,4.796,-81.5
6734194,1592,1.457,32.77,4.796,-81
6734214,1592,1.46,32.54,4.796,-82
6734234,1592,1.46,32.63,4.796,-82
6734254,1592,1.459,32.66,4.796,-81.5
6734274,1592,1.461,32.27,4.796,-81
6734294,1592,1.455,32.3,4.787,-82
6734314,1592,1.458,32.34,4.787,-81.5
6734334,1592,1.454,32.36,4.787,-81.5
6734354,1592,1.451,32.32,4.787,-81
6734374,1592,1.453,32.16,4.787,-82.5
6734394,1592,1.454,32.25,4.787,-81.5
6734414,1591,1.457,32.71,4.78,-81.5
6734434,1592,1.463,32.84,4.78,-81.5
6734454,1592,1.465,32.8,4.78,-82
6734474,1592,1.46,32.95,4.78,-82
6734494,1592,1.467,33.16,4.78,-81.5
6734514,1592,1.464,33.16,4.78,-81
6734534,1592,1.461,32.78,4.782,-82.5
6734554,1592,1.456,32.66,4.782,-82
6734574,1592,1.461,33.23,4.782,-81.5
6734594,1592,1.461,32.93,4.782,-81.5
6734614,1591,1.462,32.79,4.782,-81
6734634,1592,1.456,32.73,4.782,-81.5
6734654,1592,1.456,33.05,4.78,-81.5
6734674,1592,1.455,33.25,4.78,-81.5
6734694,1592,1.456,32.96,4.78,-81.5
6734714,1592,1.454,32.71,4.78,-82
6734734,1592,1.451,32.59,4.78,-81.5
6734754,1592,1.448,32.75,4.78,-81.5
6734774,1592,1.45,32.66,4.796,-81
6734794,1592,1.452,32.64,4.796,-82
6734814,1592,1.456,33.18,4.796,-82
6734834,1592,1.459,33.18,4.796,-81.5
6734854,1592,1.463,33.18,4.796,-81.5
6734874,1592,1.46,33,4.796,-82
6734894,1592,1.465,33.03,4.774,-82
6734914,1592,1.462,32.96,4.774,-82
6734934,1592,1.453,32.75,4.774,-81.5
6734954,1592,1.455,32.48,4.774,-81.5
6734974,1592,1.453,32.57,4.774,-82.5
6734994,1592,1.46,32.46,4.774,-81.5
6735014,1592,1.464,32.52,4.78,-81.5
6735034,1592,1.467,32.84,4.78,-81.5
6735054,1592,1.464,32.64,4.78,-81.5
6735074,1592,1.464,32.7,4.78,-82
6735094,1592,1.468,33.23,4.78,-81.5
6735114,1592,1.468,33.62,4.78,-81.5
6735134,1592,1.46,33.27,4.776,-81.5
6735154,1592,1.461,32.78,4.776,-82
6735174,1592,1.459,33,4.776,-81.5
6735194,1592,1.46,33.73,4.776,-81.5
6735214,1592,1.463,33.86,4.776,-81
6735234,1592,1.459,33.59,4.776,-82
6735254,1592,1.458,33.73,4.78,-81.5
6735274,1592,1.457,33.79,4.78,-81.5
6735294,1592,1.453,33.7,4.78,-81.5
6735314,1592,1.456,33.57,4.78,-81.5
6735334,1592,1.455,33.18,4.78,-82
6735354,1592,1.456,33.07,4.78,-82
6735374,1592,1.456,33.25,4.784,-81.5
6735394,1592,1.455,33,4.784,-81
6735414,1592,1.455,32.46,4.784,-81
6735434,1592,1.451,32.27,4.784,-82
6735454,1592,1.451,32.64,4.784,-81.5
6735474,1592,1.455,32.77,4.784,-81
6735494,1592,1.454,32.68,4.787,-81
6735514,1591,1.454,32.79,4.787,-82.5
6735534,1592,1.455,33.34,4.787,-81.5
6735554,1592,1.455,33.34,4.787,-81.5
6735574,1592,1.454,33.11,4.787,-81
6735594,1592,1.458,33.05,4.787,-81
6735614,1592,1.463,33.07,4.78,-81.5
6735634,1592,1.461,33.11,4.78,-82
6735654,1592,1.463,33.12,4.78,-81.5
6735674,1592,1.465,32.93,4.78,-81
6735694,1592,1.465,32.68,4.78,-82
6735714,1592,1.461,32.73,4.78,-82
6735734,1592,1.463,33.23,4.782,-81.5
6735754,1592,1.468,33.27,4.782,-81.5
6735774,1592,1.467,33.14,4.782,-82
6735794,1592,1.461,33.21,4.782,-82
6735814,1592,1.459,33.3,4.782,-81.5
6735834,1592,1.466,33.27,4.782,-81
6735854,1592,1.462,33.16,4.78,-81
6735874,1592,1.461,32.91,4.78,-81
6735894,1592,1.46,33.07,4.78,-82
6735914,1592,1.466,33.48,4.78,-81
6735934,1592,1.457,33.38,4.78,-81.5
6735954,1592,1.455,33.11,4.78,-81
6735974,1592,1.451,32.98,4.788,-82
6735994,1592,1.453,33.37,4.788,-81.5
6736014,1592,1.457,33.5,4.788,-81
6736034,1592,1.457,33.52,4.788,-81
6736054,1592,1.456,33.34,4.788,-82.5
6736074,1592,1.454,33.25,4.788,-81.5
6736094,1592,1.451,33.39,4.78,-81.5
6736114,1592,1.456,33.43,4.78,-81.5
6736134,1592,1.46,33.25,4.78,-81.5
6736154,1592,1.456,33.09,4.78,-82
6736174,1592,1.457,33.09,4.78,-82
6736194,1592,1.459,33.05,4.78,-81.5
6736214,1592,1.458,32.91,4.78,-81
6736234,1591,1.458,32.73,4.78,-82
6736254,1592,1.459,32.8,4.78,-82
6736274,1592,1.457,33.25,4.78,-81.5
6736294,1592,1.452,33.23,4.78,-81
6736314,1592,1.453,33.04,4.78,-81
6736334,1592,1.456,33.21,4.776,-82
6736354,1592,1.452,33.23,4.776,-82
6736374,1592,1.457,33.82,4.776,-81
