613991,0,0.768,-5.64,4.661,-81.5
614011,0,0.766,-5.6,4.661,-82
614031,0,0.765,-5.35,4.661,-82
614051,0,0.756,-5.65,4.661,-82
614071,0,0.748,-6.12,4.661,-82
614091,0,0.754,-6.51,4.661,-82
614111,0,0.755,-6.6,4.661,-82.5
614131,0,0.753,-7.08,4.661,-81
614151,0,0.756,-7.2,4.661,-81.5
614171,0,0.755,-7.33,4.666,-81.5
614191,0,0.757,-7.54,4.666,-81.5
614211,0,0.759,-7.33,4.666,-81.5
614231,0,0.762,-7.06,4.666,-81.5
614251,0,0.768,-6.75,4.666,-81.5
614271,0,0.768,-6.82,4.666,-81.5
614291,0,0.767,-6.68,4.666,-81.5
614311,0,0.767,-6.62,4.666,-81.5
614331,0,0.765,-6.75,4.666,-81.5
614351,0,0.767,-6.49,4.666,-81.5
614371,0,0.767,-6.24,4.666,-81.5
614391,0,0.773,-5.87,4.666,-81.5
614411,0,0.774,-5.68,4.663,-81.5
614431,0,0.765,-5.92,4.663,-82
614451,0,0.762,-5.73,4.663,-82
614471,0,0.757,-5.75,4.663,-82.5
614491,0,0.756,-6.15,4.663,-82
614511,0,0.757,-6.89,4.663,-81
614531,0,0.752,-7.55,4.66,-82
614551,0,0.762,-7.57,4.66,-81.5
614571,0,0.762,-7.95,4.66,-81.5
614591,0,0.766,-7.93,4.66,-81.5
614611,0,0.768,-8.04,4.66,-81.5
614631,0,0.773,-7.8,4.66,-81.5
614651,0,0.77,-7.75,4.666,-81.5
614671,0,0.768,-7.58,4.666,-81.5
614691,0,0.771,-7.79,4.666,-81.5
614711,0,0.772,-7.72,4.666,-81.5
614731,0,0.77,-7.45,4.666,-82
614751,0,0.77,-7.28,4.666,-81.5
614771,0,0.768,-7.02,4.666,-81.5
614791,0,0.767,-6.93,4.666,-81.5
614811,0,0.766,-6.97,4.666,-82
614831,0,0.757,-6.99,4.666,-82
614851,0,0.752,-6.85,4.666,-81.5
614871,0,0.744,-6.8,4.666,-82
614891,0,0.741,-6.57,4.672,-81.5
614911,0,0.745,-6.54,4.672,-82
614931,0,0.746,-6.62,4.672,-82.5
614951,0,0.745,-6.92,4.672,-82
614971,0,0.743,-7.35,4.672,-82.5
614991,0,0.75,-7.57,4.672,-81
615011,0,0.75,-7.49,4.666,-82.5
615031,0,0.757,-7.43,4.666,-81.5
615051,0,0.768,-7.22,4.666,-81.5
615071,0,0.77,-7.35,4.666,-81.5
615091,0,0.773,-7.24,4.666,-81
615111,0,0.77,-7.01,4.666,-81.5
615131,0,0.768,-6.89,4.666,-81.5
615151,0,0.77,-6.7,4.666,-81.5
615171,0,0.769,-6.41,4.666,-81.5
615191,0,0.772,-5.87,4.666,-81.5
615211,0,0.769,-5.81,4.666,-81.5
615231,0,0.771,-5.77,4.666,-81.5
615251,0,0.773,-5.79,4.66,-81.5
615271,0,0.769,-5.6,4.66,-81.5
615291,0,0.771,-5.6,4.66,-82
615311,0,0.775,-5.54,4.66,-82
615331,0,0.777,-5.45,4.66,-82
615351,0,0.771,-5.12,4.66,-81.5
615371,0,0.773,-5.02,4.666,-82
615391,0,0.765,-5.18,4.666,-82
615411,0,0.76,-5.55,4.666,-82
615431,0,0.754,-6.16,4.666,-82
615451,0,0.758,-6.3,4.666,-82
615471,0,0.756,-6.83,4.666,-81
615491,0,0.762,-6.78,4.666,-82
615511,0,0.764,-6.82,4.666,-81.5
615531,0,0.756,-7.14,4.666,-81
615551,0,0.758,-7.14,4.666,-81.5
615571,0,0.759,-7.12,4.666,-81.5
615591,0,0.769,-6.87,4.666,-81.5
615611,0,0.77,-7.22,4.668,-81.5
615631,0,0.768,-7.28,4.668,-81.5
615651,0,0.77,-7,4.668,-81.5
615671,0,0.769,-7.01,4.668,-81.5
615691,0,0.77,-6.79,4.668,-81.5
615711,0,0.768,-6.79,4.668,-81.5
615731,0,0.768,-6.6,4.666,-81.5
615751,0,0.762,-6.44,4.666,-81.5
615771,0,0.758,-6.37,4.666,-81.5
615791,0,0.757,-6.56,4.666,-81.5
615811,0,0.755,-6.18,4.666,-81.5
615831,0,0.748,-6.33,4.666,-82
615851,0,0.747,-6.23,4.66,-82
615871,0,0.749,-6.42,4.66,-82.5
615891,0,0.749,-6.37,4.66,-82.5
615911,0,0.749,-7.05,4.66,-82.5
615931,0,0.756,-7.04,4.66,-81
615951,0,0.759,-7.12,4.66,-81.5
615971,0,0.757,-7.69,4.666,-81.5
615991,0,0.766,-7.25,4.666,-81.5
616011,0,0.768,-7.33,4.666,-81.5
616031,0,0.763,-7.55,4.666,-81
616051,0,0.767,-7.27,4.666,-81.5
616071,0,0.765,-7.23,4.666,-81.5
616091,0,0.768,-6.8,4.666,-81.5
616111,0,0.772,-6.66,4.666,-81.5
616131,0,0.768,-6.87,4.666,-82
616151,0,0.765,-6.39,4.666,-81.5
616171,0,0.762,-6.54,4.666,-81.5
616191,0,0.767,-6.2,4.666,-82
616211,0,0.757,-6.31,4.666,-82
616231,0,0.758,-6.21,4.666,-82
616251,0,0.756,-6.39,4.666,-82
616271,0,0.756,-6.26,4.666,-82
616291,0,0.751,-6.56,4.666,-82.5
616311,0,0.758,-5.9,4.666,-81
616331,0,0.762,-5.76,4.66,-81.5
616351,0,0.762,-5.33,4.66,-81
616371,0,0.764,-5.62,4.66,-81.5
616391,0,0.771,-5.33,4.66,-81.5
616411,0,0.775,-5.54,4.66,-81.5
616431,0,0.778,-5.1,4.66,-81.5
616451,0,0.78,-4.64,4.66,-81.5
616471,0,0.779,-4.54,4.66,-82
616491,0,0.772,-4.98,4.66,-81.5
616511,0,0.773,-5.06,4.66,-81.5
616531,0,0.774,-5.15,4.66,-81.5
616551,0,0.763,-5.39,4.66,-81.5
616571,0,0.759,-5.33,4.655,-82
616591,0,0.755,-5.92,4.655,-82
616611,0,0.744,-6.67,4.655,-82.5
616631,0,0.741,-6.94,4.655,-82
616651,0,0.748,-6.39,4.655,-81.5
616671,0,0.745,-6.72,4.655,-81.5
616691,0,0.742,-6.98,4.666,-82
616711,0,0.733,-7.22,4.666,-81.5
616731,0,0.748,-7.08,4.666,-81.5
616751,0,0.755,-6.89,4.666,-81.5
616771,0,0.756,-6.89,4.666,-81.5
616791,0,0.761,-6.89,4.666,-81.5
616811,0,0.762,-6.43,4.666,-82
616831,0,0.759,-6.47,4.666,-81.5
616851,0,0.761,-6.48,4.666,-82
616871,0,0.759,-6.35,4.666,-82
616891,0,0.758,-6.44,4.666,-82
616911,0,0.757,-6.29,4.666,-82
616931,0,0.756,-6.67,4.66,-82.5
616951,0,0.763,-6.28,4.66,-81.5
616971,0,0.754,-6.94,4.66,-81.5
616991,0,0.757,-7.05,4.66,-81.5
617011,0,0.766,-7.04,4.66,-81.5
617031,0,0.765,-7.37,4.66,-81.5
617051,0,0.765,-7.58,4.66,-81.5
617071,0,0.774,-7.39,4.66,-81.5
617091,0,0.77,-7.43,4.66,-81.5
617111,0,0.765,-7.33,4.66,-81.5
617131,0,0.764,-6.92,4.66,-81.5
617151,0,0.762,-6.74,4.66,-82
617171,0,0.768,-6.23,4.666,-82
617191,0,0.772,-5.76,4.666,-82
617211,0,0.788,-5.47,4.666,-82.5
617231,0,0.778,-6.15,4.666,-81.5
617251,0,0.781,-5.94,4.666,-81.5
617271,0,0.775,-6.24,4.666,-81
617291,0,0.767,-6.55,4.666,-81.5
617311,0,0.767,-6.47,4.666,-81.5
617331,0,0.774,-5.9,4.666,-81.5
617351,0,0.772,-6.04,4.666,-81.5
617371,0,0.771,-5.46,4.666,-82
617391,0,0.773,-5.87,4.666,-82
617411,0,0.77,-5.74,4.66,-82
617431,0,0.767,-5.71,4.66,-82
617451,0,0.76,-5.53,4.66,-82.5
617471,0,0.755,-5.28,4.66,-82.5
617491,0,0.745,-5.62,4.66,-82
617511,0,0.751,-5.87,4.66,-82
617531,0,0.759,-5.69,4.666,-81.5
617551,0,0.757,-5.87,4.666,-81.5
617571,0,0.776,-5.79,4.666,-81
617591,0,0.777,-5.8,4.666,-81.5
617611,0,0.784,-5.76,4.666,-81.5
617631,0,0.781,-5.49,4.666,-81.5
617651,0,0.781,-5.48,4.66,-81.5
617671,0,0.777,-5.58,4.66,-82
617691,0,0.775,-5.49,4.66,-81.5
617711,0,0.769,-5.58,4.66,-81.5
617731,0,0.766,-5.69,4.66,-81.5
617751,0,0.75,-5.38,4.66,-81.5
617771,0,0.751,-5.62,4.66,-82
617791,0,0.742,-5.45,4.66,-82
617811,0,0.75,-5.69,4.66,-81
617831,0,0.744,-5.69,4.66,-81
617851,0,0.745,-6.14,4.66,-81
617871,0,0.745,-6.54,4.66,-81.5
617891,0,0.749,-6.77,4.666,-81
617911,0,0.746,-7.17,4.666,-81.5
617931,0,0.743,-7.35,4.666,-82
617951,0,0.741,-7.68,4.666,-81
617971,0,0.725,-7.58,4.666,-82
617991,0,0.724,-7.82,4.666,-81.5
618011,0,0.724,-8.34,4.666,-81.5
618031,0,0.725,-8.92,4.666,-82
618051,0,0.729,-9.39,4.666,-82
618071,0,0.732,-9.6,4.666,-82
618091,0,0.725,-9.95,4.666,-81.5
618111,0,0.725,-10.2,4.666,-81.5
618131,0,0.733,-10.28,4.666,-81.5
618151,0,0.729,-10.34,4.666,-81.5
618171,0,0.732,-10.38,4.666,-81.5
618191,0,0.735,-10.87,4.666,-82
618211,0,0.736,-11.55,4.666,-81.5
618231,0,0.733,-11.7,4.666,-81.5
618251,0,0.731,-11.8,4.666,-81.5
618271,0,0.735,-11.89,4.666,-82
618291,0,0.735,-11.91,4.666,-82.5
618311,0,0.74,-12.24,4.666,-82
618331,0,0.741,-12.25,4.666,-81
618351,0,0.74,-11.94,4.666,-81.5
618371,0,0.741,-11.79,4.666,-81
618391,0,0.74,-11.67,4.666,-81.5
618411,0,0.756,-11.39,4.666,-82
618431,0,0.772,-11.11,4.666,-82
618451,0,0.785,-10.96,4.666,-82.5
618471,0,0.8,-11.25,4.666,-81.5
618491,0,0.812,-11.5,4.672,-81.5
618511,0,0.822,-11.78,4.672,-81.5
618531,0,0.837,-11.71,4.672,-81.5
618551,0,0.836,-11.74,4.672,-82
618571,0,0.843,-11.38,4.672,-82
618591,0,0.851,-11.23,4.672,-82.5
618611,0,0.858,-10.65,4.666,-81.5
618631,0,0.865,-10.18,4.666,-81.5
618651,0,0.859,-9.89,4.666,-81
618671,0,0.86,-10.09,4.666,-82
618691,0,0.86,-9.88,4.666,-82
618711,0,0.87,-9.41,4.666,-82
618731,0,0.884,-9.21,4.661,-82
618751,0,0.899,-8.68,4.661,-81.5
618771,0,0.915,-8.14,4.661,-81.5
618791,0,0.936,-7.95,4.661,-81.5
618811,0,0.949,-7.68,4.661,-82
618831,0,0.958,-7.28,4.661,-82.5
618851,0,0.973,-6.97,4.666,-81
618871,0,0.983,-6.75,4.666,-81
618891,0,0.986,-6.56,4.666,-81
618911,0,0.991,-6.64,4.666,-81.5
618931,0,1.003,-6.6,4.666,-81.5
618951,0,1.011,-6.31,4.666,-82.5
618971,0,1.011,-6.28,4.669,-82.5
618991,0,1.016,-5.74,4.669,-83
619011,0,1.021,-5.45,4.669,-81.5
619031,0,1.035,-5.12,4.669,-81.5
619051,0,1.047,-5.1,4.669,-82
619071,0,1.06,-4.85,4.669,-82
619091,0,1.073,-4.4,4.666,-82
619111,0,1.087,-4.11,4.666,-81
619131,0,1.098,-3.91,4.666,-81
619151,0,1.109,-3.69,4.666,-81
619171,0,1.121,-3.24,4.666,-81.5
619191,0,1.126,-3.01,4.666,-82
619211,0,1.13,-3.16,4.663,-82
619231,0,1.145,-3.16,4.663,-81
619251,0,1.153,-3.38,4.663,-81.5
619271,0,1.164,-3.24,4.663,-81
619291,0,1.168,-3.01,4.663,-81.5
619311,0,1.191,-2.69,4.663,-81
619331,0,1.198,-2.5,4.666,-82.5
619351,0,1.211,-2.6,4.666,-81
619371,0,1.226,-2.01,4.666,-81.5
619391,0,1.236,-2.08,4.666,-81.5
619411,0,1.253,-2.21,4.666,-82
619431,0,1.27,-2.3,4.666,-81.5
619451,0,1.295,-2.19,4.666,-81.5
619471,0,1.312,-2.42,4.666,-81.5
619491,0,1.326,-2.49,4.666,-81.5
619511,0,1.332,-2.9,4.666,-81.5
619531,0,1.336,-2.93,4.666,-82
619551,0,1.341,-2.86,4.666,-82.5
619571,0,1.343,-2.79,4.666,-81.5
619591,0,1.349,-3.11,4.666,-81.5
619611,0,1.35,-2.52,4.666,-81
619631,0,1.354,-2.52,4.666,-81.5
619651,0,1.359,-2.64,4.666,-82
619671,0,1.362,-2.33,4.666,-82
619691,0,1.371,-2.34,4.666,-82.5
619711,0,1.375,-2.45,4.666,-81
619731,0,1.38,-2.27,4.666,-81.5
619751,0,1.39,-2.07,4.666,-81.5
619771,0,1.403,-1.97,4.666,-81.5
619791,0,1.417,-1.8,4.666,-82.5
619811,0,1.438,-1.5,4.666,-81
619831,0,1.457,-1.11,4.666,-81
619851,0,1.476,-0.39,4.666,-81.5
619871,0,1.493,-0.34,4.666,-82
619891,0,1.52,-0.36,4.666,-82
619911,0,1.537,-0.19,4.666,-81
619931,0,1.559,0.09,4.672,-81.5
619951,0,1.573,0.36,4.672,-81.5
619971,0,1.591,0.47,4.672,-82
619991,0,1.611,0.72,4.672,-82.5
620011,0,1.617,0.91,4.672,-82
620031,0,1.631,1.07,4.672,-81.5
620051,0,1.636,1.62,4.666,-81.5
620071,0,1.639,1.83,4.666,-81.5
620091,0,1.643,2.08,4.666,-81.5
620111,0,1.644,2.67,4.666,-82
620131,0,1.651,2.73,4.666,-82
620151,0,1.653,2.9,4.666,-82.5
620171,0,1.667,2.91,4.685,-81
620191,0,1.683,3.16,4.685,-81.5
620211,0,1.697,3.36,4.685,-81.5
620231,0,1.705,3.28,4.685,-82
620251,0,1.721,3.36,4.685,-82
620271,0,1.733,3.91,4.685,-81.5
620291,0,1.741,4.36,4.666,-81.5
620311,0,1.75,4.58,4.666,-81.5
620331,0,1.753,4.31,4.666,-81.5
620351,0,1.77,4.06,4.666,-82
620371,0,1.785,4.42,4.666,-82
620391,0,1.796,4.63,4.666,-82.5
620411,0,1.82,4.79,4.666,-81.5
620431,0,1.845,5,4.666,-81.5
620451,0,1.859,5.16,4.666,-82
620471,0,1.872,5.14,4.666,-82
620491,0,1.883,5.1,4.666,-82
620511,0,1.899,5.78,4.666,-82.5
620531,0,1.918,5.9,4.666,-81.5
620551,0,1.94,5.83,4.666,-82.5
620571,0,1.966,5.87,4.666,-83
620591,0,1.976,5.93,4.666,-82
620611,0,1.983,6.25,4.666,-82
620631,0,1.99,6.2,4.666,-81.5
620651,0,2,6.12,4.666,-81.5
620671,0,1.999,6.18,4.666,-81.5
620691,0,2.012,6.26,4.666,-81.5
620711,0,2.017,6.12,4.666,-81.5
620731,0,2.029,6.32,4.666,-82
620751,0,2.042,6.19,4.666,-82
620771,0,2.049,6.39,4.669,-81.5
620791,0,2.063,5.92,4.669,-81.5
620811,0,2.07,5.58,4.669,-81.5
620831,0,2.081,5.55,4.669,-82
620851,0,2.087,5.69,4.669,-82
620871,0,2.1,5.87,4.669,-82.5
620891,0,2.106,5.5,4.66,-81.5
620911,0,2.115,5.5,4.66,-81.5
620931,0,2.128,5.48,4.66,-82
620951,0,2.154,5.58,4.66,-82
620971,0,2.177,5.46,4.66,-81.5
620991,0,2.186,5.25,4.66,-82.5
621011,0,2.192,5.3,4.663,-82.5
621031,0,2.208,5.13,4.663,-81.5
621051,0,2.213,5.49,4.663,-81
621071,0,2.214,5.32,4.663,-81.5
621091,0,2.212,5.25,4.663,-81.5
621111,0,2.22,5.23,4.663,-82
621131,0,2.237,5.02,4.66,-82
621151,0,2.248,4.81,4.66,-81.5
621171,0,2.27,4.5,4.66,-82.5
621191,0,2.284,4.08,4.66,-82
621211,0,2.296,3.72,4.66,-82
621231,0,2.303,3.85,4.66,-81.5
621251,0,2.302,3.49,4.669,-82
621271,0,2.311,3.18,4.669,-82.5
621291,0,2.312,3.15,4.669,-81.5
621311,0,2.322,3.14,4.669,-81.5
621331,0,2.336,2.95,4.669,-81.5
621351,0,2.341,3.05,4.669,-81.5
621371,0,2.344,2.65,4.666,-82
621391,0,2.361,2.45,4.666,-81.5
621411,0,2.375,2.41,4.666,-81.5
621431,0,2.388,2.14,4.666,-81.5
621451,0,2.399,2.05,4.666,-81.5
621471,0,2.406,1.58,4.666,-82
621491,0,2.411,1.55,4.666,-82
621511,0,2.43,1.64,4.666,-81.5
621531,0,2.431,1.45,4.666,-81.5
621551,0,2.429,1.28,4.666,-81.5
621571,0,2.437,1.01,4.666,-81.5
621591,0,2.435,0.94,4.666,-81.5
621611,0,2.442,0.79,4.668,-81.5
621631,0,2.438,0.19,4.668,-81.5
621651,0,2.441,0.35,4.668,-81
621671,0,2.457,0.09,4.668,-81.5
621691,0,2.464,0.29,4.668,-81.5
621711,0,2.475,-0.21,4.668,-81.5
621731,0,2.488,-0.06,4.661,-82
621751,0,2.496,-0.14,4.661,-82
621771,0,2.5,-0.26,4.661,-82.5
621791,0,2.519,-0.19,4.661,-81.5
621811,0,2.539,-0.34,4.661,-82
621831,0,2.55,-1.04,4.661,-81.5
621851,0,2.561,-2.04,4.663,-82
621871,0,2.575,-2.49,4.663,-82.5
621891,0,2.584,-3.02,4.663,-82.5
621911,0,2.594,-3.47,4.663,-81.5
621931,0,2.607,-3.91,4.663,-81.5
621951,0,2.618,-4.02,4.663,-82
621971,0,2.64,-3.7,4.666,-82
621991,0,2.662,-3.46,4.666,-82.5
622011,0,2.656,-3.34,4.666,-82.5
622031,0,2.643,-3.28,4.666,-82
622051,0,2.648,-3.84,4.666,-81.5
622071,0,2.649,-3.91,4.666,-81
622091,0,2.667,-3.74,4.666,-81.5
622111,0,2.686,-3.81,4.666,-82
622131,0,2.707,-3.41,4.666,-82
622151,0,2.721,-3.34,4.666,-82
622171,0,2.735,-3.46,4.666,-82
622191,0,2.748,-3.46,4.666,-82
622211,0,2.756,-3.53,4.666,-82
622231,0,2.768,-3.4,4.666,-82
622251,0,2.774,-3.44,4.666,-82
622271,0,2.781,-3.62,4.666,-82.5
622291,0,2.793,-3.57,4.666,-82
622311,0,2.797,-3.9,4.666,-81.5
622331,0,2.801,-4.17,4.666,-82
622351,0,2.833,-4.14,4.666,-82
622371,0,2.849,-4.14,4.666,-82
622391,0,2.872,-4.46,4.666,-82.5
622411,0,2.88,-4.79,4.666,-82.5
622431,0,2.889,-4.83,4.666,-81.5
622451,0,2.904,-4.94,4.668,-82
622471,0,2.913,-4.73,4.668,-82
622491,0,2.922,-4.91,4.668,-82
622511,0,2.928,-4.98,4.668,-82
622531,0,2.93,-5.65,4.668,-82
622551,0,2.929,-5.64,4.668,-83
622571,0,2.941,-5.64,4.66,-82
622591,0,2.952,-5.69,4.66,-81.5
622611,0,2.952,-5.96,4.66,-81.5
622631,0,2.972,-6.33,4.66,-82
622651,0,2.981,-6.43,4.66,-82.5
622671,0,2.994,-6.7,4.66,-82
622691,0,2.998,-7.02,4.666,-81
622711,0,2.999,-7.06,4.666,-81
622731,0,3,-7.49,4.666,-81.5
622751,0,3.004,-7.78,4.666,-81.5
622771,0,3.003,-7.97,4.666,-82
622791,0,3.006,-8.01,4.666,-82
622811,0,3.012,-8.08,4.668,-82
622831,0,3.024,-8.16,4.668,-81.5
622851,0,3.03,-8.38,4.668,-81.5
622871,0,3.033,-8.62,4.668,-81
622891,0,3.035,-8.84,4.668,-82
622911,0,3.031,-9.2,4.668,-82
622931,0,3.033,-9.7,4.66,-82
622951,0,3.047,-10.07,4.66,-81
622971,0,3.067,-10.54,4.66,-81.5
622991,0,3.078,-10.62,4.66,-81.5
623011,0,3.078,-10.76,4.66,-81.5
623031,0,3.09,-10.85,4.66,-81.5
623051,0,3.1,-11,4.666,-82
623071,0,3.099,-10.96,4.666,-82
623091,0,3.114,-11.09,4.666,-81.5
623111,0,3.122,-11.32,4.666,-81.5
623131,0,3.125,-11.17,4.666,-81.5
623151,0,3.131,-11.42,4.666,-81.5
623171,0,3.136,-11.57,4.666,-81.5
623191,0,3.148,-11.85,4.666,-81.5
623211,0,3.152,-12.25,4.666,-82
623231,0,3.166,-12.78,4.666,-81
623251,0,3.183,-12.89,4.666,-81
623271,0,3.202,-13.04,4.666,-81.5
623291,0,3.216,-12.86,4.666,-81.5
623311,0,3.22,-12.88,4.666,-81.5
623331,0,3.222,-12.98,4.666,-82
623351,0,3.229,-13.08,4.666,-82.5
623371,0,3.238,-12.98,4.666,-81.5
623391,0,3.249,-12.81,4.666,-82
623411,0,3.256,-12.85,4.666,-81.5
623431,0,3.257,-13.17,4.666,-81.5
623451,0,3.266,-13.17,4.666,-82
623471,0,3.272,-13.29,4.666,-82.5
623491,0,3.281,-13.25,4.666,-81.5
623511,0,3.282,-13.12,4.666,-81.5
623531,0,3.29,-12.96,4.663,-82
623551,0,3.31,-12.59,4.663,-82.5
623571,0,3.321,-12.73,4.663,-82.5
623591,0,3.329,-12.67,4.663,-81.5
623611,0,3.339,-12.61,4.663,-82
623631,0,3.348,-12.83,4.663,-82
623651,0,3.357,-12.79,4.666,-82
623671,0,3.361,-12.46,4.666,-81.5
623691,0,3.367,-12.32,4.666,-82
623711,0,3.38,-12.35,4.666,-82
623731,0,3.394,-12.11,4.666,-82.5
623751,0,3.418,-12.07,4.666,-83
623771,0,3.428,-12.13,4.669,-81.5
623791,0,3.442,-11.92,4.669,-82.5
623811,0,3.444,-12.05,4.669,-82.5
623831,0,3.45,-11.4,4.669,-83.5
623851,0,3.467,-10.98,4.669,-84
623871,0,3.479,-11.07,4.669,-82
623891,0,3.493,-11.31,4.658,-83
623911,0,3.494,-11.3,4.658,-83.5
623931,0,3.5,-11.31,4.658,-82.5
623951,0,3.505,-10.84,4.658,-82
623971,0,3.513,-9.92,4.658,-82.5
623991,0,3.519,-9.75,4.658,-81.5
624011,0,3.525,-9.46,4.666,-82
624031,0,3.525,-9.17,4.666,-83.5
624051,0,3.53,-9.26,4.666,-85
624071,0,3.522,-9.13,4.666,-84.5
624091,0,3.519,-8.8,4.666,-84
624111,0,3.517,-8.58,4.666,-85.5
624131,0,3.517,-8.91,4.666,-86.5
624151,0,3.535,-8.7,4.666,-84.5
624171,0,3.535,-8.29,4.666,-86
624191,0,3.539,-8.24,4.666,-88
624211,0,3.553,-7.89,4.666,-90.5
624231,0,3.577,-7.6,4.666,-89
624251,0,3.593,-7.33,4.66,-85.5
624271,0,3.618,-6.87,4.66,-85
624291,0,3.64,-6.62,4.66,-85
624311,0,3.656,-6.35,4.66,-85.5
624331,0,3.665,-5.51,4.66,-85
624351,0,3.68,-5.6,4.66,-83.5
624371,0,3.695,-5.48,4.666,-85.5
624391,0,3.702,-5.02,4.666,-86
624411,0,3.716,-4.96,4.666,-85
624431,0,3.734,-4.58,4.666,-87
624451,0,3.747,-4.29,4.666,-85
624471,0,3.751,-4.08,4.666,-85.5
624491,0,3.756,-3.73,4.663,-84
624511,0,3.763,-3.28,4.663,-82
624531,0,3.769,-3.1,4.663,-82
624551,0,3.781,-2.91,4.663,-83
624571,0,3.791,-2.4,4.663,-82.5
624591,0,3.792,-2.03,4.663,-81.5
624611,0,3.8,-1.92,4.661,-81.5
624631,0,3.805,-1.76,4.661,-82.5
624651,0,3.825,-1.73,4.661,-81.5
624671,0,3.826,-1.69,4.661,-81.5
624691,0,3.824,-1.3,4.661,-82
624711,0,3.825,-1.26,4.661,-82
624731,0,3.83,-0.78,4.66,-82
624751,0,3.844,-0.48,4.66,-81.5
624771,0,3.864,-0.01,4.66,-83
624791,0,3.875,0.19,4.66,-84.5
624811,0,3.872,-0.04,4.66,-83
624831,0,3.883,0.36,4.66,-82
624851,0,3.897,0.72,4.661,-82
624871,0,3.916,1.05,4.661,-82
624891,0,3.929,1.38,4.661,-82
624911,0,3.96,2,4.661,-83
624931,0,3.977,2.04,4.661,-83
624951,0,3.988,1.91,4.661,-82.5
624971,0,4.001,2.19,4.66,-82.5
624991,0,4.014,2.24,4.66,-82.5
625011,0,4.021,2.36,4.66,-82.5
625031,0,4.028,2.22,4.66,-81.5
625051,0,4.026,1.42,4.66,-81.5
625071,0,4.033,1.52,4.66,-82
625091,0,4.041,1.76,4.66,-82
625111,0,4.06,2.03,4.66,-83
625131,0,4.08,2.08,4.66,-83.5
625151,0,4.093,2.08,4.66,-83
625171,0,4.102,2.06,4.66,-82
625191,0,4.104,1.83,4.66,-82
625211,0,4.113,1.64,4.666,-82.5
625231,0,4.128,1.79,4.666,-81.5
625251,0,4.144,1.75,4.666,-81.5
625271,0,4.146,2.18,4.666,-81.5
625291,0,4.143,2.7,4.666,-82
625311,0,4.143,2.72,4.666,-82.5
625331,0,4.151,2.73,4.661,-82.5
625351,0,4.158,3.31,4.661,-84.5
625371,0,4.17,3.7,4.661,-86
625391,0,4.186,3.95,4.661,-86
625411,0,4.217,3.81,4.661,-84
625431,0,4.252,4.38,4.661,-83
625451,0,4.278,4.56,4.661,-83
625471,0,4.295,4.88,4.661,-83
625491,0,4.302,5.04,4.661,-82.5
625511,0,4.301,5.22,4.661,-82.5
625531,0,4.307,4.87,4.661,-82
625551,0,4.31,4.94,4.661,-81.5
625571,0,4.317,4.83,4.669,-81.5
625591,0,4.337,5.24,4.669,-82.5
625611,0,4.36,4.88,4.669,-83
625631,0,4.376,4.61,4.669,-83
625651,0,4.372,4.41,4.669,-82.5
625671,0,4.374,4.56,4.669,-83
625691,0,4.381,4.33,4.666,-83
625711,0,4.374,4.41,4.666,-82.5
625731,0,4.381,3.91,4.666,-83
625751,0,4.396,3.87,4.666,-82.5
625771,0,4.395,3.73,4.666,-83
625791,0,4.398,3.79,4.666,-83
625811,0,4.386,3.73,4.66,-84
625831,0,4.383,3.57,4.66,-85
625851,0,4.373,3.54,4.66,-84.5
625871,0,4.371,3.8,4.66,-84.5
625891,0,4.365,3.67,4.66,-84
625911,0,4.372,3.77,4.66,-85
625931,0,4.377,3.78,4.669,-85.5
625951,0,4.375,3.61,4.669,-86
625971,0,4.381,3.52,4.669,-86
625991,0,4.397,3.58,4.669,-84.5
626011,0,4.416,3.93,4.669,-84.5
626031,0,4.431,3.7,4.669,-85
626051,0,4.446,3.79,4.66,-85.5
626071,0,4.47,4.16,4.66,-85
626091,0,4.497,3.46,4.66,-83
626111,0,4.512,3.1,4.66,-83
626131,0,4.522,3.32,4.66,-83
626151,0,4.536,3.7,4.66,-83
626171,0,4.554,3.68,4.669,-82.5
626191,0,4.581,3.73,4.669,-82
626211,0,4.612,3.84,4.669,-82
626231,0,4.64,3.69,4.669,-83
626251,0,4.669,3.67,4.669,-83.5
626271,0,4.675,3.28,4.669,-83.5
626291,0,4.671,3.5,4.666,-83
626311,0,4.669,4.17,4.666,-83
626331,0,4.681,4.17,4.666,-82.5
626351,0,4.681,4.77,4.666,-83
626371,0,4.691,5.44,4.666,-82
626391,0,4.705,6.76,4.666,-83.5
626411,0,4.727,8.05,4.669,-83.5
626431,0,4.745,7.83,4.669,-82
626451,0,4.73,6.58,4.669,-85.5
626471,0,4.725,5.98,4.669,-86
626491,0,4.722,5.62,4.669,-89
626511,0,4.719,4.75,4.669,-87.5
626531,0,4.717,4.25,4.666,-87
626551,0,4.714,3.97,4.666,-87.5
626571,0,4.716,3.9,4.666,-87.5
626591,0,4.717,3.95,4.666,-88
626611,0,4.746,4.1,4.666,-84.5
626631,0,4.76,4.08,4.666,-85.5
626651,0,4.742,5.13,4.663,-86
626671,0,4.781,6.29,4.663,-84.5
626691,0,4.814,5.94,4.663,-83
626711,0,4.829,5.6,4.663,-82
626731,0,4.825,5.15,4.663,-82.5
626751,0,4.826,5,4.663,-84.5
626771,0,4.824,4.64,4.669,-88
626791,0,4.817,4.21,4.669,-85
626811,0,4.813,3.84,4.669,-85
626831,0,4.824,3.42,4.669,-86
626851,0,4.85,3.49,4.669,-83.5
626871,0,4.86,3.48,4.669,-83.5
626891,0,4.873,3.83,4.666,-84.5
626911,0,4.889,4.52,4.666,-83
626931,0,4.921,4.38,4.666,-81.5
626951,0,4.931,3.99,4.666,-81.5
626971,0,4.934,3.67,4.666,-82
626991,0,4.917,3.48,4.666,-83.5
627011,0,4.898,3.29,4.652,-85
627031,0,4.89,2.77,4.652,-86.5
627051,0,4.886,2.31,4.652,-86.5
627071,0,4.888,1.66,4.652,-84
627091,0,4.892,1.92,4.652,-83.5
627111,0,4.898,1.64,4.652,-84
627131,0,4.908,0.71,4.666,-83.5
627151,0,4.919,0.47,4.666,-83
627171,0,4.934,0.14,4.666,-81.5
627191,0,4.929,-0.03,4.666,-82
627211,0,4.937,-0.02,4.666,-82.5
627231,0,4.94,-0.12,4.666,-81.5
627251,0,4.945,-0.32,4.66,-83.5
627271,0,4.939,-0.5,4.66,-83.5
627291,0,4.938,-0.94,4.66,-83.5
627311,0,4.946,-1.37,4.66,-83.5
627331,0,4.948,-1.36,4.66,-81.5
627351,0,4.948,-1.14,4.66,-82
627371,0,4.946,-1.32,4.666,-82
627391,0,4.948,-1.63,4.666,-83.5
627411,0,4.951,-2.05,4.666,-83.5
627431,0,4.958,-2.44,4.666,-85
627451,0,4.963,-2.4,4.666,-84
627471,0,4.966,-2.52,4.666,-83.5
627491,0,4.963,-2.38,4.663,-82.5
627511,0,4.966,-1.89,4.663,-83
627531,0,4.965,-0.84,4.663,-86
627551,0,4.966,-1.16,4.663,-88.5
627571,0,4.957,1.43,4.663,-90.5
627591,0,4.96,2.11,4.663,-89.5
627611,0,4.975,4.48,4.668,-85
627631,0,4.997,5.55,4.668,-84.5
627651,0,5.019,6.14,4.668,-83.5
627671,0,5.035,5.24,4.668,-84
627691,0,5.048,4.42,4.668,-86.5
627711,0,5.047,3.6,4.668,-88.5
627731,0,5.046,3.01,4.66,-89.5
627751,0,5.049,2.09,4.66,-86
627771,0,5.036,1.33,4.66,-88
627791,0,5.026,1.07,4.66,-88
627811,0,5.033,-0.09,4.66,-89.5
627831,0,5.048,-0.63,4.66,-85
627851,0,5.053,-1.09,4.666,-86
627871,0,5.063,-0.56,4.666,-84.5
627891,0,5.079,-0.76,4.666,-83.5
627911,0,5.096,-1.3,4.666,-82.5
627931,0,5.117,-1.78,4.666,-83.5
627951,0,5.146,-2.86,4.666,-82.5
627971,0,5.137,-3.98,4.669,-84.5
627991,0,5.125,-4.29,4.669,-88.5
628011,0,5.106,1.74,4.669,-88.5
628031,0,5.103,1.16,4.669,-88.5
628051,0,5.089,0.76,4.669,-89
628071,0,5.076,0.14,4.669,-90.5
628091,0,5.084,-0.18,4.661,-86
628111,0,5.067,1.99,4.661,-87
628131,0,5.054,3.58,4.661,-90
628151,0,5.048,6.17,4.661,-92
628171,0,5.067,5.69,4.661,-89.5
628191,0,5.071,5.06,4.661,-88
628211,0,5.076,4.27,4.66,-86.5
628231,0,5.081,2.79,4.66,-85.5
628251,0,5.095,1.36,4.66,-87
628271,0,5.098,0.57,4.66,-85.5
628291,0,5.095,-0.29,4.66,-86
628311,0,5.097,-1.11,4.66,-89.5
628331,0,5.111,-2.41,4.66,-87
628351,0,5.13,-3.86,4.66,-84
628371,0,5.14,-4.29,4.66,-83
628391,0,5.135,-4.73,4.66,-82
628411,0,5.137,-4.62,4.66,-84
628431,0,5.144,-4.85,4.66,-84
628451,0,5.167,-5.31,4.666,-84.5
628471,0,5.177,-5.13,4.666,-88.5
628491,0,5.17,-5.72,4.666,-90
628511,0,5.172,-6.32,4.666,-83.5
628531,0,5.168,-6.83,4.666,-82
628551,0,5.171,-7.41,4.666,-83
628571,0,5.186,-7.97,4.666,-84
628591,0,5.191,-8.96,4.666,-83
628611,0,5.187,-9.6,4.666,-82
628631,0,5.171,-10.1,4.666,-83
628651,0,5.161,-10.51,4.666,-83.5
628671,0,5.171,-10.91,4.666,-83.5
628691,0,5.19,-11.48,4.666,-82
628711,0,5.216,-12.21,4.666,-83.5
628731,0,5.216,-12.89,4.666,-82.5
628751,0,5.216,-13.04,4.666,-82.5
628771,0,5.21,-13.09,4.666,-82
628791,0,5.203,-13.36,4.666,-81.5
628811,0,5.2,-13.73,4.66,-82
628831,0,5.194,-14.17,4.66,-83
628851,0,5.19,-14.42,4.66,-81.5
628871,0,5.203,-14.87,4.66,-82.5
628891,0,5.204,-15.02,4.66,-82.5
628911,0,5.207,-15.31,4.66,-82.5
628931,0,5.217,-15.52,4.66,-82
628951,0,5.211,-15.75,4.66,-82
628971,0,5.221,-16.02,4.66,-82.5
628991,0,5.228,-16.57,4.66,-83
629011,0,5.223,-16.89,4.66,-82.5
629031,0,5.232,-17.19,4.66,-82.5
629051,0,5.241,-17.16,4.66,-82
629071,0,5.233,-17.07,4.66,-81.5
629091,0,5.234,-17.65,4.66,-82
629111,0,5.222,-18.52,4.66,-81.5
629131,0,5.234,-18.79,4.66,-81
629151,0,5.233,-19.16,4.66,-81.5
629171,0,5.226,-19.68,4.653,-81.5
629191,0,5.225,-19.81,4.653,-82.5
629211,0,5.234,-20.29,4.653,-82.5
629231,0,5.241,-20.55,4.653,-82
629251,0,5.242,-20.48,4.653,-82
629271,0,5.238,-20.63,4.653,-82
629291,0,5.241,-21.41,4.666,-82
629311,0,5.255,-21.31,4.666,-82
629331,0,5.266,-21.13,4.666,-82.5
629351,0,5.259,-20.97,4.666,-82.5
629371,0,5.262,-21.3,4.666,-84.5
629391,0,5.272,-21.52,4.666,-84
629411,0,5.274,-21.84,4.66,-83
629431,0,5.259,-22.06,4.66,-82.5
629451,0,5.246,-22.2,4.66,-82.5
629471,0,5.228,-22.23,4.66,-82
629491,0,5.198,-22.39,4.66,-81.5
629511,0,5.201,-22.57,4.66,-81.5
629531,0,5.2,-23.09,4.66,-81.5
629551,0,5.187,-23.2,4.66,-81.5
629571,0,5.188,-23.21,4.66,-82
629591,0,5.179,-23.09,4.66,-81.5
629611,0,5.177,-23.18,4.66,-81
629631,0,5.186,-23.12,4.66,-82
629651,0,5.197,-23.26,4.66,-82
629671,0,5.21,-23.24,4.66,-83.5
629691,0,5.205,-23.3,4.66,-84.5
629711,0,5.199,-23.34,4.66,-84
629731,0,5.201,-23.42,4.66,-84.5
629751,0,5.203,-23.81,4.66,-83.5
629771,0,5.194,-24.1,4.666,-81.5
629791,0,5.195,-24.04,4.666,-82
629811,0,5.202,-24.33,4.666,-83
629831,0,5.212,-24.6,4.666,-83
629851,0,5.211,-25.13,4.666,-82
629871,0,5.203,-25.6,4.666,-82
629891,0,5.197,-25.89,4.666,-82
629911,0,5.195,-26.12,4.666,-81
629931,0,5.188,-26.51,4.666,-81.5
629951,0,5.188,-26.83,4.666,-81.5
629971,0,5.183,-27.01,4.666,-81.5
629991,0,5.183,-27.53,4.666,-81.5
630011,0,5.175,-27.79,4.66,-82
630031,0,5.182,-27.54,4.66,-83
630051,0,5.186,-27.43,4.66,-82.5
630071,0,5.198,-27.65,4.66,-83
630091,0,5.2,-27.98,4.66,-84.5
630111,0,5.21,-28.72,4.66,-83
630131,0,5.207,-29.25,4.663,-84
630151,0,5.213,-30.09,4.663,-85
630171,0,5.223,-31.26,4.663,-86.5
630191,0,5.259,-32.04,4.663,-86
630211,0,5.3,-32.71,4.663,-84.5
630231,0,5.319,-34.09,4.663,-84
630251,0,5.318,-34.36,4.666,-85
630271,0,5.339,-34.45,4.666,-85
630291,0,5.343,-34.64,4.666,-85.5
630311,0,5.349,-34.46,4.666,-85
630331,0,5.349,-34.25,4.666,-85
630351,0,5.347,-34.84,4.666,-84.5
630371,0,5.339,-34.38,4.655,-84.5
630391,0,5.332,-34.18,4.655,-84.5
630411,0,5.326,-34.13,4.655,-84.5
630431,0,5.327,-34.18,4.655,-84
630451,0,5.32,-34.02,4.655,-84
630471,0,5.327,-33.95,4.655,-84.5
630491,0,5.33,-33.96,4.666,-85
630511,0,5.33,-34.91,4.666,-85.5
630531,0,5.329,-35.91,4.666,-86
630551,0,5.323,-37.16,4.666,-86.5
630571,0,5.333,-38.82,4.666,-87.5
630591,0,5.32,-39.48,4.666,-88
630611,0,5.32,-39.54,4.66,-87.5
630631,0,5.302,-39.93,4.66,-86.5
630651,0,5.287,-40.21,4.66,-84.5
630671,0,5.271,-39.25,4.66,-83
630691,0,5.262,-38.52,4.66,-82.5
630711,0,5.258,-37.61,4.66,-83
630731,0,5.258,-36.91,4.669,-82.5
630751,0,5.239,-36.27,4.669,-82
630771,0,5.225,-35.55,4.669,-81.5
630791,0,5.217,-35.43,4.669,-82
630811,0,5.21,-34.53,4.669,-82
630831,0,5.201,-33.93,4.669,-81.5
630851,0,5.19,-33.5,4.666,-81.5
630871,0,5.178,-33.16,4.666,-81.5
630891,0,5.189,-32.91,4.666,-83
630911,0,5.203,-32.39,4.666,-83
630931,0,5.2,-32.02,4.666,-82.5
630951,0,5.199,-31.73,4.666,-82
630971,0,5.201,-31.3,4.666,-82.5
630991,0,5.195,-30.8,4.666,-82.5
631011,0,5.187,-30.25,4.666,-84
631031,0,5.187,-29.64,4.666,-84
631051,0,5.215,-28.71,4.666,-83
631071,0,5.223,-28.01,4.666,-82.5
631091,0,5.208,-27.75,4.66,-82.5
631111,0,5.198,-27.22,4.66,-81.5
631131,0,5.187,-26.55,4.66,-81.5
631151,0,5.192,-26.37,4.66,-81.5
631171,0,5.193,-26.21,4.66,-82
631191,0,5.197,-25.81,4.66,-81.5
631211,0,5.199,-25.67,4.66,-82.5
631231,0,5.208,-25.62,4.66,-82.5
631251,0,5.206,-25.33,4.66,-82
631271,0,5.204,-24.7,4.66,-82.5
631291,0,5.214,-24.35,4.66,-84
631311,0,5.221,-24.22,4.66,-82
631331,0,5.224,-24.35,4.66,-81.5
631351,0,5.226,-23.39,4.66,-82
631371,0,5.233,-23.24,4.66,-82
631391,0,5.243,-23.24,4.66,-82
631411,0,5.247,-23.22,4.66,-81.5
631431,0,5.241,-23.05,4.66,-81.5
631451,0,5.24,-22.51,4.666,-81.5
631471,0,5.257,-22.26,4.666,-83.5
631491,0,5.256,-22.05,4.666,-82.5
631511,0,5.26,-21.93,4.666,-82.5
631531,0,5.263,-21.67,4.666,-81.5
631551,0,5.266,-21.35,4.666,-81.5
631571,0,5.283,-20.83,4.666,-82.5
631591,0,5.273,-19.9,4.666,-83
631611,0,5.275,-19.54,4.666,-82.5
631631,0,5.271,-19.25,4.666,-82.5
631651,0,5.281,-18.79,4.666,-82.5
631671,0,5.284,-18.52,4.666,-85.5
631691,0,5.265,-18.02,4.666,-88.5
631711,0,5.259,-17.76,4.666,-92.5
631731,0,5.26,-17.36,4.666,-85
631751,0,5.275,-17.45,4.666,-84
631771,0,5.281,-17.15,4.666,-86
631791,0,5.286,-16.93,4.666,-88.5
631811,0,5.306,-16.43,4.668,-85.5
631831,0,5.302,-16.32,4.668,-83
631851,0,5.308,-16.03,4.668,-84
631871,0,5.329,-15.42,4.668,-82
631891,0,5.356,-13.88,4.668,-81.5
631911,0,5.401,-12.77,4.668,-84.5
631931,0,5.403,-12.16,4.666,-83
631951,0,5.403,-11.88,4.666,-82
631971,0,5.386,-12.04,4.666,-81
631991,0,5.384,-11.67,4.666,-82.5
632011,0,5.381,-11.08,4.666,-83.5
632031,0,5.384,-10.69,4.666,-82
632051,0,5.39,-10.31,4.668,-82
632071,0,5.39,-10.16,4.668,-82
632091,0,5.403,-9.8,4.668,-82
632111,0,5.41,-9.2,4.668,-82
632131,0,5.422,-8.75,4.668,-82.5
632151,0,5.437,-8.09,4.668,-85
632171,0,5.45,-7.87,4.66,-83.5
632191,0,5.471,-7.78,4.66,-82.5
632211,0,5.484,-7.53,4.66,-82.5
632231,0,5.472,-7.41,4.66,-81.5
632251,0,5.48,-7.89,4.66,-81.5
632271,0,5.49,-7.45,4.66,-82
632291,0,5.496,-7.08,4.666,-82.5
632311,0,5.505,-7.08,4.666,-84
632331,0,5.514,-6.64,4.666,-84.5
632351,0,5.516,-6.05,4.666,-82
632371,0,5.521,-5.49,4.666,-82.5
632391,0,5.53,-5.02,4.666,-82
632411,0,5.52,-4.79,4.661,-82
632431,0,5.523,-4.62,4.661,-81.5
632451,0,5.521,-4.98,4.661,-82
632471,0,5.52,-4.71,4.661,-82.5
632491,0,5.529,-4.44,4.661,-81.5
632511,0,5.537,-4.42,4.661,-82
632531,0,5.544,-4.16,4.663,-82
632551,0,5.56,-3.78,4.663,-82
632571,0,5.567,-3.49,4.663,-81.5
632591,0,5.586,-3.37,4.663,-82
632611,0,5.604,-3.03,4.663,-81.5
632631,0,5.614,-2.3,4.663,-81.5
632651,0,5.629,-1.94,4.666,-82
632671,0,5.643,-1.75,4.666,-83
632691,0,5.652,-2.01,4.666,-82.5
632711,0,5.66,-1.16,4.666,-81.5
632731,0,5.668,-0.97,4.666,-82.5
632751,0,5.676,-1.04,4.666,-81
632771,0,5.688,-0.88,4.666,-81.5
632791,0,5.702,-0.97,4.666,-82
632811,0,5.705,-0.94,4.666,-82
632831,0,5.701,-0.62,4.666,-81.5
632851,0,5.705,-0.48,4.666,-81.5
632871,0,5.72,0,4.666,-82
632891,0,5.729,-0.02,4.666,-81.5
632911,0,5.739,-0.07,4.666,-81.5
632931,0,5.758,0.26,4.666,-82
632951,0,5.767,1.04,4.666,-81.5
632971,0,5.769,1.04,4.666,-82
632991,0,5.768,1.31,4.666,-81.5
633011,0,5.766,1.16,4.672,-82
633031,0,5.78,1.26,4.672,-81.5
633051,0,5.8,1.95,4.672,-82
633071,0,5.819,3,4.672,-81.5
633091,0,5.827,2.89,4.672,-81.5
633111,0,5.83,3.15,4.672,-81.5
633131,0,5.821,3.33,4.663,-81.5
633151,0,5.822,3.32,4.663,-82
633171,0,5.821,3.44,4.663,-81.5
633191,0,5.825,3.52,4.663,-82
633211,0,5.825,3.78,4.663,-81.5
633231,0,5.817,3.94,4.663,-81.5
633251,0,5.811,4.02,4.666,-81.5
633271,0,5.808,4.23,4.666,-81.5
633291,0,5.81,4.46,4.666,-81
633311,0,5.814,4.42,4.666,-81.5
633331,0,5.828,4.4,4.666,-82.5
633351,0,5.841,4.52,4.666,-83
633371,0,5.842,4.62,4.66,-82.5
633391,0,5.84,4.54,4.66,-81.5
633411,0,5.842,4.92,4.66,-82
633431,0,5.841,4.85,4.66,-81.5
633451,0,5.843,5.2,4.66,-81.5
633471,0,5.843,4.96,4.66,-82
633491,0,5.852,5.58,4.666,-82
633511,0,5.847,5.2,4.666,-81.5
633531,0,5.841,5.55,4.666,-82
633551,0,5.836,5.26,4.666,-82.5
633571,0,5.842,5.26,4.666,-83
633591,0,5.851,5.62,4.666,-84
633611,0,5.855,5.96,4.66,-85
633631,0,5.861,5.97,4.66,-84.5
633651,0,5.86,6.1,4.66,-85
633671,0,5.857,6.04,4.66,-85.5
633691,0,5.859,5.79,4.66,-85
633711,0,5.848,5.85,4.66,-84.5
633731,0,5.836,5.81,4.66,-86
633751,0,5.835,5.78,4.66,-86
633771,0,5.834,5.6,4.66,-84.5
633791,0,5.826,5.39,4.66,-85.5
633811,0,5.836,5.29,4.66,-86
633831,0,5.845,4.98,4.66,-83
633851,0,5.843,5.28,4.66,-83
633871,0,5.835,5.24,4.66,-84
633891,0,5.834,5.22,4.66,-83
633911,0,5.816,5.53,4.66,-82
633931,0,5.815,5.46,4.66,-83
633951,0,5.805,5.53,4.66,-83
633971,0,5.797,5.29,4.666,-83
633991,0,5.788,5.29,4.666,-82
634011,0,5.766,5.77,4.666,-81.5
634031,0,5.737,5.68,4.666,-82
634051,0,5.718,5.76,4.666,-82
634071,0,5.703,5.26,4.666,-81.5
634091,0,5.68,5.37,4.672,-81.5
634111,0,5.672,4.98,4.672,-81.5
634131,0,5.66,5.12,4.672,-81.5
634151,0,5.647,4.98,4.672,-81.5
634171,0,5.638,4.96,4.672,-82.5
634191,0,5.624,4.94,4.672,-83.5
634211,0,5.609,4.77,4.666,-82
634231,0,5.59,5.13,4.666,-81.5
634251,0,5.569,5.29,4.666,-82
634271,0,5.558,5.58,4.666,-81.5
634291,0,5.54,5.53,4.666,-81.5
634311,0,5.51,5.58,4.666,-81.5
634331,0,5.49,5.54,4.66,-81.5
634351,0,5.471,6.22,4.66,-82
634371,0,5.452,5.93,4.66,-82.5
634391,0,5.439,5.52,4.66,-82.5
634411,0,5.428,5.48,4.66,-81.5
634431,0,5.419,5.51,4.66,-82
634451,0,5.403,5.58,4.672,-81.5
634471,0,5.382,5.51,4.672,-82
634491,0,5.376,5.27,4.672,-82
634511,0,5.352,5.02,4.672,-82
634531,0,5.338,4.69,4.672,-83
634551,0,5.328,4.58,4.672,-83
634571,0,5.327,4.48,4.666,-83
634591,0,5.313,4.19,4.666,-83
634611,0,5.3,4.08,4.666,-82
634631,0,5.281,4.14,4.666,-82
634651,0,5.266,4.04,4.666,-83.5
634671,0,5.252,4.02,4.666,-82.5
634691,0,5.234,3.99,4.663,-84.5
634711,0,5.221,3.7,4.663,-84.5
634731,0,5.207,3.43,4.663,-84
634751,0,5.186,2.9,4.663,-82
634771,0,5.173,3.01,4.663,-81.5
634791,0,5.161,3.09,4.663,-82.5
634811,0,5.157,3.15,4.666,-82
634831,0,5.164,2.83,4.666,-83
634851,0,5.154,2.54,4.666,-84.5
634871,0,5.137,2.33,4.666,-83
634891,0,5.124,2.08,4.666,-82.5
634911,0,5.117,1.92,4.666,-82.5
634931,0,5.105,1.64,4.666,-82
634951,0,5.089,1.26,4.666,-82.5
634971,0,5.078,1.11,4.666,-82.5
634991,0,5.069,0.89,4.666,-83
635011,0,5.066,1.22,4.666,-84.5
635031,0,5.046,1.32,4.666,-85.5
635051,0,5.031,1.43,4.66,-84.5
635071,0,5.003,1.55,4.66,-82.5
635091,0,4.98,1.67,4.66,-82.5
635111,0,4.962,1.62,4.66,-83
635131,0,4.953,1.89,4.66,-82.5
635151,0,4.946,1.57,4.66,-83.5
635171,0,4.928,0.91,4.666,-86.5
635191,0,4.899,0.75,4.666,-86.5
635211,0,4.877,0.65,4.666,-87
635231,0,4.859,1.16,4.666,-86.5
635251,0,4.831,2.8,4.666,-88.5
635271,0,4.79,4.25,4.666,-88
635291,0,4.751,9.21,4.666,-93
635311,0,4.696,15.16,4.666,-96
635331,0,4.65,6.56,4.666,-93.5
635351,0,4.61,5.18,4.666,-91
635371,0,4.684,0.52,4.666,-81.5
635391,0,4.734,-3.46,4.666,-82
635411,0,4.693,-5.18,4.666,-89.5
635431,0,4.672,-4.79,4.666,-88.5
635451,0,4.722,-4.38,4.666,-81.5
635471,0,4.788,-2.42,4.666,-86.5
635491,0,4.903,-0.26,4.666,-81.5
635511,0,4.896,-1.09,4.666,-81.5
635531,0,4.894,-2.61,4.658,-84.5
635551,0,4.999,4.23,4.658,-89.5
635571,0,5.055,10.05,4.658,-84.5
635591,0,4.896,4.15,4.658,-96
635611,0,4.79,0.35,4.658,-89.5
635631,0,4.711,1.33,4.658,-91
635651,0,4.647,0.88,4.668,-91.5
635671,0,4.586,0.81,4.668,-92.5
635691,0,4.532,0.32,4.668,-93
635711,0,4.499,0.35,4.668,-91.5
635731,0,4.475,0.26,4.668,-92
635751,0,4.454,0.52,4.668,-92
635771,0,4.432,0.61,4.66,-90.5
635791,0,4.404,0,4.66,-88.5
635811,0,4.378,0.04,4.66,-87.5
635831,0,4.366,-0.18,4.66,-87
635851,0,4.358,-0.58,4.66,-86
635871,0,4.351,-1.11,4.66,-84
635891,0,4.331,-1.19,4.666,-83.5
635911,0,4.326,-1.31,4.666,-83
635931,0,4.318,-1.35,4.666,-82
635951,0,4.33,-1.38,4.666,-84.5
635971,0,4.31,-1.67,4.666,-88.5
635991,0,4.3,-2.18,4.666,-87
636011,0,4.302,-2.46,4.666,-84.5
636031,0,4.294,-2.66,4.666,-83
636051,0,4.297,-3.16,4.666,-82
636071,0,4.299,-2.78,4.666,-84
636091,0,4.286,-3.04,4.666,-85.5
636111,0,4.269,-3.59,4.666,-83.5
636131,0,4.26,-3.76,4.66,-84
636151,0,4.258,-3.99,4.66,-84
636171,0,4.241,-3.93,4.66,-85
636191,0,4.214,-4.33,4.66,-84
636211,0,4.197,-4.33,4.66,-83
636231,0,4.172,-4.25,4.66,-83
636251,0,4.152,-4.36,4.666,-82.5
636271,0,4.15,-4.52,4.666,-81.5
636291,0,4.136,-4.63,4.666,-81.5
636311,0,4.117,-4.64,4.666,-83
636331,0,4.112,-4.31,4.666,-81.5
636351,0,4.105,-4.21,4.666,-82
636371,0,4.086,-3.89,4.655,-82
636391,0,4.074,-4.27,4.655,-82.5
636411,0,4.07,-4.02,4.655,-82
636431,0,4.058,-4.17,4.655,-82.5
636451,0,4.043,-3.81,4.655,-82
636471,0,4.033,-3.6,4.655,-83
636491,0,4.028,-3.44,4.66,-83
636511,0,4.006,-3.52,4.66,-82
636531,0,3.981,-3.58,4.66,-82.5
636551,0,3.965,-3.87,4.66,-83.5
636571,0,3.948,-3.82,4.66,-82
636591,0,3.932,-3.42,4.66,-81.5
636611,0,3.916,-3.33,4.666,-82
636631,0,3.892,-3.01,4.666,-82
636651,0,3.876,-3.02,4.666,-82.5
636671,0,3.863,-2.75,4.666,-83
636691,0,3.845,-2.5,4.666,-82.5
636711,0,3.835,-2.36,4.666,-82.5
636731,0,3.821,-2.11,4.666,-82.5
636751,0,3.811,-1.83,4.666,-82.5
636771,0,3.796,-1.8,4.666,-82
636791,0,3.775,-1.79,4.666,-82
636811,0,3.751,-1.2,4.666,-83
636831,0,3.73,-1.03,4.666,-82.5
636851,0,3.708,-0.83,4.666,-82
636871,0,3.694,-1.3,4.666,-82.5
636891,0,3.672,-0.91,4.666,-82.5
636911,0,3.675,-0.32,4.666,-83
636931,0,3.666,-0.28,4.666,-83
636951,0,3.644,0.12,4.666,-82.5
636971,0,3.626,-0.74,4.668,-83.5
636991,0,3.617,-1.15,4.668,-83
637011,0,3.602,-1.22,4.668,-82.5
637031,0,3.587,-2.29,4.668,-82.5
637051,0,3.578,-2.33,4.668,-82.5
637071,0,3.56,-2.48,4.668,-82
637091,0,3.559,-2.32,4.663,-84.5
637111,0,3.541,-2.1,4.663,-83.5
637131,0,3.538,-1.64,4.663,-82
637151,0,3.526,-1.33,4.663,-83
637171,0,3.509,-0.96,4.663,-83.5
637191,0,3.495,-0.91,4.663,-84
637211,0,3.483,-0.75,4.66,-85
637231,0,3.459,-0.36,4.66,-85.5
637251,0,3.448,-0.19,4.66,-85.5
637271,0,3.432,0.14,4.66,-83.5
637291,0,3.42,0.04,4.66,-83
637311,0,3.404,-0.01,4.66,-83
637331,0,3.38,-0.01,4.666,-83.5
637351,0,3.348,0.47,4.666,-83.5
637371,0,3.337,0.45,4.666,-84.5
637391,0,3.321,1.04,4.666,-85.5
637411,0,3.311,1.45,4.666,-83.5
637431,0,3.296,1.62,4.666,-82
637451,0,3.283,1.39,4.666,-84.5
637471,0,3.272,1.31,4.666,-84.5
637491,0,3.255,1.22,4.666,-86
637511,0,3.239,1.33,4.666,-84
637531,0,3.24,1.1,4.666,-83
637551,0,3.242,1.28,4.666,-84
637571,0,3.235,1.44,4.666,-83.5
637591,0,3.225,1.64,4.666,-83.5
637611,0,3.211,2.03,4.666,-84
637631,0,3.195,2.03,4.666,-83.5
637651,0,3.182,2.04,4.666,-82
637671,0,3.183,2.02,4.666,-83.5
637691,0,3.163,2,4.66,-83
637711,0,3.148,2.03,4.66,-82
637731,0,3.135,2.04,4.66,-83
637751,0,3.117,1.74,4.66,-82
637771,0,3.105,1.97,4.66,-81.5
637791,0,3.09,2.04,4.66,-81.5
637811,0,3.064,2.15,4.66,-81.5
637831,0,3.047,2.14,4.66,-82.5
637851,0,3.03,2.32,4.66,-81.5
637871,0,3.012,2.19,4.66,-82
637891,0,2.994,2.31,4.66,-81.5
637911,0,2.969,2.49,4.66,-82
637931,0,2.954,2.81,4.666,-81.5
637951,0,2.951,3.12,4.666,-82.5
637971,0,2.929,3.24,4.666,-81.5
637991,0,2.91,3.3,4.666,-82.5
638011,0,2.898,3.3,4.666,-81.5
638031,0,2.879,3.87,4.666,-81.5
638051,0,2.86,3.66,4.663,-81
638071,0,2.856,3.15,4.663,-82.5
638091,0,2.858,3.48,4.663,-83
638111,0,2.85,3.8,4.663,-82.5
638131,0,2.838,3.66,4.663,-81.5
638151,0,2.819,3.84,4.663,-82.5
638171,0,2.805,3.55,4.666,-82
638191,0,2.798,3.64,4.666,-82.5
638211,0,2.773,3.56,4.666,-82
638231,0,2.74,3.62,4.666,-82
638251,0,2.725,3.83,4.666,-82
638271,0,2.716,4.1,4.666,-82
638291,0,2.7,4.14,4.666,-82
638311,0,2.67,4.13,4.666,-82
638331,0,2.649,4.38,4.666,-82.5
638351,0,2.623,4.33,4.666,-81.5
638371,0,2.604,4.37,4.666,-82
638391,0,2.579,4.73,4.666,-82
638411,0,2.563,4.9,4.66,-82
638431,0,2.539,4.71,4.66,-82
638451,0,2.506,4.98,4.66,-81.5
638471,0,2.488,5.14,4.66,-81.5
638491,0,2.487,5.29,4.66,-82.5
638511,0,2.466,5.29,4.66,-82
638531,0,2.459,5.06,4.666,-82
638551,0,2.447,5.39,4.666,-82.5
638571,0,2.422,5.62,4.666,-82
638591,0,2.413,5.8,4.666,-81.5
638611,0,2.399,5.65,4.666,-82.5
638631,0,2.371,5.47,4.666,-81.5
638651,0,2.354,5.53,4.669,-81.5
638671,0,2.33,5.71,4.669,-82
638691,0,2.312,5.81,4.669,-81.5
638711,0,2.299,5.77,4.669,-81
638731,0,2.285,6.26,4.669,-81
638751,0,2.272,6.31,4.669,-82
638771,0,2.263,6.77,4.655,-81.5
638791,0,2.255,6.95,4.655,-81.5
638811,0,2.244,7.17,4.655,-81.5
638831,0,2.218,7.37,4.655,-81.5
638851,0,2.201,7.2,4.655,-82
638871,0,2.186,6.77,4.655,-81
638891,0,2.171,7.08,4.661,-82
638911,0,2.165,7.33,4.661,-82
638931,0,2.156,7.62,4.661,-81.5
638951,0,2.143,7.98,4.661,-81.5
638971,0,2.123,8.09,4.661,-82.5
638991,0,2.11,8.34,4.661,-81.5
639011,0,2.105,8.88,4.666,-81.5
639031,0,2.088,8.63,4.666,-81.5
639051,0,2.079,9.26,4.666,-83
639071,0,2.067,9.26,4.666,-82.5
639091,0,2.053,9.6,4.666,-82
639111,0,2.046,9.92,4.666,-81.5
639131,0,2.029,10.35,4.66,-82
639151,0,2.015,10.76,4.66,-81.5
639171,0,1.998,11.37,4.66,-81.5
639191,0,1.988,11.71,4.66,-81.5
639211,0,1.976,12.05,4.66,-81.5
639231,0,1.971,13.14,4.66,-82
639251,0,1.968,13.73,4.666,-82
639271,0,1.965,13.91,4.666,-82
639291,0,1.97,14.33,4.666,-81.5
639311,0,1.967,14.24,4.666,-82.5
639331,0,1.959,14.41,4.666,-82.5
639351,0,1.941,14.56,4.666,-81.5
639371,0,1.938,15.1,4.661,-81.5
639391,0,1.936,15.58,4.661,-81.5
639411,0,1.923,16.04,4.661,-81.5
639431,0,1.905,16.57,4.661,-81.5
639451,0,1.897,16.77,4.661,-81.5
639471,0,1.893,17.06,4.661,-82
639491,0,1.892,17.52,4.666,-82
639511,0,1.874,17.6,4.666,-82
639531,0,1.865,17.52,4.666,-82.5
639551,0,1.846,17.78,4.666,-82
639571,0,1.836,17.91,4.666,-82
639591,0,1.831,18.14,4.666,-82.5
639611,0,1.822,18.69,4.666,-82
639631,0,1.797,18.95,4.666,-82
639651,0,1.78,19.2,4.666,-83
639671,0,1.762,19.31,4.666,-82
639691,0,1.744,19.68,4.666,-81.5
639711,0,1.73,19.83,4.666,-81.5
639731,0,1.722,20.18,4.666,-82
639751,0,1.706,20.43,4.666,-81.5
639771,0,1.691,20.83,4.666,-81.5
639791,0,1.689,21.3,4.666,-82
639811,0,1.687,21.73,4.666,-82.5
639831,0,1.678,22.46,4.666,-81.5
639851,0,1.663,23.06,4.666,-81.5
639871,0,1.653,24.32,4.666,-82
639891,0,1.646,24.76,4.666,-81.5
639911,0,1.649,25.33,4.666,-81.5
639931,0,1.642,25.66,4.666,-81.5
639951,0,1.634,26.12,4.666,-81
639971,0,1.625,26.57,4.669,-81
639991,0,1.614,26.78,4.669,-82.5
640011,0,1.598,26.84,4.669,-82
640031,0,1.584,27.08,4.669,-82
640051,0,1.569,27.38,4.669,-82
640071,0,1.559,27.56,4.669,-81.5
640091,0,1.564,28.14,4.658,-81
640111,0,1.563,28.76,4.658,-81.5
640131,0,1.56,29.17,4.658,-81
640151,0,1.555,29.23,4.658,-81.5
640171,0,1.562,30.04,4.658,-81
640191,0,1.57,30.1,4.658,-81.5
640211,0,1.561,30.59,4.666,-81.5
640231,0,1.56,31.08,4.666,-81
640251,0,1.558,31.41,4.666,-81
640271,0,1.558,31.99,4.666,-81.5
640291,0,1.559,32.39,4.666,-81.5
640311,0,1.56,33.04,4.666,-82
640331,0,1.549,33.11,4.668,-82
640351,0,1.556,33.53,4.668,-81.5
640371,0,1.569,33.71,4.668,-81.5
640431,0,1.559,34.71,4.668,-81.5
640451,0,1.55,35,4.666,-82
640471,0,1.541,35.28,4.666,-81
640491,0,1.533,35.45,4.666,-81.5
640511,0,1.528,35.59,4.666,-81.5
640531,0,1.516,35.86,4.666,-81.5
640551,0,1.522,35.91,4.666,-81.5
640571,0,1.522,35.91,4.666,-81.5
640591,0,1.527,36.3,4.666,-81
640611,0,1.533,36.25,4.666,-81.5
640631,0,1.545,36.34,4.666,-81.5
640651,0,1.555,36.11,4.666,-81.5
640671,0,1.557,36.27,4.666,-81.5
640691,0,1.563,36.43,4.666,-81.5
640711,0,1.567,36.68,4.666,-82
640731,0,1.569,36.87,4.666,-81.5
640751,0,1.562,37.18,4.666,-81.5
640771,0,1.558,37.57,4.666,-82
640791,0,1.557,37.86,4.666,-82
640811,0,1.555,37.86,4.66,-81.5
640831,0,1.559,38.3,4.66,-81.5
640851,0,1.563,38.52,4.66,-81.5
640871,0,1.561,38.87,4.66,-82
640891,0,1.558,39,4.66,-81.5
640911,0,1.554,39.12,4.66,-82
640931,0,1.551,39.29,4.661,-82
640951,0,1.552,39.78,4.661,-81.5
640971,0,1.548,40.05,4.661,-82
640991,0,1.541,40.23,4.661,-82
641011,0,1.541,40.57,4.661,-81.5
641031,0,1.555,40.87,4.661,-82
641051,0,1.558,40.96,4.666,-82
641071,0,1.561,41.36,4.666,-82
641091,0,1.57,41.8,4.666,-82.5
641111,0,1.57,42.23,4.666,-81.5
641131,0,1.583,42.44,4.666,-81
641151,0,1.588,42.87,4.666,-81
641171,0,1.594,43.21,4.666,-82
641191,0,1.601,43.59,4.666,-81.5
641211,0,1.597,43.84,4.666,-81
641231,0,1.594,44.17,4.666,-82
641251,0,1.6,44.5,4.666,-81
641271,0,1.6,45,4.666,-81
641291,0,1.603,45.32,4.66,-81.5
641311,0,1.603,46.11,4.66,-81.5
641331,0,1.607,46.45,4.66,-81
641351,0,1.614,46.77,4.66,-81.5
641371,0,1.624,47.18,4.66,-81.5
641391,0,1.628,47.71,4.66,-81
641411,0,1.63,48.23,4.666,-81.5
641431,0,1.627,48.5,4.666,-81.5
641451,0,1.623,49.05,4.666,-81.5
641471,0,1.621,49.48,4.666,-81.5
641491,0,1.62,49.85,4.666,-82
641511,0,1.629,50.28,4.666,-82
641531,0,1.638,50.64,4.666,-82
641551,0,1.651,51.86,4.666,-82
641571,0,1.67,52.51,4.666,-82
641591,0,1.672,53.21,4.666,-82
641611,0,1.681,53.8,4.666,-82
641631,0,1.686,54.44,4.666,-82
641651,0,1.7,54.85,4.661,-82
641671,0,1.7,55.14,4.661,-81.5
641691,0,1.705,55.6,4.661,-81.5
641711,0,1.713,56.17,4.661,-81.5
641731,0,1.72,56.44,4.661,-81
641751,0,1.726,57.17,4.661,-81.5
641771,0,1.738,57.94,4.669,-81.5
641791,0,1.743,58.41,4.669,-81
641811,0,1.752,58.84,4.669,-82
641831,0,1.753,58.78,4.669,-82
641851,0,1.761,58.94,4.669,-82
641871,0,1.772,59.93,4.669,-82
641891,0,1.786,60.67,4.666,-82
641911,0,1.817,60.94,4.666,-81.5
641931,0,1.836,61.59,4.666,-81.5
641951,0,1.851,62.1,4.666,-81.5
641971,0,1.858,63,4.666,-81.5
641991,0,1.866,63.53,4.666,-81.5
642011,0,1.88,64.28,4.66,-81
642031,0,1.892,65.11,4.66,-81.5
642051,0,1.913,65.76,4.66,-82
642071,0,1.926,66.22,4.66,-82
642091,0,1.936,67.25,4.66,-82.5
642111,0,1.955,67.93,4.66,-83.5
642131,0,1.973,68.29,4.666,-82.5
642151,0,1.999,69.28,4.666,-82.5
642171,0,2.015,70.19,4.666,-82.5
642191,0,2.01,70.06,4.666,-82.5
642211,0,2.002,70.64,4.666,-82.5
642231,0,2.003,71.42,4.666,-81.5
642251,0,2.004,72.01,4.666,-81.5
642271,0,2,72.11,4.666,-81.5
642291,0,1.997,72.36,4.666,-81.5
642311,0,1.992,72.4,4.666,-81.5
642331,0,1.978,72.31,4.666,-81.5
642351,0,1.963,72.22,4.666,-81.5
642371,0,1.942,71.68,4.66,-81.5
642391,0,1.922,71.44,4.66,-81.5
642411,0,1.904,71.26,4.66,-81.5
642431,0,1.883,71.08,4.66,-81.5
642451,0,1.869,70.9,4.66,-81.5
642471,0,1.863,70.35,4.66,-81.5
642491,0,1.855,69.86,4.672,-81.5
642511,0,1.845,69.46,4.672,-82
642531,0,1.836,68.97,4.672,-81.5
642551,0,1.83,68.54,4.672,-82
642571,0,1.827,67.78,4.672,-81.5
642591,0,1.819,67.28,4.672,-81.5
642611,0,1.799,66.43,4.668,-81.5
642631,0,1.777,65.81,4.668,-82
642651,0,1.757,65.25,4.668,-81.5
642671,0,1.745,64.94,4.668,-82
642691,0,1.73,65,4.668,-82
642711,0,1.729,64.69,4.668,-82.5
642731,0,1.738,64.36,4.663,-82.5
642751,0,1.746,64.07,4.663,-81.5
642771,0,1.747,63.94,4.663,-82
642791,0,1.748,63.64,4.663,-81.5
642811,0,1.748,63.35,4.663,-81
642831,0,1.743,63,4.663,-81.5
642851,0,1.748,63.03,4.66,-81
642871,0,1.752,62.91,4.66,-81.5
642891,0,1.759,62.55,4.66,-81.5
642911,0,1.759,62.26,4.66,-81.5
642931,0,1.754,62.55,4.66,-81.5
642951,0,1.757,62.23,4.66,-81.5
642971,0,1.755,62,4.666,-81.5
642991,0,1.762,61.71,4.666,-81.5
643011,0,1.754,61.65,4.666,-82.5
643031,0,1.75,61.33,4.666,-81.5
643051,0,1.752,61.18,4.666,-82
643071,0,1.748,61.14,4.666,-81
643091,0,1.745,61.16,4.666,-82
643111,0,1.748,61.16,4.666,-81
643131,0,1.747,61.14,4.666,-81
643151,0,1.744,61.01,4.666,-81.5
643171,0,1.741,60.94,4.666,-81.5
643191,0,1.748,60.59,4.666,-81.5
643211,0,1.751,60.28,4.66,-81
643231,0,1.759,60.15,4.66,-81.5
643251,0,1.76,60.23,4.66,-81
643271,0,1.763,60.48,4.66,-81.5
643291,0,1.763,60.6,4.66,-81.5
643311,0,1.756,60.37,4.66,-81.5
643331,0,1.754,60.28,4.666,-81.5
643351,0,1.758,60.1,4.666,-82
643371,0,1.745,60.8,4.666,-82
643391,0,1.746,61.02,4.666,-82
643411,0,1.747,61.02,4.666,-82
643431,0,1.746,61,4.666,-82
643451,0,1.744,60.92,4.666,-81.5
643471,0,1.744,60.71,4.666,-81
643491,0,1.75,60.71,4.666,-81.5
643511,0,1.749,60.58,4.666,-81.5
643531,0,1.754,59.87,4.666,-81.5
643551,0,1.756,59.85,4.666,-81
643571,0,1.757,59.78,4.669,-81
643591,0,1.756,59.71,4.669,-81
643611,0,1.761,59.87,4.669,-81
643631,0,1.762,59.96,4.669,-81.5
643651,0,1.766,60.21,4.669,-81.5
643671,0,1.762,60.44,4.669,-81.5
643691,0,1.755,60.56,4.666,-81.5
643711,0,1.753,60.51,4.666,-81.5
643731,0,1.754,60.41,4.666,-82
643751,0,1.752,60.23,4.666,-82
643771,0,1.753,60.19,4.666,-82
643791,0,1.751,60.06,4.666,-82
643811,0,1.747,60.07,4.666,-81.5
643831,0,1.75,60.01,4.666,-81.5
643851,0,1.749,60,4.666,-81.5
643871,0,1.746,59.69,4.666,-81.5
643891,0,1.747,59.1,4.666,-82
643911,0,1.749,58.71,4.666,-81.5
643931,0,1.746,58.17,4.66,-81
643951,0,1.753,57.81,4.66,-81.5
643971,0,1.761,57.52,4.66,-82
643991,0,1.771,56.94,4.66,-81.5
644011,0,1.763,56.64,4.66,-81.5
644031,0,1.754,56.49,4.66,-82
644051,0,1.745,56.91,4.672,-82
644071,0,1.736,57.19,4.672,-82
644091,0,1.747,57.28,4.672,-82
644111,0,1.761,57.56,4.672,-82
644131,0,1.761,57.94,4.672,-81.5
644151,0,1.769,57.98,4.672,-81.5
644171,0,1.773,57.89,4.669,-82
644191,0,1.776,58.17,4.669,-82
644211,0,1.768,58.34,4.669,-81.5
644231,0,1.765,58.33,4.669,-81.5
644251,0,1.765,58.39,4.669,-81.5
644271,0,1.768,58.85,4.669,-81.5
644291,0,1.767,58.18,4.666,-81
644311,0,1.767,58.57,4.666,-82
644331,0,1.776,58.85,4.666,-81.5
644351,0,1.782,58.62,4.666,-82
644371,0,1.765,58.67,4.666,-81.5
644391,0,1.772,58.71,4.666,-81.5
644411,0,1.768,58.09,4.666,-81.5
644431,0,1.77,58.35,4.666,-82
644451,0,1.766,58.52,4.666,-81.5
644471,0,1.761,58.58,4.666,-82
644491,0,1.759,58.56,4.666,-81.5
644511,0,1.764,58.74,4.666,-82.5
644531,0,1.752,58.69,4.663,-82.5
644551,0,1.759,58.93,4.663,-81.5
644571,0,1.757,59.02,4.663,-81.5
644591,0,1.755,59.06,4.663,-81.5
644611,0,1.755,59.07,4.663,-81.5
644631,0,1.757,58.93,4.663,-81.5
644651,0,1.757,59.34,4.666,-81.5
644671,0,1.756,58.91,4.666,-81
644691,0,1.756,58.68,4.666,-81
644711,0,1.762,58.62,4.666,-81.5
644731,0,1.77,58.66,4.666,-82
644751,0,1.771,58.65,4.666,-81.5
644771,0,1.775,59.02,4.666,-81
644791,0,1.769,58.9,4.666,-81.5
644811,0,1.766,58.78,4.666,-81.5
644831,0,1.77,58.85,4.666,-81.5
644851,0,1.777,59.26,4.666,-81.5
644871,0,1.768,59.43,4.666,-82
644891,0,1.766,59.28,4.666,-81.5
644911,0,1.756,59.31,4.666,-81.5
644931,0,1.754,59.23,4.666,-81.5
644951,0,1.747,59.21,4.666,-81.5
644971,0,1.743,59.31,4.666,-82
644991,0,1.739,59.27,4.666,-82
645011,0,1.734,59.21,4.666,-82.5
645031,0,1.74,59.06,4.666,-81
645051,0,1.74,59.3,4.666,-81.5
645071,0,1.74,59.33,4.666,-81.5
645091,0,1.741,59.56,4.666,-81
645111,0,1.748,59.21,4.666,-81.5
645131,0,1.746,58.92,4.66,-81
645151,0,1.747,59.02,4.66,-81.5
645171,0,1.748,58.64,4.66,-81
645191,0,1.755,58.68,4.66,-81
645211,0,1.759,58.91,4.66,-81
645231,0,1.766,59.05,4.66,-82
645251,0,1.768,59.1,4.661,-81.5
645271,0,1.769,59.08,4.661,-81.5
645291,0,1.767,59.18,4.661,-82
645311,0,1.763,59.43,4.661,-82
645331,0,1.761,59.23,4.661,-81.5
645351,0,1.755,59.31,4.661,-82
645371,0,1.753,59.28,4.666,-82
645391,0,1.752,59.26,4.666,-82
645411,0,1.748,59.1,4.666,-81.5
645431,0,1.746,59.03,4.666,-81.5
645451,0,1.75,59.14,4.666,-81
645471,0,1.748,59.17,4.666,-81.5
645491,0,1.749,59.15,4.672,-81.5
645511,0,1.751,58.43,4.672,-81.5
645531,0,1.756,58.26,4.672,-81.5
645551,0,1.756,57.96,4.672,-81.5
645571,0,1.756,57.92,4.672,-81
645591,0,1.756,57.99,4.672,-81.5
645611,0,1.764,57.78,4.661,-81
645631,0,1.766,57.91,4.661,-82
645651,0,1.77,57.74,4.661,-81.5
645671,0,1.771,57.73,4.661,-81.5
645691,0,1.771,57.87,4.661,-81.5
645711,0,1.771,57.86,4.661,-81.5
645731,0,1.776,58.01,4.66,-81.5
645751,0,1.772,58.33,4.66,-81.5
645771,0,1.766,58.49,4.66,-82
645791,0,1.761,58.69,4.66,-82
645811,0,1.758,58.57,4.66,-82
645831,0,1.751,58.58,4.66,-82
645851,0,1.747,58.56,4.663,-82
645871,0,1.745,58.6,4.663,-81.5
645891,0,1.747,58.6,4.663,-81
645911,0,1.746,58.43,4.663,-81
645931,0,1.747,58.44,4.663,-81.5
645951,0,1.746,58.59,4.663,-81.5
645971,0,1.747,58.57,4.666,-81
645991,0,1.748,58.23,4.666,-81
646011,0,1.753,57.9,4.666,-81.5
