80088,1027,1.514,38.57,4.607,-83
80108,1027,1.513,38.75,4.607,-82.5
80128,1027,1.509,38.57,4.607,-82.5
80148,1027,1.507,38.82,4.607,-83
80168,1027,1.508,38.54,4.648,-83
80188,1027,1.508,38.59,4.648,-82.5
80208,1027,1.504,38.48,4.648,-82.5
80228,1027,1.511,38.61,4.648,-82.5
80248,1027,1.507,38.32,4.648,-82.5
80268,1027,1.508,38.32,4.648,-82.5
80288,1027,1.506,38.16,4.633,-82.5
80308,1027,1.506,38.16,4.633,-82.5
80328,1027,1.501,37.96,4.633,-83.5
80348,1027,1.506,38.18,4.633,-82.5
80368,1027,1.508,38.23,4.633,-82.5
80388,1027,1.513,38.5,4.633,-82.5
80408,1027,1.508,38.32,4.634,-82.5
80428,1027,1.512,38.5,4.634,-82.5
80448,1027,1.509,38.18,4.634,-83
80468,1027,1.511,38.39,4.634,-82.5
80488,1027,1.51,38.36,4.634,-83
80508,1027,1.509,38.52,4.634,-82.5
80528,1027,1.506,38.48,4.631,-82.5
80548,1027,1.513,38.64,4.631,-82.5
80568,1027,1.515,38.37,4.631,-82.5
80588,1027,1.513,38.53,4.631,-82.5
80608,1026,1.517,38.57,4.631,-82.5
80628,1026,1.518,38.79,4.631,-82.5
80648,1026,1.513,38.75,4.618,-83
80668,1026,1.513,38.71,4.618,-83
80688,1026,1.511,38.57,4.618,-82.5
80708,1026,1.515,38.7,4.618,-82.5
80728,1026,1.512,38.93,4.618,-82.5
80748,1026,1.512,38.54,4.618,-82.5
80768,1026,1.519,38.39,4.629,-82.5
80788,1026,1.515,38.5,4.629,-82.5
80808,1026,1.51,38.37,4.629,-82.5
80828,1026,1.511,38.18,4.629,-83.5
80848,1026,1.508,38.21,4.629,-82.5
80868,1027,1.51,38.54,4.629,-82.5
80888,1026,1.504,38.39,4.653,-82.5
80908,1026,1.505,38.18,4.653,-83
80928,1026,1.5,38.3,4.653,-82.5
80948,1026,1.5,38.09,4.653,-83
80968,1026,1.502,38.28,4.653,-82.5
80988,1026,1.501,38.18,4.653,-83
81008,1026,1.504,38.3,4.634,-82.5
81028,1026,1.503,38.11,4.634,-82.5
81048,1026,1.5,38.09,4.634,-83
81068,1026,1.506,37.98,4.634,-83
81088,1026,1.509,38.18,4.634,-82.5
81108,1026,1.51,38.09,4.634,-83
81128,1026,1.514,37.91,4.631,-82.5
81148,1026,1.509,37.64,4.631,-83.5
81168,1026,1.509,37.84,4.631,-82.5
81188,1026,1.506,37.68,4.631,-83.5
81208,1026,1.504,37.98,4.631,-82.5
81228,1026,1.504,37.82,4.631,-83
81248,1026,1.501,38.14,4.631,-82.5
81268,1026,1.498,38.05,4.631,-82.5
81288,1026,1.506,38.3,4.631,-83
81308,1026,1.506,38.25,4.631,-83.5
81328,1025,1.504,38.37,4.631,-82.5
81348,1026,1.501,38.36,4.631,-82.5
81368,1026,1.502,38.59,4.629,-82.5
81388,1026,1.504,38.3,4.629,-82.5
81408,1026,1.503,38.61,4.629,-83
81428,1026,1.5,38.43,4.629,-82.5
81448,1026,1.494,38.41,4.629,-82.5
81468,1026,1.494,38.3,4.629,-82.5
81488,1025,1.497,38.5,4.631,-82.5
81508,1025,1.499,38.32,4.631,-82.5
81528,1025,1.495,38.46,4.631,-82.5
81548,1025,1.497,38.12,4.631,-82.5
81568,1025,1.503,38.39,4.631,-82.5
81588,1025,1.507,38.23,4.631,-83
81608,1025,1.504,38.5,4.634,-82.5
81628,1025,1.499,38.43,4.634,-83
81648,1024,1.494,38.36,4.634,-82.5
81668,1024,1.493,38.11,4.634,-82.5
81688,1024,1.499,38.09,4.634,-82.5
81708,1024,1.498,37.86,4.634,-82.5
81728,1023,1.496,37.82,4.631,-82
81748,1023,1.492,37.68,4.631,-82.5
81768,1023,1.488,37.68,4.631,-82.5
81788,1022,1.484,37.48,4.631,-83
81808,1022,1.481,37.59,4.631,-82.5
81828,1022,1.487,37.32,4.631,-82.5
81848,1022,1.489,37.27,4.653,-83
81868,1021,1.493,37.32,4.653,-83
81888,1021,1.498,37.41,4.653,-83.5
81908,1021,1.502,37.39,4.653,-83.5
81928,1020,1.506,37.18,4.653,-83.5
81948,1020,1.509,37.3,4.653,-83
81968,1019,1.522,37.13,4.644,-84
81988,1019,1.519,37.32,4.644,-83
82008,1018,1.524,37.23,4.644,-84
82028,1018,1.531,37.34,4.644,-83.5
82048,1018,1.531,37.25,4.644,-83.5
82068,1018,1.528,37.3,4.644,-84
82088,1018,1.533,37.38,4.631,-83.5
82108,1017,1.531,37.43,4.631,-83.5
82128,1017,1.533,37.43,4.631,-84
82148,1017,1.536,37.46,4.631,-83.5
82168,1017,1.536,37.2,4.631,-83.5
82188,1017,1.539,37.53,4.631,-84
82208,1017,1.541,37.54,4.634,-83.5
82228,1016,1.54,37.46,4.634,-84
82248,1017,1.542,37.66,4.634,-83.5
82268,1016,1.54,37.87,4.634,-84
82288,1017,1.544,38.23,4.634,-83
82308,1017,1.542,38.54,4.634,-84
82328,1016,1.543,38.23,4.631,-84
82348,1016,1.537,38.36,4.631,-84
82368,1016,1.532,38.39,4.631,-84
82388,1016,1.532,38.64,4.631,-83.5
82408,1016,1.533,38.84,4.631,-83.5
82428,1017,1.532,38.8,4.631,-84
82448,1017,1.535,38.84,4.62,-83.5
82468,1016,1.537,38.64,4.62,-83.5
82488,1016,1.542,38.55,4.62,-83.5
82508,1017,1.542,38.5,4.62,-83.5
82528,1016,1.54,38.62,4.62,-84
82548,1017,1.542,38.37,4.62,-83.5
82568,1016,1.545,38.64,4.629,-84.5
82588,1016,1.543,38.68,4.629,-83.5
82608,1016,1.541,38.75,4.629,-84.5
82628,1017,1.542,39.07,4.629,-84
82648,1016,1.546,38.96,4.629,-84
82668,1016,1.548,38.78,4.629,-83
82688,1016,1.545,38.79,4.647,-84
82708,1016,1.542,38.84,4.647,-83.5
82728,1016,1.539,38.82,4.647,-83.5
82748,1017,1.536,38.82,4.647,-84
82768,1016,1.536,38.66,4.647,-83.5
82788,1017,1.536,38.93,4.647,-83.5
82808,1017,1.537,38.61,4.607,-83.5
82828,1016,1.538,38.48,4.607,-84
82848,1016,1.538,38.3,4.607,-84
82868,1016,1.535,38.55,4.607,-83.5
82888,1017,1.538,38.62,4.607,-83.5
82908,1017,1.535,38.87,4.607,-84.5
82928,1016,1.539,38.62,4.634,-83.5
82948,1016,1.534,38.71,4.634,-84
82968,1016,1.536,38.91,4.634,-83.5
82988,1016,1.536,38.91,4.634,-84.5
83008,1017,1.542,39,4.634,-83.5
83028,1017,1.544,38.96,4.634,-83.5
83048,1017,1.541,39.03,4.618,-83.5
83068,1017,1.54,38.77,4.618,-84
83088,1017,1.546,38.73,4.618,-83.5
83108,1017,1.54,38.48,4.618,-84.5
83128,1017,1.543,38.37,4.618,-83.5
83148,1017,1.543,38.16,4.618,-83.5
83168,1017,1.545,38.05,4.629,-84
83188,1017,1.544,37.86,4.629,-84.5
83208,1017,1.545,38.09,4.629,-84
83228,1017,1.541,37.86,4.629,-83
83248,1017,1.538,38.11,4.629,-84
83268,1017,1.538,38.12,4.629,-83.5
83288,1017,1.537,38.32,4.633,-84
83308,1017,1.539,38.39,4.633,-83
83328,1018,1.536,38.53,4.633,-83.5
83348,1018,1.536,38.66,4.633,-83.5
83368,1017,1.532,38.75,4.633,-84
83388,1018,1.53,38.66,4.633,-84
83408,1018,1.534,38.55,4.607,-83.5
83428,1018,1.532,38.55,4.607,-83.5
83448,1018,1.533,38.25,4.607,-84.5
83468,1018,1.53,38.36,4.607,-83.5
83488,1018,1.532,38.09,4.607,-83.5
83508,1018,1.536,38.36,4.607,-84
83528,1018,1.535,38.34,4.631,-84.5
83548,1018,1.535,38.48,4.631,-84
83568,1018,1.534,38.77,4.631,-83.5
83588,1018,1.533,39.02,4.631,-83.5
83608,1018,1.534,39.09,4.631,-83
83628,1018,1.533,39.12,4.631,-84
83648,1018,1.535,39.16,4.633,-83.5
83668,1018,1.538,38.89,4.633,-83.5
83688,1018,1.543,38.82,4.633,-83.5
83708,1018,1.543,38.93,4.633,-83.5
83728,1019,1.542,38.87,4.633,-83.5
83748,1018,1.546,38.93,4.633,-83.5
83768,1019,1.55,38.93,4.648,-83.5
83788,1019,1.549,38.64,4.648,-84
83808,1018,1.545,38.84,4.648,-84.5
83828,1018,1.55,38.71,4.648,-84
83848,1019,1.545,38.8,4.648,-85
83868,1019,1.545,38.82,4.648,-84
83888,1019,1.544,38.82,4.631,-83.5
83908,1019,1.541,38.89,4.631,-84
83928,1019,1.542,38.8,4.631,-84.5
83948,1019,1.548,38.93,4.631,-83.5
83968,1019,1.546,38.78,4.631,-84
83988,1018,1.547,38.75,4.631,-83.5
84008,1019,1.55,38.45,4.634,-84
84028,1019,1.551,38.77,4.634,-84.5
84048,1019,1.55,38.55,4.634,-83.5
84068,1019,1.549,38.37,4.634,-84
84088,1019,1.546,38.41,4.634,-84
84108,1019,1.545,38.68,4.634,-84.5
84128,1019,1.537,38.8,4.615,-83.5
84148,1019,1.539,38.75,4.615,-84.5
84168,1019,1.538,38.82,4.615,-83
84188,1019,1.538,38.86,4.615,-84
84208,1019,1.537,39,4.615,-83.5
84228,1019,1.54,38.95,4.615,-83.5
84248,1019,1.536,38.98,4.62,-84
84268,1019,1.538,38.71,4.62,-83.5
84288,1019,1.541,38.64,4.62,-84.5
84308,1019,1.549,38.34,4.62,-83.5
84328,1019,1.548,38.64,4.62,-84.5
84348,1019,1.543,38.3,4.62,-84
84368,1020,1.548,38.14,4.648,-84
84388,1020,1.547,38.23,4.648,-83.5
84408,1020,1.547,38.3,4.648,-84
84428,1020,1.544,38.48,4.648,-83.5
84448,1020,1.547,38.5,4.648,-84
84468,1020,1.544,38.8,4.648,-83.5
84488,1019,1.545,38.8,4.631,-84
84508,1019,1.543,38.61,4.631,-83.5
84528,1020,1.544,38.37,4.631,-83.5
84548,1020,1.542,38.55,4.631,-83.5
84568,1020,1.544,38.29,4.631,-83.5
84588,1020,1.546,38.23,4.631,-83.5
84608,1020,1.546,38.07,4.641,-83.5
84628,1019,1.548,38.34,4.641,-84
84648,1019,1.55,38.5,4.641,-83.5
84668,1020,1.555,38.55,4.641,-85
84688,1020,1.548,38.68,4.641,-84
84708,1020,1.547,38.84,4.641,-84
84728,1020,1.541,38.82,4.62,-83.5
84748,1020,1.542,38.75,4.62,-84
84768,1020,1.545,38.84,4.62,-84
84788,1020,1.549,38.73,4.62,-84
84808,1020,1.55,38.57,4.62,-84
84828,1020,1.55,38.34,4.62,-83.5
84848,1020,1.547,38.3,4.631,-83.5
84868,1020,1.548,38.41,4.631,-83.5
84888,1020,1.552,38.45,4.631,-84
84908,1020,1.549,38.2,4.631,-83.5
84928,1020,1.546,38.21,4.631,-83.5
84948,1020,1.539,38.23,4.631,-84
84968,1020,1.544,38.41,4.644,-84
84988,1021,1.54,38.43,4.644,-83.5
85008,1021,1.535,38.3,4.644,-84
85028,1020,1.538,38.29,4.644,-83.5
85048,1020,1.539,38.05,4.644,-83.5
85068,1020,1.54,38.04,4.644,-83.5
85088,1021,1.538,37.8,4.634,-83.5
85108,1021,1.536,38.09,4.634,-84.5
85128,1021,1.536,38.18,4.634,-83.5
85148,1021,1.537,38.32,4.634,-84
85168,1021,1.537,38.46,4.634,-83.5
85188,1021,1.538,38.41,4.634,-83.5
85208,1021,1.534,38.39,4.634,-83.5
85228,1021,1.535,38.18,4.634,-84.5
85248,1021,1.536,38.14,4.634,-83.5
85268,1021,1.538,38,4.634,-83.5
85288,1021,1.537,37.82,4.634,-84
85308,1021,1.538,37.59,4.634,-83.5
85328,1021,1.543,37.75,4.647,-84
85348,1021,1.541,38.07,4.647,-83.5
85368,1021,1.541,38.11,4.647,-83.5
85388,1021,1.539,38.18,4.647,-83
85408,1021,1.544,38.18,4.647,-84
85428,1022,1.541,38.3,4.647,-83.5
85448,1021,1.541,38.05,4.633,-84.5
85468,1021,1.537,37.87,4.633,-83.5
85488,1022,1.54,37.61,4.633,-83.5
85508,1021,1.546,37.64,4.633,-84.5
85528,1022,1.539,37.43,4.633,-83.5
85548,1022,1.541,37.62,4.633,-85
85568,1022,1.539,37.75,4.629,-83.5
85588,1022,1.54,37.75,4.629,-83.5
85608,1022,1.537,37.82,4.629,-83.5
85628,1022,1.541,37.68,4.629,-84
85648,1022,1.546,37.84,4.629,-84
85668,1022,1.549,37.96,4.629,-84
85688,1023,1.552,38.12,4.631,-84.5
85708,1023,1.551,38.34,4.631,-84
85728,1023,1.555,38.29,4.631,-84
85748,1024,1.554,38.32,4.631,-83.5
85768,1024,1.555,38.05,4.631,-83.5
85788,1025,1.552,37.96,4.631,-83.5
85808,1025,1.548,37.73,4.631,-84
85828,1025,1.547,37.52,4.631,-83.5
85848,1026,1.544,37.23,4.631,-83
85868,1027,1.537,37.21,4.631,-83
85888,1027,1.53,37.28,4.631,-83
85908,1027,1.523,37.18,4.631,-83.5
85928,1028,1.51,37.27,4.647,-82.5
85948,1029,1.502,37.09,4.647,-82.5
85968,1029,1.498,36.89,4.647,-82.5
85988,1030,1.499,36.79,4.647,-82.5
86008,1030,1.498,36.59,4.647,-82.5
86028,1032,1.506,36.73,4.647,-82.5
86048,1032,1.512,36.54,4.631,-83
86068,1033,1.524,36.95,4.631,-83
86088,1033,1.524,36.77,4.631,-83.5
86108,1034,1.538,37,4.631,-83
86128,1034,1.55,36.77,4.631,-83.5
86148,1034,1.562,36.95,4.631,-84.5
86168,1034,1.556,36.68,4.66,-84
86188,1035,1.557,36.86,4.66,-84.5
86208,1034,1.565,36.66,4.66,-83.5
86228,1035,1.559,36.46,4.66,-84
86248,1034,1.568,36.62,4.66,-84.5
86268,1035,1.566,36.48,4.66,-84
86288,1035,1.565,36.61,4.647,-84.5
86308,1035,1.571,36.34,4.647,-84
86328,1034,1.582,36.39,4.647,-84
86348,1034,1.584,36.32,4.647,-83.5
86368,1034,1.574,36.18,4.647,-84
86388,1035,1.584,36.3,4.647,-84.5
86408,1034,1.585,36.46,4.653,-83.5
86428,1035,1.59,36.64,4.653,-84
86448,1035,1.596,36.59,4.653,-84.5
86468,1035,1.594,36.66,4.653,-84
86488,1035,1.593,36.52,4.653,-83.5
86508,1035,1.595,36.64,4.653,-84
86528,1035,1.601,36.8,4.62,-83.5
86548,1035,1.595,37,4.62,-84
86568,1035,1.598,37.18,4.62,-84.5
86588,1035,1.596,37.05,4.62,-84
86608,1034,1.598,37.18,4.62,-84.5
86628,1034,1.589,37.03,4.62,-84.5
86648,1034,1.583,36.93,4.631,-84.5
86668,1034,1.597,37.04,4.631,-84.5
86688,1034,1.598,36.84,4.631,-83.5
86708,1034,1.604,37.11,4.631,-84
86728,1034,1.596,36.96,4.631,-83.5
86748,1034,1.59,37.23,4.631,-84.5
86768,1034,1.589,37.09,4.648,-83.5
86788,1034,1.577,37.05,4.648,-84
86808,1034,1.578,37.34,4.648,-84
86828,1033,1.579,37.29,4.648,-84.5
86848,1034,1.581,37.28,4.648,-84
86868,1034,1.579,37.05,4.648,-83.5
86888,1033,1.579,37.18,4.641,-83.5
86908,1033,1.588,37.38,4.641,-83.5
86928,1034,1.587,37.05,4.641,-84
86948,1033,1.585,37.2,4.641,-84
86968,1033,1.58,37.07,4.641,-83.5
86988,1033,1.581,37.14,4.641,-84
87008,1033,1.579,36.98,4.607,-84
87028,1033,1.576,36.89,4.607,-84
87048,1033,1.582,37.05,4.607,-84
87068,1033,1.582,36.82,4.607,-83.5
87088,1033,1.585,37.09,4.607,-84.5
87108,1033,1.585,36.87,4.607,-83.5
87128,1033,1.588,37.07,4.647,-84.5
87148,1032,1.586,37.27,4.647,-83.5
87168,1032,1.582,37.07,4.647,-83.5
87188,1032,1.592,37.27,4.647,-83.5
87208,1032,1.582,37.16,4.647,-83.5
87228,1032,1.583,37.2,4.647,-84
87248,1032,1.575,37.12,4.633,-83.5
87268,1032,1.576,37.23,4.633,-83.5
87288,1032,1.582,37.52,4.633,-83.5
87308,1032,1.575,37.37,4.633,-83.5
87328,1032,1.585,37.62,4.633,-84
87348,1032,1.575,37.39,4.633,-83.5
87368,1032,1.577,37.46,4.629,-84.5
87388,1031,1.578,37.32,4.629,-83.5
87408,1031,1.576,37.54,4.629,-84.5
87428,1030,1.581,37.79,4.629,-83
87448,1030,1.571,37.64,4.629,-84
87468,1030,1.57,37.8,4.629,-83
87488,1030,1.561,37.54,4.631,-83.5
87508,1030,1.559,37.62,4.631,-83
87528,1030,1.559,38.03,4.631,-83
87548,1029,1.555,38.3,4.631,-83
87568,1029,1.556,38.5,4.631,-83
87588,1029,1.547,38.25,4.631,-83
87608,1029,1.55,38.28,4.633,-82.5
87628,1028,1.54,38.39,4.633,-83
87648,1028,1.535,38.3,4.633,-83
87668,1028,1.532,38.55,4.633,-82.5
87688,1028,1.525,38.16,4.633,-83
87708,1028,1.522,38.28,4.633,-82.5
87728,1027,1.517,38.03,4.647,-82.5
87748,1028,1.512,37.98,4.647,-83
87768,1028,1.508,37.78,4.647,-82.5
87788,1028,1.504,37.62,4.647,-82.5
87808,1027,1.504,38,4.647,-82
87828,1028,1.502,37.7,4.647,-82.5
87848,1028,1.51,37.96,4.647,-82.5
87868,1027,1.509,37.93,4.647,-82.5
87888,1027,1.502,37.75,4.647,-83
87908,1028,1.499,37.87,4.647,-82
87928,1027,1.494,37.71,4.647,-83
87948,1027,1.495,37.93,4.647,-82.5
87968,1027,1.494,37.84,4.648,-83
87988,1027,1.496,38.04,4.648,-82.5
88008,1027,1.494,38.07,4.648,-82.5
88028,1027,1.498,37.98,4.648,-83
88048,1027,1.5,38.12,4.648,-82.5
88068,1027,1.5,38.09,4.648,-82.5
88088,1027,1.496,38.12,4.633,-82
88108,1027,1.495,38.05,4.633,-82.5
88128,1027,1.496,37.96,4.633,-82.5
88148,1027,1.497,38.04,4.633,-83
88168,1027,1.496,38,4.633,-82.5
88188,1027,1.5,38.18,4.633,-83
88208,1027,1.498,38.09,4.62,-83
88228,1027,1.499,38.05,4.62,-83
88248,1027,1.5,37.98,4.62,-83
88268,1027,1.499,37.75,4.62,-82.5
88288,1027,1.502,37.8,4.62,-82.5
88308,1027,1.498,37.62,4.62,-83.5
88328,1027,1.507,37.96,4.641,-82.5
88348,1027,1.501,37.68,4.641,-82.5
88368,1027,1.497,37.62,4.641,-82.5
88388,1027,1.498,37.59,4.641,-82.5
88408,1027,1.497,37.64,4.641,-83
88428,1027,1.504,37.98,4.641,-82.5
88448,1027,1.502,37.86,4.633,-83
88468,1027,1.504,37.98,4.633,-82.5
88488,1027,1.502,37.84,4.633,-83
88508,1027,1.501,37.89,4.633,-82.5
88528,1026,1.499,37.75,4.633,-82.5
88548,1026,1.497,37.57,4.633,-82.5
88568,1026,1.494,37.66,4.644,-82
88588,1026,1.492,37.38,4.644,-83
88608,1026,1.491,37.5,4.644,-83
88628,1026,1.489,37.52,4.644,-83
88648,1026,1.486,37.64,4.644,-82.5
88668,1026,1.486,37.8,4.644,-82
88688,1026,1.486,37.7,4.647,-83
88708,1026,1.484,37.87,4.647,-82.5
88728,1026,1.484,37.68,4.647,-82.5
88748,1026,1.488,37.61,4.647,-82.5
88768,1026,1.488,37.57,4.647,-82.5
88788,1026,1.488,37.43,4.647,-83
88808,1026,1.489,37.45,4.634,-82.5
88828,1026,1.486,37.41,4.634,-83
88848,1026,1.483,37.5,4.634,-82.5
88868,1026,1.486,37.59,4.634,-83
88888,1026,1.483,37.57,4.634,-82.5
88908,1026,1.485,37.89,4.634,-82.5
88928,1026,1.484,37.91,4.634,-82.5
88948,1026,1.485,37.93,4.634,-82.5
88968,1026,1.488,37.93,4.634,-82.5
88988,1026,1.491,38.02,4.634,-82.5
89008,1026,1.49,38.07,4.634,-83
89028,1026,1.487,37.89,4.634,-83
89048,1026,1.485,37.98,4.628,-82.5
89068,1025,1.486,37.75,4.628,-82.5
89088,1026,1.486,37.7,4.628,-82.5
89108,1026,1.486,37.48,4.628,-82.5
89128,1026,1.485,37.53,4.628,-82.5
89148,1025,1.483,37.5,4.628,-83
89168,1026,1.483,37.52,4.644,-83
89188,1026,1.482,37.62,4.644,-82.5
89208,1025,1.483,37.41,4.644,-83
89228,1025,1.479,37.29,4.644,-82.5
89248,1026,1.487,37.3,4.644,-82.5
89268,1025,1.484,37.03,4.644,-83
89288,1025,1.487,37.02,4.633,-83
89308,1025,1.487,36.86,4.633,-82.5
89328,1026,1.486,37,4.633,-82.5
89348,1025,1.486,36.8,4.633,-82.5
89368,1025,1.489,36.89,4.633,-82.5
89388,1025,1.489,36.71,4.633,-82
89408,1025,1.487,36.59,4.631,-83
89428,1025,1.487,36.64,4.631,-82.5
89448,1025,1.49,36.46,4.631,-82.5
89468,1025,1.486,36.66,4.631,-82.5
89488,1026,1.488,36.59,4.631,-82.5
89508,1025,1.484,36.75,4.631,-82.5
89528,1025,1.489,36.71,4.629,-82.5
89548,1025,1.489,36.55,4.629,-82.5
89568,1025,1.488,36.7,4.629,-82.5
89588,1025,1.489,36.52,4.629,-82.5
89608,1025,1.487,36.77,4.629,-82.5
89628,1025,1.486,36.73,4.629,-82.5
89648,1025,1.486,36.8,4.62,-82.5
89668,1025,1.485,36.93,4.62,-82.5
89688,1025,1.485,36.84,4.62,-83
89708,1025,1.483,36.98,4.62,-82.5
89728,1025,1.485,36.91,4.62,-82.5
89748,1025,1.489,37.02,4.62,-82.5
89768,1025,1.487,36.82,4.644,-82.5
89788,1025,1.489,36.87,4.644,-83
89808,1025,1.489,37.05,4.644,-82.5
89828,1025,1.489,36.91,4.644,-82.5
89848,1025,1.484,37,4.644,-82.5
89868,1025,1.485,37.03,4.644,-82.5
89888,1025,1.488,37.03,4.641,-83
89908,1025,1.487,37,4.641,-83
89928,1025,1.487,36.95,4.641,-83
89948,1025,1.489,36.8,4.641,-82
89968,1025,1.486,36.61,4.641,-82.5
89988,1025,1.487,36.71,4.641,-82.5
90008,1025,1.49,36.64,4.633,-83
90028,1025,1.495,36.77,4.633,-82.5
90048,1024,1.491,36.71,4.633,-82.5
90068,1025,1.486,36.68,4.633,-82.5
