2195547,1705,1.83,26.8,4.8,-83
2195567,1705,1.83,26.96,4.8,-83.5
2195587,1705,1.825,27.08,4.8,-82
2195607,1705,1.827,27.21,4.8,-82.5
2195627,1705,1.824,27.04,4.8,-82.5
2195647,1705,1.827,27.04,4.785,-82.5
2195667,1705,1.823,26.89,4.785,-82.5
2195687,1705,1.82,26.9,4.785,-82.5
2195707,1705,1.82,26.87,4.785,-82.5
2195727,1705,1.823,26.76,4.785,-82
2195747,1705,1.822,27,4.785,-82.5
2195767,1705,1.822,26.91,4.798,-82.5
2195787,1705,1.819,26.91,4.798,-82
2195807,1705,1.822,26.85,4.798,-82
2195827,1705,1.823,26.76,4.798,-82.5
2195847,1705,1.83,26.9,4.798,-82.5
2195867,1705,1.834,26.93,4.798,-83
2195887,1705,1.837,26.81,4.787,-82
2195907,1705,1.832,26.55,4.787,-82.5
2195927,1705,1.831,26.38,4.787,-82.5
2195947,1705,1.834,26.59,4.787,-82.5
2195967,1705,1.841,26.67,4.787,-83
2195987,1705,1.834,26.78,4.787,-82.5
2196007,1705,1.832,26.68,4.796,-82.5
2196027,1705,1.832,26.57,4.796,-83
2196047,1705,1.833,26.79,4.796,-82.5
2196067,1705,1.837,26.93,4.796,-82.5
2196087,1705,1.833,26.93,4.796,-82
2196107,1705,1.829,26.76,4.796,-82
2196126,1705,1.826,26.73,4.8,-82.5
2196147,1705,1.828,26.78,4.8,-82.5
2196166,1705,1.837,27.07,4.8,-82.5
2196187,1705,1.832,27.04,4.8,-82.5
2196207,1705,1.831,26.76,4.8,-82
2196227,1705,1.834,26.51,4.8,-82.5
2196246,1705,1.828,26.53,4.785,-82.5
2196267,1705,1.832,26.59,4.785,-82.5
2196287,1705,1.834,26.51,4.785,-82.5
2196306,1705,1.83,26.54,4.785,-83
2196327,1705,1.834,26.43,4.785,-82.5
2196347,1705,1.831,26.76,4.785,-82.5
2196367,1705,1.834,26.95,4.801,-82.5
2196387,1705,1.839,27.09,4.801,-83.5
2196406,1705,1.838,26.97,4.801,-82.5
2196426,1705,1.833,26.75,4.801,-82
2196447,1705,1.835,26.89,4.801,-82
2196466,1705,1.834,26.71,4.801,-83
2196486,1705,1.84,26.81,4.772,-82.5
2196507,1705,1.84,26.73,4.772,-82.5
2196526,1705,1.837,26.59,4.772,-82.5
2196546,1705,1.833,26.62,4.772,-82.5
2196566,1705,1.827,26.89,4.772,-82.5
2196586,1705,1.825,26.99,4.772,-82
2196607,1705,1.829,27.03,4.798,-82.5
2196627,1705,1.831,27.21,4.798,-83
2196646,1705,1.824,27.24,4.798,-82.5
2196666,1705,1.824,27.05,4.798,-82.5
2196686,1705,1.819,26.95,4.798,-82
2196707,1705,1.815,27.07,4.798,-83
2196726,1705,1.823,27.16,4.787,-82.5
2196746,1705,1.825,26.93,4.787,-82.5
2196766,1705,1.831,26.84,4.787,-82.5
2196786,1705,1.829,26.65,4.787,-82.5
2196806,1705,1.832,26.78,4.787,-82.5
2196826,1705,1.821,26.81,4.787,-82.5
2196846,1705,1.826,26.93,4.784,-82.5
2196866,1705,1.83,26.76,4.784,-82.5
2196886,1705,1.828,26.68,4.784,-82.5
2196906,1705,1.831,26.51,4.784,-82.5
2196926,1705,1.824,26.42,4.784,-82.5
2196946,1705,1.82,26.6,4.784,-82.5
2196966,1705,1.825,26.73,4.801,-82.5
2196987,1705,1.828,26.84,4.801,-83
2197006,1705,1.824,26.97,4.801,-82
2197026,1705,1.823,27.22,4.801,-82.5
2197046,1705,1.816,27.33,4.801,-82
2197066,1705,1.811,27.56,4.801,-82.5
2197086,1705,1.816,27.64,4.787,-82.5
2197107,1706,1.825,27.51,4.787,-82.5
2197126,1705,1.828,27.56,4.787,-82.5
2197146,1705,1.825,27.49,4.787,-82
2197166,1705,1.824,27.54,4.787,-82
2197186,1706,1.822,27.42,4.787,-82
2197206,1706,1.823,27.83,4.785,-82.5
2197226,1706,1.828,28.14,4.785,-82.5
2197246,1706,1.832,28.29,4.785,-82.5
2197266,1706,1.83,28.18,4.785,-82
2197286,1706,1.827,28.26,4.785,-82.5
2197306,1706,1.826,28.26,4.785,-82.5
2197326,1706,1.827,28.4,4.8,-82
2197346,1706,1.834,28.35,4.8,-82.5
2197366,1706,1.842,28.13,4.8,-82.5
2197386,1706,1.835,28.18,4.8,-82.5
2197406,1707,1.826,28.07,4.8,-82.5
2197426,1706,1.827,27.98,4.8,-82
2197446,1706,1.821,28.18,4.785,-82.5
2197466,1706,1.822,28.33,4.785,-82.5
2197486,1706,1.827,28.32,4.785,-82
2197506,1706,1.829,27.99,4.785,-82.5
2197526,1706,1.824,27.81,4.785,-82
2197546,1706,1.824,27.51,4.785,-82
2197566,1706,1.817,27.3,4.782,-82
2197586,1707,1.812,27.3,4.782,-82.5
2197606,1706,1.821,27.51,4.782,-83
2197626,1706,1.828,27.81,4.782,-83
2197646,1706,1.827,27.57,4.782,-82.5
2197666,1706,1.821,27.15,4.782,-82
2197686,1706,1.824,27.1,4.787,-82.5
2197706,1706,1.819,26.84,4.787,-82
2197726,1706,1.828,27.1,4.787,-83
2197746,1706,1.832,27.3,4.787,-83
2197766,1706,1.838,27.17,4.787,-82.5
2197786,1707,1.835,27.24,4.787,-82.5
2197806,1706,1.839,27.1,4.792,-82.5
2197826,1706,1.837,26.99,4.792,-83
2197846,1706,1.838,27.08,4.792,-82
2197866,1706,1.839,27.25,4.792,-82.5
2197886,1706,1.836,27.43,4.792,-82.5
2197906,1706,1.84,27.48,4.792,-82.5
2197926,1706,1.842,27.31,4.787,-83
2197946,1706,1.831,27.24,4.787,-82.5
2197966,1706,1.826,27.09,4.787,-82
2197986,1707,1.824,27.17,4.787,-82.5
2198006,1707,1.821,27.2,4.787,-82
2198026,1706,1.817,27.34,4.787,-82.5
2198046,1706,1.822,27.37,4.785,-83
2198066,1706,1.818,27.25,4.785,-82.5
2198086,1706,1.824,27.18,4.785,-83
2198106,1706,1.822,26.88,4.785,-82
2198126,1706,1.819,27,4.785,-82.5
2198146,1706,1.819,27.15,4.785,-82
2198166,1707,1.815,27.15,4.801,-82.5
2198186,1706,1.821,27.3,4.801,-83
2198206,1706,1.826,27.45,4.801,-83.5
2198226,1706,1.825,27.22,4.801,-82.5
2198246,1706,1.826,27.12,4.801,-82.5
2198266,1706,1.826,26.95,4.801,-82
2198286,1706,1.822,27.09,4.787,-82
2198306,1707,1.817,26.95,4.787,-82
2198326,1707,1.817,27.17,4.787,-82.5
2198346,1706,1.826,27.17,4.787,-83
2198366,1706,1.825,27.23,4.787,-82.5
2198386,1707,1.82,27.17,4.787,-82.5
2198406,1706,1.823,26.93,4.785,-82.5
2198426,1706,1.817,26.71,4.785,-82
2198446,1706,1.811,26.82,4.785,-82
2198466,1706,1.818,27.08,4.785,-82.5
2198486,1706,1.826,27.37,4.785,-82.5
2198506,1706,1.824,27.46,4.785,-82.5
2198526,1707,1.822,27.55,4.8,-82
2198546,1706,1.819,27.45,4.8,-82
2198566,1706,1.814,27.26,4.8,-82
2198586,1707,1.817,27.51,4.8,-82
2198606,1707,1.816,27.43,4.8,-82.5
2198626,1706,1.821,27.46,4.8,-82.5
2198646,1707,1.821,27.34,4.785,-82.5
2198666,1706,1.821,27.26,4.785,-83
2198686,1706,1.823,27.2,4.785,-82.5
2198706,1707,1.821,27.15,4.785,-82
2198726,1707,1.822,27.29,4.785,-82.5
2198746,1707,1.822,27.62,4.785,-82
2198766,1707,1.828,27.66,4.801,-82.5
2198786,1707,1.83,27.76,4.801,-82.5
2198806,1707,1.823,27.8,4.801,-82.5
2198826,1707,1.822,27.55,4.801,-82.5
2198846,1707,1.821,27.32,4.801,-82
2198866,1706,1.819,27.13,4.801,-82
2198886,1706,1.819,27.35,4.787,-82.5
2198906,1706,1.826,27.42,4.787,-82.5
2198926,1707,1.827,27.35,4.787,-82.5
2198946,1706,1.821,27.34,4.787,-82.5
2198966,1706,1.817,27.22,4.787,-82
2198986,1707,1.816,27.21,4.787,-82
2199006,1707,1.823,26.84,4.796,-82
2199026,1707,1.82,26.71,4.796,-82
2199046,1707,1.825,26.88,4.796,-82.5
2199066,1707,1.832,26.93,4.796,-82.5
2199086,1707,1.834,26.98,4.796,-82.5
2199106,1707,1.831,26.93,4.796,-82.5
2199126,1707,1.831,26.68,4.8,-82.5
2199146,1707,1.827,26.56,4.8,-82
2199166,1707,1.823,26.64,4.8,-82
2199186,1706,1.822,26.9,4.8,-82.5
2199206,1706,1.83,27.07,4.8,-82.5
2199226,1707,1.836,26.98,4.8,-82.5
2199246,1707,1.833,26.93,4.785,-82.5
2199266,1707,1.829,26.81,4.785,-82.5
2199286,1707,1.825,26.68,4.785,-82.5
2199306,1707,1.821,26.4,4.785,-82
2199326,1707,1.817,26.25,4.785,-82
2199346,1706,1.818,26.55,4.785,-82.5
2199366,1707,1.827,26.78,4.788,-82.5
2199386,1706,1.832,26.97,4.788,-82.5
2199406,1707,1.838,27.07,4.788,-83
2199426,1707,1.841,26.97,4.788,-82.5
2199446,1706,1.834,26.9,4.788,-82
2199466,1706,1.824,27.04,4.788,-82.5
2199486,1707,1.826,26.75,4.787,-82.5
2199506,1707,1.829,26.97,4.787,-83
2199526,1706,1.825,26.93,4.787,-83
2199546,1707,1.834,26.89,4.787,-82.5
2199566,1706,1.832,26.82,4.787,-83
2199586,1707,1.825,26.98,4.787,-82.5
2199606,1707,1.821,26.93,4.798,-82.5
2199626,1706,1.824,26.8,4.798,-82
2199646,1706,1.82,26.67,4.798,-82
2199666,1707,1.818,26.87,4.798,-82.5
2199686,1706,1.823,26.99,4.798,-82
2199706,1707,1.828,27.01,4.798,-82.5
2199726,1707,1.834,27.09,4.8,-83
2199746,1706,1.827,26.87,4.8,-82.5
2199766,1706,1.822,26.79,4.8,-82
2199786,1707,1.813,26.72,4.8,-82
2199806,1706,1.809,26.55,4.8,-82.5
2199826,1707,1.815,26.88,4.8,-83
2199846,1707,1.815,26.81,4.798,-83
2199866,1706,1.823,26.75,4.798,-82.5
2199886,1707,1.827,26.72,4.798,-82.5
2199906,1706,1.827,26.74,4.798,-83
2199926,1707,1.824,26.67,4.798,-82
2199946,1707,1.826,26.59,4.798,-83
2199966,1706,1.825,26.65,4.793,-82.5
2199986,1707,1.826,26.6,4.793,-82
2200006,1706,1.824,26.43,4.793,-82.5
2200026,1707,1.828,26.54,4.793,-82.5
2200046,1707,1.832,26.55,4.793,-82.5
2200066,1707,1.839,26.57,4.793,-82.5
2200086,1707,1.833,26.62,4.8,-82.5
2200106,1707,1.83,26.51,4.8,-82
2200126,1706,1.83,26.41,4.8,-82
2200146,1707,1.827,26.35,4.8,-82
2200166,1707,1.824,26.62,4.8,-82
2200186,1706,1.825,26.73,4.8,-82.5
2200206,1706,1.825,26.84,4.796,-82.5
2200226,1706,1.827,27.06,4.796,-82.5
2200246,1707,1.827,27.09,4.796,-83
2200266,1707,1.832,27.12,4.796,-83
2200286,1707,1.834,27.21,4.796,-82
2200306,1706,1.834,27.06,4.796,-82.5
2200326,1707,1.832,26.84,4.8,-82
2200346,1706,1.825,26.76,4.8,-82
2200366,1706,1.822,27.01,4.8,-83
2200386,1707,1.819,27,4.8,-82
2200406,1706,1.82,27.03,4.8,-82
2200426,1707,1.827,27.01,4.8,-82.5
2200446,1706,1.833,27.06,4.784,-82.5
2200466,1706,1.839,27.12,4.784,-82.5
2200486,1706,1.834,27.18,4.784,-82.5
2200506,1706,1.83,27.12,4.784,-82.5
2200526,1706,1.83,27.05,4.784,-82.5
2200546,1706,1.827,27.04,4.784,-82
2200566,1706,1.822,27.35,4.801,-82
2200586,1706,1.822,27.43,4.801,-82.5
2200606,1707,1.82,27.54,4.801,-82.5
2200626,1707,1.823,27.39,4.801,-83
2200646,1707,1.829,27.41,4.801,-82.5
2200666,1706,1.839,27.32,4.801,-82.5
2200686,1707,1.831,27.29,4.787,-82.5
2200706,1707,1.825,27.13,4.787,-82
2200726,1706,1.821,26.57,4.787,-82
2200746,1706,1.821,26.32,4.787,-82.5
2200766,1706,1.819,26.13,4.787,-82
2200786,1707,1.817,26.13,4.787,-82
2200806,1707,1.81,25.91,4.796,-82.5
2200826,1707,1.814,26.1,4.796,-82.5
2200846,1707,1.817,26.35,4.796,-82.5
2200866,1707,1.827,26.45,4.796,-82.5
2200886,1706,1.838,26.49,4.796,-82.5
2200906,1706,1.842,26.56,4.796,-83
2200926,1706,1.838,26.47,4.8,-82.5
2200946,1707,1.829,26.53,4.8,-82.5
2200966,1707,1.831,26.32,4.8,-82.5
2200986,1707,1.827,26.04,4.8,-82.5
2201006,1707,1.83,25.99,4.8,-82.5
2201026,1706,1.829,25.89,4.8,-82
2201046,1707,1.832,26.14,4.785,-83
2201066,1706,1.835,26.38,4.785,-82.5
2201086,1706,1.834,26.65,4.785,-82.5
2201106,1707,1.84,26.99,4.785,-82.5
2201126,1707,1.843,27,4.785,-82.5
2201146,1707,1.842,27.09,4.785,-83
2201166,1707,1.842,27.04,4.801,-82
2201186,1706,1.842,27.08,4.801,-82.5
2201206,1707,1.837,26.92,4.801,-82
2201226,1707,1.83,26.82,4.801,-82.5
2201246,1707,1.829,26.76,4.801,-82.5
2201266,1706,1.825,26.56,4.801,-82.5
2201286,1707,1.818,26.37,4.76,-82
2201306,1707,1.814,26.55,4.76,-82.5
2201326,1706,1.821,26.92,4.76,-82
2201346,1707,1.821,26.98,4.76,-82.5
2201366,1706,1.829,26.93,4.76,-82.5
2201386,1706,1.836,27.12,4.76,-82.5
2201406,1707,1.841,27.09,4.796,-83
2201426,1707,1.84,27.18,4.796,-82.5
2201446,1707,1.84,27.42,4.796,-83
2201466,1707,1.834,27.26,4.796,-82.5
2201486,1707,1.831,27.28,4.796,-82
2201506,1707,1.829,27.03,4.796,-82
2201526,1707,1.827,26.95,4.8,-83
2201546,1707,1.825,26.92,4.8,-82
2201566,1707,1.823,26.89,4.8,-82.5
2201586,1707,1.818,26.81,4.8,-82
2201606,1706,1.814,26.62,4.8,-82.5
2201626,1707,1.818,26.85,4.8,-82
2201646,1707,1.819,26.95,4.785,-82
2201666,1707,1.82,27.03,4.785,-82
2201686,1707,1.825,27.06,4.785,-82.5
2201706,1707,1.826,27.18,4.785,-82.5
2201726,1706,1.828,27.31,4.785,-82
2201746,1706,1.837,27.22,4.785,-82.5
2201766,1707,1.838,27.2,4.801,-82.5
2201786,1707,1.831,27.08,4.801,-82.5
2201806,1707,1.825,26.88,4.801,-82.5
2201826,1707,1.818,26.84,4.801,-82.5
2201846,1707,1.813,26.95,4.801,-82.5
2201866,1706,1.81,26.8,4.801,-82.5
2201886,1707,1.809,26.71,4.787,-82.5
2201906,1706,1.813,26.59,4.787,-82
2201926,1707,1.814,26.57,4.787,-82
2201946,1707,1.814,26.35,4.787,-82
2201966,1706,1.812,26.31,4.787,-82
2201986,1706,1.809,26.16,4.787,-82.5
2202006,1707,1.815,26.01,4.792,-82.5
2202026,1707,1.817,26.13,4.792,-82.5
2202046,1707,1.818,26.32,4.792,-83
2202066,1707,1.815,26.47,4.792,-82.5
2202086,1707,1.824,26.68,4.792,-82.5
2202106,1707,1.831,26.88,4.792,-82.5
2202126,1707,1.84,26.97,4.787,-82.5
2202146,1707,1.839,26.9,4.787,-83
2202166,1707,1.837,26.92,4.787,-82.5
2202186,1707,1.834,26.96,4.787,-82.5
2202206,1707,1.829,27.1,4.787,-82
2202226,1707,1.823,26.98,4.787,-82
2202246,1706,1.823,26.74,4.784,-82.5
2202266,1706,1.821,26.54,4.784,-82
2202286,1706,1.827,26.28,4.784,-82.5
2202306,1707,1.821,26.43,4.784,-82
2202326,1706,1.822,26.24,4.784,-82.5
2202346,1706,1.817,26.24,4.784,-82
2202366,1707,1.812,26.49,4.801,-82
2202386,1707,1.811,26.4,4.801,-82.5
2202406,1707,1.817,26.7,4.801,-82
2202426,1707,1.825,26.76,4.801,-82.5
2202446,1707,1.822,26.96,4.801,-82.5
2202466,1707,1.827,26.97,4.801,-82.5
2202486,1707,1.831,27.08,4.772,-82.5
2202506,1707,1.838,27.13,4.772,-82.5
2202526,1707,1.844,27.25,4.772,-82.5
2202546,1707,1.839,27.4,4.772,-83
2202566,1707,1.832,27.34,4.772,-82.5
2202586,1706,1.828,27.25,4.772,-82.5
2202606,1707,1.827,27.01,4.798,-82.5
2202626,1707,1.824,27.09,4.798,-82.5
2202646,1707,1.818,26.95,4.798,-82.5
2202666,1707,1.819,26.74,4.798,-82
2202686,1707,1.811,26.51,4.798,-82
2202706,1707,1.805,26.59,4.798,-82
2202726,1707,1.806,26.62,4.8,-82.5
2202746,1706,1.812,26.43,4.8,-82
2202766,1706,1.814,26.23,4.8,-82
2202786,1707,1.81,26.01,4.8,-82
2202806,1707,1.806,25.91,4.8,-82
2202826,1707,1.805,25.73,4.8,-82.5
2202846,1706,1.804,25.66,4.784,-82.5
2202866,1707,1.809,25.58,4.784,-82.5
2202886,1707,1.813,25.74,4.784,-82
2202906,1707,1.807,25.82,4.784,-82.5
2202926,1707,1.806,26.22,4.784,-82.5
2202946,1706,1.798,26.31,4.784,-82.5
2202966,1707,1.802,26.57,4.801,-82.5
2202986,1706,1.805,26.65,4.801,-82
2203006,1707,1.807,26.85,4.801,-82
2203026,1706,1.807,26.82,4.801,-83
2203046,1707,1.812,27.17,4.801,-82.5
2203066,1707,1.816,27.34,4.801,-82.5
2203086,1707,1.817,27.46,4.8,-82.5
2203106,1707,1.817,27.75,4.8,-82.5
2203126,1707,1.811,27.81,4.8,-82.5
2203146,1707,1.817,27.82,4.8,-82
2203166,1707,1.825,28.08,4.8,-82.5
2203186,1707,1.83,28.07,4.8,-82.5
2203206,1707,1.834,28.15,4.796,-82.5
2203226,1707,1.834,28.21,4.796,-82.5
2203246,1706,1.833,28.2,4.796,-82.5
2203266,1706,1.836,28.26,4.796,-82.5
2203286,1707,1.837,28.18,4.796,-82.5
2203306,1707,1.843,28.15,4.796,-82.5
2203326,1707,1.847,28.23,4.787,-82.5
2203346,1707,1.854,28.13,4.787,-82.5
2203366,1707,1.854,28.09,4.787,-82.5
2203386,1707,1.852,28.05,4.787,-82.5
2203406,1707,1.856,28,4.787,-82.5
2203426,1707,1.856,28.06,4.787,-82.5
2203446,1707,1.857,27.98,4.784,-83.5
2203466,1706,1.859,27.98,4.784,-83
2203486,1707,1.862,28.1,4.784,-82.5
2203506,1707,1.86,27.9,4.784,-83
2203526,1707,1.863,27.87,4.784,-82.5
2203546,1707,1.86,27.84,4.784,-82.5
2203566,1707,1.858,27.98,4.796,-83
2203586,1707,1.859,27.99,4.796,-83
2203606,1707,1.859,27.92,4.796,-82.5
2203626,1707,1.862,27.98,4.796,-82.5
2203646,1707,1.864,27.99,4.796,-82.5
2203666,1707,1.864,27.91,4.796,-82.5
2203686,1707,1.862,27.95,4.772,-82.5
2203706,1707,1.859,28.09,4.772,-82.5
2203726,1706,1.857,28.07,4.772,-82.5
2203746,1707,1.859,28.26,4.772,-83
2203766,1707,1.858,28.28,4.772,-82.5
2203786,1707,1.852,28.3,4.772,-82.5
2203806,1707,1.856,28.26,4.798,-82.5
2203826,1707,1.853,28.39,4.798,-82
2203846,1706,1.854,28.57,4.798,-82.5
2203866,1707,1.852,28.64,4.798,-82.5
2203886,1706,1.846,28.76,4.798,-82.5
2203906,1707,1.843,28.75,4.798,-82.5
2203926,1707,1.843,28.68,4.787,-82.5
2203946,1707,1.847,28.88,4.787,-82.5
2203966,1706,1.839,28.87,4.787,-82.5
2203986,1707,1.838,29.05,4.787,-82.5
2204006,1707,1.836,29.08,4.787,-82.5
2204026,1706,1.832,29.18,4.787,-82.5
2204046,1707,1.838,29.17,4.784,-82.5
2204066,1707,1.835,29.21,4.784,-82
2204086,1706,1.832,29.25,4.784,-82.5
2204106,1706,1.827,29.08,4.784,-82
2204126,1707,1.821,28.99,4.784,-82.5
2204146,1706,1.818,28.62,4.784,-82
2204166,1706,1.819,28.6,4.801,-82
2204186,1707,1.81,28.76,4.801,-82
2204206,1706,1.804,28.76,4.801,-82
2204226,1706,1.803,28.71,4.801,-82.5
2204246,1706,1.801,28.51,4.801,-82
2204266,1707,1.797,28.34,4.801,-82
2204286,1706,1.801,28.05,4.787,-82.5
2204306,1707,1.8,27.67,4.787,-82
2204326,1706,1.803,27.48,4.787,-82
2204346,1707,1.8,27.24,4.787,-82
2204366,1706,1.8,26.91,4.787,-82
2204386,1707,1.805,26.68,4.787,-82.5
2204406,1707,1.804,26.2,4.798,-82
2204426,1707,1.806,26.09,4.798,-82
2204446,1707,1.815,25.78,4.798,-83
2204466,1707,1.815,25.68,4.798,-82.5
2204486,1707,1.816,25.51,4.798,-82.5
2204506,1707,1.82,25.49,4.798,-83
2204526,1707,1.822,25.21,4.787,-82
2204546,1707,1.818,25.2,4.787,-82.5
2204566,1707,1.815,25.31,4.787,-82.5
2204586,1707,1.813,25.43,4.787,-82.5
2204606,1707,1.813,25.51,4.787,-82.5
2204626,1707,1.819,25.76,4.787,-82.5
2204646,1707,1.821,25.97,4.785,-82.5
2204666,1706,1.821,26.09,4.785,-83
2204686,1707,1.825,26.01,4.785,-83
2204706,1707,1.827,26,4.785,-82.5
2204726,1707,1.83,26.29,4.785,-82.5
2204746,1707,1.839,26.51,4.785,-82.5
2204766,1707,1.842,26.55,4.801,-82.5
2204786,1706,1.846,26.43,4.801,-82.5
2204806,1706,1.844,26.72,4.801,-82.5
2204826,1707,1.842,26.93,4.801,-82
2204846,1706,1.837,27,4.801,-82
2204866,1707,1.835,27.18,4.801,-83
2204886,1707,1.828,27.22,4.784,-82.5
2204906,1707,1.827,27.4,4.784,-82.5
2204926,1707,1.826,27.46,4.784,-82.5
2204946,1707,1.825,27.45,4.784,-82
2204966,1707,1.828,27.54,4.784,-82.5
2204986,1706,1.826,27.75,4.784,-82
2205006,1706,1.826,27.46,4.798,-83
2205026,1707,1.825,27.25,4.798,-82.5
2205046,1707,1.819,27.18,4.798,-82
2205066,1707,1.819,26.83,4.798,-82
2205086,1706,1.818,26.83,4.798,-82.5
2205106,1707,1.819,26.84,4.798,-82.5
2205126,1707,1.816,26.7,4.793,-82.5
2205146,1707,1.816,26.7,4.793,-83
2205166,1707,1.82,26.72,4.793,-82.5
2205186,1706,1.821,26.62,4.793,-82.5
2205206,1707,1.823,26.67,4.793,-82.5
2205226,1706,1.829,26.82,4.793,-82.5
2205246,1707,1.834,26.72,4.785,-82.5
2205266,1707,1.838,26.74,4.785,-82.5
2205286,1707,1.84,27,4.785,-82.5
2205306,1706,1.841,27.04,4.785,-82.5
2205326,1707,1.837,27.04,4.785,-82.5
2205346,1706,1.833,27.32,4.785,-82.5
2205366,1707,1.829,27.48,4.793,-82.5
2205386,1706,1.824,27.21,4.793,-82
2205406,1707,1.82,27.2,4.793,-82.5
2205426,1706,1.816,26.98,4.793,-82
2205446,1707,1.814,26.67,4.793,-82.5
2205466,1707,1.811,26.45,4.793,-82.5
2205486,1707,1.808,26.49,4.787,-82
2205506,1707,1.81,26.43,4.787,-83
2205526,1707,1.809,26.4,4.787,-82.5
