3108482,1879,1.761,16.16,4.714,-82.5
3108502,1879,1.764,16.31,4.714,-82.5
3108522,1879,1.773,16.27,4.714,-83
3108542,1879,1.767,16.42,4.714,-82.5
3108562,1879,1.768,16.59,4.714,-82.5
3108582,1879,1.767,16.56,4.714,-82
3108602,1879,1.761,16.61,4.701,-82
3108622,1879,1.759,16.79,4.701,-82
3108642,1878,1.758,17.1,4.701,-82
3108662,1878,1.751,17.29,4.701,-82
3108682,1878,1.753,17.32,4.701,-82
3108702,1878,1.75,17.5,4.701,-82.5
3108722,1877,1.745,17.69,4.706,-81.5
3108742,1877,1.745,17.93,4.706,-82
3108762,1877,1.742,18.03,4.706,-82
3108782,1876,1.737,18.18,4.706,-82
3108802,1876,1.736,18.26,4.706,-82
3108822,1876,1.738,18.5,4.706,-82
3108842,1876,1.735,18.58,4.695,-82
3108862,1875,1.738,18.81,4.695,-82
3108882,1875,1.742,18.82,4.695,-82
3108902,1874,1.745,19.02,4.695,-82
3108922,1873,1.744,19.03,4.695,-82
3108942,1873,1.742,19.02,4.695,-82
3108962,1872,1.741,19.18,4.706,-82
3108982,1872,1.741,19.31,4.706,-82
3109002,1871,1.739,19.2,4.706,-82
3109022,1871,1.734,19.43,4.706,-82
3109042,1869,1.731,18.9,4.706,-82
3109062,1869,1.737,18.44,4.706,-81.5
3109082,1868,1.74,18.32,4.71,-82
3109102,1867,1.74,18.19,4.71,-82
3109122,1867,1.742,18.12,4.71,-82
3109142,1866,1.749,18.07,4.71,-82.5
3109162,1866,1.75,18.15,4.71,-82
3109182,1865,1.747,18.33,4.71,-82
3109202,1865,1.747,18.69,4.69,-81.5
3109222,1864,1.745,18.98,4.69,-82
3109242,1864,1.74,19.12,4.69,-81.5
3109262,1864,1.736,19.17,4.69,-81.5
3109282,1863,1.733,19.52,4.69,-81.5
3109302,1863,1.728,19.68,4.69,-82
3109322,1862,1.732,19.57,4.706,-82
3109342,1862,1.726,19.92,4.706,-82
3109362,1862,1.723,19.91,4.706,-82
3109382,1862,1.73,20.15,4.706,-82
3109402,1862,1.733,20.35,4.706,-82
3109422,1862,1.737,20.43,4.706,-82
3109442,1862,1.737,20.65,4.698,-82
3109462,1862,1.745,20.81,4.698,-82
3109482,1862,1.747,21.03,4.698,-82
3109502,1862,1.743,21.12,4.698,-82
3109522,1862,1.747,21.25,4.698,-82
3109542,1862,1.751,21.29,4.698,-82
3109562,1862,1.749,21.56,4.706,-82
3109582,1862,1.752,21.64,4.706,-82
3109602,1862,1.758,21.77,4.706,-82.5
3109622,1862,1.767,21.77,4.706,-83
3109642,1862,1.774,21.75,4.706,-82.5
3109662,1862,1.776,21.68,4.706,-83
3109682,1862,1.778,21.67,4.71,-83
3109702,1862,1.777,21.5,4.71,-82.5
3109722,1862,1.777,21.45,4.71,-82.5
3109742,1863,1.776,21.53,4.71,-82.5
3109762,1863,1.772,21.2,4.71,-82
3109782,1863,1.768,20.87,4.71,-82
3109802,1863,1.769,20.85,4.69,-82
3109822,1864,1.767,20.5,4.69,-82
3109842,1864,1.766,20.5,4.69,-82
3109862,1864,1.76,20.72,4.69,-82
3109882,1864,1.763,20.68,4.69,-82.5
3109902,1864,1.76,20.93,4.69,-82
3109922,1864,1.758,20.98,4.714,-82
3109942,1865,1.758,21.1,4.714,-82
3109962,1865,1.755,21.14,4.714,-82.5
3109982,1865,1.755,21.33,4.714,-82.5
3110002,1865,1.759,21.39,4.714,-82.5
3110022,1866,1.768,21.4,4.714,-82.5
3110042,1866,1.774,21.4,4.701,-82.5
3110062,1865,1.771,21.26,4.701,-82.5
3110082,1866,1.769,20.92,4.701,-82
3110102,1866,1.768,20.62,4.701,-82
3110122,1866,1.767,20.32,4.701,-82
3110142,1866,1.764,20.34,4.701,-82
3110162,1866,1.76,20.34,4.706,-82
3110182,1867,1.752,20.54,4.706,-82
3110202,1867,1.748,20.51,4.706,-82.5
3110222,1867,1.743,20.49,4.706,-82
3110242,1867,1.75,20.65,4.706,-82
3110262,1867,1.759,20.68,4.706,-82.5
3110282,1867,1.763,20.52,4.704,-82.5
3110302,1867,1.768,20.6,4.704,-83
3110322,1868,1.771,20.35,4.704,-82.5
3110342,1868,1.769,20.49,4.704,-82.5
3110362,1868,1.765,20.23,4.704,-82.5
3110382,1868,1.764,20.31,4.704,-82
3110402,1868,1.755,20.02,4.701,-82
3110422,1868,1.748,19.91,4.701,-82
3110442,1869,1.748,20.09,4.701,-82.5
3110462,1869,1.754,20.16,4.701,-82
3110482,1869,1.76,20.18,4.701,-83
3110502,1869,1.765,20.07,4.701,-82.5
3110522,1869,1.772,20.31,4.706,-82.5
3110542,1870,1.773,19.81,4.706,-82
3110562,1870,1.771,19.64,4.706,-82
3110582,1869,1.768,19.66,4.706,-82
3110602,1870,1.762,19.95,4.706,-82
3110622,1870,1.757,20.06,4.706,-82
3110642,1871,1.758,20.1,4.701,-82
3110662,1871,1.761,20.2,4.701,-83
3110682,1871,1.763,20.18,4.701,-82.5
3110702,1872,1.767,20.01,4.701,-83
3110722,1872,1.766,19.83,4.701,-82
3110742,1872,1.761,19.83,4.701,-82
3110762,1872,1.761,20.03,4.706,-82
3110782,1872,1.758,20.1,4.706,-82
3110802,1872,1.756,20.33,4.706,-82
3110822,1872,1.754,20.26,4.706,-82
3110842,1872,1.762,20.27,4.706,-82.5
3110862,1872,1.762,20.11,4.706,-82
3110882,1872,1.762,19.83,4.717,-82.5
3110902,1873,1.761,19.49,4.717,-82
3110922,1873,1.756,19.57,4.717,-82.5
3110942,1873,1.762,19.61,4.717,-82
3110962,1873,1.758,19.69,4.717,-82
3110982,1873,1.766,19.85,4.717,-82.5
3111002,1873,1.768,19.82,4.701,-83
3111022,1873,1.766,19.66,4.701,-82.5
3111042,1873,1.764,19.84,4.701,-82
3111062,1873,1.762,20.06,4.701,-82.5
3111082,1874,1.762,20.17,4.701,-82
3111102,1874,1.759,20.19,4.701,-82.5
3111122,1873,1.766,20.35,4.72,-82.5
3111142,1874,1.773,20.25,4.72,-83
3111162,1874,1.769,19.92,4.72,-82
3111182,1873,1.762,19.74,4.72,-82.5
3111202,1874,1.757,19.99,4.72,-82
3111222,1874,1.757,20.35,4.72,-82
3111242,1874,1.76,20.5,4.701,-82
3111262,1874,1.76,20.49,4.701,-82.5
3111282,1873,1.765,20.45,4.701,-82.5
3111302,1874,1.756,20.16,4.701,-82.5
3111322,1873,1.754,20.29,4.701,-82
3111342,1874,1.749,20.43,4.701,-82
3111362,1874,1.75,20.34,4.706,-82
3111382,1874,1.759,20.43,4.706,-82.5
3111402,1874,1.762,20.28,4.706,-82.5
3111422,1874,1.761,19.85,4.706,-82
3111442,1874,1.759,19.77,4.706,-81.5
3111462,1874,1.758,19.9,4.706,-82
3111482,1874,1.754,19.95,4.71,-82
3111502,1874,1.758,20.02,4.71,-83
3111522,1874,1.76,19.76,4.71,-82.5
3111542,1874,1.755,19.67,4.71,-82
3111562,1874,1.752,19.78,4.71,-82
3111582,1874,1.756,19.92,4.71,-82.5
3111602,1874,1.757,20.16,4.701,-82.5
3111622,1874,1.761,20.16,4.701,-82.5
3111642,1874,1.757,20.17,4.701,-82
3111662,1874,1.758,19.95,4.701,-82
3111682,1874,1.754,19.95,4.701,-82
3111702,1874,1.756,19.93,4.701,-82.5
3111722,1875,1.763,19.95,4.717,-82.5
3111742,1875,1.763,19.68,4.717,-82.5
3111762,1875,1.762,19.62,4.717,-82
3111782,1875,1.763,19.9,4.717,-82
3111802,1875,1.757,20.15,4.717,-82
3111822,1875,1.765,20.2,4.717,-83
3111842,1875,1.766,20.32,4.701,-82.5
3111862,1875,1.759,19.7,4.701,-82
3111882,1875,1.753,19.91,4.701,-82
3111902,1875,1.752,20.14,4.701,-82.5
3111922,1875,1.757,20.16,4.701,-82.5
3111942,1875,1.76,20.12,4.701,-82.5
3111962,1875,1.751,20.5,4.706,-82
3111982,1875,1.746,20.63,4.706,-82
3112002,1875,1.747,20.68,4.706,-82.5
3112022,1876,1.752,20.5,4.706,-82.5
3112042,1875,1.75,20.19,4.706,-82.5
3112062,1876,1.743,20.43,4.706,-82
3112082,1875,1.743,20.7,4.71,-82.5
3112102,1876,1.752,20.79,4.71,-82.5
3112122,1875,1.754,20.53,4.71,-82
3112142,1876,1.753,20.67,4.71,-82
3112162,1876,1.754,20.74,4.71,-82
3112182,1876,1.763,21.08,4.71,-82.5
3112202,1876,1.767,20.92,4.683,-82
3112222,1876,1.768,20.73,4.683,-82.5
3112242,1876,1.766,20.75,4.683,-82
3112262,1875,1.765,20.71,4.683,-82
3112282,1876,1.768,20.96,4.683,-83
3112302,1876,1.766,20.82,4.683,-82
3112322,1876,1.757,21.03,4.71,-82
3112342,1876,1.759,21.12,4.71,-82
3112362,1876,1.766,20.9,4.71,-82.5
3112382,1876,1.761,20.88,4.71,-82
3112402,1876,1.755,20.8,4.71,-82.5
3112422,1876,1.758,20.84,4.71,-83
3112442,1876,1.77,20.89,4.69,-83
3112462,1876,1.766,20.72,4.69,-82
3112482,1876,1.764,20.87,4.69,-82
3112502,1876,1.762,20.93,4.69,-82
3112522,1876,1.762,20.85,4.69,-82.5
3112542,1876,1.761,20.62,4.69,-82
3112562,1876,1.757,20.36,4.72,-82
3112582,1876,1.765,20.54,4.72,-82.5
3112602,1876,1.769,20.45,4.72,-82
3112622,1876,1.767,20.26,4.72,-82
3112642,1876,1.759,20.32,4.72,-82
3112662,1876,1.764,20.35,4.72,-82.5
3112682,1876,1.767,20.37,4.71,-82.5
3112702,1876,1.765,20.49,4.71,-82
3112722,1876,1.757,20.6,4.71,-82.5
3112742,1876,1.757,20.39,4.71,-82.5
3112762,1876,1.757,20.15,4.71,-82
3112782,1876,1.752,20.35,4.71,-82
3112802,1876,1.753,20.52,4.701,-82.5
3112822,1876,1.76,20.72,4.701,-82.5
3112842,1876,1.755,20.98,4.701,-82
3112862,1876,1.75,21.17,4.701,-82
3112882,1876,1.756,21.28,4.701,-83
3112902,1876,1.753,20.97,4.701,-82
3112922,1876,1.75,21.18,4.707,-82
3112942,1876,1.749,21.17,4.707,-82
3112962,1877,1.76,21.05,4.707,-82.5
3112982,1876,1.76,20.85,4.707,-82.5
3113002,1876,1.76,20.85,4.707,-82
3113022,1876,1.765,21.08,4.707,-82.5
3113042,1876,1.769,20.84,4.701,-82
3113062,1876,1.765,20.99,4.701,-82
3113082,1876,1.763,20.85,4.701,-82
3113102,1877,1.768,20.85,4.701,-83
3113122,1876,1.767,20.48,4.701,-82
3113142,1876,1.76,20.56,4.701,-82
3113162,1877,1.764,20.59,4.706,-82.5
3113182,1877,1.765,20.45,4.706,-82.5
3113202,1876,1.767,20.53,4.706,-82
3113222,1876,1.757,20.73,4.706,-82
3113242,1877,1.761,20.7,4.706,-82.5
3113262,1877,1.765,20.67,4.706,-82
3113282,1876,1.759,20.95,4.717,-82
3113302,1876,1.763,21.03,4.717,-82.5
3113322,1877,1.768,20.68,4.717,-82
3113342,1876,1.762,20.76,4.717,-82
3113362,1876,1.755,20.99,4.717,-82.5
3113382,1877,1.758,20.93,4.717,-82.5
3113402,1876,1.758,20.85,4.701,-82
3113422,1877,1.755,20.95,4.701,-82
3113442,1876,1.762,20.83,4.701,-83
3113462,1877,1.762,20.65,4.701,-82
3113482,1877,1.766,20.8,4.701,-82
3113502,1877,1.767,20.83,4.701,-82.5
3113522,1876,1.768,20.6,4.71,-82
3113542,1877,1.766,20.76,4.71,-82
3113562,1877,1.771,20.68,4.71,-82.5
3113582,1877,1.773,20.37,4.71,-82
3113602,1876,1.764,20.35,4.71,-82.5
3113622,1877,1.757,20.39,4.71,-82
3113642,1876,1.766,20.54,4.701,-83
3113662,1877,1.764,20.18,4.701,-82
3113682,1876,1.763,20.29,4.701,-82
3113702,1877,1.769,20.34,4.701,-82.5
3113722,1877,1.769,20.02,4.701,-82
3113742,1877,1.765,20.23,4.701,-82
3113762,1877,1.765,20.34,4.683,-82
3113782,1877,1.768,20.2,4.683,-82
3113802,1877,1.765,20.23,4.683,-82
3113822,1877,1.76,20.34,4.683,-82
3113842,1877,1.763,20.19,4.683,-82.5
3113862,1877,1.759,20.55,4.683,-82
3113882,1877,1.756,20.72,4.717,-82
3113902,1877,1.762,20.79,4.717,-82.5
3113922,1877,1.761,20.8,4.717,-82.5
3113942,1877,1.754,20.97,4.717,-82
3113962,1877,1.756,20.93,4.717,-82.5
3113982,1876,1.76,20.87,4.717,-82
3114002,1876,1.753,21.1,4.701,-82
3114022,1877,1.75,21.1,4.701,-82.5
3114042,1877,1.752,20.98,4.701,-82
3114062,1877,1.751,21.12,4.701,-82.5
3114082,1877,1.754,21.18,4.701,-82
3114102,1877,1.756,21.35,4.701,-82.5
3114122,1877,1.759,21.1,4.706,-82
3114142,1877,1.754,21.01,4.706,-82.5
3114162,1877,1.764,20.98,4.706,-82.5
3114182,1876,1.761,20.98,4.706,-82
3114202,1877,1.756,21.07,4.706,-82
3114222,1877,1.763,21.1,4.706,-83
3114242,1877,1.761,20.95,4.701,-82
3114262,1877,1.756,21.2,4.701,-82
3114282,1877,1.762,21.29,4.701,-82.5
3114302,1877,1.755,20.98,4.701,-82
3114322,1876,1.751,21.18,4.701,-82
3114342,1877,1.757,21.28,4.701,-83
3114362,1877,1.757,21.05,4.706,-82
3114382,1877,1.758,21.1,4.706,-82
3114402,1877,1.761,21.15,4.706,-82.5
3114422,1877,1.764,21.09,4.706,-82.5
3114442,1877,1.762,21.37,4.706,-82
3114462,1877,1.766,21.46,4.706,-83
3114482,1876,1.766,21.24,4.704,-82.5
3114502,1877,1.761,21.31,4.704,-82
3114522,1877,1.767,21.54,4.704,-82.5
3114542,1876,1.764,21.31,4.704,-82
3114562,1876,1.761,21.33,4.704,-82
3114582,1877,1.765,21.3,4.704,-82.5
3114602,1877,1.765,21.01,4.688,-82.5
3114622,1877,1.763,21.05,4.688,-82
3114642,1876,1.764,21.09,4.688,-82.5
3114662,1877,1.761,20.63,4.688,-82.5
3114682,1877,1.761,20.82,4.688,-82
3114702,1877,1.765,20.93,4.688,-82.5
3114722,1877,1.763,20.58,4.723,-82
3114742,1877,1.76,20.6,4.723,-82
3114762,1876,1.762,20.7,4.723,-82.5
3114782,1877,1.765,20.43,4.723,-82
3114802,1876,1.763,20.68,4.723,-82
3114822,1877,1.765,20.72,4.723,-82.5
3114842,1877,1.761,20.44,4.703,-82
3114862,1877,1.757,20.51,4.703,-82
3114882,1877,1.761,20.74,4.703,-82
3114902,1877,1.76,20.75,4.703,-82.5
3114922,1877,1.759,21.03,4.703,-82
3114942,1877,1.76,21.07,4.703,-82.5
3114962,1877,1.763,20.81,4.706,-82
3114982,1876,1.761,20.65,4.706,-82
3115002,1877,1.762,20.74,4.706,-82.5
3115022,1877,1.769,20.62,4.706,-82.5
3115042,1877,1.763,20.8,4.706,-82
3115062,1877,1.761,20.85,4.706,-82.5
3115082,1877,1.763,20.7,4.706,-82
3115102,1877,1.758,20.75,4.706,-82
3115122,1877,1.757,21,4.706,-82.5
3115142,1877,1.759,20.8,4.706,-82.5
3115162,1877,1.763,20.96,4.706,-82
3115182,1877,1.764,21.04,4.706,-82
3115202,1877,1.769,20.92,4.693,-82.5
3115222,1877,1.766,21.14,4.693,-82.5
3115242,1877,1.759,21.15,4.693,-82.5
3115262,1876,1.766,20.85,4.693,-83
3115282,1876,1.763,20.62,4.693,-82
3115302,1877,1.765,20.85,4.693,-82
3115322,1877,1.765,20.88,4.71,-82.5
3115342,1877,1.766,20.93,4.71,-82
3115362,1877,1.763,21.04,4.71,-82
3115382,1877,1.77,20.89,4.71,-83
3115402,1877,1.77,20.58,4.71,-82
3115422,1877,1.762,20.68,4.71,-82
3115442,1877,1.768,20.56,4.701,-82.5
3115462,1877,1.772,20.45,4.701,-82
3115482,1877,1.766,20.64,4.701,-82.5
3115502,1876,1.77,20.6,4.701,-82.5
3115522,1877,1.768,20.55,4.701,-82
3115542,1876,1.772,20.6,4.701,-82
3115562,1877,1.772,20.6,4.683,-83
3115582,1877,1.768,20.36,4.683,-82
3115602,1877,1.761,20.5,4.683,-82
3115622,1877,1.769,20.62,4.683,-83
3115642,1877,1.768,20.07,4.683,-82
3115662,1876,1.768,20.09,4.683,-82
3115682,1877,1.77,20.12,4.706,-82.5
3115702,1876,1.768,19.74,4.706,-82.5
3115722,1877,1.766,19.85,4.706,-82
3115742,1876,1.765,19.95,4.706,-83
3115762,1877,1.761,19.5,4.706,-82
3115782,1876,1.757,19.59,4.706,-82.5
3115802,1876,1.76,19.73,4.701,-82
3115822,1877,1.764,19.44,4.701,-83
3115842,1877,1.762,19.6,4.701,-82
3115862,1877,1.769,19.82,4.701,-82.5
3115882,1877,1.771,19.57,4.701,-82.5
3115902,1877,1.763,19.85,4.701,-82
3115922,1877,1.763,20.1,4.717,-82.5
3115942,1877,1.764,19.77,4.717,-82
3115962,1877,1.764,19.91,4.717,-82.5
3115982,1877,1.762,20.2,4.717,-82.5
3116002,1876,1.765,20.08,4.717,-82
3116022,1877,1.76,20.02,4.717,-82
3116042,1876,1.761,20.18,4.685,-83
3116062,1876,1.767,20.09,4.685,-82
3116082,1877,1.769,20.23,4.685,-82
3116102,1877,1.77,20.44,4.685,-82
3116122,1877,1.77,20.23,4.685,-82.5
3116142,1877,1.769,20.48,4.685,-82
3116162,1876,1.764,20.45,4.706,-82
3116182,1876,1.77,20.12,4.706,-82.5
3116202,1877,1.766,20.34,4.706,-82
3116222,1877,1.765,20.48,4.706,-82.5
3116242,1877,1.767,20.34,4.706,-82.5
3116262,1877,1.758,20.59,4.706,-82
3116282,1877,1.759,20.81,4.71,-82.5
3116302,1876,1.762,20.59,4.71,-82
3116322,1876,1.757,20.87,4.71,-82
3116342,1876,1.763,20.76,4.71,-82.5
3116362,1877,1.766,20.73,4.71,-82.5
3116382,1877,1.763,20.85,4.71,-82
3116402,1876,1.768,20.73,4.701,-82.5
3116422,1876,1.765,20.35,4.701,-82
3116442,1877,1.762,20.52,4.701,-82
3116462,1877,1.768,20.59,4.701,-82.5
3116482,1877,1.765,20.59,4.701,-82
3116502,1877,1.761,20.57,4.701,-82.5
3116522,1877,1.767,20.37,4.736,-83
3116542,1877,1.763,20.27,4.736,-82.5
3116562,1877,1.759,20.56,4.736,-82.5
3116582,1877,1.759,20.73,4.736,-82
3116602,1877,1.758,20.9,4.736,-82
3116622,1876,1.762,21.08,4.736,-82.5
3116642,1877,1.76,20.83,4.701,-82.5
3116662,1877,1.761,21.01,4.701,-82
3116682,1876,1.768,21.26,4.701,-82.5
3116702,1877,1.767,20.97,4.701,-82.5
3116722,1876,1.767,21.03,4.701,-82.5
3116742,1877,1.775,21.05,4.701,-82.5
3116762,1877,1.77,20.82,4.706,-82
3116782,1876,1.76,20.84,4.706,-82
3116802,1877,1.76,20.77,4.706,-82.5
3116822,1877,1.757,20.98,4.706,-82
3116842,1877,1.751,21.12,4.706,-82
3116862,1877,1.757,20.83,4.706,-82.5
3116882,1877,1.761,21.05,4.71,-82
3116902,1877,1.762,21.27,4.71,-82.5
3116922,1877,1.757,21.04,4.71,-82.5
3116942,1877,1.754,21.3,4.71,-82
3116962,1877,1.761,21.43,4.71,-82.5
3116982,1876,1.76,21.04,4.71,-82
3117002,1877,1.761,21.05,4.701,-82.5
3117022,1877,1.766,21,4.701,-83
3117042,1877,1.761,20.88,4.701,-82
3117062,1877,1.759,20.91,4.701,-82
3117082,1877,1.767,20.74,4.701,-82.5
3117102,1877,1.764,21.01,4.701,-82
3117122,1877,1.758,20.89,4.71,-82.5
3117142,1877,1.758,20.58,4.71,-82.5
3117162,1877,1.755,20.7,4.71,-82
3117182,1877,1.766,20.78,4.71,-83
3117202,1877,1.756,20.83,4.71,-82.5
3117222,1877,1.752,20.91,4.71,-82
3117242,1877,1.756,20.82,4.701,-82.5
3117262,1876,1.755,20.51,4.701,-82.5
3117282,1877,1.752,20.56,4.701,-82.5
3117302,1877,1.756,20.55,4.701,-82.5
3117322,1877,1.758,20.77,4.701,-82
3117342,1876,1.763,20.93,4.701,-83
3117362,1877,1.761,20.85,4.699,-82
3117382,1877,1.76,20.98,4.699,-82
3117402,1877,1.761,20.89,4.699,-82.5
3117422,1876,1.763,20.68,4.699,-82
3117442,1877,1.76,20.64,4.699,-82
3117462,1877,1.765,20.41,4.699,-82.5
3117482,1877,1.764,20.53,4.71,-82
3117502,1876,1.767,20.56,4.71,-83
3117522,1876,1.759,20.19,4.71,-82
3117542,1877,1.757,20.27,4.71,-82
3117562,1877,1.761,20.28,4.71,-82.5
3117582,1877,1.758,20.63,4.71,-82
3117602,1877,1.754,20.74,4.69,-82.5
3117622,1877,1.757,20.54,4.69,-82
3117642,1877,1.753,20.6,4.69,-82
3117662,1877,1.759,20.57,4.69,-82.5
3117682,1877,1.756,20.19,4.69,-82
3117702,1877,1.754,20.26,4.69,-82.5
3117722,1877,1.76,20.31,4.706,-82.5
3117742,1877,1.758,20.32,4.706,-82
3117762,1877,1.762,20.24,4.706,-82
3117782,1877,1.765,19.92,4.706,-82.5
3117802,1876,1.761,20.16,4.706,-82
3117822,1877,1.766,20.25,4.706,-82.5
3117842,1877,1.762,19.99,4.701,-82
3117862,1877,1.762,20.01,4.701,-82
3117882,1877,1.765,19.87,4.701,-82.5
3117902,1877,1.759,20.08,4.701,-82
3117922,1877,1.76,20.02,4.701,-82
3117942,1877,1.762,19.93,4.701,-82
3117962,1877,1.756,19.93,4.706,-82
3117982,1877,1.762,20.04,4.706,-82.5
3118002,1877,1.763,19.65,4.706,-82
3118022,1877,1.758,19.83,4.706,-82.5
3118042,1877,1.763,19.84,4.706,-83
3118062,1877,1.762,20.08,4.706,-82
3118082,1876,1.761,20.03,4.72,-82.5
3118102,1877,1.76,19.85,4.72,-82.5
3118122,1877,1.759,20.15,4.72,-82
3118142,1876,1.768,20.24,4.72,-83
3118162,1877,1.765,20.15,4.72,-82.5
3118182,1877,1.761,20.14,4.72,-82
3118202,1877,1.764,20.12,4.701,-82.5
3118222,1877,1.761,20.24,4.701,-82
3118242,1877,1.768,20.34,4.701,-82.5
3118262,1877,1.765,20.02,4.701,-82
3118282,1877,1.762,20.09,4.701,-82.5
3118302,1877,1.766,20.08,4.701,-82.5
3118322,1877,1.763,20.39,4.71,-82
3118342,1877,1.762,20.28,4.71,-82.5
3118362,1877,1.76,20.09,4.71,-82
3118382,1877,1.755,20.18,4.71,-82
3118402,1877,1.76,20.23,4.71,-83
3118422,1877,1.76,20.14,4.71,-82.5
3118442,1877,1.759,20.19,4.701,-82.5
3118462,1877,1.76,20.16,4.701,-82
