6014717,2732,1.519,-63.12,4.768,-86
6014737,2732,1.518,-62.58,4.768,-86
6014757,2732,1.528,-62.52,4.768,-86
6014777,2732,1.521,-62.83,4.763,-86
6014797,2732,1.522,-62.9,4.763,-86
6014817,2732,1.526,-63.01,4.763,-86
6014837,2732,1.519,-62.66,4.763,-85.5
6014857,2731,1.52,-62.69,4.763,-86.5
6014877,2731,1.522,-62.74,4.763,-86
6014897,2732,1.518,-62.28,4.757,-85
6014917,2732,1.526,-62.62,4.757,-86.5
6014937,2731,1.525,-62.87,4.757,-86
6014957,2731,1.526,-62.94,4.757,-86
6014977,2731,1.527,-63.16,4.757,-86.5
6014997,2732,1.523,-63.46,4.757,-86
6015017,2731,1.525,-63.57,4.761,-84.5
6015037,2731,1.524,-63.71,4.761,-86.5
6015057,2731,1.517,-63.94,4.761,-86
6015077,2732,1.52,-63.99,4.761,-86.5
6015097,2731,1.525,-63.96,4.761,-86
6015117,2731,1.516,-63.6,4.761,-85.5
6015137,2731,1.52,-63.64,4.768,-86.5
6015157,2732,1.523,-63.71,4.768,-86
6015177,2731,1.514,-63.16,4.768,-86
6015197,2731,1.521,-63.12,4.768,-86
6015217,2731,1.514,-63.18,4.768,-86
6015237,2731,1.519,-63.32,4.768,-85
6015257,2731,1.524,-63.39,4.768,-86
6015277,2731,1.516,-63.53,4.768,-86
6015297,2731,1.515,-63.44,4.768,-85.5
6015317,2731,1.52,-63.56,4.768,-86.5
6015337,2731,1.512,-63.35,4.768,-85.5
6015357,2731,1.514,-63.37,4.768,-86.5
6015377,2731,1.518,-63.4,4.769,-86.5
6015397,2730,1.509,-63.01,4.769,-86.5
6015417,2730,1.51,-62.98,4.769,-86
6015437,2730,1.509,-63.1,4.769,-87
6015457,2731,1.505,-62.87,4.769,-86
6015477,2730,1.511,-63,4.769,-86.5
6015497,2731,1.513,-63.08,4.76,-86
6015517,2730,1.515,-63.1,4.76,-85
6015537,2730,1.516,-63.03,4.76,-86.5
6015557,2730,1.51,-63.1,4.76,-85.5
6015577,2730,1.515,-63.03,4.76,-85
6015597,2730,1.522,-63.14,4.76,-86
6015617,2730,1.513,-63.32,4.757,-86
6015637,2730,1.516,-63.44,4.757,-84.5
6015697,2730,1.523,-63.51,4.757,-86
6015717,2730,1.528,-63.53,4.757,-86.5
6015737,2730,1.519,-63.17,4.728,-85.5
6015757,2730,1.523,-63.19,4.728,-86.5
6015777,2730,1.529,-63.23,4.728,-86.5
6015797,2730,1.522,-62.76,4.728,-85
6015817,2730,1.527,-62.81,4.728,-87
6015837,2730,1.529,-63.05,4.728,-86
6015857,2730,1.52,-63.05,4.734,-85
6015877,2730,1.526,-63.1,4.734,-87
6015897,2730,1.519,-63.28,4.734,-86
6015917,2730,1.526,-63.28,4.734,-84.5
6015937,2730,1.524,-63.46,4.734,-86.5
6015957,2730,1.519,-63.76,4.734,-86.5
6015977,2730,1.525,-63.78,4.757,-84.5
6015997,2729,1.524,-63.91,4.757,-87
6016017,2729,1.513,-63.59,4.757,-85.5
6016037,2730,1.517,-63.71,4.757,-87
6016057,2729,1.515,-63.82,4.757,-86
6016077,2730,1.509,-63.53,4.757,-85.5
6016097,2729,1.517,-63.48,4.76,-86.5
6016117,2730,1.511,-63.43,4.76,-87
6016137,2729,1.511,-63.4,4.76,-84.5
6016157,2730,1.513,-63.57,4.76,-86
6016177,2730,1.509,-63.17,4.76,-85.5
6016197,2730,1.516,-63.1,4.76,-87
6016217,2729,1.521,-63.27,4.755,-86
6016237,2729,1.514,-62.82,4.755,-85.5
6016257,2729,1.518,-62.99,4.755,-86.5
6016277,2730,1.514,-63.18,4.755,-86.5
6016297,2730,1.508,-62.56,4.755,-85
6016317,2730,1.514,-62.62,4.755,-86
6016337,2730,1.512,-62.94,4.768,-86
6016357,2730,1.515,-63.03,4.768,-84.5
6016377,2730,1.52,-63.27,4.768,-86.5
6016397,2729,1.514,-62.94,4.768,-85.5
6016417,2729,1.518,-63.02,4.768,-86.5
6016437,2729,1.522,-63.06,4.768,-87
6016457,2729,1.519,-62.62,4.768,-85
6016477,2729,1.525,-62.59,4.768,-86.5
6016497,2729,1.522,-62.71,4.768,-86
6016517,2729,1.525,-62.75,4.768,-85
6016537,2729,1.529,-62.73,4.768,-87
6016557,2729,1.519,-62.41,4.768,-86
6016577,2730,1.523,-62.52,4.757,-86
6016597,2729,1.527,-62.59,4.757,-86
6016617,2729,1.522,-62.31,4.757,-86
6016637,2729,1.523,-62.35,4.757,-87
6016657,2729,1.521,-62.48,4.757,-86
6016677,2729,1.513,-62.56,4.757,-86
6016697,2729,1.515,-62.48,4.768,-87.5
6016717,2729,1.508,-62.64,4.768,-86
6016737,2729,1.509,-62.59,4.768,-85.5
6016757,2729,1.52,-62.74,4.768,-86.5
6016777,2729,1.511,-62.9,4.768,-85.5
6016797,2729,1.513,-62.94,4.768,-87
6016817,2729,1.516,-63.05,4.768,-86
6016837,2729,1.512,-62.81,4.768,-85.5
6016857,2729,1.517,-62.74,4.768,-86
6016877,2729,1.516,-63.1,4.768,-86
6016897,2729,1.511,-63.14,4.768,-85
6016917,2729,1.517,-63.08,4.768,-86.5
6016937,2729,1.511,-63.16,4.768,-86
6016957,2729,1.513,-63.25,4.768,-84.5
6016977,2729,1.519,-63.17,4.768,-86
6016997,2729,1.51,-62.75,4.768,-85.5
6017017,2729,1.515,-62.68,4.768,-86.5
6017037,2729,1.519,-62.71,4.768,-86
6017057,2729,1.511,-62.25,4.768,-85
6017077,2729,1.522,-62.19,4.768,-85.5
6017097,2729,1.519,-62.51,4.768,-86
6017117,2728,1.519,-62.67,4.768,-84.5
6017137,2729,1.52,-62.64,4.768,-86
6017157,2729,1.52,-63.01,4.768,-86
6017177,2729,1.525,-63,4.763,-84.5
6017197,2729,1.529,-63.05,4.763,-86
6017217,2729,1.526,-62.74,4.763,-85.5
6017237,2729,1.526,-62.56,4.763,-86.5
6017257,2729,1.531,-62.76,4.763,-86.5
6017277,2729,1.523,-62.62,4.763,-85
6017297,2729,1.528,-62.68,4.76,-86
6017317,2729,1.524,-63.01,4.76,-85.5
6017337,2729,1.523,-63.06,4.76,-84.5
6017357,2729,1.525,-63.17,4.76,-86
6017377,2728,1.516,-63.06,4.76,-86.5
6017397,2729,1.522,-63.26,4.76,-86
6017417,2728,1.525,-63.46,4.761,-86
6017437,2729,1.514,-63.1,4.761,-85
6017457,2729,1.52,-63.1,4.761,-87
6017477,2729,1.514,-63.21,4.761,-85.5
6017497,2729,1.513,-63.21,4.761,-84.5
6017517,2729,1.52,-63.32,4.761,-86
6017537,2728,1.513,-63.52,4.768,-85.5
6017557,2729,1.515,-63.5,4.768,-87
6017577,2729,1.515,-63.66,4.768,-86
6017597,2729,1.517,-63.65,4.768,-85.5
6017617,2729,1.524,-63.68,4.768,-86
6017637,2729,1.518,-63.94,4.768,-86
6017657,2729,1.525,-63.96,4.768,-86
6017677,2729,1.531,-64.03,4.768,-86
6017697,2729,1.523,-64.18,4.768,-85
6017717,2729,1.528,-64.04,4.768,-86
6017737,2729,1.521,-64.33,4.768,-86
6017757,2728,1.524,-64.37,4.768,-85
6017777,2728,1.527,-64.39,4.757,-86.5
6017797,2729,1.525,-64.47,4.757,-86
6017817,2728,1.523,-64.61,4.757,-86
6017837,2728,1.522,-64.83,4.757,-85.5
6017857,2729,1.517,-64.82,4.757,-86
6017877,2729,1.526,-64.71,4.757,-86.5
6017897,2728,1.519,-64.31,4.76,-85.5
6017917,2729,1.519,-64.15,4.76,-86.5
6017937,2729,1.526,-64.08,4.76,-86
6017957,2729,1.523,-64.21,4.76,-86
6017977,2728,1.527,-64.14,4.76,-87
6017997,2728,1.518,-64.32,4.76,-86.5
6018017,2728,1.524,-64.29,4.757,-86
6018037,2729,1.527,-64.28,4.757,-86
6018057,2728,1.524,-64.4,4.757,-85
6018077,2729,1.528,-64.25,4.757,-86.5
6018097,2729,1.521,-64.49,4.757,-86
6018117,2729,1.521,-64.43,4.757,-85
6018137,2728,1.527,-64.37,4.757,-86.5
6018157,2728,1.519,-64.04,4.757,-85.5
6018177,2729,1.522,-64.01,4.757,-87.5
6018197,2729,1.524,-63.98,4.757,-85.5
6018217,2729,1.528,-64.14,4.757,-85
6018237,2729,1.529,-64.08,4.757,-86
6018257,2729,1.519,-63.81,4.768,-85.5
6018277,2729,1.524,-63.8,4.768,-86.5
6018297,2728,1.516,-64.01,4.768,-86
6018317,2728,1.516,-63.87,4.768,-84.5
6018337,2729,1.523,-63.83,4.768,-86
6018357,2729,1.513,-63.51,4.768,-86.5
6018377,2729,1.52,-63.53,4.757,-86
6018397,2729,1.523,-63.8,4.757,-87
6018417,2728,1.52,-63.82,4.757,-84.5
6018437,2729,1.518,-63.78,4.757,-86.5
6018457,2728,1.509,-63.85,4.757,-85.5
6018477,2728,1.511,-63.8,4.757,-85
6018497,2728,1.514,-64.06,4.76,-86.5
6018517,2728,1.511,-64.03,4.76,-85.5
6018537,2729,1.519,-64.14,4.76,-86.5
6018557,2728,1.516,-63.69,4.76,-85.5
6018577,2729,1.518,-63.55,4.76,-86.5
6018597,2728,1.521,-63.6,4.76,-86
6018617,2729,1.516,-63.52,4.768,-85
6018637,2729,1.521,-63.41,4.768,-86.5
6018657,2728,1.52,-63.64,4.768,-86
6018677,2729,1.524,-63.59,4.768,-85
6018697,2729,1.527,-63.71,4.768,-86
6018717,2729,1.521,-63.41,4.768,-85.5
6018737,2729,1.526,-63.46,4.768,-86
6018757,2729,1.517,-63.62,4.768,-86
6018777,2729,1.518,-63.6,4.768,-85.5
6018797,2729,1.523,-63.67,4.768,-86.5
6018817,2728,1.519,-63.48,4.768,-85.5
6018837,2728,1.525,-63.41,4.768,-86.5
6018857,2728,1.518,-63.44,4.757,-86
6018877,2728,1.517,-63.19,4.757,-85
6018897,2729,1.525,-63.31,4.757,-86.5
6018917,2729,1.514,-62.94,4.757,-85
6018937,2729,1.515,-62.93,4.757,-86.5
6018957,2729,1.52,-63.15,4.757,-86
6018977,2729,1.522,-63.16,4.757,-85
6018997,2729,1.524,-63.12,4.757,-86
6019017,2728,1.516,-62.75,4.757,-86
6019037,2728,1.52,-62.69,4.757,-86.5
6019057,2728,1.522,-62.77,4.757,-86.5
6019077,2729,1.52,-62.68,4.757,-85.5
6019097,2728,1.523,-62.66,4.76,-86
6019117,2728,1.514,-62.93,4.76,-86
6019137,2728,1.521,-62.96,4.76,-84.5
6019157,2728,1.522,-63.03,4.76,-86
6019177,2728,1.517,-63.12,4.76,-85
6019197,2729,1.524,-63.14,4.76,-86.5
6019217,2728,1.512,-63.49,4.768,-85.5
6019237,2728,1.519,-63.46,4.768,-84.5
6019257,2728,1.523,-63.42,4.768,-87
6019277,2729,1.52,-62.87,4.768,-85.5
6019297,2729,1.52,-62.96,4.768,-86.5
6019317,2729,1.511,-63.21,4.768,-86.5
6019337,2728,1.516,-63.24,4.768,-85
6019357,2729,1.52,-63.25,4.768,-86
6019377,2728,1.511,-63.5,4.768,-85.5
6019397,2728,1.518,-63.41,4.768,-86
6019417,2729,1.523,-63.68,4.768,-86
6019437,2728,1.516,-63.6,4.768,-85
6019457,2729,1.519,-63.35,4.757,-87
6019477,2729,1.508,-63.71,4.757,-86.5
6019497,2728,1.515,-63.62,4.757,-86.5
6019517,2728,1.515,-63.69,4.757,-87
6019537,2728,1.508,-63.78,4.757,-85
6019557,2728,1.514,-63.68,4.757,-86
6019577,2729,1.508,-63.83,4.757,-85.5
6019597,2729,1.507,-63.77,4.757,-85
6019617,2729,1.513,-63.76,4.757,-87
6019637,2728,1.511,-63.44,4.757,-85
6019657,2728,1.519,-63.28,4.757,-86
6019677,2729,1.516,-63.31,4.757,-86
6019697,2728,1.513,-63.31,4.76,-85
6019717,2729,1.521,-63.34,4.76,-86
6019737,2729,1.512,-63.37,4.76,-86
6019757,2729,1.517,-63.37,4.76,-87
6019777,2728,1.513,-63.71,4.76,-86
6019797,2728,1.518,-63.44,4.76,-85.5
6019817,2729,1.52,-63.48,4.734,-86.5
6019837,2728,1.517,-63.03,4.734,-85.5
6019857,2728,1.523,-62.84,4.734,-87
6019877,2729,1.516,-62.99,4.734,-86
6019897,2728,1.516,-62.96,4.734,-84.5
6019917,2728,1.522,-63.08,4.734,-86.5
6019937,2729,1.513,-63.08,4.768,-85.5
6019957,2729,1.52,-62.93,4.768,-87
6019977,2729,1.516,-63.18,4.768,-86
6019997,2728,1.517,-63.05,4.768,-85
6020017,2729,1.526,-63.06,4.768,-86
6020037,2728,1.519,-62.6,4.768,-86
6020057,2728,1.526,-62.42,4.761,-86.5
6020077,2729,1.519,-62.82,4.761,-85.5
6020097,2729,1.514,-62.8,4.761,-85.5
6020117,2728,1.522,-62.8,4.761,-86
6020137,2729,1.513,-63.09,4.761,-85.5
6020157,2728,1.523,-63.12,4.761,-86.5
6020177,2729,1.518,-63.31,4.763,-86.5
6020197,2728,1.523,-63.21,4.763,-85.5
6020217,2728,1.526,-63.3,4.763,-86
6020237,2729,1.516,-62.98,4.763,-85.5
6020257,2729,1.52,-62.98,4.763,-87
6020277,2728,1.512,-63.18,4.763,-86
6020297,2728,1.519,-63.14,4.734,-84.5
6020317,2728,1.525,-63.21,4.734,-86.5
6020337,2729,1.518,-62.87,4.734,-85.5
6020357,2729,1.521,-62.92,4.734,-86.5
6020377,2729,1.512,-63.1,4.734,-86
6020397,2729,1.518,-63.12,4.734,-84.5
6020417,2729,1.52,-63.41,4.768,-86
6020437,2729,1.517,-63.17,4.768,-85
6020457,2728,1.523,-63.05,4.768,-86.5
6020477,2728,1.512,-63.35,4.768,-86.5
6020497,2728,1.516,-63.39,4.768,-84.5
6020517,2729,1.517,-63.53,4.768,-86
6020537,2728,1.514,-63.05,4.768,-85
6020557,2729,1.522,-63.1,4.768,-86
6020577,2729,1.513,-63.31,4.768,-86.5
6020597,2729,1.516,-63.14,4.768,-86
6020617,2729,1.514,-63.26,4.768,-86
6020637,2728,1.51,-63.28,4.768,-85
6020657,2729,1.515,-63.23,4.761,-86
6020677,2729,1.506,-62.85,4.761,-85.5
6020697,2729,1.512,-62.93,4.761,-87
6020717,2728,1.509,-63.28,4.761,-86
6020737,2729,1.509,-63.34,4.761,-85.5
6020757,2728,1.51,-63.39,4.761,-86
6020777,2729,1.51,-63.08,4.763,-86
6020797,2728,1.515,-63.21,4.763,-86
6020817,2729,1.515,-63.39,4.763,-86.5
6020837,2728,1.516,-63.27,4.763,-84.5
6020857,2729,1.52,-63.34,4.763,-87
6020877,2729,1.511,-63.1,4.763,-85.5
6020897,2729,1.519,-63.12,4.76,-86
6020917,2729,1.516,-63.44,4.76,-86
6020937,2729,1.515,-63.49,4.76,-85
6020957,2729,1.519,-63.6,4.76,-86
6020977,2729,1.509,-63.28,4.76,-86
6020997,2729,1.512,-63.28,4.76,-86.5
6021017,2728,1.504,-63.62,4.734,-85.5
6021037,2729,1.511,-63.71,4.734,-84.5
6021057,2728,1.516,-63.82,4.734,-86
6021077,2728,1.51,-63.26,4.734,-86
6021097,2728,1.516,-63.18,4.734,-86.5
6021117,2728,1.508,-63.35,4.734,-86.5
6021137,2729,1.512,-63.35,4.768,-85.5
6021157,2728,1.517,-63.48,4.768,-86
6021177,2728,1.51,-63.1,4.768,-85.5
6021197,2728,1.517,-63.08,4.768,-86
6021217,2729,1.518,-63.31,4.768,-86.5
6021237,2729,1.524,-63.19,4.768,-84.5
6021257,2728,1.527,-63.09,4.768,-86.5
6021277,2728,1.524,-62.6,4.768,-85
6021297,2729,1.528,-62.75,4.768,-86.5
6021317,2728,1.519,-62.44,4.768,-86
6021337,2728,1.52,-62.44,4.768,-86.5
6021357,2728,1.516,-62.66,4.768,-86
6021377,2729,1.517,-62.75,4.763,-84.5
6021397,2729,1.525,-62.78,4.763,-86.5
6021417,2729,1.514,-62.44,4.763,-85.5
6021437,2728,1.517,-62.55,4.763,-87
6021457,2729,1.522,-62.68,4.763,-86
6021477,2729,1.519,-62.01,4.763,-85.5
6021497,2729,1.519,-62.14,4.76,-86
6021517,2728,1.511,-61.93,4.76,-85.5
6021537,2728,1.518,-62.03,4.76,-86
6021557,2728,1.52,-62.39,4.76,-86
6021577,2729,1.518,-62.51,4.76,-85
6021597,2728,1.52,-62.62,4.76,-86
6021617,2728,1.511,-62.37,4.768,-85.5
6021637,2728,1.519,-62.46,4.768,-86.5
6021657,2728,1.522,-62.75,4.768,-86
6021677,2728,1.525,-62.76,4.768,-84.5
6021697,2728,1.526,-62.94,4.768,-86
6021717,2729,1.517,-62.52,4.768,-86.5
6021737,2728,1.522,-62.53,4.761,-87
6021757,2728,1.522,-62.76,4.761,-86
6021777,2728,1.525,-62.81,4.761,-85.5
6021797,2728,1.527,-62.9,4.761,-86
6021817,2729,1.516,-62.56,4.761,-86
6021837,2729,1.524,-62.76,4.761,-86
6021857,2728,1.519,-63.02,4.768,-86
6021877,2728,1.518,-62.9,4.768,-85
6021897,2729,1.521,-63.14,4.768,-86
6021917,2728,1.514,-63.26,4.768,-85
6021937,2728,1.522,-63.21,4.768,-86.5
6021957,2729,1.516,-63.31,4.768,-85.5
6021977,2728,1.52,-63.34,4.763,-86.5
6021997,2729,1.523,-63.51,4.763,-87
6022017,2729,1.522,-63.53,4.763,-85
6022037,2729,1.529,-63.44,4.763,-86
6022057,2728,1.519,-63.48,4.763,-85.5
6022077,2729,1.518,-63.44,4.763,-86.5
6022097,2728,1.52,-63.64,4.76,-85.5
6022117,2729,1.517,-63.64,4.76,-85
6022137,2728,1.52,-63.6,4.76,-85.5
6022157,2729,1.509,-63.21,4.76,-86
6022177,2729,1.514,-63.18,4.76,-86
6022197,2728,1.512,-63.24,4.76,-86.5
6022217,2728,1.513,-63.28,4.768,-84.5
6022237,2729,1.518,-63.41,4.768,-86
6022257,2728,1.511,-63.62,4.768,-85.5
6022277,2729,1.518,-63.6,4.768,-85.5
6022297,2728,1.513,-63.81,4.768,-86
6022317,2729,1.52,-64.04,4.768,-84.5
6022337,2728,1.521,-64.33,4.768,-86
6022357,2728,1.52,-64.26,4.768,-85
6022377,2729,1.526,-64.08,4.768,-86
6022397,2729,1.514,-64.18,4.768,-85.5
6022417,2729,1.517,-63.99,4.768,-86
6022437,2728,1.521,-64.17,4.768,-86
6022457,2728,1.523,-64.01,4.761,-84.5
6022477,2728,1.528,-64.17,4.761,-86
6022497,2729,1.519,-63.8,4.761,-85
6022517,2728,1.523,-63.71,4.761,-86.5
6022537,2729,1.515,-63.85,4.761,-86
6022557,2729,1.521,-63.9,4.761,-87
6022577,2728,1.52,-64.01,4.768,-87
6022597,2729,1.514,-64.11,4.768,-85.5
6022617,2728,1.519,-64.03,4.768,-86
6022637,2729,1.511,-63.66,4.768,-85.5
6022657,2729,1.515,-63.62,4.768,-86.5
6022677,2728,1.511,-63.74,4.768,-86
6022697,2729,1.521,-63.71,4.76,-85.5
6022717,2728,1.527,-63.83,4.76,-85.5
6022737,2729,1.521,-63.27,4.76,-85
6022757,2729,1.523,-63.26,4.76,-86
6022777,2728,1.515,-63.82,4.76,-85.5
6022797,2729,1.518,-63.74,4.76,-87
6022817,2729,1.52,-64.11,4.768,-86
6022837,2728,1.516,-64.04,4.768,-85.5
6022857,2729,1.52,-63.94,4.768,-86.5
6022877,2729,1.508,-63.53,4.768,-85.5
6022897,2729,1.512,-63.49,4.768,-86.5
6022917,2729,1.507,-63.69,4.768,-85.5
6022937,2729,1.513,-63.6,4.761,-87
6022957,2728,1.519,-63.91,4.761,-86.5
6022977,2729,1.518,-63.84,4.761,-85
6022997,2729,1.522,-63.84,4.761,-86
6023017,2728,1.517,-63.46,4.761,-85.5
6023037,2728,1.516,-63.43,4.761,-87
6023057,2728,1.511,-63.48,4.768,-86
6023077,2728,1.516,-63.42,4.768,-84.5
6023097,2729,1.516,-63.48,4.768,-86
6023117,2729,1.521,-63.39,4.768,-85
6023137,2729,1.523,-63.35,4.768,-86
6023157,2728,1.513,-63.01,4.768,-86.5
6023177,2729,1.517,-63.06,4.75,-86
6023197,2728,1.517,-63.24,4.75,-86
6023217,2729,1.519,-63.24,4.75,-86
6023237,2728,1.523,-63.44,4.75,-86
6023257,2728,1.515,-63.41,4.75,-85
6023277,2729,1.521,-63.52,4.75,-87
6023297,2728,1.513,-62.98,4.76,-85.5
6023317,2729,1.518,-62.94,4.76,-86
6023337,2728,1.515,-63.39,4.76,-86
6023357,2729,1.515,-63.37,4.76,-86
6023377,2728,1.515,-63.44,4.76,-86
6023397,2728,1.513,-63.59,4.76,-84.5
6023417,2729,1.518,-63.82,4.757,-87
6023437,2728,1.516,-63.44,4.757,-85
6023457,2728,1.524,-63.49,4.757,-87
6023477,2729,1.515,-63.19,4.757,-85.5
6023497,2729,1.52,-63.05,4.757,-86
6023517,2728,1.513,-63.3,4.757,-86
6023537,2729,1.52,-63.27,4.761,-86
6023557,2728,1.52,-63.52,4.761,-87
6023577,2729,1.517,-63.35,4.761,-84.5
6023597,2729,1.521,-63.53,4.761,-87
6023617,2728,1.514,-63.23,4.761,-85
6023637,2728,1.522,-63.1,4.761,-86.5
6023657,2728,1.512,-63.35,4.768,-85.5
6023677,2728,1.516,-63.28,4.768,-86.5
6023697,2728,1.512,-63.62,4.768,-86
6023717,2728,1.514,-63.62,4.768,-86.5
6023737,2728,1.519,-63.69,4.768,-86
6023757,2729,1.513,-63.66,4.768,-85
6023777,2728,1.52,-63.83,4.763,-87
6023797,2729,1.511,-63.49,4.763,-85.5
6023817,2728,1.52,-63.49,4.763,-87
6023837,2729,1.513,-63.74,4.763,-85.5
6023857,2729,1.517,-63.73,4.763,-86
6023877,2729,1.513,-64.01,4.763,-86
6023897,2729,1.516,-64.03,4.76,-86
6023917,2728,1.519,-64.21,4.76,-86.5
6023937,2729,1.516,-64.29,4.76,-84.5
6023957,2728,1.521,-64.47,4.76,-86
6023977,2729,1.512,-63.9,4.76,-85.5
6023997,2729,1.52,-63.92,4.76,-87
6024017,2728,1.512,-63.5,4.768,-85.5
6024037,2728,1.517,-63.52,4.768,-86
6024057,2728,1.512,-63.76,4.768,-86
6024077,2728,1.519,-63.64,4.768,-86
6024097,2728,1.512,-63.82,4.768,-86.5
6024117,2728,1.516,-63.74,4.768,-86
6024137,2728,1.512,-63.76,4.768,-86.5
6024157,2729,1.516,-63.62,4.768,-84.5
6024177,2728,1.517,-63.77,4.768,-87
6024197,2729,1.514,-63.68,4.768,-85
6024217,2728,1.516,-63.62,4.768,-87
6024237,2728,1.514,-63.84,4.768,-86
6024257,2728,1.517,-63.94,4.734,-86
6024277,2729,1.508,-63.56,4.734,-86
6024297,2728,1.509,-63.55,4.734,-86.5
6024317,2729,1.509,-63.77,4.734,-85.5
6024337,2728,1.512,-63.67,4.734,-84.5
6024357,2728,1.511,-63.67,4.734,-86
6024377,2729,1.516,-63.68,4.757,-85
6024397,2728,1.522,-63.85,4.757,-86
6024417,2728,1.52,-63.89,4.757,-85
6024437,2728,1.52,-63.82,4.757,-85.5
6024457,2729,1.512,-63.35,4.757,-85.5
6024477,2729,1.518,-63.44,4.757,-86.5
6024497,2729,1.516,-62.96,4.76,-85.5
6024517,2728,1.521,-63.03,4.76,-86
6024537,2728,1.517,-62.66,4.76,-85.5
6024557,2728,1.519,-62.59,4.76,-87
6024577,2728,1.513,-62.78,4.76,-85.5
6024597,2728,1.52,-62.87,4.76,-86
6024617,2728,1.517,-63.05,4.768,-85.5
6024637,2729,1.518,-62.94,4.768,-85
6024657,2729,1.521,-63.1,4.768,-86
6024677,2728,1.518,-63.12,4.768,-84.5
6024697,2728,1.525,-63.19,4.768,-86
6024717,2729,1.517,-63.35,4.768,-85
6024737,2729,1.518,-63.4,4.734,-86
