6563832,2960,1.505,-78.58,4.761,-82
6563852,2960,1.512,-78.25,4.761,-82.5
6563872,2960,1.505,-78.22,4.761,-81.5
6563892,2960,1.502,-78.01,4.739,-82
6563912,2960,1.501,-77.35,4.739,-82.5
6563932,2959,1.504,-77.18,4.739,-82
6563952,2959,1.503,-77.42,4.739,-81.5
6563972,2959,1.503,-77.04,4.739,-82
6563992,2959,1.501,-77.64,4.739,-82
6564012,2959,1.495,-77.64,4.75,-81.5
6564032,2959,1.503,-77.18,4.75,-82
6564052,2959,1.508,-77.32,4.75,-82
6564072,2959,1.51,-77.08,4.75,-81.5
6564092,2959,1.517,-77.22,4.75,-81.5
6564112,2959,1.514,-77.15,4.75,-82
6564132,2959,1.509,-77.14,4.75,-81.5
6564152,2959,1.51,-76.79,4.75,-81.5
6564172,2959,1.509,-77.03,4.75,-82
6564192,2958,1.505,-77.36,4.75,-82
6564212,2958,1.505,-77.36,4.75,-81.5
6564232,2958,1.497,-77.07,4.75,-82
6564252,2958,1.497,-77.28,4.745,-82
6564272,2958,1.5,-77.39,4.745,-81.5
6564292,2958,1.502,-76.93,4.745,-81.5
6564312,2958,1.504,-77.32,4.745,-82.5
6564332,2958,1.507,-77.56,4.745,-81.5
6564352,2958,1.506,-77.29,4.745,-81.5
6564372,2958,1.503,-77.29,4.731,-81.5
6564392,2958,1.502,-77.56,4.731,-81.5
6564412,2958,1.504,-77.58,4.731,-81.5
6564472,2957,1.497,-78.33,4.731,-81.5
6564492,2957,1.505,-78.46,4.737,-81.5
6564512,2957,1.5,-78.5,4.737,-82
6564532,2957,1.512,-78.58,4.737,-81.5
6564552,2957,1.505,-79.25,4.737,-81.5
6564572,2957,1.503,-79,4.737,-82
6564592,2957,1.511,-79,4.737,-81.5
6564612,2957,1.515,-79.47,4.761,-81.5
6564632,2956,1.506,-79.47,4.761,-81.5
6564652,2956,1.51,-79.56,4.761,-81
6564672,2956,1.511,-79.81,4.761,-81.5
6564692,2956,1.508,-79.86,4.761,-81.5
6564712,2957,1.505,-79.67,4.761,-82
6564732,2957,1.514,-79.57,4.753,-81.5
6564752,2956,1.514,-79.57,4.753,-81.5
6564772,2956,1.511,-79.24,4.753,-82
6564792,2956,1.514,-79.14,4.753,-81.5
6564812,2956,1.508,-78.76,4.753,-81.5
6564832,2956,1.497,-78.65,4.753,-81.5
6564852,2956,1.497,-79.22,4.75,-82.5
6564872,2956,1.497,-79.5,4.75,-81.5
6564892,2956,1.492,-79.43,4.75,-81.5
6564912,2956,1.487,-79.36,4.75,-82.5
6564932,2956,1.488,-79.68,4.75,-81.5
6564952,2956,1.488,-80.03,4.75,-81.5
6564972,2956,1.483,-79.86,4.744,-82.5
6564992,2956,1.494,-80.08,4.744,-81.5
6565012,2956,1.491,-80.17,4.744,-81.5
6565032,2956,1.497,-79.76,4.744,-82
6565052,2957,1.499,-79.72,4.744,-81.5
6565072,2957,1.501,-79.97,4.744,-81.5
6565092,2956,1.501,-80.21,4.731,-82
6565112,2956,1.496,-80.01,4.731,-82
6565132,2956,1.488,-79.79,4.731,-81.5
6565152,2956,1.489,-79.92,4.731,-81.5
6565172,2956,1.506,-79.97,4.731,-81.5
6565192,2956,1.505,-79.79,4.731,-81.5
6565212,2956,1.5,-79.33,4.761,-81.5
6565232,2956,1.505,-79.17,4.761,-81.5
6565252,2956,1.496,-79.49,4.761,-81.5
6565272,2957,1.495,-79.75,4.761,-82
6565292,2956,1.491,-79.75,4.761,-82
6565312,2956,1.508,-80.33,4.761,-81.5
6565332,2956,1.503,-80.4,4.753,-81.5
6565352,2957,1.5,-80.58,4.753,-82
6565372,2956,1.511,-80.68,4.753,-81.5
6565392,2956,1.514,-80.75,4.753,-81.5
6565412,2956,1.514,-80.67,4.753,-82
6565432,2956,1.504,-80.18,4.753,-82.5
6565452,2956,1.514,-80,4.753,-81.5
6565472,2956,1.509,-80.6,4.753,-81.5
6565492,2956,1.504,-80.36,4.753,-82
6565512,2956,1.499,-80.07,4.753,-81.5
6565532,2956,1.5,-79.92,4.753,-81.5
6565552,2956,1.504,-79.83,4.753,-81.5
6565572,2956,1.507,-79.89,4.734,-81.5
6565592,2956,1.502,-79.97,4.734,-81.5
6565612,2956,1.501,-80.14,4.734,-82
6565632,2956,1.501,-80.14,4.734,-82.5
6565652,2956,1.512,-80.01,4.734,-81.5
6565672,2956,1.513,-80.32,4.734,-81.5
6565692,2956,1.509,-80.22,4.739,-82
6565712,2956,1.513,-80.54,4.739,-81.5
6565732,2956,1.517,-80.96,4.739,-81.5
6565752,2956,1.501,-80.62,4.739,-82
6565772,2956,1.505,-80.75,4.739,-81
6565792,2956,1.51,-80.72,4.739,-81.5
6565812,2956,1.506,-80.67,4.761,-81.5
6565832,2957,1.503,-80.4,4.761,-82.5
6565852,2956,1.503,-80.46,4.761,-81.5
6565872,2956,1.511,-80.5,4.761,-81.5
6565892,2956,1.508,-80.33,4.761,-82
6565912,2956,1.517,-80.58,4.761,-81.5
6565932,2956,1.511,-80.65,4.75,-81.5
6565952,2956,1.504,-80.35,4.75,-82
6565972,2956,1.508,-79.85,4.75,-81.5
6565992,2956,1.499,-79.5,4.75,-81.5
6566012,2956,1.49,-79.04,4.75,-82
6566032,2956,1.494,-78.86,4.75,-81.5
6566052,2956,1.501,-78.69,4.761,-81.5
6566072,2956,1.494,-78.51,4.761,-81.5
6566092,2956,1.495,-78.15,4.761,-82.5
6566112,2956,1.499,-78.54,4.761,-81.5
6566132,2956,1.497,-78.22,4.761,-81.5
6566152,2956,1.503,-78.25,4.761,-82
6566172,2956,1.502,-78.47,4.749,-81.5
6566192,2956,1.5,-78.79,4.749,-81.5
6566212,2956,1.49,-78.65,4.749,-81.5
6566232,2956,1.487,-78.4,4.749,-82
6566252,2956,1.5,-78.65,4.749,-81.5
6566272,2957,1.498,-78.93,4.749,-81.5
6566292,2956,1.491,-78.79,4.728,-82
6566312,2956,1.483,-79.06,4.728,-81.5
6566332,2956,1.478,-78.72,4.728,-82
6566352,2956,1.476,-78.4,4.728,-82
6566372,2956,1.484,-78.61,4.728,-82
6566392,2956,1.496,-78.62,4.728,-81.5
6566412,2956,1.498,-78.69,4.761,-81.5
6566432,2956,1.5,-78.42,4.761,-81.5
6566452,2956,1.503,-78.79,4.761,-81.5
6566472,2956,1.499,-78.4,4.761,-81.5
6566492,2956,1.501,-78.22,4.761,-82.5
6566512,2956,1.512,-77.96,4.761,-81.5
6566532,2956,1.507,-77.81,4.753,-81.5
6566552,2956,1.505,-77.75,4.753,-82
6566572,2956,1.495,-77.81,4.753,-81.5
6566592,2956,1.497,-78.25,4.753,-81.5
6566612,2956,1.497,-78.12,4.753,-81.5
6566632,2956,1.503,-77.93,4.753,-82
6566652,2956,1.518,-78.11,4.753,-81.5
6566672,2956,1.514,-77.75,4.753,-81.5
6566692,2956,1.512,-77.46,4.753,-81
6566712,2957,1.505,-77.74,4.753,-81.5
6566732,2956,1.509,-78.31,4.753,-81.5
6566752,2956,1.506,-77.92,4.753,-82.5
6566772,2956,1.508,-78.43,4.734,-81.5
6566792,2956,1.512,-78.93,4.734,-81.5
6566812,2956,1.507,-79,4.734,-82
6566832,2956,1.513,-79.58,4.734,-81.5
6566852,2956,1.514,-79.65,4.734,-81.5
6566872,2957,1.501,-79.54,4.734,-82
6566892,2956,1.5,-79.12,4.731,-82
6566912,2957,1.494,-79.33,4.731,-81.5
6566932,2957,1.495,-79.67,4.731,-81.5
6566952,2956,1.493,-79.75,4.731,-82.5
6566972,2956,1.496,-80.1,4.731,-81.5
6566992,2956,1.5,-79.78,4.731,-81.5
6567012,2956,1.504,-79.81,4.768,-81.5
6567032,2956,1.512,-80.1,4.768,-82
6567052,2956,1.508,-79.93,4.768,-81.5
6567072,2956,1.508,-80.26,4.768,-82
6567092,2956,1.511,-80.08,4.768,-82
6567112,2956,1.518,-80.4,4.768,-81.5
6567132,2956,1.506,-80.39,4.753,-82
6567152,2956,1.509,-80.32,4.753,-82
6567172,2956,1.521,-80.08,4.753,-81.5
6567192,2956,1.513,-80,4.753,-81.5
6567212,2956,1.505,-79.65,4.753,-82
6567232,2956,1.493,-80.04,4.753,-82
6567252,2956,1.497,-80.4,4.761,-81.5
6567272,2956,1.497,-80.51,4.761,-81.5
6567292,2956,1.491,-80.26,4.761,-81.5
6567312,2956,1.491,-80.43,4.761,-81
6567332,2956,1.484,-80.43,4.761,-82
6567352,2956,1.48,-80.15,4.761,-82
6567372,2956,1.486,-80.15,4.734,-81.5
6567392,2957,1.494,-80.18,4.734,-81.5
6567412,2956,1.482,-79.93,4.734,-82
6567432,2956,1.484,-79.93,4.734,-82
6567452,2956,1.482,-79.9,4.734,-81.5
6567472,2956,1.486,-80.03,4.734,-82
6567492,2956,1.482,-80.39,4.744,-82
6567512,2956,1.491,-80.47,4.744,-81.5
6567532,2956,1.483,-80.39,4.744,-82
6567552,2956,1.486,-80.36,4.744,-82
6567572,2956,1.492,-80.72,4.744,-81.5
6567592,2956,1.494,-80.46,4.744,-81.5
6567612,2956,1.485,-80,4.757,-82
6567632,2956,1.486,-79.76,4.757,-81.5
6567652,2956,1.486,-79.83,4.757,-81.5
6567672,2956,1.485,-80.11,4.757,-82
6567692,2956,1.487,-79.94,4.757,-82.5
6567712,2956,1.492,-80.54,4.757,-81.5
6567732,2957,1.495,-80.75,4.75,-81.5
6567752,2956,1.494,-80.5,4.75,-82
6567772,2956,1.489,-80.29,4.75,-82
6567792,2956,1.494,-80.61,4.75,-81.5
6567812,2956,1.494,-80.29,4.75,-82
6567832,2956,1.492,-80.36,4.75,-82
6567852,2956,1.495,-80.86,4.768,-81.5
6567872,2957,1.494,-80.4,4.768,-81.5
6567892,2956,1.49,-80.26,4.768,-82
6567912,2956,1.491,-80.47,4.768,-81
6567932,2956,1.494,-80.6,4.768,-81.5
6567952,2956,1.497,-80.64,4.768,-81.5
6567972,2956,1.504,-80.89,4.75,-81.5
6567992,2956,1.498,-80.86,4.75,-81.5
6568012,2956,1.486,-80.93,4.75,-81.5
6568032,2956,1.489,-80.97,4.75,-82.5
6568052,2956,1.491,-81.39,4.75,-81
6568072,2956,1.502,-81.53,4.75,-81.5
6568092,2956,1.492,-81.29,4.739,-82
6568112,2956,1.495,-81.04,4.739,-81.5
6568132,2956,1.495,-81.22,4.739,-81.5
6568152,2956,1.492,-81.11,4.739,-81.5
6568172,2956,1.498,-80.46,4.739,-82
6568192,2956,1.503,-80.81,4.739,-81.5
6568212,2956,1.51,-81.06,4.768,-81.5
6568232,2956,1.502,-80.94,4.768,-82
6568252,2956,1.507,-81,4.768,-81
6568272,2956,1.507,-80.75,4.768,-81.5
6568292,2956,1.505,-80.47,4.768,-81.5
6568312,2956,1.499,-80.46,4.768,-82.5
6568332,2956,1.496,-80.42,4.761,-81.5
6568352,2956,1.489,-80.33,4.761,-81.5
6568372,2956,1.482,-80.11,4.761,-82
6568392,2956,1.496,-79.94,4.761,-81.5
6568412,2956,1.493,-80.19,4.761,-81.5
6568432,2956,1.49,-80.26,4.761,-81.5
6568452,2956,1.498,-80.32,4.761,-82
6568472,2956,1.492,-79.97,4.761,-81.5
6568492,2956,1.496,-79.65,4.761,-81.5
6568512,2956,1.495,-79.58,4.761,-82
6568532,2956,1.493,-79.35,4.761,-81.5
6568552,2956,1.491,-79.21,4.761,-81.5
6568572,2956,1.489,-79.86,4.709,-81.5
6568592,2956,1.483,-79.72,4.709,-82.5
6568612,2957,1.485,-79.5,4.709,-81.5
6568632,2956,1.501,-79.21,4.709,-81.5
6568652,2956,1.494,-79.15,4.709,-81.5
6568672,2956,1.493,-78.86,4.709,-82
6568692,2956,1.5,-79.35,4.744,-81.5
6568712,2956,1.491,-79.01,4.744,-81.5
6568732,2956,1.5,-78.62,4.744,-82
6568752,2956,1.504,-78.22,4.744,-81.5
6568772,2956,1.5,-78.69,4.744,-81.5
6568792,2956,1.496,-78.83,4.744,-81.5
6568812,2956,1.495,-78.9,4.753,-82.5
6568832,2956,1.492,-79.47,4.753,-81.5
6568852,2956,1.491,-79.75,4.753,-81.5
6568872,2956,1.483,-79.37,4.753,-81.5
6568892,2956,1.49,-79.86,4.753,-81.5
6568912,2956,1.489,-79.89,4.753,-82
6568932,2957,1.489,-79.61,4.734,-81.5
6568952,2956,1.485,-79.32,4.734,-82
6568972,2956,1.493,-79.15,4.734,-81.5
6568992,2956,1.5,-78.97,4.734,-81.5
6569012,2956,1.497,-79.12,4.734,-82
6569032,2956,1.492,-79.08,4.734,-82
6569052,2956,1.487,-79.69,4.753,-81.5
6569072,2956,1.489,-79.72,4.753,-81.5
6569092,2956,1.483,-79.54,4.753,-82
6569112,2956,1.48,-78.79,4.753,-82
6569132,2956,1.478,-79.17,4.753,-81.5
6569152,2956,1.476,-79.18,4.753,-81.5
6569172,2956,1.484,-79.33,4.734,-82
6569192,2956,1.495,-79.72,4.734,-81.5
6569212,2956,1.505,-79.68,4.734,-81.5
6569232,2956,1.507,-79.6,4.734,-81.5
6569252,2956,1.503,-79.47,4.734,-82
6569272,2956,1.498,-79.51,4.734,-81
6569292,2956,1.498,-79.53,4.722,-81.5
6569312,2956,1.497,-79.61,4.722,-82
6569332,2956,1.494,-79.93,4.722,-82
6569352,2957,1.499,-80.08,4.722,-81.5
6569372,2956,1.498,-80.15,4.722,-81.5
6569392,2956,1.501,-80.12,4.722,-81.5
6569412,2956,1.5,-79.65,4.75,-82
6569432,2956,1.499,-79.61,4.75,-81.5
6569452,2956,1.499,-79.54,4.75,-81.5
6569472,2956,1.491,-79.58,4.75,-82
6569492,2956,1.497,-80.06,4.75,-82.5
6569512,2956,1.502,-80.26,4.75,-81.5
6569532,2956,1.49,-80.47,4.768,-81.5
6569552,2956,1.488,-80.17,4.768,-82
6569572,2957,1.491,-80.14,4.768,-82.5
6569592,2956,1.494,-80.39,4.768,-81.5
6569612,2956,1.484,-80.19,4.768,-81.5
6569632,2956,1.469,-80.12,4.768,-82
6569652,2956,1.484,-79.65,4.761,-81.5
6569672,2957,1.487,-79.72,4.761,-81.5
6569692,2956,1.494,-79.97,4.761,-81.5
6569712,2956,1.486,-80.51,4.761,-82
6569732,2956,1.491,-80.5,4.761,-81.5
6569752,2956,1.491,-80.6,4.761,-81.5
6569772,2956,1.492,-80.61,4.737,-81.5
6569792,2957,1.497,-80.42,4.737,-82
6569812,2956,1.5,-80.58,4.737,-81
6569832,2956,1.499,-81.04,4.737,-81.5
6569852,2956,1.499,-81.19,4.737,-81.5
6569872,2956,1.493,-80.68,4.737,-82
6569892,2957,1.494,-80.39,4.739,-82
6569912,2956,1.494,-80.97,4.739,-81.5
6569932,2956,1.491,-80.97,4.739,-81.5
6569952,2956,1.486,-80.75,4.739,-82
6569972,2956,1.497,-80.33,4.739,-81.5
6569992,2956,1.492,-80.22,4.739,-81.5
6570012,2956,1.493,-80.31,4.753,-82
6570032,2956,1.491,-79.69,4.753,-82
6570052,2956,1.498,-79.83,4.753,-81
6570072,2956,1.505,-80.04,4.753,-81.5
6570092,2956,1.497,-79.92,4.753,-81.5
6570112,2956,1.493,-80.1,4.753,-82
6570132,2956,1.511,-80.25,4.761,-81.5
6570152,2956,1.506,-80.32,4.761,-81.5
6570172,2956,1.495,-79.93,4.761,-81.5
6570192,2956,1.489,-79.61,4.761,-82
6570212,2956,1.483,-79.76,4.761,-82
6570232,2956,1.495,-79.78,4.761,-81.5
6570252,2956,1.501,-79.79,4.768,-82
6570272,2956,1.502,-79.56,4.768,-82
6570292,2957,1.494,-79.96,4.768,-81.5
6570312,2957,1.49,-79.97,4.768,-81.5
6570332,2956,1.485,-79.87,4.768,-82
6570352,2957,1.492,-80.04,4.768,-81
6570372,2957,1.509,-80.25,4.731,-81.5
6570392,2956,1.505,-80.26,4.731,-81.5
6570412,2957,1.491,-79.93,4.731,-81.5
6570432,2956,1.485,-79.75,4.731,-82
6570452,2957,1.499,-79.62,4.731,-81.5
6570472,2956,1.511,-79.04,4.731,-81.5
6570492,2956,1.51,-78.58,4.739,-82
6570512,2956,1.506,-78.4,4.739,-82.5
6570532,2956,1.499,-78.72,4.739,-81.5
6570552,2956,1.503,-78.97,4.739,-81.5
6570572,2956,1.503,-79.08,4.739,-82
6570592,2956,1.494,-79.28,4.739,-82.5
6570612,2957,1.505,-79.4,4.768,-81.5
6570632,2956,1.511,-79.22,4.768,-81.5
6570652,2956,1.499,-78.97,4.768,-81.5
6570672,2956,1.502,-78.85,4.768,-82
6570692,2956,1.503,-79.22,4.768,-81.5
6570712,2956,1.501,-79.42,4.768,-81.5
6570732,2956,1.494,-79.75,4.75,-81.5
6570752,2956,1.492,-79.17,4.75,-82.5
6570772,2956,1.499,-79.72,4.75,-81.5
6570792,2956,1.503,-80.14,4.75,-81.5
6570812,2957,1.505,-79.86,4.75,-82
6570832,2956,1.508,-80.11,4.75,-82
6570852,2956,1.505,-80.24,4.753,-81.5
6570872,2956,1.499,-80.08,4.753,-81.5
6570892,2956,1.502,-80.18,4.753,-81.5
6570912,2956,1.502,-79.89,4.753,-82
6570932,2957,1.494,-80.11,4.753,-82
6570952,2956,1.502,-79.9,4.753,-81.5
6570972,2956,1.498,-79.57,4.749,-81.5
6570992,2956,1.503,-79.75,4.749,-82
6571012,2956,1.497,-79.58,4.749,-81.5
6571032,2956,1.492,-79.68,4.749,-81.5
6571052,2956,1.493,-79.35,4.749,-81.5
6571072,2956,1.494,-79.4,4.749,-82
6571092,2956,1.492,-79.14,4.744,-82.5
6571112,2956,1.501,-78.86,4.744,-81.5
6571132,2956,1.504,-78.61,4.744,-81.5
6571152,2956,1.495,-78.44,4.744,-81.5
6571172,2956,1.484,-78.29,4.744,-82.5
6571192,2956,1.484,-78.46,4.744,-81.5
6571212,2957,1.492,-78.72,4.76,-81.5
6571232,2956,1.485,-78.6,4.76,-82
6571252,2956,1.492,-78.21,4.76,-82
6571272,2956,1.498,-78.08,4.76,-81.5
6571292,2957,1.495,-78.11,4.76,-81.5
6571312,2956,1.49,-78.39,4.76,-82
6571332,2956,1.487,-78.08,4.768,-82
6571352,2956,1.497,-78.68,4.768,-81.5
6571372,2956,1.507,-78.68,4.768,-81.5
6571392,2956,1.504,-78.86,4.768,-82
6571412,2956,1.496,-78.64,4.768,-82
6571432,2956,1.496,-78.72,4.768,-81.5
6571452,2956,1.495,-79.12,4.753,-81.5
6571472,2956,1.501,-79.39,4.753,-81.5
6571492,2956,1.499,-79.29,4.753,-82
6571512,2956,1.497,-79.31,4.753,-82
6571532,2956,1.497,-79.4,4.753,-81.5
6571552,2956,1.488,-80.03,4.753,-81.5
6571572,2956,1.483,-80.22,4.744,-82
6571592,2957,1.486,-80.08,4.744,-82.5
6571612,2956,1.489,-80.31,4.744,-81.5
6571632,2957,1.486,-80.42,4.744,-81.5
6571652,2956,1.486,-80.54,4.744,-82
6571672,2956,1.486,-80.5,4.744,-82.5
6571692,2956,1.486,-80.25,4.744,-81.5
6571712,2957,1.493,-80.75,4.744,-81.5
6571732,2957,1.492,-80.57,4.744,-81.5
6571752,2957,1.487,-80.49,4.744,-82
6571772,2957,1.489,-80.58,4.744,-82.5
6571792,2956,1.484,-80.72,4.744,-81.5
6571812,2956,1.483,-80.47,4.753,-81.5
6571832,2956,1.484,-80.18,4.753,-81.5
6571852,2957,1.48,-79.79,4.753,-82
6571872,2957,1.491,-79.86,4.753,-82.5
6571892,2957,1.487,-79.9,4.753,-81.5
6571912,2956,1.49,-80.03,4.753,-82
6571932,2957,1.485,-80.08,4.753,-81.5
6571952,2957,1.483,-79.85,4.753,-82.5
6571972,2956,1.484,-79.9,4.753,-81.5
6571992,2956,1.488,-79.89,4.753,-81.5
6572012,2956,1.496,-79.79,4.753,-81.5
6572032,2957,1.49,-79.64,4.753,-82.5
6572052,2957,1.496,-79.36,4.753,-81
6572072,2957,1.499,-79.57,4.753,-81.5
6572092,2957,1.496,-79.24,4.753,-81.5
6572112,2956,1.492,-79.11,4.753,-82
6572132,2956,1.492,-79.01,4.753,-82
6572152,2957,1.494,-79.53,4.753,-81.5
6572172,2957,1.494,-79.79,4.742,-81.5
6572192,2957,1.485,-79.29,4.742,-82
6572212,2957,1.489,-78.93,4.742,-82
6572232,2956,1.495,-79.04,4.742,-81.5
6572252,2956,1.505,-78.94,4.742,-81.5
6572272,2957,1.499,-78.94,4.742,-82
6572292,2957,1.493,-78.74,4.722,-81.5
6572312,2957,1.501,-78.79,4.722,-82
6572332,2957,1.493,-79.11,4.722,-81.5
6572352,2957,1.487,-79.11,4.722,-81.5
6572372,2957,1.492,-79.35,4.722,-81.5
6572392,2957,1.49,-79.49,4.722,-81.5
6572412,2957,1.49,-79.01,4.753,-82.5
6572432,2957,1.492,-79.19,4.753,-81.5
6572452,2957,1.493,-79.4,4.753,-81.5
6572472,2957,1.49,-79.5,4.753,-81.5
6572492,2956,1.486,-79.28,4.753,-82
6572512,2957,1.489,-79,4.753,-82
6572532,2957,1.486,-79.26,4.753,-81.5
6572552,2957,1.486,-79.64,4.753,-81.5
6572572,2957,1.49,-79.68,4.753,-82
6572592,2957,1.486,-79.54,4.753,-82
6572612,2957,1.493,-79.79,4.753,-82
6572632,2957,1.492,-80.19,4.753,-81.5
6572652,2957,1.501,-80.47,4.753,-81.5
6572672,2957,1.506,-79.94,4.753,-82
6572692,2957,1.502,-79.83,4.753,-81.5
6572712,2957,1.505,-79.97,4.753,-81
6572732,2957,1.504,-80.11,4.753,-81.5
6572752,2957,1.493,-79.94,4.753,-82
6572772,2957,1.489,-80.06,4.731,-81.5
6572792,2957,1.5,-80.1,4.731,-82.5
6572812,2957,1.495,-80.26,4.731,-82
6572832,2957,1.497,-80.31,4.731,-81.5
6572852,2957,1.498,-80.42,4.731,-82
6572872,2957,1.492,-80.36,4.731,-82
6572892,2957,1.5,-80.61,4.728,-81.5
6572912,2957,1.496,-80.76,4.728,-81.5
6572932,2957,1.511,-80.93,4.728,-81.5
6572952,2957,1.504,-81.54,4.728,-81.5
6572972,2957,1.502,-81.15,4.728,-82.5
6572992,2957,1.5,-80.83,4.728,-82
6573012,2957,1.499,-81.42,4.765,-81.5
6573032,2957,1.494,-81.4,4.765,-81.5
6573052,2957,1.493,-81.33,4.765,-82
6573072,2957,1.492,-81.35,4.765,-82
6573092,2957,1.491,-81.78,4.765,-81.5
6573112,2957,1.499,-82.16,4.765,-81.5
6573132,2957,1.501,-81.87,4.76,-81.5
6573152,2957,1.492,-82.18,4.76,-82
6573172,2957,1.491,-82.04,4.76,-82
6573192,2957,1.498,-82.02,4.76,-82
6573212,2957,1.497,-82.21,4.76,-82
6573232,2957,1.49,-81.75,4.76,-81.5
6573252,2957,1.484,-81.22,4.765,-81.5
6573272,2957,1.48,-80.44,4.765,-81.5
6573292,2956,1.482,-80.4,4.765,-82.5
6573312,2957,1.481,-80.75,4.765,-82.5
6573332,2957,1.482,-80.57,4.765,-81.5
6573352,2957,1.488,-80.58,4.765,-82
6573372,2956,1.488,-80.82,4.757,-81.5
6573392,2957,1.489,-80.72,4.757,-82
6573452,2957,1.509,-81.25,4.757,-81.5
6573472,2957,1.498,-81.03,4.757,-82
6573492,2957,1.497,-81.11,4.726,-82
6573512,2957,1.491,-81.25,4.726,-82.5
6573532,2957,1.499,-81.06,4.726,-81.5
6573552,2957,1.493,-80.82,4.726,-81.5
6573572,2957,1.494,-80.71,4.726,-81.5
6573592,2957,1.496,-80.89,4.726,-82
6573612,2957,1.498,-80.58,4.768,-81.5
6573632,2957,1.494,-80.5,4.768,-81.5
6573652,2957,1.487,-80.47,4.768,-81.5
6573672,2957,1.494,-80.71,4.768,-82
6573692,2957,1.497,-80.22,4.768,-81.5
6573712,2957,1.487,-79.85,4.768,-82.5
6573732,2956,1.491,-80.15,4.771,-81.5
6573752,2957,1.489,-80.24,4.771,-81.5
6573772,2957,1.492,-80.43,4.771,-81.5
6573792,2957,1.489,-79.97,4.771,-82
6573812,2957,1.49,-79.47,4.771,-82.5
6573832,2957,1.485,-79.65,4.771,-81.5
6573852,2957,1.495,-79.83,4.765,-81.5
6573872,2956,1.497,-80.04,4.765,-82
6573892,2957,1.497,-79.92,4.765,-81.5
