2619249,1763,1.434,13.98,4.723,-82.5
2619269,1763,1.438,13.89,4.723,-82.5
2619289,1763,1.439,14.21,4.723,-82.5
2619309,1763,1.435,14.15,4.723,-82.5
2619329,1763,1.439,14.17,4.723,-82
2619349,1763,1.438,14.13,4.723,-82.5
2619369,1763,1.446,14.02,4.706,-82.5
2619389,1763,1.446,14.53,4.706,-82.5
2619409,1763,1.436,14.5,4.706,-82.5
2619429,1763,1.432,14.6,4.706,-82
2619449,1763,1.438,14.58,4.706,-82.5
2619469,1762,1.438,14.9,4.706,-83
2619489,1763,1.433,14.96,4.709,-83
2619509,1763,1.428,14.95,4.709,-82
2619529,1763,1.431,14.71,4.709,-82.5
2619549,1763,1.434,14.44,4.709,-82.5
2619569,1762,1.437,14.77,4.709,-82.5
2619589,1762,1.433,15,4.709,-82
2619609,1763,1.431,15,4.723,-82
2619629,1762,1.438,14.42,4.723,-82
2619649,1762,1.443,14.58,4.723,-82.5
2619669,1762,1.44,14.58,4.723,-82
2619689,1762,1.433,14.63,4.723,-82.5
2619709,1763,1.44,14.5,4.723,-82.5
2619729,1762,1.436,14.9,4.707,-82.5
2619749,1762,1.433,14.83,4.707,-82
2619769,1762,1.428,14.67,4.707,-82
2619789,1762,1.434,14.49,4.707,-82.5
2619809,1762,1.435,14.82,4.707,-82.5
2619829,1762,1.434,14.69,4.707,-82
2619849,1763,1.435,14.6,4.73,-82
2619869,1762,1.439,14.13,4.73,-82.5
2619889,1763,1.434,14.2,4.73,-83
2619909,1762,1.436,14.39,4.73,-82.5
2619929,1762,1.436,14.25,4.73,-82.5
2619949,1762,1.441,14.58,4.73,-82.5
2619969,1763,1.44,14.79,4.728,-83
2619989,1762,1.439,14.54,4.728,-82.5
2620009,1762,1.439,14.07,4.728,-82.5
2620029,1762,1.431,14.2,4.728,-83
2620049,1762,1.43,14.16,4.728,-82.5
2620069,1762,1.435,13.89,4.728,-82
2620089,1762,1.435,13.81,4.709,-82.5
2620109,1762,1.427,13.94,4.709,-82.5
2620129,1762,1.431,14.16,4.709,-82
2620149,1762,1.433,14.11,4.709,-82.5
2620169,1762,1.432,14.37,4.709,-83
2620189,1763,1.431,14.53,4.709,-82.5
2620209,1763,1.434,14.45,4.723,-82.5
2620229,1762,1.437,14.42,4.723,-82.5
2620249,1762,1.432,14.5,4.723,-82.5
2620269,1762,1.433,14.33,4.723,-82.5
2620289,1762,1.436,13.96,4.723,-82.5
2620309,1762,1.433,14.25,4.723,-82.5
2620329,1762,1.433,14.12,4.709,-82
2620349,1763,1.433,14.14,4.709,-82.5
2620369,1762,1.426,14.36,4.709,-82
2620389,1762,1.43,14.32,4.709,-81.5
2620409,1763,1.427,14.53,4.709,-82.5
2620429,1762,1.421,14.42,4.709,-82
2620449,1763,1.422,14.42,4.723,-82
2620469,1762,1.426,14.67,4.723,-82.5
2620489,1762,1.42,14.7,4.723,-82
2620509,1762,1.421,14.23,4.723,-82.5
2620529,1762,1.423,14.48,4.723,-82.5
2620549,1762,1.428,14.53,4.723,-82
2620569,1762,1.436,14.4,4.737,-82.5
2620589,1762,1.433,14.69,4.737,-83
2620609,1762,1.429,14.67,4.737,-82
2620629,1762,1.43,14.57,4.737,-82.5
2620649,1762,1.425,14.82,4.737,-82.5
2620669,1762,1.433,14.71,4.737,-82.5
2620689,1763,1.433,15.17,4.736,-82.5
2620709,1762,1.431,15.27,4.736,-82
2620729,1762,1.436,14.91,4.736,-82.5
2620749,1762,1.432,15.1,4.736,-82.5
2620769,1762,1.431,14.92,4.736,-82.5
2620789,1762,1.433,15.33,4.736,-82.5
2620809,1763,1.421,15.25,4.723,-82.5
2620829,1762,1.427,14.94,4.723,-82
2620849,1762,1.427,15.25,4.723,-82.5
2620869,1762,1.429,15.37,4.723,-82
2620889,1762,1.432,15.04,4.723,-82.5
2620909,1762,1.426,15,4.723,-82
2620929,1762,1.432,14.98,4.709,-82.5
2620949,1762,1.435,15.33,4.709,-82.5
2620969,1762,1.431,15.17,4.709,-82.5
2620989,1762,1.431,15.03,4.709,-82.5
2621009,1762,1.43,14.98,4.709,-82.5
2621029,1762,1.431,15.36,4.709,-83
2621049,1762,1.428,15.49,4.73,-82.5
2621069,1762,1.432,15.32,4.73,-82.5
2621089,1762,1.437,15.25,4.73,-82.5
2621109,1762,1.44,15.16,4.73,-81.5
2621129,1762,1.44,15.46,4.73,-82.5
2621149,1762,1.439,15.52,4.73,-82
2621169,1762,1.437,14.77,4.737,-83
2621189,1762,1.432,14.83,4.737,-82
2621209,1762,1.442,14.71,4.737,-82.5
2621229,1762,1.442,14.92,4.737,-82.5
2621249,1762,1.445,14.89,4.737,-82
2621269,1762,1.441,15.12,4.737,-82.5
2621289,1762,1.437,15.08,4.709,-82
2621309,1762,1.437,14.71,4.709,-82.5
2621329,1762,1.435,14.86,4.709,-82.5
2621349,1762,1.437,14.46,4.709,-83
2621369,1762,1.439,14.9,4.709,-82.5
2621389,1762,1.44,14.79,4.709,-82
2621409,1762,1.435,15.19,4.709,-82.5
2621429,1762,1.444,15.17,4.709,-82
2621449,1762,1.443,15.33,4.709,-82.5
2621469,1762,1.443,15.14,4.709,-82.5
2621489,1762,1.443,15.58,4.709,-82.5
2621509,1762,1.438,15.42,4.709,-82
2621529,1762,1.437,15.42,4.736,-83
2621549,1762,1.43,15.39,4.736,-82
2621569,1762,1.43,15.83,4.736,-83
2621589,1762,1.433,15.78,4.736,-81.5
2621609,1762,1.434,15.98,4.736,-82.5
2621629,1762,1.434,16.02,4.736,-82
2621649,1762,1.435,15.98,4.723,-82.5
2621669,1762,1.435,16.02,4.723,-82
2621689,1762,1.433,16.15,4.723,-82.5
2621709,1762,1.432,16.1,4.723,-82
2621729,1762,1.432,15.92,4.723,-82.5
2621749,1762,1.443,16.06,4.723,-81.5
2621769,1762,1.441,15.5,4.728,-82.5
2621789,1762,1.437,15.49,4.728,-82.5
2621809,1762,1.439,15.42,4.728,-82.5
2621829,1762,1.429,15.5,4.728,-82.5
2621849,1762,1.426,15.39,4.728,-82.5
2621869,1762,1.423,15.32,4.728,-82
2621889,1762,1.427,15.1,4.709,-83
2621909,1762,1.431,15.08,4.709,-82
2621929,1762,1.433,15.44,4.709,-82
2621949,1762,1.441,15.5,4.709,-82.5
2621969,1762,1.438,15.52,4.709,-82.5
2621989,1762,1.437,15.29,4.709,-82.5
2622009,1762,1.436,15.62,4.709,-82.5
2622029,1762,1.446,15.5,4.709,-81.5
2622049,1762,1.436,15.73,4.709,-82
2622069,1762,1.443,15.82,4.709,-81.5
2622089,1762,1.439,15.99,4.709,-82.5
2622109,1762,1.442,15.79,4.709,-82.5
2622129,1762,1.432,15.67,4.703,-82.5
2622149,1762,1.433,15.91,4.703,-82.5
2622169,1762,1.425,15.83,4.703,-82
2622189,1762,1.428,16.07,4.703,-82.5
2622209,1762,1.429,15.92,4.703,-82.5
2622229,1762,1.432,16.19,4.703,-82
2622249,1762,1.433,16.12,4.723,-82.5
2622269,1762,1.429,16.19,4.723,-82.5
2622289,1762,1.433,16.15,4.723,-82.5
2622309,1762,1.426,16.04,4.723,-82
2622329,1762,1.431,16.19,4.723,-82.5
2622349,1762,1.432,16,4.723,-81.5
2622369,1762,1.433,16.15,4.728,-83
2622389,1762,1.432,15.83,4.728,-82.5
2622409,1762,1.429,15.75,4.728,-82
2622429,1762,1.428,15.17,4.728,-82.5
2622449,1762,1.426,14.96,4.728,-82.5
2622469,1761,1.429,15.24,4.728,-82.5
2622489,1762,1.431,15.33,4.709,-82
2622509,1762,1.433,15.66,4.709,-82
2622529,1762,1.432,15.21,4.709,-82.5
2622549,1762,1.424,15.19,4.709,-82.5
2622569,1762,1.426,15.25,4.709,-83
2622589,1762,1.426,15,4.709,-82.5
2622609,1762,1.428,15.11,4.707,-82.5
2622629,1762,1.43,15,4.707,-82.5
2622649,1762,1.426,15.03,4.707,-82.5
2622669,1762,1.434,15.07,4.707,-82.5
2622689,1762,1.432,15.14,4.707,-82
2622709,1762,1.43,15.16,4.707,-82
2622729,1762,1.436,15.23,4.709,-82.5
2622749,1762,1.436,15.39,4.709,-82
2622769,1762,1.43,15.6,4.709,-82.5
2622789,1762,1.437,15.65,4.709,-82
2622809,1762,1.429,15.77,4.709,-82
2622829,1762,1.433,15.79,4.709,-82.5
2622849,1762,1.427,15.58,4.736,-82.5
2622869,1762,1.419,15.69,4.736,-82.5
2622889,1762,1.426,15.17,4.736,-82.5
2622909,1762,1.423,15.2,4.736,-82
2622929,1762,1.42,15.64,4.736,-82.5
2622949,1762,1.422,15.63,4.736,-82
2622969,1762,1.416,15.7,4.733,-82.5
2622989,1762,1.419,15.82,4.733,-82.5
2623009,1762,1.424,15.71,4.733,-82
2623029,1762,1.423,15.74,4.733,-82.5
2623049,1762,1.429,15.39,4.733,-82
2623069,1762,1.432,15.29,4.733,-82.5
2623089,1762,1.426,15.37,4.709,-82.5
2623109,1762,1.434,15.21,4.709,-82.5
2623129,1762,1.429,15.08,4.709,-82
2623149,1762,1.431,15.24,4.709,-82
2623169,1762,1.436,15.23,4.709,-82.5
2623189,1762,1.439,15.4,4.709,-82
2623209,1762,1.437,15.58,4.707,-82
2623229,1762,1.435,14.92,4.707,-81.5
2623249,1762,1.438,14.86,4.707,-82
2623269,1762,1.44,15.08,4.707,-82.5
2623289,1762,1.441,14.71,4.707,-82.5
2623309,1762,1.442,14.57,4.707,-82
2623329,1762,1.438,14.87,4.723,-82.5
2623349,1762,1.44,15.12,4.723,-82.5
2623369,1762,1.445,15.19,4.723,-82.5
2623389,1762,1.445,15.54,4.723,-82.5
2623409,1762,1.438,15.24,4.723,-83
2623429,1762,1.436,15,4.723,-81.5
2623449,1762,1.428,15.1,4.73,-82
2623469,1762,1.424,15.23,4.73,-82.5
2623489,1762,1.431,15.04,4.73,-82.5
2623509,1762,1.423,14.94,4.73,-82
2623529,1762,1.42,15.17,4.73,-82.5
2623549,1762,1.426,15,4.73,-82.5
2623569,1762,1.425,14.92,4.733,-82
2623589,1762,1.417,15.11,4.733,-82.5
2623609,1762,1.426,15.52,4.733,-82.5
2623629,1762,1.437,15.52,4.733,-82.5
2623649,1762,1.427,15.42,4.733,-82
2623669,1761,1.426,15.61,4.733,-83
2623689,1762,1.429,15.08,4.736,-82.5
2623709,1762,1.434,15.23,4.736,-82
2623729,1762,1.429,15.53,4.736,-82
2623749,1762,1.431,15.7,4.736,-82.5
2623769,1762,1.431,15.4,4.736,-82.5
2623789,1762,1.429,15.33,4.736,-82.5
2623809,1762,1.424,15.46,4.696,-82.5
2623829,1762,1.433,15.54,4.696,-82.5
2623849,1761,1.436,15.42,4.696,-82
2623869,1762,1.427,15.65,4.696,-82.5
2623889,1762,1.422,15.88,4.696,-82.5
2623909,1762,1.424,15.92,4.696,-82.5
2623929,1762,1.431,15.95,4.709,-82
2623949,1762,1.432,16.15,4.709,-82.5
2623969,1762,1.425,16.16,4.709,-82.5
2623989,1761,1.433,16.19,4.709,-82.5
2624009,1761,1.431,15.89,4.709,-82.5
2624029,1762,1.426,15.79,4.709,-82
2624049,1762,1.432,15.92,4.73,-82.5
2624069,1762,1.43,16.2,4.73,-82.5
2624089,1762,1.434,16.01,4.73,-82.5
2624109,1762,1.437,16.17,4.73,-82
2624129,1762,1.437,16.5,4.73,-82.5
2624149,1762,1.439,16.59,4.73,-82
2624169,1762,1.44,16.37,4.728,-82.5
2624189,1762,1.434,16.23,4.728,-82
2624209,1762,1.428,16.35,4.728,-82
2624229,1762,1.426,16.45,4.728,-82.5
2624249,1762,1.432,16.03,4.728,-82.5
2624269,1762,1.432,15.88,4.728,-82
2624289,1762,1.426,15.92,4.709,-82.5
2624309,1762,1.428,16.23,4.709,-82.5
2624329,1762,1.428,16.36,4.709,-82
2624349,1762,1.434,16.03,4.709,-81.5
2624369,1762,1.432,15.99,4.709,-82
2624389,1762,1.429,16.28,4.709,-82.5
2624409,1762,1.428,16.52,4.723,-83
2624429,1762,1.433,16.08,4.723,-82
2624449,1762,1.433,15.86,4.723,-82
2624469,1762,1.431,15.79,4.723,-82
2624489,1762,1.433,16.02,4.723,-82
2624509,1762,1.435,15.96,4.723,-83
2624529,1762,1.438,15.48,4.723,-82.5
2624549,1762,1.436,15.44,4.723,-82
2624569,1762,1.431,15.63,4.723,-82.5
2624589,1761,1.427,15.79,4.723,-82.5
2624609,1762,1.43,15.98,4.723,-82.5
2624629,1762,1.439,15.65,4.723,-82.5
2624649,1762,1.44,15.81,4.73,-82
2624669,1762,1.435,15.92,4.73,-82.5
2624689,1762,1.436,15.81,4.73,-82
2624709,1762,1.435,16.07,4.73,-82.5
2624729,1762,1.434,15.39,4.73,-82.5
2624749,1762,1.434,15.13,4.73,-82.5
2624769,1762,1.432,14.89,4.742,-82.5
2624789,1762,1.44,15.28,4.742,-82
2624809,1762,1.434,15.42,4.742,-82.5
2624829,1762,1.439,15.71,4.742,-82.5
2624849,1762,1.442,15.46,4.742,-83
2624869,1762,1.443,15.29,4.742,-82
2624889,1762,1.445,15.29,4.709,-81.5
2624909,1762,1.444,15.45,4.709,-82
2624929,1762,1.436,15.44,4.709,-82
2624949,1762,1.436,15.46,4.709,-83
2624969,1762,1.432,14.88,4.709,-82.5
2624989,1762,1.443,14.75,4.709,-82.5
2625009,1762,1.447,14.89,4.722,-82.5
2625029,1762,1.44,14.98,4.722,-82.5
2625049,1761,1.439,15.38,4.722,-82
2625069,1762,1.433,15.44,4.722,-82.5
2625089,1762,1.439,15.67,4.722,-82
2625109,1762,1.439,15.96,4.722,-82.5
2625129,1762,1.443,15.67,4.709,-82
2625149,1762,1.443,15.75,4.709,-82
2625169,1762,1.441,15.79,4.709,-82
2625189,1762,1.439,16.1,4.709,-82
2625209,1762,1.439,16.28,4.709,-82.5
2625229,1762,1.431,16.35,4.709,-82.5
2625249,1762,1.435,16.32,4.73,-82.5
2625269,1762,1.441,16.18,4.73,-82.5
2625289,1762,1.44,15.87,4.73,-82
2625309,1762,1.438,15.83,4.73,-82
2625329,1762,1.438,16.08,4.73,-82
2625349,1762,1.435,16.25,4.73,-82.5
2625369,1762,1.429,16.42,4.709,-82.5
2625389,1762,1.426,16.58,4.709,-82.5
2625409,1762,1.428,16.5,4.709,-82.5
2625429,1762,1.436,16.06,4.709,-82.5
2625449,1762,1.431,15.78,4.709,-82.5
2625469,1762,1.435,15.75,4.709,-82
2625489,1762,1.441,16.1,4.709,-82.5
2625509,1762,1.442,16.24,4.709,-82.5
2625529,1762,1.435,16.42,4.709,-82.5
2625549,1762,1.433,16.75,4.709,-82.5
2625569,1762,1.435,16.95,4.709,-82.5
2625589,1762,1.435,17.03,4.709,-82.5
2625609,1762,1.436,16.69,4.723,-82.5
2625629,1762,1.443,16.58,4.723,-82.5
2625649,1761,1.439,16.19,4.723,-82
2625669,1762,1.447,16.01,4.723,-82
2625689,1762,1.441,16.02,4.723,-82
2625709,1762,1.439,16.14,4.723,-82
2625729,1761,1.439,16.2,4.736,-82
2625749,1762,1.441,16.39,4.736,-82
2625769,1762,1.434,16.4,4.736,-82.5
2625789,1762,1.439,16.36,4.736,-82.5
2625809,1762,1.438,16.54,4.736,-83
2625829,1762,1.435,16.29,4.736,-82.5
2625849,1762,1.437,16.34,4.723,-82.5
2625869,1762,1.444,16.33,4.723,-82
2625889,1762,1.44,15.92,4.723,-82.5
2625909,1761,1.441,16.03,4.723,-82.5
2625929,1762,1.447,15.86,4.723,-81.5
2625949,1762,1.447,15.75,4.723,-82
2625969,1762,1.446,15.81,4.728,-82
2625989,1761,1.442,15.6,4.728,-81.5
2626009,1762,1.435,15.53,4.728,-82
2626029,1762,1.44,15.81,4.728,-82
2626049,1762,1.436,16.02,4.728,-82
2626069,1762,1.429,16.03,4.728,-82.5
2626089,1762,1.424,15.98,4.709,-82.5
2626109,1762,1.427,16.26,4.709,-82.5
2626129,1762,1.425,16.29,4.709,-82
2626149,1762,1.425,16.16,4.709,-82.5
2626169,1762,1.426,16.25,4.709,-82.5
2626189,1762,1.43,16.35,4.709,-82.5
2626209,1761,1.437,16.26,4.723,-82.5
2626229,1762,1.442,15.92,4.723,-82.5
2626249,1762,1.44,15.4,4.723,-82.5
2626269,1762,1.447,15.36,4.723,-82.5
2626289,1762,1.443,14.64,4.723,-82.5
2626309,1762,1.446,14.75,4.723,-83
2626329,1762,1.454,14.4,4.736,-82
2626349,1762,1.448,14,4.736,-82
2626369,1762,1.443,13.67,4.736,-82
2626389,1762,1.441,13.82,4.736,-82
2626409,1762,1.445,13.62,4.736,-82.5
2626429,1762,1.446,13.77,4.736,-82
2626449,1762,1.444,13.6,4.73,-82
2626469,1762,1.441,13.6,4.73,-82
2626489,1762,1.443,13.49,4.73,-82.5
2626509,1762,1.45,13.4,4.73,-82.5
2626529,1762,1.456,13.27,4.73,-82
2626549,1761,1.458,13.08,4.73,-81.5
2626569,1761,1.455,13.15,4.731,-82.5
2626589,1762,1.458,13.28,4.731,-82.5
2626609,1762,1.457,13.45,4.731,-82.5
2626629,1761,1.454,13.21,4.731,-82
2626649,1762,1.456,13.06,4.731,-82.5
2626669,1762,1.456,13.2,4.731,-82.5
2626689,1762,1.459,13.17,4.709,-82.5
2626709,1762,1.452,13.15,4.709,-83
2626729,1762,1.454,12.94,4.709,-82.5
2626749,1762,1.452,12.96,4.709,-83
2626769,1762,1.452,13.21,4.709,-83
2626789,1762,1.447,13.59,4.709,-82.5
2626809,1761,1.442,13.82,4.723,-82.5
2626829,1762,1.432,13.96,4.723,-83
2626849,1762,1.431,14.29,4.723,-82.5
2626869,1762,1.433,14.53,4.723,-82.5
2626889,1762,1.434,14.83,4.723,-82
2626909,1762,1.435,14.94,4.723,-82
2626929,1762,1.43,15.04,4.723,-82.5
2626949,1762,1.432,15.41,4.723,-82
2626969,1762,1.426,15.63,4.723,-82
2626989,1762,1.425,15.61,4.723,-82
2627009,1762,1.423,15.5,4.723,-82.5
2627029,1762,1.422,15.5,4.723,-82.5
2627049,1762,1.428,15.28,4.723,-82.5
2627069,1762,1.428,15,4.723,-82.5
2627089,1762,1.427,14.63,4.723,-82
2627109,1762,1.428,14.4,4.723,-82.5
2627129,1762,1.427,14.15,4.723,-82.5
2627149,1762,1.421,14.13,4.723,-82.5
2627169,1762,1.423,13.96,4.706,-82
2627189,1762,1.423,14.2,4.706,-82.5
2627209,1762,1.425,14.61,4.706,-82.5
2627229,1762,1.426,14.7,4.706,-82
2627249,1762,1.433,15.07,4.706,-82.5
2627269,1762,1.433,15.36,4.706,-82
2627289,1762,1.435,15.41,4.709,-82
2627309,1762,1.439,15.29,4.709,-82
2627329,1762,1.438,15.11,4.709,-81.5
2627349,1762,1.444,15.17,4.709,-82
2627369,1762,1.445,15.04,4.709,-82.5
2627389,1762,1.445,15.04,4.709,-82.5
2627409,1762,1.445,15.17,4.696,-82.5
2627429,1762,1.444,15.73,4.696,-83
2627449,1762,1.438,15.62,4.696,-82.5
2627469,1762,1.432,15.79,4.696,-82.5
2627489,1762,1.432,16.12,4.696,-82
2627509,1762,1.43,16.16,4.696,-81.5
2627529,1762,1.435,16.43,4.709,-82.5
2627549,1762,1.433,16.35,4.709,-82
2627569,1761,1.437,16.2,4.709,-82
2627589,1762,1.441,16.06,4.709,-82.5
2627609,1761,1.443,16.16,4.709,-83
2627629,1762,1.44,16.59,4.709,-83
2627649,1762,1.435,16.66,4.73,-82.5
2627669,1762,1.432,16.7,4.73,-82
2627689,1762,1.427,16.7,4.73,-82
2627709,1761,1.426,16.75,4.73,-82.5
2627729,1762,1.429,16.83,4.73,-82
2627749,1762,1.433,16.42,4.73,-82.5
2627769,1761,1.437,16.41,4.737,-82.5
2627789,1762,1.438,16.04,4.737,-82.5
2627809,1762,1.438,15.56,4.737,-82.5
2627829,1762,1.438,15.71,4.737,-82.5
2627849,1762,1.436,16.1,4.737,-82.5
2627869,1762,1.436,16.19,4.737,-82.5
2627889,1762,1.434,16.26,4.709,-82.5
2627909,1762,1.434,16.1,4.709,-82
2627929,1762,1.436,16.04,4.709,-82.5
2627949,1762,1.435,15.67,4.709,-82.5
2627969,1762,1.439,15.88,4.709,-82.5
2627989,1761,1.429,15.75,4.709,-83
2628009,1762,1.425,15.92,4.73,-82
2628029,1762,1.422,16.2,4.73,-82.5
2628049,1762,1.421,16.14,4.73,-81.5
2628069,1762,1.429,15.88,4.73,-81.5
2628089,1762,1.435,15.79,4.73,-82
2628109,1761,1.438,15.37,4.73,-82.5
2628129,1762,1.433,15.67,4.703,-82
2628149,1762,1.431,15.79,4.703,-82
2628169,1762,1.43,16,4.703,-82
2628189,1761,1.429,15.96,4.703,-82
2628209,1762,1.433,16.03,4.703,-82.5
2628229,1762,1.435,15.96,4.703,-82.5
2628249,1762,1.437,16.19,4.73,-82.5
2628269,1761,1.442,16.61,4.73,-82.5
2628289,1762,1.437,16.66,4.73,-82.5
2628309,1762,1.441,16.49,4.73,-82
2628329,1762,1.441,16.23,4.73,-82
2628349,1761,1.442,15.96,4.73,-82.5
2628369,1762,1.437,15.71,4.722,-82.5
2628389,1761,1.44,15.87,4.722,-82
2628409,1762,1.43,15.86,4.722,-82.5
2628429,1762,1.434,16.17,4.722,-81.5
2628449,1762,1.441,16.33,4.722,-82
2628469,1762,1.436,15.67,4.722,-82.5
2628489,1762,1.433,15.17,4.709,-83
2628509,1762,1.44,15.64,4.709,-82
2628529,1762,1.434,15.62,4.709,-81.5
2628549,1762,1.429,15.5,4.709,-82
2628569,1762,1.432,15.52,4.709,-82.5
2628589,1762,1.432,15.32,4.709,-82.5
2628609,1762,1.435,15.78,4.707,-83
2628629,1762,1.431,15.91,4.707,-82.5
2628649,1761,1.435,15.94,4.707,-82.5
2628669,1762,1.435,15.92,4.707,-82
2628689,1762,1.438,15.81,4.707,-82.5
2628709,1762,1.438,16.02,4.707,-83
2628729,1762,1.436,16.08,4.723,-82.5
2628749,1761,1.429,15.88,4.723,-82
2628769,1762,1.434,15.57,4.723,-82.5
2628789,1762,1.44,15.38,4.723,-82.5
2628809,1762,1.443,15.42,4.723,-82.5
2628829,1762,1.435,15.61,4.723,-82.5
2628849,1762,1.431,15.7,4.723,-81.5
2628869,1762,1.435,15.5,4.723,-82
2628889,1762,1.437,15.57,4.723,-82.5
2628909,1762,1.438,15.99,4.723,-82.5
2628929,1762,1.437,16.02,4.723,-81.5
2628949,1762,1.44,16.11,4.723,-81.5
2628969,1762,1.44,15.98,4.733,-82.5
2628989,1762,1.439,15.83,4.733,-83
2629009,1761,1.433,16.02,4.733,-82.5
2629029,1762,1.421,16.02,4.733,-82.5
2629049,1762,1.43,16.19,4.733,-82
2629069,1762,1.43,16.04,4.733,-82.5
2629089,1762,1.431,16.11,4.709,-83
2629109,1762,1.423,16.19,4.709,-82
2629129,1762,1.428,16.07,4.709,-82.5
2629149,1762,1.435,15.89,4.709,-82
2629169,1762,1.441,15.58,4.709,-82.5
2629189,1762,1.442,15.65,4.709,-82
2629209,1762,1.445,15.96,4.723,-82
2629229,1762,1.444,15.95,4.723,-82.5
