2347232,2049,1.985,-9.38,4.785,-82
2347252,2054,1.975,-9.38,4.785,-82.5
2347272,2065,1.981,-9.13,4.785,-82
2347292,2079,1.979,-9.09,4.785,-81.5
2347312,2095,1.973,-9.37,4.785,-82
2347332,2110,1.976,-9.47,4.8,-81.5
2347352,2117,1.976,-9.5,4.8,-82
2347372,2118,1.969,-9.66,4.8,-82
2347392,2119,1.972,-9.63,4.8,-82
2347412,2119,1.973,-9.59,4.8,-82
2347432,2119,1.971,-9.57,4.8,-82
2347452,2120,1.972,-9.5,4.772,-82
2347472,2120,1.97,-9.3,4.772,-82
2347492,2120,1.977,-9.18,4.772,-81.5
2347512,2120,1.973,-9.01,4.772,-82.5
2347532,2122,1.97,-9.17,4.772,-82
2347552,2123,1.971,-9.14,4.772,-82
2347572,2123,1.969,-8.83,4.782,-83.5
2347592,2124,1.97,-8.8,4.782,-82
2347612,2125,1.968,-8.72,4.782,-83
2347632,2125,1.966,-8.72,4.782,-82.5
2347652,2127,1.978,-8.51,4.782,-83
2347672,2128,1.987,-8.59,4.782,-82.5
2347692,2130,1.989,-8.66,4.8,-82.5
2347712,2130,1.991,-8.51,4.8,-82.5
2347732,2131,1.988,-8.63,4.8,-82.5
2347752,2132,1.988,-8.92,4.8,-82
2347772,2135,1.99,-9.39,4.8,-81.5
2347792,2136,1.99,-9.67,4.8,-82.5
2347812,2137,1.988,-9.84,4.785,-81
2347832,2138,1.975,-9.8,4.785,-82.5
2347852,2140,1.972,-9.71,4.785,-81.5
2347872,2142,1.97,-9.93,4.785,-82
2347892,2143,1.969,-9.76,4.785,-82.5
2347912,2144,1.967,-9.76,4.785,-82
2347932,2147,1.966,-9.51,4.8,-82.5
2347952,2149,1.973,-9.6,4.8,-83
2347972,2150,1.974,-9.96,4.8,-81.5
2347992,2152,1.968,-10.22,4.8,-82
2348012,2154,1.966,-10.37,4.8,-82
2348032,2156,1.965,-10.75,4.8,-81
2348052,2159,1.964,-10.88,4.772,-82
2348072,2160,1.964,-11.1,4.772,-81
2348092,2162,1.956,-11.57,4.772,-81.5
2348112,2166,1.951,-12.13,4.772,-81.5
2348132,2168,1.951,-12.49,4.772,-81
2348152,2172,1.948,-12.62,4.772,-82
2348172,2174,1.935,-13.07,4.796,-81.5
2348192,2176,1.931,-13.45,4.796,-81.5
2348212,2179,1.926,-13.73,4.796,-82
2348232,2184,1.914,-13.92,4.796,-81
2348252,2187,1.91,-14.58,4.796,-82
2348272,2189,1.903,-14.96,4.796,-82
2348292,2191,1.897,-15.33,4.801,-81
2348312,2198,1.896,-15.46,4.801,-82
2348332,2200,1.895,-15.71,4.801,-81.5
2348352,2203,1.907,-15.87,4.801,-81.5
2348372,2206,1.921,-16.37,4.801,-82
2348392,2211,1.938,-16.58,4.801,-82
2348412,2215,1.938,-17.27,4.772,-81.5
2348432,2218,1.922,-17.64,4.772,-82
2348452,2222,1.914,-17.69,4.772,-81.5
2348472,2228,1.912,-18.04,4.772,-82.5
2348492,2231,1.91,-18.82,4.772,-82
2348512,2236,1.91,-19.29,4.772,-81
2348532,2239,1.911,-19.54,4.782,-81
2348552,2245,1.906,-19.78,4.782,-81.5
2348572,2249,1.899,-20.32,4.782,-81.5
2348592,2253,1.905,-20.57,4.782,-81
2348612,2257,1.912,-21.51,4.782,-82.5
2348632,2265,1.913,-22,4.782,-81.5
2348652,2268,1.908,-22.48,4.792,-81
2348672,2273,1.91,-22.79,4.792,-82.5
2348692,2276,1.902,-23.37,4.792,-81.5
2348712,2284,1.903,-23.85,4.792,-81
2348732,2288,1.918,-24.6,4.792,-81.5
2348752,2293,1.898,-25.18,4.792,-81.5
2348772,2297,1.892,-25.23,4.782,-81
2348792,2306,1.887,-25.59,4.782,-82.5
2348812,2310,1.892,-26.4,4.782,-82
2348832,2315,1.897,-26.46,4.782,-82
2348852,2320,1.892,-26.84,4.782,-81.5
2348872,2328,1.885,-27.25,4.782,-82
2348892,2333,1.892,-27.76,4.785,-82
2348912,2338,1.894,-28.71,4.785,-81.5
2348932,2344,1.889,-29.14,4.785,-82
2348952,2352,1.88,-29.53,4.785,-81.5
2348972,2357,1.881,-30.07,4.785,-81.5
2348992,2362,1.889,-30.84,4.785,-81.5
2349012,2367,1.879,-31.46,4.792,-82.5
2349032,2376,1.882,-31.55,4.792,-81.5
2349052,2381,1.883,-32.11,4.792,-81.5
2349072,2387,1.882,-32.29,4.792,-81.5
2349092,2392,1.884,-32.84,4.792,-81.5
2349112,2402,1.873,-33.16,4.792,-82
2349132,2407,1.867,-33.55,4.8,-81
2349152,2413,1.874,-34.2,4.8,-81.5
2349172,2418,1.867,-34.78,4.8,-82.5
2349192,2429,1.859,-35.38,4.8,-82
2349212,2435,1.856,-35.84,4.8,-81.5
2349232,2440,1.861,-36.14,4.8,-81.5
2349252,2445,1.865,-36.91,4.772,-81.5
2349272,2457,1.869,-37.37,4.772,-82.5
2349292,2463,1.871,-37.64,4.772,-81.5
2349312,2469,1.866,-37.91,4.772,-81.5
2349332,2475,1.867,-38.5,4.772,-82
2349352,2486,1.868,-39.16,4.772,-81
2349372,2492,1.868,-40,4.796,-81
2349392,2497,1.86,-40.64,4.796,-82.5
2349412,2503,1.852,-41.12,4.796,-82.5
2349432,2515,1.854,-41.4,4.796,-82
2349452,2522,1.858,-42.12,4.796,-81.5
2349472,2528,1.862,-43.06,4.796,-81.5
2349492,2534,1.866,-43.87,4.8,-81.5
2349512,2546,1.862,-44.71,4.8,-82
2349532,2553,1.858,-45.32,4.8,-81.5
2349552,2559,1.848,-46,4.8,-81.5
2349572,2565,1.852,-46.75,4.8,-81
2349592,2578,1.861,-47.48,4.8,-81.5
2349612,2584,1.86,-48.49,4.772,-83
2349632,2590,1.851,-49.11,4.772,-82
2349652,2597,1.84,-49.9,4.772,-82
2349672,2610,1.836,-50.7,4.772,-81.5
2349692,2616,1.843,-51.77,4.772,-81
2349712,2623,1.843,-52.65,4.772,-81
2349732,2631,1.834,-53.49,4.782,-82
2349752,2644,1.826,-54.08,4.782,-81.5
2349772,2652,1.817,-54.77,4.782,-82
2349792,2658,1.815,-55.62,4.782,-81.5
2349812,2665,1.825,-56.19,4.782,-81
2349832,2679,1.832,-56.62,4.782,-81
2349852,2686,1.827,-57.21,4.792,-82
2349872,2692,1.82,-57.69,4.792,-82
2349892,2699,1.82,-58.21,4.792,-82
2349912,2714,1.823,-58.66,4.792,-81.5
2349932,2721,1.825,-59.52,4.792,-81.5
2349952,2728,1.828,-60.18,4.792,-81
2349972,2735,1.827,-60.91,4.782,-82.5
2349992,2751,1.825,-61.32,4.782,-82
2350012,2758,1.825,-61.76,4.782,-82
2350032,2766,1.82,-62.46,4.782,-81.5
2350052,2774,1.813,-63.09,4.782,-81
2350072,2788,1.804,-63.78,4.782,-81.5
2350092,2796,1.813,-64.49,4.782,-81.5
2350112,2804,1.817,-65.18,4.782,-81.5
2350132,2812,1.817,-65.99,4.782,-82.5
2350152,2827,1.825,-66.86,4.782,-82
2350172,2835,1.816,-67.54,4.782,-82
2350192,2843,1.809,-68.03,4.782,-82
2350212,2850,1.797,-68.51,4.798,-81.5
2350232,2867,1.79,-69.26,4.798,-81.5
2350252,2874,1.786,-69.67,4.798,-81.5
2350272,2882,1.79,-70.08,4.798,-81
2350292,2898,1.797,-70.67,4.798,-81.5
2350312,2907,1.803,-71.37,4.798,-81
2350332,2915,1.802,-71.86,4.8,-81
2350352,2924,1.808,-72.5,4.8,-81.5
2350372,2940,1.802,-73.21,4.8,-82
2350392,2948,1.8,-73.53,4.8,-82.5
2350412,2957,1.799,-74.17,4.8,-81.5
2350432,2965,1.799,-74.65,4.8,-82.5
2350452,2982,1.801,-75.22,4.785,-82
2350472,2990,1.798,-75.74,4.785,-82
2350492,3000,1.79,-76.26,4.785,-82
2350512,3009,1.789,-76.67,4.785,-82
2350532,3027,1.788,-76.93,4.785,-83
2350552,3035,1.786,-77.19,4.785,-82
2350572,3045,1.789,-77.42,4.78,-82.5
2350592,3053,1.799,-77.58,4.78,-82
2350612,3071,1.796,-78.07,4.78,-81.5
2350632,3079,1.804,-77.94,4.78,-81.5
2350652,3091,1.809,-78.44,4.78,-82
2350672,3079,1.822,-78.79,4.78,-82.5
2350692,3060,1.831,-79.29,4.8,-82.5
2350712,3045,1.827,-79.68,4.8,-82
2350732,3042,1.828,-79.92,4.8,-82.5
2350752,3044,1.823,-80.19,4.8,-82
2350772,3054,1.819,-80.37,4.8,-83
2350792,3064,1.822,-80.81,4.8,-82.5
2350812,3071,1.827,-81.28,4.772,-82.5
2350832,3078,1.835,-81.72,4.772,-83
2350852,3090,1.838,-82.65,4.772,-82.5
2350872,3097,1.845,-83.3,4.772,-83.5
2350892,3103,1.842,-83.15,4.772,-82.5
2350912,3108,1.842,-83.5,4.772,-83
2350932,3118,1.844,-83.99,4.8,-83.5
2350952,3123,1.847,-84.62,4.8,-83
2350972,3127,1.853,-85.21,4.8,-83
2350992,3131,1.864,-85.55,4.8,-84.5
2351012,3138,1.871,-85.72,4.8,-84
2351032,3142,1.867,-85.56,4.8,-82.5
2351052,3145,1.86,-85.53,4.772,-82
2351072,3147,1.865,-85.93,4.772,-84
2351092,3153,1.87,-86.24,4.772,-84
2351112,3156,1.871,-86.38,4.772,-84
2351132,3158,1.871,-86.57,4.772,-84
2351152,3159,1.877,-86.83,4.772,-83
2351172,3160,1.879,-87.18,4.796,-83
2351192,3161,1.881,-87.45,4.796,-83
2351212,3162,1.885,-72.87,4.796,-83.5
2351232,3164,1.891,-74.32,4.796,-83
2351252,3164,1.893,-75.47,4.796,-83.5
2351272,3164,1.898,-76.61,4.796,-84.5
2351292,3164,1.898,-77.47,4.79,-84
2351312,3164,1.899,-78.4,4.79,-83.5
2351332,3163,1.899,-79.29,4.79,-83.5
2351352,3163,1.903,-80.07,4.79,-83.5
2351372,3163,1.899,-80.75,4.79,-84
2351392,3162,1.89,-81.29,4.79,-83.5
2351412,3162,1.888,-81.72,4.772,-83
2351432,3162,1.893,-82.15,4.772,-82.5
2351452,3161,1.898,-82.5,4.772,-83
2351472,3161,1.894,-82.92,4.772,-83
2351492,3160,1.894,-83.31,4.772,-84
2351512,3159,1.893,-83.63,4.772,-83.5
2351532,3159,1.89,-84.08,4.8,-83.5
2351552,3157,1.881,-84.54,4.8,-83.5
2351572,3155,1.879,-84.67,4.8,-84.5
2351592,3153,1.881,-85.32,4.8,-84.5
2351612,3152,1.874,-85.27,4.8,-83.5
2351632,3150,1.876,-85.33,4.8,-83
2351652,3148,1.87,-85.38,4.772,-83
2351672,3146,1.866,-85.45,4.772,-83
2351692,3144,1.868,-85.45,4.772,-83
2351712,3143,1.874,-85.47,4.772,-83.5
2351732,3140,1.88,-85.8,4.772,-84
2351752,3138,1.881,-86.15,4.772,-84.5
2351772,3137,1.88,-86.59,4.782,-85.5
2351792,3136,1.877,-86.68,4.782,-85.5
2351812,3132,1.88,-86.75,4.782,-84
2351832,3131,1.879,-86.61,4.782,-83.5
2351852,3130,1.875,-86.57,4.782,-83.5
2351872,3127,1.866,-86.57,4.782,-84.5
2351892,3124,1.857,-86.71,4.792,-83
2351912,3123,1.845,-86.77,4.792,-82.5
2351932,3121,1.843,-86.78,4.792,-83
2351952,3119,1.845,-86.72,4.792,-82.5
2351972,3116,1.851,-86.61,4.792,-83
2351992,3114,1.847,-86.78,4.792,-82.5
2352012,3112,1.848,-86.78,4.772,-83
2352032,3110,1.846,-86.68,4.772,-83
2352052,3107,1.841,-86.1,4.772,-82.5
2352072,3105,1.837,-85.73,4.772,-83
2352092,3103,1.84,-85.71,4.772,-82.5
2352112,3102,1.852,-85.73,4.772,-83
2352132,3097,1.858,-85.68,4.801,-82.5
2352152,3095,1.85,-85.88,4.801,-83
2352172,3093,1.845,-85.9,4.801,-82.5
2352192,3091,1.84,-85.7,4.801,-82
2352212,3088,1.834,-85.59,4.801,-82.5
2352232,3086,1.84,-85.48,4.801,-83
2352252,3083,1.854,-85.59,4.772,-83
2352272,3081,1.856,-85.38,4.772,-82.5
2352292,3077,1.861,-85.23,4.772,-83
2352312,3074,1.862,-84.93,4.772,-83.5
2352332,3072,1.86,-84.5,4.772,-82.5
2352352,3070,1.852,-84.34,4.772,-81.5
2352372,3066,1.845,-84.16,4.793,-82
2352392,3064,1.839,-84.34,4.793,-83
2352412,3062,1.832,-84.3,4.793,-83
2352432,3060,1.838,-84.37,4.793,-83
2352452,3055,1.835,-84.12,4.793,-83.5
2352472,3053,1.829,-83.91,4.793,-82.5
2352492,3050,1.821,-83.87,4.8,-82
2352512,3047,1.819,-83.49,4.8,-82.5
2352532,3043,1.814,-83.25,4.8,-81.5
2352552,3041,1.822,-82.89,4.8,-82
2352572,3038,1.823,-82.59,4.8,-82.5
2352592,3035,1.827,-82.79,4.8,-82.5
2352612,3031,1.832,-82.48,4.792,-83
2352632,3028,1.832,-82.34,4.792,-82
2352652,3025,1.825,-82.22,4.792,-82
2352672,3022,1.829,-81.96,4.792,-82.5
2352692,3017,1.836,-81.83,4.792,-83
2352712,3015,1.853,-81.79,4.792,-83.5
2352732,3012,1.858,-81.58,4.8,-82.5
2352752,3009,1.85,-81.68,4.8,-82
2352772,3003,1.846,-81.57,4.8,-81.5
2352792,3000,1.847,-81.43,4.8,-82.5
2352812,2997,1.848,-81.35,4.8,-82.5
2352832,2994,1.851,-80.97,4.8,-82
2352852,2989,1.856,-80.9,4.772,-82
2352872,2986,1.855,-80.81,4.772,-82.5
2352892,2983,1.848,-80.65,4.772,-83
2352912,2981,1.843,-80.04,4.772,-82
2352932,2974,1.848,-79.75,4.772,-81.5
2352952,2972,1.846,-79.71,4.772,-82
2352972,2969,1.838,-79.65,4.78,-82.5
2352992,2966,1.83,-79.65,4.78,-81.5
2353012,2960,1.837,-79.71,4.78,-82
2353032,2958,1.85,-79.81,4.78,-82
2353052,2954,1.848,-80,4.78,-82
2353072,2951,1.841,-79.97,4.78,-81.5
2353092,2946,1.843,-79.79,4.801,-82
2353112,2943,1.832,-79.72,4.801,-81.5
2353132,2939,1.824,-79.49,4.801,-82
2353152,2936,1.822,-79.44,4.801,-81.5
2353172,2931,1.824,-79.39,4.801,-82
2353192,2927,1.821,-79.58,4.801,-82.5
2353212,2925,1.817,-79.47,4.772,-81.5
2353232,2921,1.811,-79.14,4.772,-81.5
2353252,2915,1.81,-78.4,4.772,-81.5
2353272,2912,1.811,-78.28,4.772,-83
2353292,2909,1.816,-78.47,4.772,-81.5
2353312,2905,1.813,-78.61,4.772,-81.5
2353332,2900,1.806,-78.58,4.782,-82
2353352,2897,1.797,-78.31,4.782,-81.5
2353372,2893,1.795,-78.12,4.782,-82
2353392,2891,1.801,-78.07,4.782,-81.5
2353412,2884,1.8,-77.99,4.782,-81.5
2353432,2881,1.797,-78.04,4.782,-82
2353452,2879,1.799,-77.76,4.792,-82.5
2353472,2876,1.806,-77.31,4.792,-81.5
2353492,2869,1.812,-77.1,4.792,-82
2353512,2866,1.815,-77.25,4.792,-83
2353532,2863,1.819,-77.36,4.792,-81.5
2353552,2860,1.814,-77.17,4.792,-81.5
2353572,2854,1.808,-76.6,4.785,-82
2353592,2851,1.81,-76.37,4.785,-81.5
2353612,2848,1.809,-76.17,4.785,-82.5
2353632,2844,1.805,-76,4.785,-81
2353652,2838,1.797,-75.76,4.785,-81
2353672,2836,1.794,-75.72,4.785,-82.5
2353692,2832,1.795,-75.44,4.8,-81
2353712,2829,1.798,-75.42,4.8,-82
2353732,2822,1.803,-75.57,4.8,-81
2353752,2819,1.802,-75.24,4.8,-81
2353772,2817,1.8,-74.93,4.8,-82
2353792,2813,1.8,-74.57,4.8,-81.5
2353812,2807,1.792,-74.33,4.792,-82
2353832,2804,1.794,-74.18,4.792,-81
2353852,2801,1.801,-73.99,4.792,-81.5
2353872,2798,1.809,-74.07,4.792,-81.5
2353892,2792,1.822,-73.68,4.792,-82
2353912,2789,1.819,-72.97,4.792,-82.5
2353932,2786,1.819,-72.68,4.792,-81.5
2353952,2783,1.815,-72.51,4.792,-82
2353972,2777,1.814,-72.11,4.792,-81
2353992,2773,1.815,-71.78,4.792,-81.5
2354012,2770,1.81,-71.68,4.792,-81.5
2354032,2768,1.8,-71.29,4.792,-82
2354052,2761,1.801,-71.25,4.785,-82
2354072,2758,1.813,-71.17,4.785,-82
2354092,2756,1.809,-71.22,4.785,-82
2354112,2753,1.809,-70.93,4.785,-81.5
2354132,2746,1.808,-70.47,4.785,-81.5
2354152,2743,1.814,-70.4,4.785,-81
2354172,2740,1.81,-70.19,4.782,-81.5
2354192,2737,1.813,-69.93,4.782,-81
2354212,2731,1.803,-69.68,4.782,-81.5
2354232,2728,1.81,-69.61,4.782,-81
2354252,2724,1.807,-69.22,4.782,-81.5
2354272,2722,1.808,-69.1,4.782,-83
2354292,2715,1.804,-68.72,4.8,-81.5
2354312,2713,1.803,-68.51,4.8,-81
2354332,2709,1.804,-68.33,4.8,-82
2354352,2706,1.815,-68.11,4.8,-81.5
2354372,2700,1.812,-67.82,4.8,-82
2354392,2696,1.817,-67.64,4.8,-81
2354412,2693,1.81,-67.33,4.785,-81.5
2354432,2690,1.813,-66.87,4.785,-81
2354452,2685,1.805,-66.06,4.785,-81.5
2354472,2682,1.812,-65.86,4.785,-81.5
2354492,2679,1.809,-65.85,4.785,-82
2354512,2675,1.812,-65.56,4.785,-81.5
2354532,2669,1.808,-65.11,4.801,-81.5
2354552,2666,1.813,-64.68,4.801,-81.5
2354572,2662,1.812,-64.26,4.801,-82.5
2354592,2659,1.806,-63.94,4.801,-81.5
2354612,2653,1.809,-63.94,4.801,-82
2354632,2650,1.799,-63.62,4.801,-82
2354652,2646,1.806,-63.37,4.772,-81
2354672,2644,1.801,-62.94,4.772,-81.5
2354692,2636,1.802,-62.83,4.772,-81
2354712,2634,1.799,-62.42,4.772,-82
2354732,2630,1.791,-61.91,4.772,-81
2354752,2627,1.797,-61.6,4.772,-82
2354772,2621,1.801,-61.44,4.782,-81.5
2354792,2617,1.808,-61.19,4.782,-81.5
2354812,2614,1.808,-60.81,4.782,-82
2354832,2610,1.816,-60.78,4.782,-81.5
2354852,2604,1.82,-60.62,4.782,-82
2354872,2600,1.815,-60.41,4.782,-81
2354892,2597,1.817,-60.02,4.801,-81.5
2354912,2594,1.815,-59.94,4.801,-82
2354932,2587,1.825,-59.53,4.801,-81.5
2354952,2583,1.817,-58.93,4.801,-82
2354972,2580,1.819,-58.68,4.801,-81.5
2354992,2576,1.83,-58.85,4.801,-81.5
2355012,2569,1.822,-58.71,4.772,-81.5
2355032,2565,1.829,-58.33,4.772,-81.5
2355052,2562,1.821,-58.46,4.772,-82
2355072,2560,1.824,-58.24,4.772,-81.5
2355092,2552,1.828,-57.53,4.772,-81
2355112,2548,1.821,-57.35,4.772,-82
2355132,2545,1.827,-57.44,4.8,-81
2355152,2542,1.819,-57.86,4.8,-82
2355172,2535,1.818,-57.74,4.8,-82
2355192,2531,1.829,-57.43,4.8,-81.5
2355212,2527,1.826,-57.12,4.8,-82.5
2355232,2524,1.822,-56.76,4.8,-81.5
2355252,2516,1.833,-56.76,4.772,-81
2355272,2512,1.829,-56.42,4.772,-81.5
2355292,2509,1.825,-55.89,4.772,-81.5
2355312,2505,1.834,-55.52,4.772,-81
2355332,2498,1.829,-55.19,4.772,-82
2355352,2496,1.832,-54.9,4.772,-81.5
2355372,2491,1.839,-53.77,4.782,-81.5
2355392,2488,1.835,-53.55,4.782,-82
2355412,2480,1.835,-52.9,4.782,-81.5
2355432,2477,1.841,-52.41,4.782,-81
2355452,2473,1.834,-52.01,4.782,-81.5
2355472,2470,1.836,-51.62,4.782,-81.5
2355492,2462,1.831,-51.01,4.801,-82.5
2355512,2458,1.826,-50.76,4.801,-82.5
2355532,2455,1.833,-50.32,4.801,-81.5
2355552,2450,1.833,-50.24,4.801,-81
2355572,2443,1.832,-49.92,4.801,-82.5
2355592,2439,1.829,-49.31,4.801,-82
2355612,2435,1.841,-49.36,4.772,-81
2355632,2431,1.836,-48.87,4.772,-82
2355652,2423,1.841,-48.34,4.772,-81.5
2355672,2419,1.85,-47.82,4.772,-81.5
2355692,2416,1.853,-47.32,4.772,-81
2355712,2412,1.846,-46.92,4.772,-82
2355732,2404,1.851,-46.44,4.8,-81.5
2355752,2400,1.855,-45.71,4.8,-81.5
2355772,2396,1.854,-45.16,4.8,-82
2355792,2392,1.857,-44.35,4.8,-81.5
2355812,2384,1.86,-43.89,4.8,-81
2355832,2381,1.857,-43.27,4.8,-82
2355852,2377,1.859,-42.87,4.785,-82
2355872,2373,1.865,-42.07,4.785,-81
2355892,2366,1.875,-41.79,4.785,-81.5
2355912,2362,1.864,-41.25,4.785,-81.5
2355932,2359,1.87,-41.03,4.785,-82
2355952,2355,1.878,-40.96,4.785,-81.5
2355972,2347,1.87,-40.43,4.782,-82.5
2355992,2343,1.858,-40.16,4.782,-82.5
2356012,2339,1.86,-39.89,4.782,-81.5
2356032,2335,1.862,-39.48,4.782,-81
2356052,2328,1.864,-38.96,4.782,-81
2356072,2324,1.862,-38.48,4.782,-82
2356092,2320,1.857,-37.98,4.801,-82
2356112,2316,1.859,-37.59,4.801,-81.5
2356132,2308,1.857,-37.34,4.801,-81.5
2356152,2304,1.845,-36.98,4.801,-82
2356172,2301,1.85,-36.84,4.801,-82.5
2356192,2297,1.853,-36.05,4.801,-81
2356212,2289,1.865,-35.52,4.785,-81
2356232,2286,1.862,-35.3,4.785,-81.5
2356252,2282,1.863,-34.8,4.785,-82
2356272,2278,1.865,-34.63,4.785,-81.5
2356292,2271,1.869,-34.11,4.785,-82
2356312,2266,1.877,-33.95,4.785,-81.5
2356332,2263,1.885,-33.63,4.796,-81.5
2356352,2258,1.877,-33.25,4.796,-82
2356372,2251,1.884,-33.23,4.796,-82
2356392,2247,1.884,-32.73,4.796,-81.5
2356412,2243,1.89,-32.37,4.796,-81.5
2356432,2240,1.901,-32,4.796,-81.5
2356452,2234,1.893,-31.59,4.772,-81.5
2356472,2230,1.891,-31.23,4.772,-82
2356492,2225,1.888,-30.32,4.772,-81.5
2356512,2222,1.898,-30.09,4.772,-81.5
2356532,2215,1.895,-29.67,4.772,-81
2356552,2210,1.886,-29.13,4.772,-82.5
2356572,2207,1.88,-28.73,4.782,-82
2356592,2203,1.877,-28.43,4.782,-81.5
2356612,2196,1.891,-28.59,4.782,-81.5
2356632,2192,1.904,-28.31,4.782,-81
2356652,2188,1.897,-27.83,4.782,-81
2356672,2185,1.898,-27.32,4.782,-82
2356692,2177,1.895,-26.8,4.801,-82
2356712,2174,1.895,-26.37,4.801,-81.5
2356732,2170,1.902,-26.26,4.801,-82.5
2356752,2166,1.908,-25.92,4.801,-81.5
2356772,2159,1.919,-25.16,4.801,-81.5
2356792,2155,1.912,-24.56,4.801,-81.5
2356812,2152,1.902,-23.99,4.772,-82.5
2356832,2148,1.906,-23.73,4.772,-81.5
2356852,2141,1.9,-23.09,4.772,-81.5
2356872,2138,1.894,-22.32,4.772,-81.5
2356892,2134,1.898,-21.97,4.772,-81.5
2356912,2130,1.897,-21.54,4.772,-81
2356932,2123,1.902,-21.07,4.792,-81
2356952,2120,1.919,-20.6,4.792,-82
2356972,2117,1.93,-19.85,4.792,-82
2356992,2113,1.937,-19.33,4.792,-82.5
2357012,2106,1.928,-18.98,4.792,-81.5
2357032,2103,1.915,-18.54,4.792,-82
2357052,2099,1.919,-18.44,4.772,-81
2357072,2096,1.913,-18.01,4.772,-81.5
2357092,2089,1.918,-17.27,4.772,-81
2357112,2086,1.917,-16.82,4.772,-81.5
2357132,2082,1.919,-16.35,4.772,-81
2357152,2079,1.923,-15.83,4.772,-81.5
2357172,2073,1.929,-15.48,4.782,-82
2357192,2069,1.921,-15.15,4.782,-81.5
2357212,2066,1.932,-14.69,4.782,-82
2357232,2062,1.929,-14.06,4.782,-82
2357252,2055,1.941,-13.71,4.782,-82.5
2357272,2052,1.95,-13.25,4.782,-82.5
2357292,2049,1.957,-13.14,4.8,-82
2357312,2045,1.957,-12.59,4.8,-81.5
2357332,2038,1.969,-12.14,4.8,-82
2357352,2035,1.978,-11.6,4.8,-83
2357372,2032,1.967,-11.11,4.8,-82
2357392,2028,1.963,-10.39,4.8,-81.5
2357412,2022,1.941,-9.99,4.772,-81
2357432,2018,1.93,-9.51,4.772,-81.5
2357452,2016,1.916,-9.21,4.772,-81
2357472,2012,1.905,-8.71,4.772,-82
2357492,2005,1.905,-8.34,4.772,-81
2357512,2003,1.907,-8.01,4.772,-81
2357532,1999,1.906,-7.33,4.8,-82.5
2357552,1996,1.898,-6.85,4.8,-82.5
2357572,1990,1.883,-6.14,4.8,-82.5
2357592,1987,1.887,-5.62,4.8,-82
2357612,1983,1.878,-5.04,4.8,-82
2357632,1980,1.873,-4.54,4.8,-82
2357652,1974,1.871,-4.04,4.792,-82
2357672,1970,1.852,-3.4,4.792,-82
2357692,1967,1.86,-2.74,4.792,-81
2357712,1964,1.882,-2.16,4.792,-83
2357732,1958,1.894,-1.75,4.792,-82.5
2357752,1954,1.893,-1.35,4.792,-82
2357772,1951,1.882,-0.97,4.779,-81.5
2357792,1948,1.882,-0.45,4.779,-82
2357812,1942,1.895,-0.08,4.779,-81.5
2357832,1939,1.899,0.04,4.779,-82
2357852,1936,1.91,0.42,4.779,-81.5
2357872,1932,1.916,0.72,4.779,-81.5
2357892,1926,1.912,1.22,4.792,-82.5
2357912,1923,1.905,1.62,4.792,-81.5
2357932,1918,1.909,1.99,4.792,-81.5
2357952,1916,1.908,2.48,4.792,-81
2357972,1909,1.895,2.9,4.792,-81.5
2357992,1906,1.899,3.16,4.792,-81.5
2358012,1903,1.901,3.49,4.792,-82
2358032,1900,1.901,3.66,4.792,-82
2358052,1894,1.901,4.08,4.792,-81.5
2358072,1891,1.893,5.06,4.792,-81
2358092,1888,1.894,5.47,4.792,-81.5
2358112,1885,1.903,5.83,4.792,-82
2358132,1879,1.909,6.69,4.8,-82
2358152,1876,1.9,6.85,4.8,-82
2358172,1873,1.897,7.43,4.8,-81.5
2358192,1869,1.903,7.87,4.8,-82
2358212,1863,1.913,8.55,4.8,-82
2358232,1860,1.898,9.13,4.8,-82
2358252,1857,1.89,9.39,4.792,-82
2358272,1854,1.895,9.75,4.792,-82
2358292,1848,1.896,10.14,4.792,-82
2358312,1845,1.892,10.48,4.792,-81
2358332,1842,1.883,10.82,4.792,-81
2358352,1839,1.887,11.05,4.792,-81.5
2358372,1833,1.888,11.1,4.782,-81.5
2358392,1830,1.887,11.75,4.782,-81.5
2358412,1827,1.882,12.2,4.782,-82
2358432,1824,1.872,12.67,4.782,-82
2358452,1817,1.87,13.1,4.782,-81.5
2358472,1815,1.877,13.45,4.782,-81.5
2358492,1812,1.879,13.74,4.8,-81.5
2358512,1808,1.875,14.17,4.8,-81.5
2358532,1802,1.864,14.45,4.8,-81.5
2358552,1799,1.869,14.67,4.8,-81.5
2358572,1796,1.854,14.98,4.8,-82.5
2358592,1792,1.856,15.37,4.8,-82.5
2358612,1785,1.868,15.94,4.792,-81.5
2358632,1783,1.868,16.25,4.792,-81
2358652,1779,1.88,16.69,4.792,-81.5
2358672,1776,1.872,17.09,4.792,-81.5
2358692,1769,1.868,17.16,4.792,-81.5
2358712,1766,1.866,17.78,4.792,-82
2358732,1762,1.86,18.02,4.801,-82
2358752,1760,1.859,18.52,4.801,-81
2358772,1754,1.864,18.91,4.801,-81.5
2358792,1750,1.861,19.1,4.801,-81
2358812,1747,1.848,19.51,4.801,-81.5
2358832,1743,1.84,19.66,4.801,-82
2358852,1737,1.85,20.06,4.772,-81.5
2358872,1733,1.858,19.76,4.772,-81.5
2358892,1730,1.867,20.1,4.772,-81.5
2358912,1726,1.856,20.34,4.772,-81.5
2358932,1719,1.86,20.6,4.772,-81.5
2358952,1716,1.865,20.98,4.772,-81
2358972,1712,1.854,21.33,4.801,-81
2358992,1709,1.851,21.73,4.801,-81.5
2359012,1701,1.851,22.15,4.801,-82.5
2359032,1698,1.844,23.07,4.801,-81.5
2359052,1694,1.843,23.28,4.801,-81.5
2359072,1690,1.846,23.63,4.801,-81.5
2359092,1683,1.856,24.05,4.801,-82
2359112,1679,1.861,24.35,4.801,-81.5
2359132,1676,1.865,24.7,4.801,-81.5
2359152,1672,1.875,24.62,4.801,-81.5
2359172,1665,1.87,24.82,4.801,-82
2359192,1660,1.868,25.18,4.801,-81.5
2359212,1656,1.872,25.59,4.772,-81.5
2359232,1653,1.875,25.43,4.772,-82
2359252,1645,1.885,25.81,4.772,-82
2359272,1641,1.895,26.12,4.772,-82
2359292,1637,1.904,26.26,4.772,-82
2359312,1634,1.914,26.82,4.772,-82
2359332,1626,1.922,26.99,4.801,-81.5
2359352,1622,1.928,27.41,4.801,-81.5
2359372,1618,1.916,27.89,4.801,-81.5
2359392,1609,1.893,28.43,4.801,-82
2359412,1606,1.875,28.96,4.801,-81
2359432,1602,1.876,29.04,4.801,-82
2359452,1597,1.882,29.31,4.772,-82
2359472,1588,1.886,29.68,4.772,-81
2359492,1585,1.897,30.34,4.772,-82
2359512,1581,1.909,30.62,4.772,-82.5
2359532,1576,1.915,31.06,4.772,-81.5
2359552,1568,1.917,31.22,4.772,-82
2359572,1564,1.915,31.38,4.796,-82
2359592,1560,1.924,31.92,4.796,-82.5
2359612,1556,1.928,32.39,4.796,-82
2359632,1548,1.93,32.29,4.796,-82
2359652,1543,1.929,32.82,4.796,-81
2359672,1540,1.921,33.32,4.796,-81.5
2359692,1534,1.931,33.88,4.792,-82
2359712,1526,1.936,34.29,4.792,-81.5
2359732,1522,1.929,34.63,4.792,-82
2359752,1517,1.919,35.36,4.792,-81.5
2359772,1513,1.892,35.53,4.792,-82
2359792,1505,1.891,35.46,4.792,-81
2359812,1500,1.869,35.68,4.792,-81.5
2359832,1496,1.857,35.84,4.792,-82
2359852,1491,1.861,36.18,4.792,-81
2359872,1483,1.863,36.5,4.792,-82
2359892,1479,1.865,36.93,4.792,-82.5
2359912,1474,1.865,37.38,4.792,-81.5
2359932,1470,1.854,37.75,4.8,-81.5
2359952,1461,1.849,38,4.8,-82
2359972,1456,1.854,38.41,4.8,-81
2359992,1452,1.848,38.91,4.8,-82
2360012,1448,1.844,39.46,4.8,-81
2360032,1438,1.841,40.2,4.8,-81.5
2360052,1434,1.823,40.57,4.772,-81.5
2360072,1429,1.831,41.25,4.772,-81
2360092,1425,1.834,41.6,4.772,-81.5
2360112,1417,1.835,41.85,4.772,-82
2360132,1412,1.832,42,4.772,-81
2360152,1406,1.821,42.21,4.772,-81.5
2360172,1401,1.81,42.89,4.796,-82
2360192,1393,1.807,43.1,4.796,-81
2360212,1388,1.818,43.55,4.796,-82.5
2360232,1383,1.825,43.57,4.796,-81.5
2360252,1379,1.821,44.04,4.796,-82
2360272,1370,1.823,44.27,4.796,-81.5
2360292,1365,1.83,44.66,4.792,-81.5
2360312,1360,1.834,45.33,4.792,-82
2360332,1356,1.84,45.19,4.792,-81.5
2360352,1347,1.826,45.64,4.792,-81.5
2360372,1341,1.826,45.68,4.792,-81.5
2360392,1336,1.809,45.95,4.792,-82
2360412,1332,1.804,46.74,4.772,-82
2360432,1322,1.803,47.25,4.772,-81
2360452,1318,1.8,47.7,4.772,-82
2360472,1313,1.812,48.02,4.772,-81.5
2360492,1309,1.811,48.09,4.772,-81.5
2360512,1298,1.81,48.32,4.772,-81
2360532,1294,1.801,48.41,4.801,-81.5
2360552,1290,1.806,48.84,4.801,-81
2360572,1285,1.796,49.01,4.801,-81.5
2360592,1276,1.791,49.45,4.801,-81.5
2360612,1271,1.782,49.6,4.801,-81
2360632,1266,1.773,50.15,4.801,-81.5
2360652,1262,1.78,50.28,4.772,-81
2360672,1253,1.78,51.03,4.772,-82.5
2360692,1248,1.782,51.06,4.772,-81.5
2360712,1243,1.779,51.4,4.772,-82
2360732,1238,1.785,51.73,4.772,-81
2360752,1228,1.782,51.9,4.772,-81.5
2360772,1224,1.792,52.16,4.793,-81.5
2360792,1219,1.789,52.53,4.793,-81.5
2360812,1214,1.789,52.9,4.793,-81
2360832,1205,1.784,53.27,4.793,-82
2360852,1200,1.782,53.37,4.793,-81.5
2360872,1196,1.777,53.42,4.793,-81.5
2360892,1191,1.777,53.69,4.792,-81
2360912,1181,1.768,53.98,4.792,-81.5
2360932,1177,1.765,54.03,4.792,-81
2360952,1171,1.76,53.92,4.792,-81.5
2360972,1167,1.763,54.27,4.792,-81
2360992,1157,1.756,54.8,4.792,-81.5
2361012,1153,1.756,54.74,4.792,-81.5
2361032,1148,1.755,55.21,4.792,-82
2361052,1143,1.754,55.57,4.792,-81.5
2361072,1133,1.752,55.75,4.792,-82
2361092,1128,1.761,56.06,4.792,-81.5
2361112,1123,1.765,55.93,4.792,-82.5
2361132,1118,1.768,56.17,4.796,-81.5
2361152,1108,1.769,56.08,4.796,-82
2361172,1103,1.771,56.43,4.796,-81.5
2361192,1099,1.763,56.57,4.796,-81
2361212,1094,1.759,56.94,4.796,-81.5
2361232,1083,1.748,57.03,4.796,-81
2361252,1078,1.741,57.03,4.785,-82
2361272,1073,1.737,57.49,4.785,-81.5
2361292,1068,1.744,57.44,4.785,-81
2361312,1058,1.741,57.81,4.785,-81.5
2361332,1053,1.738,58.15,4.785,-81
2361352,1049,1.744,58.07,4.785,-82
2361372,1043,1.742,58.27,4.782,-81
2361392,1034,1.737,58.41,4.782,-82
2361412,1028,1.742,59.07,4.782,-81.5
2361432,1024,1.745,59.37,4.782,-81.5
2361452,1019,1.751,59.35,4.782,-81.5
2361472,1015,1.743,59.33,4.782,-81.5
2361492,1022,1.739,59.58,4.792,-82
2361512,1038,1.735,59.71,4.792,-82
2361532,1052,1.731,59.69,4.792,-81.5
2361552,1068,1.733,59.69,4.792,-82
2361572,1068,1.723,59.81,4.792,-82
2361592,1066,1.725,59.46,4.792,-81.5
2361612,1065,1.732,59.73,4.779,-82
2361632,1063,1.721,59.83,4.779,-81.5
2361652,1062,1.724,59.49,4.779,-82
2361672,1060,1.729,59.43,4.779,-81.5
2361692,1059,1.727,59.4,4.779,-81
2361712,1057,1.729,59.75,4.779,-82
2361732,1056,1.738,59.85,4.8,-82
2361752,1056,1.745,59.82,4.8,-81
2361772,1055,1.742,59.84,4.8,-82.5
2361792,1055,1.745,59.94,4.8,-81.5
2361812,1054,1.752,60.17,4.8,-81.5
2361832,1054,1.749,60.28,4.8,-82
2361852,1055,1.75,60.3,4.772,-82
2361872,1055,1.749,60.53,4.772,-81.5
2361892,1055,1.748,60.65,4.772,-81.5
2361912,1056,1.755,60.65,4.772,-81.5
2361932,1057,1.752,60.73,4.772,-81
2361952,1058,1.751,60.65,4.772,-82
2361972,1059,1.753,60.55,4.785,-81.5
2361992,1060,1.742,60.42,4.785,-82
2362012,1061,1.738,60.14,4.785,-82
2362032,1064,1.74,59.92,4.785,-81.5
2362052,1065,1.738,59.74,4.785,-82.5
2362072,1066,1.736,59.16,4.785,-81.5
2362092,1068,1.722,59.1,4.8,-81.5
2362112,1072,1.725,58.87,4.8,-81
2362132,1074,1.737,58.81,4.8,-81
2362152,1077,1.739,58.37,4.8,-81.5
2362172,1079,1.724,58.23,4.8,-81.5
2362192,1085,1.714,58.26,4.8,-81.5
2362212,1088,1.715,58.23,4.792,-82.5
2362232,1090,1.725,58.35,4.792,-81.5
2362252,1093,1.732,58.4,4.792,-81.5
2362272,1098,1.731,58.06,4.792,-81
2362292,1100,1.726,58.02,4.792,-81
2362312,1103,1.733,58.3,4.792,-82
2362332,1106,1.73,58.21,4.8,-82
2362352,1110,1.733,58.27,4.8,-81.5
2362372,1113,1.734,58.25,4.8,-81.5
2362392,1116,1.735,58.28,4.8,-81
2362412,1118,1.729,58.19,4.8,-81.5
2362432,1123,1.741,58.06,4.8,-82.5
2362452,1125,1.737,58.09,4.772,-82
2362472,1129,1.732,58.37,4.772,-81.5
2362492,1131,1.749,58.39,4.772,-81.5
2362512,1136,1.748,58.21,4.772,-81
2362532,1139,1.745,58.42,4.772,-81
2362552,1142,1.743,58.28,4.772,-82
2362572,1144,1.744,58.6,4.782,-81.5
2362592,1150,1.75,58.96,4.782,-81.5
2362612,1152,1.753,58.92,4.782,-81.5
2362632,1154,1.75,58.78,4.782,-81.5
2362652,1157,1.746,58.83,4.782,-81
2362672,1162,1.752,59.41,4.782,-82
2362692,1165,1.753,58.96,4.8,-82
2362712,1168,1.748,58.8,4.8,-81.5
2362732,1171,1.747,58.64,4.8,-81
2362752,1176,1.747,58.46,4.8,-81.5
2362772,1179,1.747,58.41,4.8,-81
2362792,1182,1.748,58.12,4.8,-81.5
2362812,1184,1.745,57.84,4.772,-82.5
2362832,1190,1.749,57.36,4.772,-82.5
2362852,1193,1.75,57.14,4.772,-81.5
2362872,1196,1.748,57.15,4.772,-81.5
2362892,1199,1.746,57.11,4.772,-81.5
2362912,1204,1.748,56.93,4.772,-81.5
2362932,1206,1.747,56.44,4.79,-81.5
2362952,1210,1.747,56.31,4.79,-81
2362972,1213,1.751,56.17,4.79,-82
2362992,1218,1.75,56.16,4.79,-82.5
2363012,1221,1.753,56.05,4.79,-82
2363032,1224,1.753,55.57,4.79,-82
2363052,1227,1.753,55.28,4.785,-81.5
2363072,1233,1.752,55.59,4.785,-81
2363092,1235,1.762,55.55,4.785,-81.5
2363112,1239,1.761,55.1,4.785,-81.5
2363132,1242,1.755,54.87,4.785,-81.5
2363152,1248,1.752,54.92,4.785,-81.5
2363172,1250,1.755,54.59,4.782,-81.5
2363192,1253,1.758,54.77,4.782,-81.5
2363212,1256,1.76,54.32,4.782,-81
2363232,1262,1.763,54.23,4.782,-82
2363252,1265,1.763,54.3,4.782,-82
2363272,1268,1.765,54.11,4.782,-82.5
2363292,1270,1.764,53.87,4.812,-82
2363312,1276,1.764,53.52,4.812,-82
2363332,1279,1.762,53.58,4.812,-82
2363352,1282,1.759,53.41,4.812,-82
2363372,1286,1.762,53.46,4.812,-81.5
2363392,1291,1.757,53.23,4.812,-81.5
2363412,1294,1.753,53.12,4.792,-81.5
2363432,1297,1.754,53.07,4.792,-82
2363452,1300,1.754,52.91,4.792,-81.5
2363472,1303,1.754,52.36,4.792,-82
2363492,1310,1.758,52.19,4.792,-82
2363512,1312,1.762,52.26,4.792,-82
2363532,1316,1.761,52.52,4.8,-82
2363552,1322,1.762,52.67,4.8,-81.5
2363572,1325,1.759,52.36,4.8,-82
2363592,1328,1.768,51.92,4.8,-82
2363612,1331,1.774,51.62,4.8,-82
2363632,1337,1.773,51.46,4.8,-82
2363652,1341,1.773,51.37,4.785,-82
2363672,1344,1.779,51.18,4.785,-82
2363692,1348,1.781,51.11,4.785,-81
2363712,1354,1.784,50.71,4.785,-82.5
2363732,1357,1.795,50.23,4.785,-81
2363752,1360,1.789,50.11,4.785,-81.5
2363772,1363,1.791,50.24,4.782,-81.5
2363792,1370,1.787,49.7,4.782,-81.5
2363812,1373,1.778,49.46,4.782,-81
2363832,1377,1.773,49.24,4.782,-81.5
2363852,1380,1.767,49.14,4.782,-81
2363872,1386,1.766,48.85,4.782,-81.5
2363892,1390,1.772,48.81,4.8,-82.5
2363912,1392,1.775,48.86,4.8,-82
2363932,1396,1.782,48.8,4.8,-82
2363952,1403,1.792,48.51,4.8,-82
2363972,1406,1.792,48.21,4.8,-81
2363992,1411,1.799,48.07,4.8,-81
2364012,1414,1.8,47.7,4.772,-81.5
2364032,1420,1.796,47.53,4.772,-82
2364052,1424,1.799,47.28,4.772,-81.5
2364072,1427,1.784,47.05,4.772,-82
2364092,1430,1.789,47.32,4.772,-82
2364112,1437,1.796,47.27,4.772,-81
2364132,1441,1.799,47.12,4.8,-81.5
2364152,1444,1.794,46.86,4.8,-81.5
2364172,1447,1.795,46.49,4.8,-81.5
2364192,1454,1.792,46.2,4.8,-82
2364212,1457,1.806,46.03,4.8,-81
2364232,1461,1.817,45.78,4.8,-81.5
2364252,1464,1.831,46,4.798,-81.5
2364272,1471,1.83,45.65,4.798,-82
2364292,1474,1.83,45.41,4.798,-82.5
2364312,1477,1.839,45.11,4.798,-81.5
2364332,1481,1.845,45.11,4.798,-81.5
2364352,1488,1.83,44.67,4.798,-81.5
2364372,1491,1.83,44.35,4.782,-82
2364392,1495,1.84,44.23,4.782,-81
2364412,1498,1.843,43.5,4.782,-81
2364432,1505,1.836,43.33,4.782,-81
2364452,1509,1.829,43.06,4.782,-81.5
2364472,1512,1.816,42.87,4.782,-82
2364492,1515,1.811,42.33,4.8,-82
2364512,1522,1.82,42.19,4.8,-81.5
2364532,1526,1.824,42.19,4.8,-81.5
2364552,1529,1.822,42.12,4.8,-82
2364572,1532,1.823,41.86,4.8,-82
2364592,1540,1.823,41.41,4.8,-81.5
2364612,1543,1.82,41.19,4.785,-81.5
2364632,1547,1.81,41.11,4.785,-81.5
2364652,1550,1.815,41.05,4.785,-82
2364672,1557,1.823,40.82,4.785,-81
2364692,1561,1.827,40.62,4.785,-82
2364712,1565,1.832,40.14,4.785,-82
2364732,1568,1.828,40.09,4.8,-82.5
2364752,1575,1.834,39.64,4.8,-81.5
2364772,1578,1.844,39.36,4.8,-81.5
2364792,1582,1.85,38.8,4.8,-82
2364812,1585,1.86,38.39,4.8,-81.5
2364832,1591,1.867,38.37,4.8,-81.5
2364852,1595,1.859,38.05,4.772,-82.5
2364872,1598,1.85,37.8,4.772,-82
2364892,1603,1.849,37.96,4.772,-81
2364912,1610,1.843,37.43,4.772,-82
2364932,1613,1.845,37.21,4.772,-83
2364952,1616,1.846,37.18,4.772,-81.5
2364972,1620,1.851,36.84,4.782,-81.5
2364992,1627,1.865,36.3,4.782,-81.5
2365012,1631,1.873,36.07,4.782,-82.5
2365032,1634,1.889,35.84,4.782,-82
2365052,1637,1.898,35.68,4.782,-82.5
2365072,1644,1.906,35.48,4.782,-82
2365092,1648,1.907,35.21,4.796,-82
2365112,1651,1.914,34.82,4.796,-81
2365132,1655,1.921,34.48,4.796,-82.5
2365152,1661,1.93,34.5,4.796,-83
2365172,1665,1.938,34.16,4.796,-82.5
2365192,1669,1.935,33.86,4.796,-82.5
2365212,1672,1.937,32.95,4.785,-82
2365232,1679,1.939,32.64,4.785,-81.5
2365252,1683,1.944,32.34,4.785,-81.5
2365272,1686,1.944,32.09,4.785,-82.5
2365292,1690,1.952,31.71,4.785,-82
2365312,1696,1.938,31.35,4.785,-81.5
2365332,1700,1.932,30.87,4.792,-82
2365352,1704,1.92,30.46,4.792,-81.5
2365372,1707,1.896,30.12,4.792,-81.5
2365392,1715,1.875,29.92,4.792,-82
2365412,1718,1.875,29.83,4.792,-82
2365432,1722,1.873,29.22,4.792,-82.5
2365452,1725,1.891,28.8,4.772,-81.5
2365472,1732,1.9,28.01,4.772,-82
2365492,1736,1.895,27.51,4.772,-82.5
2365512,1740,1.897,27.23,4.772,-82
2365532,1743,1.904,27.09,4.772,-82
2365552,1750,1.909,26.87,4.772,-81.5
2365572,1754,1.903,26.3,4.782,-81.5
2365592,1757,1.904,26.04,4.782,-82
2365612,1761,1.892,25.59,4.782,-81
2365632,1768,1.888,25.4,4.782,-81.5
2365652,1772,1.895,24.6,4.782,-82.5
2365672,1775,1.89,24.28,4.782,-81.5
2365692,1779,1.883,24.24,4.782,-81.5
2365712,1786,1.878,24.09,4.782,-82.5
2365732,1790,1.878,23.66,4.782,-81
2365752,1794,1.881,23.31,4.782,-81.5
2365772,1798,1.874,22.91,4.782,-82
2365792,1805,1.869,22.43,4.782,-81.5
2365812,1808,1.87,22.08,4.785,-82
2365832,1812,1.866,21.6,4.785,-81
2365852,1815,1.866,21.47,4.785,-81
2365872,1822,1.872,21.35,4.785,-82
2365892,1826,1.871,21.26,4.785,-81.5
2365912,1830,1.873,21.14,4.785,-82
2365932,1833,1.874,20.49,4.8,-82
2365952,1840,1.883,20.1,4.8,-81.5
2365972,1844,1.877,19.93,4.8,-81.5
2365992,1847,1.859,19.74,4.8,-82
2366012,1851,1.86,19.54,4.8,-81.5
2366032,1858,1.871,19.01,4.8,-82.5
2366052,1861,1.872,18.7,4.772,-82
2366072,1864,1.865,18.18,4.772,-81.5
2366092,1868,1.857,18.02,4.772,-82
2366112,1875,1.863,17.49,4.772,-81.5
2366132,1878,1.868,17.36,4.772,-81.5
2366152,1882,1.866,16.76,4.772,-81.5
2366172,1885,1.87,16.94,4.785,-81.5
2366192,1893,1.883,16.52,4.785,-82
2366212,1897,1.873,16.2,4.785,-82.5
2366232,1900,1.878,15.46,4.785,-81
2366252,1903,1.868,14.96,4.785,-82
2366272,1911,1.868,14.58,4.785,-81
2366292,1915,1.87,14.25,4.792,-81.5
2366312,1918,1.865,13.96,4.792,-82
2366332,1922,1.871,13.44,4.792,-81.5
2366352,1930,1.869,12.88,4.792,-82
2366372,1933,1.875,12.86,4.792,-82
2366392,1937,1.879,12.19,4.792,-82
2366412,1941,1.878,11.71,4.772,-81.5
2366432,1948,1.876,11.37,4.772,-82
2366452,1952,1.875,10.92,4.772,-81.5
2366472,1956,1.888,10.2,4.772,-82
2366492,1960,1.879,9.79,4.772,-82
2366512,1967,1.882,9.64,4.772,-81.5
2366532,1971,1.899,9.13,4.788,-82
2366552,1975,1.889,8.76,4.788,-81
2366572,1979,1.889,8.34,4.788,-81.5
2366592,1986,1.902,8.2,4.788,-82
2366612,1990,1.907,7.77,4.788,-81.5
2366632,1994,1.909,7.74,4.788,-82
2366652,1998,1.917,7.12,4.792,-82
2366672,2006,1.912,6.62,4.792,-82
2366692,2010,1.905,5.82,4.792,-82.5
2366712,2013,1.889,5.4,4.792,-81.5
2366732,2018,1.898,4.61,4.792,-81.5
2366752,2026,1.904,4.13,4.792,-82.5
2366772,2030,1.898,3.52,4.782,-81.5
2366792,2034,1.909,3.12,4.782,-82
2366812,2038,1.908,2.61,4.782,-81.5
2366832,2046,1.912,2.19,4.782,-82
