1448953,1533,1.607,30.22,4.812,-82
1448973,1533,1.608,30.24,4.812,-81.5
1448993,1533,1.614,30.1,4.812,-81.5
1449013,1533,1.608,30.05,4.812,-82
1449033,1533,1.604,30.01,4.812,-81.5
1449053,1533,1.606,29.81,4.812,-82.5
1449073,1533,1.607,29.8,4.812,-82
1449093,1533,1.609,29.89,4.812,-81.5
1449113,1533,1.608,30.1,4.812,-82.5
1449133,1533,1.611,30.21,4.806,-82
1449153,1533,1.612,30.14,4.806,-81.5
1449173,1533,1.611,30.17,4.806,-82
1449193,1533,1.61,30.17,4.806,-82
1449213,1533,1.612,30.35,4.806,-81.5
1449233,1533,1.614,30.21,4.806,-81.5
1449253,1533,1.611,30.08,4.806,-82
1449273,1533,1.614,30.29,4.806,-81.5
1449293,1533,1.614,30.28,4.806,-82.5
1449313,1533,1.609,30.37,4.806,-81.5
1449333,1533,1.61,30.56,4.806,-81.5
1449353,1533,1.611,30.29,4.806,-82
1449373,1533,1.605,30.38,4.827,-82
1449393,1533,1.598,30.46,4.827,-81.5
1449413,1533,1.599,30.39,4.827,-82
1449433,1533,1.6,30.31,4.827,-82
1449453,1533,1.6,30.38,4.827,-81.5
1449473,1533,1.6,30.5,4.827,-82
1449493,1533,1.605,30.54,4.806,-81.5
1449513,1533,1.606,30.62,4.806,-81.5
1449533,1533,1.607,30.51,4.806,-82
1449553,1533,1.609,30.84,4.806,-81.5
1449573,1533,1.608,31.01,4.806,-81.5
1449593,1533,1.603,30.74,4.806,-82
1449613,1533,1.599,31.14,4.806,-81.5
1449633,1533,1.603,31.16,4.806,-82
1449653,1533,1.603,31.05,4.806,-82
1449673,1533,1.603,30.82,4.806,-81.5
1449693,1533,1.606,30.58,4.806,-82.5
1449713,1533,1.602,30.45,4.806,-81.5
1449733,1533,1.603,30.46,4.806,-81.5
1449753,1533,1.606,30.09,4.806,-82
1449773,1533,1.606,30.29,4.806,-81.5
1449793,1533,1.605,30.3,4.806,-81.5
1449813,1533,1.602,30.13,4.806,-82
1449833,1533,1.603,30.35,4.806,-81.5
1449853,1533,1.604,30.4,4.807,-81.5
1449873,1533,1.602,30.4,4.807,-82
1449893,1533,1.614,30.74,4.807,-82
1449913,1533,1.611,30.76,4.807,-81.5
1449933,1533,1.608,30.84,4.807,-82
1449953,1533,1.609,30.85,4.807,-81.5
1449973,1533,1.609,30.97,4.814,-82.5
1449993,1533,1.611,30.78,4.814,-82
1450013,1533,1.605,30.64,4.814,-81.5
1450033,1533,1.596,30.56,4.814,-82
1450053,1533,1.601,30.65,4.814,-81.5
1450073,1533,1.602,30.74,4.814,-81.5
1450093,1533,1.603,30.62,4.812,-82
1450113,1533,1.599,30.67,4.812,-81.5
1450133,1533,1.601,30.78,4.812,-82
1450153,1533,1.603,30.73,4.812,-82
1450173,1533,1.6,30.63,4.812,-81.5
1450193,1533,1.599,30.65,4.812,-82.5
1450213,1533,1.597,30.65,4.806,-82
1450233,1533,1.603,30.76,4.806,-81.5
1450253,1533,1.596,30.67,4.806,-82
1450273,1533,1.599,30.66,4.806,-82
1450293,1533,1.604,30.81,4.806,-81.5
1450313,1533,1.606,30.76,4.806,-82
1450333,1533,1.611,30.97,4.812,-81.5
1450353,1533,1.605,30.92,4.812,-82.5
1450373,1533,1.606,31.01,4.812,-82
1450393,1533,1.611,31.32,4.812,-82
1450413,1533,1.603,31.26,4.812,-82.5
1450433,1533,1.599,31.3,4.812,-81.5
1450453,1533,1.604,31.35,4.812,-81.5
1450473,1533,1.605,31.28,4.812,-82
1450493,1533,1.602,31.23,4.812,-81.5
1450513,1533,1.603,31.18,4.812,-82.5
1450533,1533,1.602,31.21,4.812,-81.5
1450553,1533,1.605,31.26,4.812,-82
1450573,1533,1.603,31.09,4.827,-82
1450593,1533,1.608,31.14,4.827,-82
1450613,1533,1.601,30.96,4.827,-82.5
1450633,1533,1.603,31.07,4.827,-81.5
1450653,1533,1.602,31.08,4.827,-81.5
1450673,1533,1.603,31.01,4.827,-82
1450693,1533,1.601,31.16,4.803,-81.5
1450713,1534,1.599,30.99,4.803,-82.5
1450733,1533,1.598,31.03,4.803,-81.5
1450753,1533,1.601,31.25,4.803,-81.5
1450773,1533,1.605,31.17,4.803,-82
1450793,1533,1.602,31.15,4.803,-81.5
1450813,1534,1.602,30.84,4.806,-82.5
1450833,1533,1.607,31.09,4.806,-81.5
1450853,1534,1.608,30.97,4.806,-82
1450873,1533,1.611,31.05,4.806,-82
1450893,1533,1.615,31.17,4.806,-81.5
1450913,1533,1.612,31.03,4.806,-82.5
1450933,1533,1.614,31.14,4.812,-81.5
1450953,1534,1.611,30.9,4.812,-81.5
1450973,1533,1.609,31.17,4.812,-81.5
1450993,1534,1.608,31.28,4.812,-81.5
1451013,1534,1.601,31.35,4.812,-82
1451033,1534,1.598,31.5,4.812,-81.5
1451053,1534,1.597,31.28,4.806,-82
1451073,1534,1.601,31.51,4.806,-81.5
1451093,1534,1.598,31.34,4.806,-82.5
1451113,1534,1.606,31.6,4.806,-81.5
1451133,1534,1.606,31.65,4.806,-81.5
1451153,1534,1.605,31.73,4.806,-82
1451173,1534,1.608,31.64,4.827,-81.5
1451193,1534,1.617,31.58,4.827,-82
1451213,1534,1.61,31.56,4.827,-81.5
1451233,1534,1.607,31.43,4.827,-82
1451253,1534,1.605,31.41,4.827,-81.5
1451273,1534,1.604,31.51,4.827,-82
1451293,1534,1.607,31.59,4.806,-81.5
1451313,1534,1.606,31.29,4.806,-82
1451333,1534,1.604,31.29,4.806,-81.5
1451353,1534,1.604,31.15,4.806,-82
1451373,1534,1.605,31.31,4.806,-81.5
1451393,1534,1.602,31.03,4.806,-82
1451413,1534,1.6,30.92,4.806,-81.5
1451433,1534,1.603,30.67,4.806,-82
1451453,1534,1.605,30.9,4.806,-81.5
1451473,1534,1.601,30.79,4.806,-82.5
1451493,1534,1.601,31.01,4.806,-81.5
1451513,1534,1.604,30.95,4.806,-82
1451533,1534,1.6,30.99,4.806,-81.5
1451553,1534,1.597,30.82,4.806,-82.5
1451573,1534,1.599,30.92,4.806,-81.5
1451593,1534,1.597,30.84,4.806,-82.5
1451613,1534,1.591,30.78,4.806,-81.5
1451633,1534,1.591,30.59,4.806,-82
1451653,1534,1.586,30.49,4.806,-81.5
1451673,1534,1.588,30.29,4.806,-82
1451693,1534,1.594,30.4,4.806,-81.5
1451713,1534,1.596,30.46,4.806,-82
1451733,1534,1.602,30.54,4.806,-81.5
1451753,1534,1.609,30.67,4.806,-82
1451773,1534,1.611,30.83,4.827,-82
1451793,1534,1.605,31.21,4.827,-82
1451813,1534,1.609,30.96,4.827,-82.5
1451833,1534,1.622,31.25,4.827,-81.5
1451853,1534,1.619,31.01,4.827,-82.5
1451873,1534,1.618,31.26,4.827,-81.5
1451893,1534,1.613,31.01,4.806,-82.5
1451913,1534,1.61,30.97,4.806,-81.5
1451933,1534,1.616,31.04,4.806,-82
1451953,1534,1.618,31.39,4.806,-81.5
1451973,1534,1.615,31.35,4.806,-82
1451993,1534,1.62,31.51,4.806,-81.5
1452013,1534,1.621,31.37,4.806,-82
1452033,1534,1.621,31.73,4.806,-81.5
1452053,1534,1.622,31.64,4.806,-82
1452073,1534,1.623,31.35,4.806,-82.5
1452093,1534,1.616,31.42,4.806,-81.5
1452113,1534,1.616,31.25,4.806,-82
1452133,1534,1.621,31.37,4.812,-82
1452153,1534,1.619,31.48,4.812,-82
1452173,1534,1.617,31.74,4.812,-81.5
1452193,1534,1.619,31.84,4.812,-82
1452213,1534,1.621,31.41,4.812,-82
1452233,1534,1.624,31.57,4.812,-81.5
1452253,1534,1.619,31.39,4.806,-82.5
1452273,1536,1.621,31.57,4.806,-81.5
1452293,1534,1.618,31.49,4.806,-82
1452313,1536,1.623,31.64,4.806,-81.5
1452333,1536,1.62,31.53,4.806,-82
1452353,1534,1.62,31.54,4.806,-82
1452373,1534,1.621,31.53,4.83,-82
1452393,1534,1.617,31.15,4.83,-82
1452413,1534,1.621,31.32,4.83,-81.5
1452433,1534,1.622,31.45,4.83,-82
1452453,1536,1.614,31.17,4.83,-81.5
1452473,1534,1.623,31.23,4.83,-82
1452493,1534,1.625,31,4.806,-81.5
1452513,1534,1.627,31.16,4.806,-81.5
1452533,1534,1.623,31.08,4.806,-82
1452553,1536,1.614,30.96,4.806,-81.5
1452573,1534,1.608,30.99,4.806,-81.5
1452593,1536,1.612,31.34,4.806,-81.5
1452613,1536,1.609,31.42,4.806,-82
1452633,1536,1.606,31.25,4.806,-82.5
1452653,1536,1.615,31.55,4.806,-81.5
1452673,1536,1.61,31.23,4.806,-82
1452693,1536,1.61,31.25,4.806,-81.5
1452713,1536,1.613,31.54,4.806,-82
1452733,1534,1.61,31.34,4.806,-82.5
1452753,1536,1.607,31.33,4.806,-81.5
1452773,1534,1.613,31.15,4.806,-82
1452793,1534,1.611,31.3,4.806,-81.5
1452813,1536,1.609,31.31,4.806,-81.5
1452833,1534,1.608,31.37,4.806,-82.5
1452853,1534,1.621,31.3,4.806,-82
1452873,1534,1.617,31.05,4.806,-82
1452893,1536,1.616,31.1,4.806,-81.5
1452913,1536,1.615,31.12,4.806,-82
1452933,1536,1.615,31.3,4.806,-82.5
1452953,1536,1.615,31.4,4.806,-81.5
1452973,1536,1.609,31.09,4.807,-82
1452993,1536,1.608,31.13,4.807,-81.5
1453013,1534,1.61,31.34,4.807,-81.5
1453033,1534,1.609,31.09,4.807,-82.5
1453053,1534,1.608,31.17,4.807,-81.5
1453073,1534,1.61,31.13,4.807,-82
1453093,1534,1.614,31.12,4.812,-81.5
1453113,1534,1.61,31.08,4.812,-81.5
1453133,1536,1.606,30.99,4.812,-82
1453153,1536,1.608,30.93,4.812,-81.5
1453173,1536,1.603,30.87,4.812,-82
1453193,1536,1.598,30.84,4.812,-82.5
1453213,1536,1.613,31.04,4.812,-81.5
1453233,1536,1.613,31.08,4.812,-82
1453253,1536,1.615,31.07,4.812,-82
1453273,1536,1.617,31.14,4.812,-82
1453293,1536,1.611,31.09,4.812,-82
1453313,1536,1.61,31.33,4.812,-81.5
1453333,1536,1.608,31.39,4.812,-82
1453353,1536,1.605,31.17,4.812,-82.5
1453373,1536,1.602,31.13,4.812,-81.5
1453393,1534,1.604,31.09,4.812,-81.5
1453413,1536,1.609,30.9,4.812,-81.5
1453433,1534,1.617,31.09,4.812,-81.5
1453453,1536,1.614,31.13,4.809,-82
1453473,1536,1.608,31.12,4.809,-81.5
1453493,1536,1.619,31.32,4.809,-81.5
1453513,1536,1.617,31.1,4.809,-82
1453533,1536,1.618,31.23,4.809,-81.5
1453553,1536,1.611,31.32,4.809,-81.5
1453573,1536,1.607,31.29,4.807,-82
1453593,1534,1.604,31.22,4.807,-81.5
1453613,1536,1.602,31.28,4.807,-81.5
1453633,1536,1.602,31.17,4.807,-82.5
1453653,1536,1.605,31.28,4.807,-81.5
1453673,1536,1.61,31.45,4.807,-82
1453693,1536,1.612,31.42,4.806,-83
1453713,1534,1.617,31.58,4.806,-81.5
1453733,1536,1.615,31.6,4.806,-82
1453753,1536,1.62,31.7,4.806,-82
1453773,1536,1.626,32,4.806,-82
1453793,1536,1.617,31.91,4.806,-82
1453813,1536,1.614,32.18,4.806,-81.5
1453833,1536,1.607,32.14,4.806,-81.5
1453853,1536,1.609,31.84,4.806,-82
1453873,1534,1.612,31.78,4.806,-81.5
1453893,1536,1.621,31.63,4.806,-81.5
1453913,1536,1.62,31.56,4.806,-82
1453933,1536,1.62,31.66,4.812,-81.5
1453953,1534,1.621,31.54,4.812,-81.5
1453973,1536,1.617,31.4,4.812,-82
1453993,1536,1.617,31.51,4.812,-82
1454013,1536,1.619,31.35,4.812,-82
1454033,1536,1.616,31.25,4.812,-82
1454053,1536,1.614,31.42,4.801,-81.5
1454073,1536,1.614,31.47,4.801,-81.5
1454093,1536,1.61,31.42,4.801,-82
1454113,1536,1.606,31.28,4.801,-82.5
1454133,1536,1.607,31.43,4.801,-81.5
1454153,1536,1.606,31.35,4.801,-82
1454173,1536,1.602,31.34,4.827,-82.5
1454193,1536,1.603,31.55,4.827,-81.5
1454213,1536,1.604,31.45,4.827,-81.5
1454233,1536,1.605,31.18,4.827,-82.5
1454253,1536,1.607,31.13,4.827,-81.5
1454273,1536,1.611,31.26,4.827,-81.5
1454293,1536,1.609,31.04,4.806,-82
1454313,1536,1.612,30.85,4.806,-81.5
1454333,1536,1.608,30.93,4.806,-81.5
1454353,1536,1.603,30.79,4.806,-82
1454373,1536,1.603,30.58,4.806,-81.5
1454393,1536,1.603,30.51,4.806,-81.5
1454413,1536,1.601,30.34,4.812,-82
1454433,1536,1.603,30.25,4.812,-82.5
1454453,1536,1.607,30.37,4.812,-81.5
1454473,1536,1.604,30.53,4.812,-81.5
1454493,1536,1.607,30.37,4.812,-82
1454513,1536,1.611,30.73,4.812,-82
1454533,1536,1.61,30.84,4.806,-81.5
1454553,1536,1.608,30.87,4.806,-82
1454573,1536,1.602,30.89,4.806,-82.5
1454593,1536,1.605,30.82,4.806,-81.5
1454613,1536,1.608,30.81,4.806,-81.5
1454633,1536,1.604,30.6,4.806,-82
1454653,1536,1.605,30.6,4.806,-81.5
1454673,1536,1.607,30.49,4.806,-81.5
1454693,1536,1.61,30.48,4.806,-82
1454713,1536,1.607,30.49,4.806,-82.5
1454733,1536,1.611,30.73,4.806,-81.5
1454753,1536,1.609,30.62,4.806,-81.5
1454773,1536,1.608,30.57,4.827,-82
1454793,1536,1.607,30.67,4.827,-81.5
1454813,1536,1.609,30.78,4.827,-81.5
1454833,1536,1.604,30.72,4.827,-82
1454853,1536,1.602,30.75,4.827,-82.5
1454873,1534,1.608,30.82,4.827,-81.5
1454893,1536,1.609,30.74,4.806,-81.5
1454913,1536,1.605,30.66,4.806,-82
1454933,1536,1.603,30.38,4.806,-82.5
1454953,1536,1.604,30.25,4.806,-81.5
1454973,1536,1.607,30.34,4.806,-82
1454993,1536,1.606,30.39,4.806,-82
1455013,1536,1.606,30.4,4.812,-81.5
1455033,1536,1.606,30.51,4.812,-81.5
1455053,1536,1.607,30.31,4.812,-81.5
1455073,1536,1.607,30.05,4.812,-82
1455093,1536,1.61,30.15,4.812,-82
1455113,1536,1.614,30.28,4.812,-81.5
1455133,1536,1.608,30.4,4.806,-81.5
1455153,1536,1.605,30.3,4.806,-82
1455173,1536,1.607,30.42,4.806,-81.5
1455193,1536,1.604,30.5,4.806,-81.5
1455213,1536,1.601,30.59,4.806,-81.5
1455233,1536,1.608,30.46,4.806,-82
1455253,1536,1.614,30.68,4.806,-82
1455273,1536,1.612,30.85,4.806,-81.5
1455293,1536,1.614,31.13,4.806,-81.5
1455313,1536,1.613,30.93,4.806,-82
1455333,1536,1.61,30.84,4.806,-82
1455353,1536,1.613,30.92,4.806,-81.5
1455373,1536,1.615,30.98,4.807,-81.5
1455393,1536,1.613,30.92,4.807,-82
1455413,1536,1.61,30.75,4.807,-82
1455433,1536,1.61,30.54,4.807,-81.5
1455453,1536,1.612,30.76,4.807,-81.5
1455473,1536,1.615,30.76,4.807,-81.5
1455493,1536,1.617,30.84,4.812,-82
1455513,1536,1.617,30.59,4.812,-82.5
1455533,1536,1.619,30.51,4.812,-81.5
1455553,1536,1.612,30.47,4.812,-81.5
1455573,1536,1.607,30.42,4.812,-81.5
1455593,1536,1.603,30.28,4.812,-82
1455613,1536,1.605,30.05,4.809,-82.5
1455633,1536,1.602,30.16,4.809,-81.5
1455653,1536,1.603,30.25,4.809,-81.5
1455673,1536,1.605,30.23,4.809,-82
1455693,1536,1.606,30.26,4.809,-82
1455713,1536,1.602,30.15,4.809,-82
1455733,1534,1.6,30.18,4.806,-82
1455753,1536,1.601,30.48,4.806,-81.5
1455773,1536,1.603,30.63,4.806,-82
1455793,1536,1.601,30.65,4.806,-82
1455813,1536,1.602,30.28,4.806,-82.5
1455833,1536,1.602,30.4,4.806,-81.5
1455853,1536,1.604,30.42,4.806,-81.5
1455873,1536,1.609,30.34,4.806,-81.5
1455893,1536,1.603,30.29,4.806,-82
1455913,1536,1.603,30.06,4.806,-82.5
1455933,1536,1.609,30.01,4.806,-81.5
1455953,1536,1.611,30.24,4.806,-81.5
1455973,1536,1.61,30.49,4.801,-81.5
1455993,1536,1.61,30.51,4.801,-82
1456013,1536,1.606,30.72,4.801,-82
1456033,1536,1.605,30.72,4.801,-82
1456053,1536,1.607,30.67,4.801,-81.5
1456073,1536,1.612,30.81,4.801,-81.5
1456093,1536,1.614,30.84,4.812,-81.5
1456113,1536,1.612,31,4.812,-81.5
1456133,1536,1.611,31.16,4.812,-81.5
1456153,1536,1.609,30.8,4.812,-82.5
1456173,1536,1.612,30.4,4.812,-82
1456193,1536,1.615,30.56,4.812,-81.5
1456213,1536,1.611,30.62,4.806,-81.5
1456233,1536,1.612,30.97,4.806,-81.5
1456253,1536,1.62,31.05,4.806,-82
1456273,1536,1.615,30.87,4.806,-82.5
1456293,1536,1.619,31,4.806,-81.5
1456313,1536,1.62,31.17,4.806,-81.5
1456333,1536,1.624,31.26,4.8,-81.5
1456353,1536,1.626,31.59,4.8,-81.5
1456373,1536,1.629,31.68,4.8,-81.5
1456393,1536,1.63,31.59,4.8,-82
1456413,1536,1.626,31.33,4.8,-82
1456433,1536,1.623,31,4.8,-82
1456453,1536,1.619,30.62,4.812,-81.5
1456473,1536,1.618,31.01,4.812,-81.5
1456493,1536,1.617,31,4.812,-82
1456513,1536,1.612,30.92,4.812,-81.5
1456533,1536,1.617,30.97,4.812,-82
1456553,1536,1.613,30.97,4.812,-82
1456573,1536,1.61,30.83,4.807,-82
1456593,1536,1.608,30.47,4.807,-82.5
1456613,1536,1.607,30.35,4.807,-82
1456633,1536,1.608,30.47,4.807,-81.5
1456653,1536,1.607,30.53,4.807,-81.5
1456673,1536,1.609,30.54,4.807,-82
1456693,1536,1.612,30.55,4.812,-82
1456713,1536,1.606,30.65,4.812,-82
1456733,1536,1.608,30.65,4.812,-82
1456753,1536,1.603,30.63,4.812,-82.5
1456773,1536,1.604,30.41,4.812,-81.5
1456793,1536,1.608,30.43,4.812,-81.5
1456813,1536,1.604,30.42,4.806,-81.5
1456833,1536,1.616,30.72,4.806,-81.5
1456853,1536,1.612,30.72,4.806,-81.5
1456873,1536,1.611,30.67,4.806,-81.5
1456893,1536,1.605,30.79,4.806,-82
1456913,1536,1.608,30.79,4.806,-82
1456933,1536,1.608,30.59,4.812,-82
1456953,1536,1.603,30.37,4.812,-82.5
1456973,1536,1.598,30.38,4.812,-82.5
1456993,1536,1.605,30.37,4.812,-81.5
1457013,1536,1.611,30.5,4.812,-81.5
1457033,1536,1.607,30.6,4.812,-81.5
1457053,1536,1.614,30.89,4.785,-81.5
1457073,1536,1.609,30.99,4.785,-81.5
1457093,1536,1.611,30.98,4.785,-81.5
1457113,1536,1.603,30.84,4.785,-82
1457133,1536,1.597,30.89,4.785,-81.5
1457153,1536,1.601,30.76,4.785,-82
1457173,1536,1.605,30.48,4.782,-82.5
1457193,1536,1.604,30.26,4.782,-82.5
1457213,1536,1.605,30.14,4.782,-82.5
1457233,1536,1.609,30.25,4.782,-82.5
1457253,1536,1.611,30.41,4.782,-81.5
1457273,1536,1.614,30.65,4.782,-82
1457293,1536,1.621,31.07,4.806,-81.5
1457313,1536,1.618,31.09,4.806,-81.5
1457333,1536,1.611,31.01,4.806,-81.5
1457353,1536,1.619,31.12,4.806,-81.5
1457373,1536,1.616,31.26,4.806,-81.5
1457393,1536,1.612,31.34,4.806,-81.5
1457413,1536,1.612,31.33,4.812,-82
1457433,1536,1.613,31.26,4.812,-82
1457453,1536,1.611,31.18,4.812,-82
1457473,1536,1.615,31.12,4.812,-82
1457493,1536,1.611,31.13,4.812,-82
1457513,1536,1.613,31.17,4.812,-82
1457533,1536,1.611,30.93,4.812,-82
1457553,1536,1.603,30.64,4.812,-82.5
1457573,1536,1.603,30.49,4.812,-82
1457593,1536,1.604,30.3,4.812,-82.5
1457613,1536,1.605,30.4,4.812,-82
1457633,1536,1.611,30.09,4.812,-81.5
1457653,1536,1.613,30.13,4.812,-81.5
1457673,1536,1.612,29.95,4.812,-81.5
1457693,1536,1.615,29.99,4.812,-81.5
1457713,1536,1.616,30.25,4.812,-81.5
1457733,1536,1.62,30.47,4.812,-81.5
1457753,1536,1.622,30.7,4.812,-81.5
1457773,1536,1.624,30.91,4.827,-81.5
1457793,1536,1.625,31.06,4.827,-81.5
1457813,1536,1.62,31,4.827,-81.5
1457833,1536,1.621,31.17,4.827,-81.5
1457853,1536,1.618,31.13,4.827,-81.5
1457873,1536,1.614,31.22,4.827,-81.5
1457893,1536,1.613,31.26,4.8,-81.5
1457913,1536,1.616,31.5,4.8,-81.5
1457933,1536,1.614,31.47,4.8,-81.5
1457953,1536,1.624,31.63,4.8,-82
1457973,1536,1.628,31.76,4.8,-81.5
1457993,1536,1.625,31.98,4.8,-81.5
1458013,1536,1.626,32.21,4.806,-81.5
1458033,1536,1.625,32.18,4.806,-81.5
1458053,1536,1.618,32.29,4.806,-81.5
1458073,1536,1.618,32.32,4.806,-81.5
1458093,1536,1.622,32.3,4.806,-81.5
1458113,1536,1.626,32.21,4.806,-81.5
1458133,1536,1.622,31.97,4.812,-81.5
1458153,1536,1.618,32.09,4.812,-81.5
1458173,1536,1.613,32.43,4.812,-81.5
1458193,1536,1.615,32.48,4.812,-81.5
1458213,1536,1.616,32.27,4.812,-82
1458233,1536,1.618,32.14,4.812,-81.5
1458253,1536,1.618,32.16,4.806,-81.5
1458273,1536,1.619,32.21,4.806,-81.5
1458293,1536,1.625,32.21,4.806,-82
1458313,1536,1.628,32.3,4.806,-81.5
1458333,1536,1.619,32.18,4.806,-81.5
1458353,1536,1.617,32.23,4.806,-81.5
1458373,1536,1.618,32.25,4.827,-82
1458393,1536,1.619,32.12,4.827,-81.5
1458413,1536,1.632,32.34,4.827,-81.5
1458433,1536,1.621,32.32,4.827,-81.5
1458453,1536,1.626,32.3,4.827,-81.5
1458473,1536,1.623,32.32,4.827,-81.5
1458493,1536,1.626,32.32,4.806,-82
1458513,1536,1.622,32.25,4.806,-81.5
1458533,1536,1.627,32.54,4.806,-81.5
1458553,1536,1.623,32.39,4.806,-81.5
1458573,1536,1.62,32.28,4.806,-81.5
1458593,1536,1.614,32.2,4.806,-81.5
1458613,1536,1.616,32.23,4.806,-81.5
1458633,1536,1.624,32.46,4.806,-81.5
1458653,1536,1.628,32.53,4.806,-82
1458673,1536,1.626,32.46,4.806,-81.5
1458693,1536,1.627,32.62,4.806,-81.5
1458713,1536,1.628,32.5,4.806,-81.5
1458733,1536,1.626,32.32,4.812,-81.5
1458753,1536,1.624,32.34,4.812,-81.5
1458773,1536,1.622,32.12,4.812,-81.5
1458793,1536,1.623,32.13,4.812,-81.5
1458813,1536,1.62,32,4.812,-81.5
1458833,1536,1.618,31.76,4.812,-82
1458853,1536,1.617,31.6,4.806,-81.5
1458873,1536,1.616,31.82,4.806,-81.5
1458893,1536,1.614,31.42,4.806,-82
1458913,1536,1.611,31.04,4.806,-82
1458933,1536,1.608,30.78,4.806,-82.5
