580428,2049,2.019,-1.61,4.774,-81.5
580448,2050,2.022,-1.63,4.774,-82
580468,2056,2.017,-1.57,4.774,-82.5
580488,2061,2.015,-1.51,4.774,-82
580508,2065,2.02,-1.41,4.774,-82
580528,2066,2.017,-1.55,4.774,-82
580548,2067,2.017,-1.45,4.774,-82
580568,2067,2.023,-1.53,4.763,-82
580588,2067,2.026,-1.5,4.763,-82
580608,2067,2.023,-1.45,4.763,-82
580628,2068,2.025,-1.45,4.763,-82
580648,2068,2.02,-1.5,4.763,-82
580668,2070,2.017,-1.37,4.763,-82.5
580688,2071,2.017,-1.29,4.78,-81.5
580708,2071,2.023,-1.24,4.78,-82
580728,2072,2.016,-1.31,4.78,-82.5
580748,2072,2.02,-1.24,4.78,-82
580768,2073,2.02,-1.25,4.78,-81.5
580788,2073,2.016,-1.39,4.78,-82
580808,2074,2.013,-1.43,4.774,-82
580828,2075,2.02,-1.46,4.774,-81.5
580848,2076,2.013,-1.53,4.774,-82
580868,2077,2.009,-1.7,4.774,-82.5
580888,2077,2.012,-1.93,4.774,-81.5
580908,2078,2.01,-2.08,4.774,-81.5
580928,2079,2.007,-2.59,4.774,-82.5
580948,2080,2.003,-2.67,4.774,-81.5
580968,2081,2.015,-2.56,4.774,-82
580988,2082,2.015,-2.66,4.774,-82.5
581008,2084,2.027,-3.06,4.774,-81.5
581028,2085,2.025,-2.95,4.774,-82
581048,2086,2.035,-3.1,4.774,-82.5
581068,2086,2.037,-3.55,4.774,-82
581088,2089,2.036,-3.85,4.774,-82
581108,2090,2.03,-3.9,4.774,-82
581128,2092,2.03,-3.87,4.774,-81.5
581148,2094,2.03,-3.7,4.774,-81.5
581168,2095,2.023,-3.8,4.768,-81.5
581188,2096,2.017,-3.86,4.768,-82
581208,2098,2.017,-4.31,4.768,-81.5
581228,2100,2.02,-4.4,4.768,-81.5
581248,2102,2.023,-4.42,4.768,-82.5
581268,2104,2.02,-4.44,4.768,-82
581288,2106,2.022,-4.5,4.776,-81.5
581308,2109,2.007,-4.83,4.776,-82
581328,2110,2.004,-5.15,4.776,-81.5
581348,2113,2.006,-5.22,4.776,-81.5
581368,2116,2.002,-5.43,4.776,-81.5
581388,2120,2.002,-5.56,4.776,-81.5
581408,2123,2.002,-5.54,4.776,-81.5
581428,2125,1.997,-5.71,4.776,-82
581448,2129,1.993,-6.2,4.776,-82.5
581468,2134,1.996,-6.1,4.776,-81
581488,2137,1.993,-6.32,4.776,-82
581508,2140,2.005,-6.48,4.776,-82
581528,2143,2.017,-6.48,4.774,-82
581548,2149,2.02,-6.8,4.774,-82
581568,2152,2.017,-7.17,4.774,-81
581588,2156,2.012,-7.1,4.774,-81.5
581608,2159,2.017,-7.5,4.774,-82.5
581628,2167,2.032,-7.87,4.774,-82.5
581648,2170,2.023,-8.16,4.776,-81.5
581668,2173,2.007,-8.62,4.776,-81.5
581688,2176,2.003,-8.68,4.776,-81
581708,2184,2.005,-9.04,4.776,-82
581728,2188,2.01,-9.35,4.776,-82.5
581748,2192,2.016,-9.96,4.776,-81.5
581768,2196,2.015,-10.49,4.768,-81.5
581788,2204,1.996,-10.88,4.768,-81.5
581808,2209,2.006,-11.3,4.768,-83
581828,2212,2.003,-11.99,4.768,-82.5
581848,2216,1.997,-12.28,4.768,-82.5
581868,2226,2.003,-12.78,4.768,-81.5
581888,2230,1.997,-13.45,4.776,-81.5
581908,2235,2,-13.85,4.776,-81.5
581928,2239,1.995,-14.36,4.776,-81.5
581948,2248,1.995,-14.86,4.776,-82.5
581968,2253,1.991,-15.19,4.776,-82
581988,2258,1.984,-15.81,4.776,-82
582008,2262,1.987,-16.39,4.776,-81.5
582028,2273,1.979,-16.62,4.776,-81.5
582048,2278,1.978,-16.66,4.776,-81.5
582068,2283,1.973,-16.99,4.776,-81.5
582088,2288,1.967,-17.27,4.776,-81.5
582108,2299,1.965,-17.9,4.776,-81
582128,2304,1.971,-18.6,4.776,-82
582148,2309,1.97,-19.2,4.776,-82.5
582168,2315,1.964,-19.85,4.776,-81.5
582188,2326,1.962,-20.58,4.776,-81.5
582208,2331,1.963,-21.31,4.776,-81.5
582228,2338,1.967,-22.28,4.776,-82
582248,2344,1.963,-22.97,4.787,-81
582268,2356,1.957,-23.5,4.787,-81.5
582288,2361,1.957,-23.68,4.787,-82
582308,2367,1.946,-24.49,4.787,-81.5
582328,2373,1.94,-25.3,4.787,-81.5
582348,2384,1.944,-26.18,4.787,-81.5
582368,2391,1.954,-27.24,4.768,-82.5
582388,2397,1.95,-27.75,4.768,-81.5
582408,2404,1.944,-28.42,4.768,-82
582428,2417,1.945,-29.09,4.768,-81.5
582448,2423,1.943,-30.06,4.768,-82.5
582468,2429,1.943,-30.32,4.768,-82
582488,2436,1.945,-31.34,4.776,-81.5
582508,2450,1.933,-31.74,4.776,-82.5
582528,2457,1.933,-32.63,4.776,-82
582548,2463,1.925,-33.46,4.776,-81.5
582568,2470,1.925,-34.18,4.776,-82.5
582588,2484,1.921,-34.78,4.776,-82
582608,2491,1.92,-35.57,4.774,-82
582628,2496,1.924,-36.25,4.774,-81.5
582648,2504,1.929,-37.02,4.774,-82
582668,2518,1.925,-38.05,4.774,-81.5
582688,2526,1.92,-38.68,4.774,-81
582708,2533,1.93,-39.48,4.774,-81.5
582728,2541,1.92,-39.96,4.776,-82
582748,2555,1.908,-40.55,4.776,-81.5
582768,2562,1.908,-41.35,4.776,-81
582788,2570,1.913,-42.08,4.776,-81
582808,2577,1.911,-42.44,4.776,-82
582828,2593,1.911,-43.01,4.776,-82
582848,2600,1.912,-44.1,4.76,-82.5
582868,2608,1.916,-44.94,4.76,-81.5
582888,2615,1.922,-45.71,4.76,-82
582908,2631,1.928,-46.25,4.76,-82.5
582928,2639,1.931,-47.1,4.76,-82.5
582948,2647,1.924,-47.86,4.76,-82.5
582968,2656,1.931,-48.8,4.768,-82
582988,2676,1.926,-49.49,4.768,-81.5
583008,2686,1.925,-50.53,4.768,-82
583028,2693,1.927,-51.44,4.768,-82
583048,2701,1.919,-52.25,4.768,-82
583068,2717,1.914,-52.9,4.768,-82
583088,2726,1.911,-53.59,4.776,-82
583108,2734,1.909,-54.62,4.776,-81.5
583128,2742,1.904,-55.24,4.776,-82
583148,2760,1.904,-56.33,4.776,-82.5
583168,2769,1.904,-57.21,4.776,-82
583188,2777,1.908,-58.12,4.776,-82.5
583208,2786,1.91,-59.16,4.774,-82
583228,2803,1.905,-59.48,4.774,-82
583248,2812,1.899,-60.02,4.774,-81.5
583268,2821,1.895,-60.69,4.774,-82.5
583288,2829,1.903,-61.41,4.774,-82.5
583308,2847,1.906,-61.94,4.774,-83
583328,2856,1.907,-62.5,4.774,-81.5
583348,2865,1.909,-63.4,4.774,-82.5
583368,2875,1.901,-63.83,4.774,-82
583388,2892,1.901,-64.31,4.774,-82
583408,2902,1.902,-64.87,4.774,-82
583428,2911,1.904,-65.17,4.774,-82
583448,2919,1.903,-65.62,4.787,-82
583468,2939,1.902,-66.15,4.787,-82
583488,2949,1.897,-66.65,4.787,-81.5
583508,2958,1.882,-67.28,4.787,-82
583528,2967,1.878,-67.86,4.787,-82.5
583548,2986,1.879,-68.53,4.787,-82
583568,2996,1.881,-68.74,4.768,-82
583588,3006,1.886,-69.31,4.768,-82
583608,3017,1.883,-69.33,4.768,-82
583628,3035,1.885,-70.08,4.768,-82
583648,3046,1.896,-70.67,4.768,-82.5
583668,3055,1.89,-70.96,4.768,-82
583688,3065,1.901,-71.28,4.776,-82.5
583708,3075,1.894,-71.43,4.776,-82
583728,3087,1.905,-72.01,4.776,-82.5
583748,3076,1.906,-72.21,4.776,-82
583768,3058,1.904,-72.5,4.776,-83
583788,3044,1.905,-73.1,4.776,-83
583808,3046,1.9,-73.33,4.774,-82.5
583828,3051,1.895,-73.33,4.774,-82.5
583848,3059,1.902,-73.6,4.774,-83
583868,3075,1.896,-73.62,4.774,-82
583888,3082,1.902,-73.89,4.774,-83
583908,3089,1.908,-74.11,4.774,-82.5
583928,3098,1.901,-74.08,4.787,-82.5
583948,3111,1.903,-73.97,4.787,-83
583968,3118,1.905,-73.96,4.787,-83
583988,3124,1.906,-73.69,4.787,-83
584008,3130,1.907,-73.61,4.787,-82.5
584028,3140,1.907,-73.47,4.787,-83
584048,3145,1.902,-73.58,4.776,-83
584068,3150,1.902,-73.65,4.776,-83
584088,3155,1.902,-73.51,4.776,-84
584108,3164,1.9,-73.33,4.776,-83
584128,3167,1.898,-73,4.776,-83
584148,3171,1.904,-72.85,4.776,-83.5
584168,3174,1.913,-72.79,4.768,-84.5
584188,3181,1.909,-72.53,4.768,-83.5
584208,3182,1.904,-72.21,4.768,-83
584228,3185,1.907,-71.76,4.768,-83.5
584248,3187,1.914,-71.36,4.768,-82.5
584268,3189,1.91,-70.89,4.768,-82.5
584288,3191,1.914,-70.37,4.776,-83
584308,3192,1.917,-69.93,4.776,-83.5
584328,3193,1.915,-69.67,4.776,-83
584348,3193,1.916,-69.64,4.776,-83.5
584368,3193,1.921,-69.4,4.776,-83.5
584388,3194,1.929,-69.26,4.776,-83.5
584408,3194,1.934,-69.33,4.776,-83
584428,3193,1.94,-69.14,4.776,-83.5
584448,3193,1.944,-68.71,4.776,-83
584468,3192,1.947,-68.26,4.776,-82.5
584488,3192,1.944,-68.17,4.776,-82.5
584508,3191,1.938,-68.03,4.776,-82.5
584528,3191,1.931,-67.93,4.776,-82
584548,3191,1.926,-67.64,4.776,-82
584568,3190,1.92,-67.47,4.776,-82.5
584588,3189,1.911,-67.43,4.776,-82
584608,3188,1.906,-67.46,4.776,-83.5
584628,3187,1.907,-67.36,4.776,-85
584648,3185,1.914,-67.86,4.787,-85
584668,3182,1.918,-67.97,4.787,-84.5
584688,3180,1.919,-67.86,4.787,-84
584708,3178,1.919,-67.89,4.787,-82.5
584728,3176,1.904,-68.01,4.787,-82.5
584748,3173,1.898,-68.32,4.787,-83
584768,3171,1.903,-68.18,4.768,-83
584788,3169,1.9,-68.08,4.768,-82.5
584808,3167,1.894,-68.04,4.768,-82
584828,3164,1.898,-68.33,4.768,-82.5
584848,3162,1.901,-68.44,4.768,-83.5
584868,3161,1.904,-68.49,4.768,-83
584888,3159,1.91,-68.44,4.779,-83
584908,3154,1.915,-68.72,4.779,-83
584928,3153,1.914,-68.97,4.779,-82.5
584948,3151,1.905,-69.14,4.779,-84
584968,3149,1.904,-69.07,4.779,-83
584988,3145,1.908,-69.1,4.779,-83.5
585008,3143,1.907,-69.17,4.776,-84
585028,3141,1.899,-69.43,4.776,-83.5
585048,3139,1.897,-69.97,4.776,-83.5
585068,3136,1.906,-69.94,4.776,-83.5
585088,3133,1.905,-69.9,4.776,-82.5
585108,3132,1.903,-69.83,4.776,-82.5
585128,3130,1.905,-70.12,4.776,-82.5
585148,3125,1.901,-70.68,4.776,-83
585168,3124,1.901,-70.58,4.776,-83.5
585188,3121,1.91,-70.65,4.776,-83
585208,3119,1.913,-70.86,4.776,-82.5
585228,3115,1.91,-70.93,4.776,-82.5
585248,3113,1.906,-71.25,4.787,-83.5
585268,3110,1.912,-71.15,4.787,-83.5
585288,3106,1.92,-71.17,4.787,-83.5
585308,3104,1.919,-71.18,4.787,-83
585328,3102,1.926,-71.25,4.787,-83
585348,3099,1.926,-71.42,4.787,-83
585368,3095,1.914,-71.6,4.768,-83
585388,3092,1.908,-71.76,4.768,-83.5
585408,3091,1.905,-71.86,4.768,-83.5
585428,3088,1.913,-71.94,4.768,-84.5
585448,3084,1.916,-71.75,4.768,-83.5
585468,3081,1.911,-71.58,4.768,-83
585488,3079,1.908,-71.42,4.776,-83
585508,3076,1.901,-71.54,4.776,-83
585528,3071,1.895,-71.58,4.776,-82.5
585548,3069,1.905,-71.65,4.776,-83.5
585568,3067,1.913,-72,4.776,-84
585588,3065,1.917,-71.39,4.776,-84
585608,3060,1.922,-71.04,4.776,-84
585628,3057,1.923,-70.93,4.776,-83.5
585648,3054,1.912,-71.08,4.776,-83
585668,3052,1.919,-71.06,4.776,-83.5
585688,3047,1.92,-71.01,4.776,-84.5
585708,3044,1.909,-70.99,4.776,-82
585728,3042,1.902,-70.96,4.787,-82.5
585748,3039,1.899,-71.11,4.787,-83.5
585768,3034,1.895,-71.18,4.787,-83
585788,3031,1.892,-71.29,4.787,-83
585808,3028,1.892,-71.26,4.787,-83
585828,3026,1.906,-70.94,4.787,-84
585848,3020,1.907,-71.01,4.776,-85.5
585868,3018,1.908,-71.01,4.776,-84.5
585888,3014,1.916,-70.97,4.776,-84
585908,3012,1.908,-70.82,4.776,-83
585928,3005,1.899,-70.71,4.776,-82
585948,3002,1.902,-70.86,4.776,-84
585968,2999,1.902,-70.97,4.768,-83.5
585988,2997,1.9,-70.86,4.768,-83.5
586008,2991,1.899,-70.89,4.768,-83
586028,2988,1.9,-70.79,4.768,-83.5
586048,2985,1.901,-70.67,4.768,-84
586068,2982,1.898,-70.37,4.768,-83
586088,2976,1.901,-70.33,4.76,-82.5
586108,2974,1.896,-70.25,4.76,-83.5
586128,2971,1.898,-70.28,4.76,-83
586148,2967,1.907,-70.11,4.76,-83
586168,2962,1.914,-70.11,4.76,-82.5
586188,2959,1.913,-70,4.76,-83
586208,2956,1.909,-69.61,4.776,-82.5
586228,2953,1.907,-70.03,4.776,-83.5
586248,2948,1.905,-69.83,4.776,-83
586268,2944,1.907,-70.15,4.776,-82.5
586288,2941,1.909,-70.37,4.776,-83
586308,2938,1.9,-69.96,4.776,-82.5
586328,2932,1.892,-69.97,4.776,-82.5
586348,2929,1.89,-70.08,4.776,-83
586368,2926,1.886,-70.29,4.776,-83
586388,2924,1.887,-70.64,4.776,-83
586408,2917,1.888,-70.9,4.776,-83
586428,2914,1.883,-70.94,4.776,-82.5
586448,2911,1.877,-70.53,4.787,-83
586468,2908,1.887,-70.36,4.787,-83
586488,2902,1.894,-70.19,4.787,-83
586508,2900,1.897,-70.32,4.787,-83
586528,2896,1.891,-70.14,4.787,-82.5
586548,2893,1.893,-69.92,4.787,-83
586568,2887,1.895,-70.29,4.763,-83
586588,2884,1.889,-70.04,4.763,-82.5
586608,2881,1.887,-69.61,4.763,-82.5
586628,2879,1.887,-69.42,4.763,-82
586648,2873,1.879,-69.28,4.763,-82.5
586668,2870,1.877,-68.79,4.763,-82.5
586688,2867,1.878,-68.56,4.76,-82.5
586708,2864,1.878,-68.29,4.76,-82
586728,2858,1.867,-68.22,4.76,-82
586748,2855,1.859,-68.18,4.76,-81.5
586768,2852,1.861,-68.08,4.76,-81.5
586788,2849,1.864,-67.78,4.76,-81.5
586808,2843,1.862,-67.32,4.776,-81.5
586828,2840,1.863,-67.04,4.776,-82
586848,2837,1.867,-67,4.776,-82
586868,2834,1.868,-67.62,4.776,-81.5
586888,2828,1.865,-67.82,4.776,-81.5
586908,2826,1.858,-67.19,4.776,-81.5
586928,2822,1.867,-66.74,4.776,-82
586948,2819,1.876,-66.58,4.776,-82.5
586968,2813,1.889,-66.53,4.776,-82.5
586988,2811,1.898,-66.19,4.776,-82.5
587008,2808,1.902,-66.15,4.776,-82
587028,2805,1.893,-65.9,4.776,-81.5
587048,2799,1.884,-65.97,4.776,-82
587068,2796,1.886,-66.26,4.776,-82
587088,2793,1.893,-66.29,4.776,-82
587108,2790,1.888,-65.62,4.776,-82
587128,2784,1.893,-65.07,4.776,-82
587148,2782,1.896,-64.57,4.776,-82
587168,2779,1.896,-64.08,4.768,-82
587188,2776,1.894,-63.96,4.768,-82
587208,2770,1.904,-63.75,4.768,-82.5
587228,2767,1.904,-63.53,4.768,-81.5
587248,2764,1.912,-63.23,4.768,-82
587268,2762,1.914,-63.16,4.768,-81.5
587288,2756,1.901,-62.96,4.776,-82
587308,2753,1.901,-62.81,4.776,-82
587328,2750,1.899,-62.78,4.776,-82
587348,2747,1.905,-62.93,4.776,-82
587368,2742,1.905,-62.41,4.776,-82.5
587388,2739,1.906,-62.17,4.776,-81.5
587408,2736,1.904,-62.14,4.776,-81.5
587428,2734,1.907,-62.07,4.776,-81.5
587448,2728,1.906,-62.51,4.776,-82
587468,2725,1.904,-62.41,4.776,-82
587488,2722,1.902,-62.01,4.776,-82
587508,2720,1.901,-61.52,4.776,-82
587528,2714,1.898,-61.21,4.776,-81.5
587548,2711,1.901,-60.91,4.776,-82
587568,2707,1.897,-61.02,4.776,-81.5
587588,2705,1.9,-61.19,4.776,-81.5
587608,2699,1.89,-61,4.776,-82
587628,2696,1.897,-60.49,4.776,-82.5
587648,2693,1.904,-60.53,4.787,-82
587668,2691,1.902,-60.17,4.787,-82.5
587688,2686,1.903,-60.01,4.787,-82
587708,2683,1.906,-59.78,4.787,-82
587728,2680,1.904,-59.71,4.787,-82
587748,2677,1.911,-59.67,4.787,-82.5
587768,2671,1.92,-59.28,4.766,-82
587788,2669,1.913,-59.03,4.766,-81
587808,2665,1.908,-58.69,4.766,-82
587828,2662,1.91,-58.02,4.766,-82
587848,2657,1.921,-57.86,4.766,-82.5
587868,2654,1.924,-57.62,4.766,-82
587888,2651,1.917,-57.53,4.776,-82
587908,2648,1.904,-57.62,4.776,-82
587928,2642,1.897,-57.41,4.776,-81.5
587948,2639,1.903,-57.14,4.776,-82
587968,2636,1.909,-57.01,4.776,-82
587988,2633,1.911,-57.17,4.776,-81.5
588008,2627,1.908,-56.61,4.776,-82
588028,2624,1.915,-56.36,4.776,-82
588048,2622,1.92,-56.14,4.776,-82
588068,2618,1.915,-56.12,4.776,-81.5
588088,2612,1.907,-55.59,4.776,-81.5
588108,2609,1.909,-55.41,4.776,-82
588128,2606,1.907,-55.09,4.776,-82.5
588148,2603,1.913,-54.91,4.776,-82
588168,2597,1.918,-54.57,4.776,-82
588188,2594,1.91,-54.32,4.776,-81.5
588208,2591,1.914,-54.15,4.776,-82
588228,2588,1.908,-53.78,4.776,-81.5
588248,2581,1.91,-54.11,4.787,-82
588268,2579,1.909,-53.53,4.787,-81.5
588288,2575,1.911,-53.17,4.787,-82
588308,2572,1.903,-52.96,4.787,-81.5
588328,2566,1.905,-52.99,4.787,-81.5
588348,2563,1.908,-52.58,4.787,-82
588368,2560,1.921,-52.44,4.768,-82
588388,2557,1.923,-52.37,4.768,-81.5
588408,2551,1.916,-52.23,4.768,-81.5
588428,2547,1.913,-51.71,4.768,-82
588448,2545,1.915,-51.51,4.768,-82
588468,2542,1.925,-51.3,4.768,-82
588488,2536,1.919,-50.87,4.787,-81.5
588508,2532,1.911,-50.31,4.787,-82
588528,2529,1.908,-49.65,4.787,-81.5
588548,2526,1.912,-50.05,4.787,-81.5
588568,2520,1.913,-49.62,4.787,-82
588588,2516,1.917,-49.31,4.787,-81.5
588608,2513,1.91,-48.95,4.774,-82
588628,2510,1.909,-48.77,4.774,-82
588648,2503,1.915,-48.62,4.774,-82
588668,2500,1.924,-48.23,4.774,-82
588688,2497,1.92,-48.09,4.774,-82
588708,2495,1.927,-47.74,4.774,-81.5
588728,2489,1.936,-47.67,4.78,-82
588748,2485,1.925,-47.15,4.78,-82
588768,2482,1.938,-47.12,4.78,-81.5
588788,2479,1.939,-47.3,4.78,-81.5
588808,2473,1.935,-47.31,4.78,-81.5
588828,2470,1.929,-46.95,4.78,-81.5
588848,2467,1.929,-46.78,4.776,-82
588868,2464,1.935,-46.37,4.776,-82
588888,2457,1.931,-46.06,4.776,-81.5
588908,2454,1.928,-45.6,4.776,-82
588928,2451,1.926,-44.93,4.776,-81.5
588948,2448,1.936,-44.67,4.776,-81.5
588968,2441,1.94,-44.89,4.79,-81.5
588988,2438,1.938,-44.31,4.79,-81.5
589008,2434,1.947,-43.94,4.79,-81.5
589028,2431,1.94,-43.71,4.79,-82
589048,2425,1.94,-43.34,4.79,-81.5
589068,2422,1.94,-43.64,4.79,-81.5
589088,2419,1.942,-43.21,4.776,-81.5
589108,2415,1.948,-42.89,4.776,-81.5
589128,2409,1.945,-42.27,4.776,-82.5
589148,2405,1.943,-41.96,4.776,-81.5
589168,2402,1.944,-41.57,4.776,-81.5
589188,2399,1.943,-40.86,4.776,-81
589208,2392,1.938,-40.25,4.774,-81.5
589228,2390,1.936,-40.09,4.774,-82
589248,2386,1.937,-40,4.774,-81.5
589268,2384,1.931,-39.79,4.774,-82
589288,2377,1.935,-39.5,4.774,-81.5
589308,2374,1.931,-39.14,4.774,-81.5
589328,2370,1.932,-38.71,4.776,-81.5
589348,2368,1.94,-38.77,4.776,-82
589368,2363,1.94,-38.52,4.776,-81.5
589388,2360,1.936,-37.95,4.776,-81.5
589408,2356,1.93,-37.29,4.776,-82
589428,2353,1.933,-37.32,4.776,-81.5
589448,2347,1.934,-37.25,4.776,-82
589468,2344,1.939,-36.95,4.776,-81.5
589488,2341,1.929,-36.84,4.776,-82
589508,2338,1.929,-36.41,4.776,-81
589528,2331,1.923,-35.98,4.776,-82
589548,2328,1.93,-35.7,4.776,-81
589568,2326,1.926,-35.07,4.766,-82
589588,2322,1.922,-34.59,4.766,-81.5
589608,2316,1.919,-34.09,4.766,-82
589628,2314,1.921,-33.8,4.766,-81.5
589648,2310,1.92,-33.73,4.766,-82
589668,2308,1.919,-33.12,4.766,-81.5
589688,2301,1.92,-32.91,4.776,-82.5
589708,2298,1.927,-32.25,4.776,-81.5
589728,2296,1.922,-32.34,4.776,-82.5
589748,2293,1.916,-32.07,4.776,-81.5
589768,2287,1.916,-31.56,4.776,-82
589788,2284,1.923,-31.35,4.776,-81.5
589808,2281,1.923,-30.74,4.776,-81.5
589828,2278,1.927,-30.41,4.776,-81.5
589848,2272,1.921,-30.25,4.776,-81.5
589868,2269,1.924,-29.66,4.776,-81.5
589888,2266,1.916,-29.18,4.776,-81
589908,2263,1.92,-28.67,4.776,-81.5
589928,2257,1.915,-28.21,4.776,-81
589948,2254,1.915,-27.8,4.776,-82
589968,2251,1.923,-27.48,4.776,-81.5
589988,2249,1.929,-27.41,4.776,-81.5
590008,2243,1.935,-27.18,4.776,-81.5
590028,2241,1.932,-26.68,4.776,-81.5
590048,2239,1.931,-26.45,4.787,-81.5
590068,2236,1.934,-26.04,4.787,-81.5
590088,2230,1.928,-25.63,4.787,-81.5
590108,2227,1.931,-25.38,4.787,-81
590128,2224,1.932,-24.9,4.787,-82.5
590148,2222,1.937,-24.45,4.787,-81.5
590168,2216,1.947,-24.09,4.787,-82
590188,2213,1.952,-23.97,4.787,-82
590208,2210,1.954,-23.85,4.787,-81.5
590228,2208,1.95,-23.51,4.787,-81.5
590248,2202,1.944,-23.1,4.787,-81
590268,2199,1.95,-22.68,4.787,-81.5
590288,2196,1.953,-22.09,4.776,-82
590308,2194,1.954,-22.04,4.776,-82
590328,2188,1.957,-21.64,4.776,-81.5
590348,2186,1.952,-21.1,4.776,-82
590368,2183,1.955,-20.93,4.776,-81.5
590388,2180,1.947,-20.4,4.776,-82
590408,2175,1.95,-20.29,4.776,-81
590428,2173,1.959,-19.85,4.776,-81
590448,2170,1.957,-19.68,4.776,-82
590468,2167,1.961,-19.27,4.776,-82
590488,2162,1.973,-18.78,4.776,-81.5
590508,2160,1.979,-18.56,4.776,-82.5
590528,2157,1.983,-18.37,4.776,-81.5
590548,2155,1.984,-18.29,4.776,-81.5
590568,2150,1.982,-18.01,4.776,-81.5
590588,2147,1.982,-17.59,4.776,-81.5
590608,2145,1.981,-16.87,4.776,-81.5
590628,2142,1.976,-16.61,4.776,-82
590648,2137,1.972,-16.18,4.787,-81.5
590668,2135,1.982,-15.92,4.787,-81.5
590688,2133,1.981,-16.24,4.787,-81.5
590708,2130,1.964,-15.78,4.787,-81
590728,2125,1.97,-15.39,4.787,-81.5
590748,2123,1.982,-15.02,4.787,-82
590768,2121,1.988,-14.79,4.769,-82
590788,2119,1.985,-14.23,4.769,-82
590808,2114,1.979,-13.29,4.769,-81.5
590828,2112,1.964,-13.02,4.769,-81.5
590848,2110,1.96,-13,4.769,-81
590868,2108,1.967,-12.56,4.769,-81
590888,2104,1.972,-12.67,4.78,-82
590908,2101,1.987,-12.57,4.78,-82
590928,2099,1.992,-12.37,4.78,-81.5
590948,2097,1.992,-12.03,4.78,-81.5
590968,2093,1.992,-11.7,4.78,-82
590988,2090,1.985,-11.37,4.78,-81.5
591008,2089,1.979,-11.14,4.782,-82.5
591028,2087,1.97,-10.82,4.782,-82
591048,2082,1.963,-10.67,4.782,-81.5
591068,2080,1.965,-10.34,4.782,-81.5
591088,2077,1.981,-9.96,4.782,-83
591108,2076,1.992,-9.82,4.782,-83
591128,2071,1.997,-9.42,4.782,-81.5
591148,2069,1.994,-8.72,4.782,-81.5
591168,2068,1.997,-8.47,4.782,-82
591188,2065,1.989,-8.26,4.782,-81.5
591208,2061,1.985,-7.91,4.782,-81.5
591228,2059,1.994,-7.66,4.782,-81.5
591248,2057,2.01,-7.39,4.787,-81.5
591268,2055,2.009,-7.04,4.787,-82
591288,2051,2.003,-6.95,4.787,-82
591308,2049,1.995,-6.67,4.787,-81
591328,2047,1.989,-6.24,4.787,-82.5
591348,2045,1.977,-6.31,4.787,-82
591368,2041,1.973,-6.1,4.769,-81.5
591388,2039,1.983,-5.77,4.769,-81.5
591408,2037,1.992,-5.33,4.769,-81.5
591428,2035,1.994,-5.32,4.769,-81.5
591448,2032,1.987,-5.04,4.769,-82
591468,2030,1.989,-4.58,4.769,-81.5
591488,2028,1.989,-4.29,4.776,-81.5
591508,2026,1.984,-4.21,4.776,-81.5
591528,2022,1.978,-4.14,4.776,-82
591548,2021,1.976,-3.84,4.776,-82
591568,2019,1.991,-3.57,4.776,-82
591588,2017,2,-3.53,4.776,-81.5
591608,2014,2.002,-3.5,4.776,-81.5
591628,2012,1.992,-3.23,4.776,-82.5
591648,2010,1.991,-2.92,4.776,-82
591668,2009,1.985,-2.48,4.776,-81.5
591688,2005,1.986,-2.14,4.776,-82
591708,2004,1.988,-2.1,4.776,-81.5
591728,2002,2,-2,4.776,-81.5
591748,2001,2.007,-2.19,4.776,-81.5
591768,1997,2.009,-2.05,4.776,-82.5
591788,1997,2.014,-1.9,4.776,-82
591808,1995,2.017,-1.69,4.776,-81.5
591828,1993,2.015,-1.76,4.776,-81.5
591848,1991,2.003,-1.84,4.76,-81.5
591868,1989,1.999,-1.83,4.76,-82
591888,1988,1.995,-1.55,4.76,-82.5
591908,1986,1.994,-1.09,4.76,-81.5
591928,1983,1.985,-0.71,4.76,-81.5
591948,1982,1.973,-0.72,4.76,-81.5
591968,1980,1.967,-0.39,4.763,-82
591988,1978,1.958,-0.19,4.763,-82
592008,1975,1.956,0.09,4.763,-82
592028,1974,1.952,0.5,4.763,-81.5
592048,1972,1.954,0.66,4.763,-81
592068,1970,1.96,0.66,4.763,-81.5
592088,1967,1.958,0.85,4.776,-81.5
592108,1966,1.957,1.13,4.776,-82
592128,1964,1.952,1.73,4.776,-81.5
592148,1963,1.947,2.29,4.776,-82
592168,1960,1.95,2.35,4.776,-81.5
592188,1958,1.948,2.58,4.776,-81.5
592208,1957,1.946,2.74,4.776,-81.5
592228,1955,1.953,2.96,4.776,-82
592248,1953,1.955,3.12,4.776,-81.5
592268,1951,1.958,3.44,4.776,-82
592288,1949,1.957,3.48,4.776,-82
592308,1948,1.949,3.91,4.776,-82
592328,1946,1.939,4.27,4.776,-81.5
592348,1944,1.927,4.33,4.776,-81.5
592368,1942,1.935,4.37,4.776,-81.5
592388,1941,1.935,4.44,4.776,-81.5
592408,1939,1.944,4.64,4.776,-81.5
592428,1937,1.942,4.65,4.776,-82.5
592448,1936,1.947,4.63,4.79,-82
592468,1935,1.951,4.79,4.79,-82
592488,1932,1.949,5.08,4.79,-81.5
592508,1931,1.954,5.18,4.79,-81.5
592528,1930,1.939,5.54,4.79,-81.5
592548,1928,1.931,5.69,4.79,-81.5
592568,1925,1.926,5.85,4.769,-81.5
592588,1924,1.93,5.94,4.769,-81.5
592608,1923,1.932,6.14,4.769,-81.5
592628,1921,1.933,6.07,4.769,-81.5
592648,1918,1.944,6.26,4.769,-82
592668,1918,1.957,6.41,4.769,-82
592688,1916,1.959,6.8,4.776,-81.5
592708,1914,1.958,7.08,4.776,-81.5
592728,1913,1.957,7.62,4.776,-82
592748,1913,1.957,7.72,4.776,-81.5
592768,1911,1.951,7.78,4.776,-82
592788,1910,1.948,7.87,4.776,-81.5
592808,1909,1.944,8.01,4.776,-81
592828,1908,1.941,7.99,4.776,-81
592848,1907,1.939,8.13,4.776,-81
592868,1906,1.954,7.95,4.776,-81
592888,1905,1.945,7.58,4.776,-82.5
592908,1904,1.946,7.37,4.776,-82
592928,1903,1.938,7.18,4.782,-81.5
592948,1902,1.93,7.35,4.782,-81.5
592968,1901,1.929,7.16,4.782,-81.5
592988,1899,1.928,7.5,4.782,-81.5
593008,1898,1.932,7.64,4.782,-81.5
593028,1897,1.937,8.09,4.782,-81.5
593048,1896,1.94,8.32,4.787,-81
593068,1895,1.939,8.38,4.787,-81.5
593088,1894,1.936,8.7,4.787,-81
593108,1893,1.93,9.09,4.787,-81
593128,1891,1.929,9.3,4.787,-81
593148,1890,1.938,9.49,4.787,-81
593168,1889,1.945,9.54,4.769,-81.5
593188,1888,1.952,9.71,4.769,-81.5
593208,1886,1.956,9.67,4.769,-81.5
593228,1885,1.963,9.53,4.769,-81.5
593248,1884,1.965,9.76,4.769,-81.5
593268,1883,1.962,10.08,4.769,-82.5
593288,1881,1.955,10.32,4.78,-81.5
593308,1880,1.949,10.53,4.78,-82
593328,1879,1.942,10.57,4.78,-81.5
593348,1878,1.945,11.02,4.78,-82
593368,1876,1.951,10.98,4.78,-81.5
593388,1875,1.942,10.69,4.78,-82
593408,1874,1.941,10.35,4.776,-81.5
593428,1874,1.936,10.29,4.776,-82
593448,1872,1.944,10.32,4.776,-81.5
593468,1871,1.944,10.46,4.776,-82
593488,1870,1.951,10.52,4.776,-82
593508,1868,1.955,10.69,4.776,-82
593528,1868,1.957,10.79,4.776,-81.5
593548,1868,1.958,10.91,4.776,-81.5
593568,1866,1.953,11.04,4.776,-81.5
593588,1865,1.945,11.15,4.776,-81.5
593608,1864,1.941,11.41,4.776,-81.5
593628,1863,1.94,11.27,4.776,-82
593648,1863,1.938,11.46,4.787,-81.5
593668,1861,1.936,11.4,4.787,-81
593688,1860,1.925,11.55,4.787,-81
593708,1860,1.918,11.67,4.787,-81
593728,1859,1.911,11.73,4.787,-81
593748,1857,1.904,11.79,4.787,-81.5
593768,1856,1.9,11.71,4.769,-82
593788,1856,1.911,11.62,4.769,-81
593808,1855,1.92,11.78,4.769,-81
593828,1854,1.926,12.07,4.769,-81.5
593848,1854,1.932,12.21,4.769,-81.5
593868,1853,1.936,12.66,4.769,-81.5
593888,1851,1.946,12.82,4.776,-81.5
593908,1850,1.95,12.96,4.776,-82
593928,1849,1.957,13.19,4.776,-82
593948,1849,1.965,13.46,4.776,-82.5
593968,1848,1.966,13.79,4.776,-82
593988,1847,1.963,14.08,4.776,-82
594008,1846,1.958,14.4,4.776,-82
594028,1845,1.959,14.31,4.776,-82.5
594048,1844,1.951,14.17,4.776,-82.5
594068,1843,1.95,14.07,4.776,-82.5
594088,1842,1.943,14.21,4.776,-82
594108,1842,1.93,14.35,4.776,-81.5
594128,1841,1.925,14.21,4.782,-81.5
594148,1840,1.92,14.04,4.782,-81.5
594168,1839,1.918,13.75,4.782,-81.5
594188,1838,1.917,13.48,4.782,-81.5
594208,1838,1.919,13.24,4.782,-81.5
594228,1836,1.922,13.44,4.782,-82
594248,1836,1.928,13.46,4.776,-82
594268,1835,1.943,13.46,4.776,-82
594288,1834,1.948,13.53,4.776,-82
594308,1833,1.956,13.41,4.776,-82
594328,1833,1.956,13.41,4.776,-82
594348,1832,1.964,13.16,4.776,-82
594368,1832,1.964,13.16,4.769,-82
594388,1831,1.959,13.03,4.769,-82
594408,1831,1.965,12.96,4.769,-82
594428,1830,1.966,12.75,4.769,-82
594448,1830,1.963,12.7,4.769,-82
594468,1829,1.955,12.77,4.769,-82
594488,1829,1.949,12.83,4.776,-81.5
594508,1828,1.941,12.83,4.776,-81.5
594528,1828,1.932,12.62,4.776,-81.5
594548,1827,1.931,12.71,4.776,-82
594568,1827,1.934,12.86,4.776,-81
594588,1827,1.934,12.64,4.776,-81.5
594608,1826,1.932,12.63,4.787,-81.5
594628,1826,1.929,12.71,4.787,-81.5
594648,1826,1.92,12.61,4.787,-81.5
594668,1825,1.913,12.81,4.787,-82
594688,1825,1.913,12.96,4.787,-81.5
594708,1825,1.906,13.21,4.787,-81.5
594728,1825,1.901,13.61,4.782,-81.5
594748,1824,1.899,13.96,4.782,-82
594768,1825,1.896,13.81,4.782,-81.5
594788,1824,1.893,13.67,4.782,-81.5
594808,1824,1.893,13.91,4.782,-81
594828,1824,1.888,13.7,4.782,-81
594848,1824,1.879,13.09,4.776,-81.5
594868,1824,1.882,12.71,4.776,-81
594888,1824,1.874,12.14,4.776,-81.5
594908,1823,1.87,11.91,4.776,-81
594928,1823,1.877,11.62,4.776,-81.5
594948,1823,1.872,11.75,4.776,-81.5
594968,1823,1.867,11.87,4.769,-81.5
594988,1823,1.871,12.25,4.769,-81.5
595008,1823,1.866,12.73,4.769,-82
595028,1823,1.866,13.31,4.769,-82
595048,1823,1.87,14.03,4.769,-81.5
595068,1823,1.881,13.99,4.769,-81.5
595088,1823,1.887,14.11,4.776,-81
595108,1823,1.884,14.21,4.776,-81.5
595128,1822,1.884,14.45,4.776,-81.5
595148,1822,1.891,15.08,4.776,-81.5
595168,1822,1.903,15.11,4.776,-81.5
595188,1822,1.906,15.08,4.776,-82
595208,1822,1.911,14.83,4.774,-81
595228,1822,1.912,14.65,4.774,-81
595248,1822,1.904,14.32,4.774,-81.5
595268,1822,1.896,14.1,4.774,-81.5
595288,1822,1.889,13.88,4.774,-81.5
595308,1821,1.887,13.78,4.774,-81.5
595328,1821,1.898,13.57,4.776,-81.5
595348,1820,1.906,13.27,4.776,-81.5
595368,1820,1.905,13.09,4.776,-81.5
595388,1820,1.901,13.53,4.776,-82
595408,1820,1.907,14.08,4.776,-81.5
595428,1819,1.911,14.67,4.776,-81.5
595448,1820,1.909,15.28,4.776,-82
595468,1819,1.908,16,4.776,-82
595488,1818,1.915,16.64,4.776,-82
595508,1819,1.919,17.16,4.776,-81.5
595528,1819,1.918,17.62,4.776,-81.5
595548,1818,1.915,17.91,4.776,-82
595568,1818,1.913,18.33,4.769,-82
595588,1818,1.919,18.7,4.769,-81.5
595608,1818,1.928,18.93,4.769,-82.5
595628,1818,1.938,18.5,4.769,-82.5
595648,1818,1.94,17.98,4.769,-82
595668,1816,1.944,18.1,4.769,-82
595688,1817,1.95,18.19,4.776,-82
595708,1816,1.953,17.69,4.776,-82
595728,1816,1.955,17.6,4.776,-82
595748,1816,1.962,17.03,4.776,-82
595768,1816,1.956,17.2,4.776,-82
595788,1815,1.956,17.29,4.776,-81.5
595808,1815,1.965,16.69,4.774,-82
595828,1815,1.963,16.52,4.774,-82
595848,1814,1.965,16.35,4.774,-82.5
595868,1814,1.97,16.2,4.774,-82.5
595888,1814,1.969,15.67,4.774,-82
595908,1813,1.974,15.77,4.774,-82
595928,1812,1.973,15.6,4.776,-82
595948,1812,1.975,15.16,4.776,-82
595968,1812,1.972,15,4.776,-82
595988,1812,1.964,14.91,4.776,-82.5
596008,1811,1.961,15,4.776,-82
596028,1811,1.954,14.94,4.776,-81.5
596048,1811,1.948,14.64,4.776,-81.5
596068,1810,1.937,14.35,4.776,-82
596088,1810,1.932,14.2,4.776,-81.5
596108,1809,1.925,14.21,4.776,-82.5
596128,1809,1.92,14.62,4.776,-82.5
596148,1808,1.916,14.96,4.776,-82
596168,1807,1.909,15.25,4.768,-82
596188,1807,1.905,15.4,4.768,-82
596208,1807,1.905,15.39,4.768,-82
596228,1805,1.899,15.13,4.768,-82
596248,1805,1.893,15.13,4.768,-82.5
596268,1805,1.897,15.17,4.768,-82
596288,1805,1.891,15.04,4.776,-82
596308,1804,1.892,14.9,4.776,-81.5
596328,1803,1.891,14.74,4.776,-82
596348,1803,1.894,14.67,4.776,-82.5
596368,1803,1.902,14.66,4.776,-82
596388,1802,1.911,15.04,4.776,-82
596408,1801,1.915,15.74,4.776,-82
596428,1800,1.922,15.81,4.776,-82
596448,1800,1.926,16.61,4.776,-82
596468,1800,1.936,17.16,4.776,-81.5
596488,1799,1.941,17.64,4.776,-82
596508,1798,1.939,17.75,4.776,-82
596528,1798,1.94,17.81,4.774,-82
596548,1796,1.949,17.49,4.774,-82
596568,1796,1.949,17.08,4.774,-82
596588,1796,1.946,16.77,4.774,-81.5
596608,1796,1.944,16.29,4.774,-81.5
596628,1794,1.94,16.28,4.774,-81.5
596648,1793,1.936,15.83,4.776,-82.5
596668,1792,1.936,15.71,4.776,-82
596688,1792,1.933,15.77,4.776,-82
596708,1790,1.923,15.79,4.776,-82
596728,1789,1.918,15.86,4.776,-81.5
596748,1788,1.912,15.67,4.776,-81.5
596768,1788,1.909,15.6,4.769,-82
596788,1787,1.911,15.17,4.769,-82.5
596808,1786,1.91,15,4.769,-82
596828,1785,1.917,15.12,4.769,-82.5
596848,1785,1.931,15.04,4.769,-82.5
596868,1783,1.94,15.14,4.769,-82.5
596888,1783,1.949,15.62,4.776,-83
596908,1782,1.961,15.91,4.776,-82
596928,1782,1.968,16.07,4.776,-82.5
596948,1781,1.969,16.12,4.776,-82
596968,1780,1.971,16.49,4.776,-82
596988,1780,1.968,16.44,4.776,-82
597008,1780,1.967,16.29,4.776,-82
597028,1778,1.96,16.29,4.776,-81.5
597048,1778,1.956,16.43,4.776,-82
597068,1777,1.949,16.52,4.776,-82
597088,1777,1.943,16.69,4.776,-82
597108,1776,1.936,17.19,4.776,-82.5
597128,1776,1.929,17.58,4.776,-82.5
597148,1775,1.921,17.95,4.776,-82
597168,1775,1.912,18.23,4.776,-82
597188,1774,1.914,18.67,4.776,-81.5
597208,1773,1.909,19.07,4.776,-81.5
597228,1772,1.904,19.43,4.776,-82
597248,1772,1.904,19.44,4.776,-82.5
597268,1770,1.91,19.04,4.776,-82
597288,1769,1.92,18.81,4.776,-82
597308,1769,1.936,18.93,4.776,-82.5
597328,1768,1.942,19.23,4.776,-82
597348,1767,1.945,19.19,4.776,-82
597368,1767,1.943,19,4.769,-82
597388,1766,1.944,19.02,4.769,-82
597408,1765,1.943,19.5,4.769,-81.5
597428,1764,1.947,19,4.769,-82
597448,1763,1.948,19.1,4.769,-81.5
597468,1762,1.946,18.86,4.769,-81.5
597488,1762,1.945,19.27,4.776,-81.5
597508,1761,1.938,19.59,4.776,-82
597528,1761,1.938,19.48,4.776,-82
597548,1760,1.938,19.32,4.776,-82
597568,1759,1.944,19.62,4.776,-81.5
597588,1757,1.934,19.95,4.776,-81.5
597608,1756,1.925,20.03,4.776,-82
597628,1756,1.922,20.1,4.776,-81.5
597648,1755,1.912,19.95,4.776,-81.5
597668,1753,1.919,19.82,4.776,-82
597688,1752,1.933,19.82,4.776,-81.5
597708,1751,1.944,19.66,4.776,-81.5
597728,1750,1.951,19.64,4.776,-81.5
597748,1748,1.952,19.68,4.776,-81.5
597768,1747,1.956,19.75,4.776,-82
597788,1746,1.957,19.82,4.776,-81.5
597808,1745,1.958,19.69,4.776,-81.5
597828,1743,1.955,19.81,4.776,-81.5
597848,1742,1.952,19.76,4.787,-81.5
597868,1740,1.956,19.85,4.787,-82
597888,1740,1.96,19.89,4.787,-82
597908,1737,1.97,19.94,4.787,-82.5
597928,1736,1.985,19.89,4.787,-82
597948,1735,1.994,20.01,4.787,-82.5
597968,1734,1.99,20.32,4.768,-82
597988,1732,1.983,20.45,4.768,-81.5
598008,1730,1.977,20.41,4.768,-81.5
598028,1729,1.978,20.43,4.768,-81.5
598048,1728,1.982,20.56,4.768,-82
598068,1725,1.993,20.99,4.768,-82
598088,1724,1.985,21.18,4.782,-82
598108,1723,1.973,21.22,4.782,-81.5
598128,1721,1.967,21.16,4.782,-81
598148,1718,1.961,21.06,4.782,-82
598168,1717,1.962,20.97,4.782,-81.5
598188,1716,1.957,20.96,4.782,-81.5
598208,1714,1.944,21.08,4.776,-81.5
598228,1711,1.935,21.22,4.776,-81
598248,1710,1.937,21.43,4.776,-81.5
598268,1708,1.936,21.52,4.776,-81
598288,1706,1.932,21.67,4.776,-81.5
598308,1704,1.94,21.74,4.776,-82
598328,1702,1.955,22.08,4.776,-81.5
598348,1700,1.968,22.6,4.776,-81.5
598368,1698,1.958,22.82,4.776,-81.5
598388,1696,1.95,23.09,4.776,-81
598408,1694,1.948,23.4,4.776,-81.5
598428,1693,1.958,23.53,4.776,-81.5
598448,1691,1.971,23.49,4.787,-81.5
598468,1688,1.968,23.64,4.787,-81.5
598488,1686,1.969,23.38,4.787,-81.5
598508,1685,1.976,23.43,4.787,-82.5
598528,1684,1.974,23.8,4.787,-82
598548,1680,1.96,24.13,4.787,-81.5
598568,1678,1.952,24.3,4.768,-81.5
598588,1676,1.95,24.62,4.768,-81.5
598608,1675,1.957,24.97,4.768,-81.5
598628,1671,1.972,25.08,4.768,-83
598648,1669,1.975,25.16,4.768,-82
598668,1668,1.975,25.53,4.768,-81.5
598688,1665,1.957,25.47,4.782,-81.5
598708,1662,1.954,25.82,4.782,-82
598728,1660,1.957,26.01,4.782,-81.5
598748,1658,1.962,25.58,4.782,-82
598768,1655,1.964,25.12,4.782,-82
598788,1652,1.974,25.42,4.782,-82
598808,1650,1.99,25.54,4.776,-82.5
598828,1648,1.987,25.57,4.776,-82
598848,1646,1.983,25.9,4.776,-81.5
598868,1642,1.987,26.07,4.776,-82
598888,1640,2,26.62,4.776,-83
598908,1638,2.005,27.18,4.776,-83
598928,1635,2.009,27.66,4.776,-84
598948,1632,2.01,27.82,4.776,-82
598968,1629,2.02,27.55,4.776,-82
598988,1627,2.022,27.54,4.776,-82
599008,1625,2.017,27.42,4.776,-83
599028,1621,2.02,27.59,4.776,-82.5
599048,1619,2.023,27.93,4.776,-82.5
599068,1617,2.023,28.47,4.776,-83
599088,1614,2.023,28.68,4.776,-82.5
599108,1610,2.007,28.87,4.776,-81.5
599128,1608,1.997,28.95,4.776,-81.5
599148,1606,1.996,29.17,4.776,-83
599168,1603,2,29.17,4.769,-83.5
599188,1598,2.012,29.23,4.769,-82
599208,1596,2.002,29.66,4.769,-82
599228,1593,1.996,29.81,4.769,-81.5
599248,1591,1.996,29.81,4.769,-81.5
599268,1587,1.991,29.8,4.769,-82
599288,1584,1.993,30.18,4.776,-83
599308,1581,1.991,30.56,4.776,-82
599328,1579,1.99,30.8,4.776,-82.5
599348,1575,1.995,30.98,4.776,-83.5
599368,1572,1.988,30.95,4.776,-81.5
599388,1570,1.991,30.76,4.776,-82
599408,1567,1.989,30.63,4.776,-81.5
599428,1563,1.99,30.53,4.776,-83.5
599448,1561,1.993,30.59,4.776,-83.5
599468,1558,1.998,31.09,4.776,-82.5
599488,1555,1.992,31.38,4.776,-82
599508,1551,1.983,31.29,4.776,-82
599528,1548,1.987,31.65,4.776,-82
599548,1546,1.994,31.88,4.776,-82.5
599568,1543,1.983,32.21,4.776,-81.5
599588,1538,1.968,32.18,4.776,-81.5
599608,1536,1.962,32.84,4.776,-81.5
599628,1532,1.969,33.25,4.776,-81.5
599648,1529,1.974,33.64,4.787,-81.5
599668,1524,1.978,33.66,4.787,-82.5
599688,1521,1.957,33.55,4.787,-82
599708,1519,1.954,33.68,4.787,-81.5
599728,1516,1.939,33.66,4.787,-81.5
599748,1511,1.934,33.84,4.787,-81.5
599768,1508,1.946,34.14,4.769,-82
599788,1505,1.945,34.5,4.769,-81.5
599808,1503,1.946,34.64,4.769,-82
599828,1498,1.947,35.03,4.769,-81
599848,1494,1.963,35.23,4.769,-84.5
599868,1492,1.974,35.43,4.769,-83
599888,1490,1.962,35.88,4.78,-81.5
599908,1484,1.951,36.25,4.78,-81.5
599928,1481,1.938,36.46,4.78,-81.5
599948,1478,1.936,36.46,4.78,-82
599968,1475,1.943,36.82,4.78,-82
599988,1469,1.947,37.11,4.78,-82
600008,1467,1.954,37.41,4.78,-82
600028,1464,1.954,37.53,4.78,-82
600048,1461,1.945,37.89,4.78,-81.5
600068,1455,1.944,38.12,4.78,-82
600088,1452,1.952,38.29,4.78,-83
600108,1449,1.956,38.3,4.78,-82
600128,1447,1.958,38.55,4.776,-82
600148,1441,1.954,39.14,4.776,-81.5
600168,1437,1.952,39.25,4.776,-82
600188,1435,1.947,39.37,4.776,-82
600208,1431,1.935,39.55,4.776,-81.5
600228,1425,1.934,39.75,4.776,-82
600248,1423,1.935,40.45,4.787,-82.5
600268,1420,1.921,40.46,4.787,-81.5
600288,1416,1.917,40.84,4.787,-81.5
600308,1410,1.905,41.28,4.787,-81.5
600328,1406,1.904,41.45,4.787,-82
600348,1403,1.901,41.31,4.787,-81.5
600368,1400,1.905,41.54,4.769,-82
600388,1393,1.909,41.9,4.769,-82.5
600408,1391,1.925,42.04,4.769,-82.5
600428,1387,1.926,42.11,4.769,-82
600448,1384,1.922,42.16,4.769,-82.5
600468,1378,1.921,42.19,4.769,-82
600528,1369,1.901,42.66,4.787,-82
600548,1363,1.896,42.54,4.787,-82
600568,1359,1.898,43.04,4.787,-82.5
600588,1356,1.891,43.21,4.787,-82
600608,1353,1.891,43.5,4.776,-82
600628,1346,1.894,43.48,4.776,-82.5
600648,1342,1.877,43.67,4.776,-82
600668,1338,1.869,43.73,4.776,-82
600688,1335,1.861,43.79,4.776,-82
600708,1329,1.861,43.87,4.776,-82
600728,1325,1.859,43.94,4.776,-82.5
600748,1322,1.862,44.27,4.776,-82
600768,1319,1.867,44.07,4.776,-82
600788,1312,1.868,44.05,4.776,-82
600808,1309,1.875,44.17,4.776,-82.5
600828,1305,1.87,44.52,4.776,-82
600848,1302,1.87,44.39,4.776,-82
600868,1296,1.865,44.81,4.776,-82
600888,1292,1.86,45.16,4.776,-81
600908,1289,1.859,45.4,4.776,-82.5
600928,1286,1.858,45.56,4.776,-82.5
600948,1279,1.859,45.62,4.776,-81.5
600968,1276,1.858,45.35,4.769,-82
600988,1272,1.852,45.12,4.769,-82
601008,1269,1.852,45.55,4.769,-81.5
601028,1263,1.848,46.51,4.769,-81.5
601048,1259,1.846,46.24,4.769,-81
601068,1256,1.852,46.28,4.769,-81.5
601088,1252,1.85,46.37,4.782,-81
601108,1246,1.857,46.51,4.782,-81.5
601128,1242,1.852,46.64,4.782,-82.5
601148,1239,1.863,46.83,4.782,-82
601168,1236,1.877,47.17,4.782,-82
601188,1229,1.879,47.53,4.782,-82
601208,1226,1.882,47.52,4.776,-82
601228,1222,1.885,48.16,4.776,-82.5
601248,1219,1.893,48.73,4.776,-82.5
601268,1212,1.883,48.6,4.776,-82
601288,1209,1.887,48.96,4.776,-82.5
601308,1205,1.888,49.23,4.776,-82.5
601328,1202,1.874,49.36,4.774,-82
601348,1195,1.874,49.48,4.774,-82
601368,1191,1.868,49.55,4.774,-82
601388,1188,1.861,49.58,4.774,-81.5
601408,1185,1.858,49.65,4.774,-81.5
601428,1178,1.859,49.64,4.774,-81.5
601448,1175,1.859,49.85,4.776,-81.5
601468,1171,1.857,49.78,4.776,-82
601488,1167,1.85,49.36,4.776,-82
601508,1160,1.845,49.26,4.776,-82
601528,1157,1.846,49.37,4.776,-82.5
601548,1154,1.841,49.58,4.776,-81.5
601568,1150,1.841,49.62,4.787,-81.5
601588,1143,1.847,49.65,4.787,-81.5
601608,1140,1.845,49.82,4.787,-81.5
601628,1136,1.845,49.89,4.787,-81.5
601648,1132,1.845,49.87,4.787,-81.5
601668,1125,1.849,49.55,4.787,-82
601688,1122,1.843,49.26,4.776,-81.5
601707,1118,1.845,49.16,4.776,-81.5
601727,1114,1.843,49.24,4.776,-81.5
601748,1108,1.842,49.26,4.776,-81.5
601768,1104,1.848,49.53,4.776,-81.5
601787,1100,1.843,49.34,4.776,-82
601808,1097,1.854,49.6,4.782,-82
601827,1090,1.863,49.82,4.782,-82
601848,1085,1.862,50.09,4.782,-82
601868,1082,1.855,49.74,4.782,-82
601887,1078,1.855,49.82,4.782,-82
601907,1071,1.853,49.68,4.782,-82
601928,1067,1.84,50.03,4.787,-82
601948,1064,1.837,50.36,4.787,-82
601967,1061,1.838,50.61,4.787,-82
601987,1053,1.841,50.76,4.787,-81.5
602007,1050,1.831,50.89,4.787,-82.5
602027,1046,1.828,51.12,4.787,-82.5
602048,1042,1.839,51.39,4.776,-81.5
602067,1036,1.839,51.39,4.776,-82
602087,1033,1.838,51.93,4.776,-81.5
602108,1029,1.846,51.78,4.776,-81.5
602127,1025,1.848,52.03,4.776,-82
602147,1022,1.854,52.55,4.776,-81.5
602167,1019,1.855,52.57,4.768,-81.5
602187,1024,1.863,52.71,4.768,-81
602207,1037,1.855,52.57,4.768,-81.5
602227,1062,1.851,52.62,4.768,-81.5
602247,1071,1.861,52.35,4.768,-81.5
602267,1075,1.867,52.26,4.768,-82
602287,1075,1.859,52.05,4.774,-82
602307,1073,1.854,51.98,4.774,-81.5
602327,1072,1.85,51.78,4.774,-81.5
602347,1071,1.849,52.16,4.774,-82
602367,1071,1.85,52.62,4.774,-81.5
602387,1070,1.842,52.48,4.774,-82
602407,1070,1.834,52.14,4.776,-82
602427,1069,1.834,51.89,4.776,-81.5
602447,1069,1.837,52.32,4.776,-82
602467,1068,1.835,52.21,4.776,-82
602487,1068,1.832,52.55,4.776,-82
602507,1068,1.832,52.61,4.776,-82.5
602527,1068,1.836,52.53,4.787,-82.5
602547,1068,1.842,52.74,4.787,-82.5
602567,1069,1.841,53.05,4.787,-82
602587,1069,1.838,53.4,4.787,-82
602607,1070,1.836,53.53,4.787,-82
602627,1071,1.838,53.84,4.787,-82.5
602647,1071,1.844,53.8,4.776,-82.5
602667,1072,1.85,53.78,4.776,-82.5
602687,1073,1.849,53.8,4.776,-81.5
602707,1074,1.847,53.65,4.776,-82
602727,1075,1.842,53.65,4.776,-82
602747,1075,1.842,53.6,4.776,-81.5
602767,1079,1.838,53.71,4.769,-82
602787,1081,1.838,53.67,4.769,-82
602807,1082,1.835,53.66,4.769,-81.5
602827,1083,1.843,53.94,4.769,-81.5
602847,1089,1.848,53.89,4.769,-82.5
602867,1090,1.852,53.68,4.769,-82
602887,1092,1.858,53.59,4.782,-81.5
602907,1093,1.854,53.23,4.782,-82
602927,1097,1.851,52.59,4.782,-81.5
602947,1098,1.85,52.31,4.782,-82
602967,1100,1.858,51.94,4.782,-81.5
602987,1102,1.858,51.53,4.782,-82
603007,1106,1.861,51.36,4.776,-82
603027,1107,1.864,50.99,4.776,-81.5
603047,1109,1.864,50.7,4.776,-82
603067,1111,1.866,50.52,4.776,-82.5
603087,1115,1.877,50.35,4.776,-82.5
603107,1116,1.886,50.5,4.776,-82
603127,1118,1.891,50.35,4.776,-82
603147,1120,1.891,50.16,4.776,-82.5
603167,1124,1.896,49.78,4.776,-82
603187,1126,1.899,49.66,4.776,-82
603207,1128,1.897,49.55,4.776,-82
603227,1129,1.889,49.28,4.776,-81.5
603247,1133,1.901,49.11,4.787,-82
603267,1135,1.909,49.03,4.787,-82
603287,1137,1.914,48.81,4.787,-82
603307,1139,1.908,48.6,4.787,-82
603327,1143,1.9,48.49,4.787,-82
603347,1145,1.895,47.93,4.787,-82
603367,1147,1.891,47.78,4.769,-82
603387,1149,1.899,47.78,4.769,-82
603407,1153,1.899,47.82,4.769,-82.5
603427,1155,1.9,47.78,4.769,-83
603447,1157,1.891,47.42,4.769,-82.5
603467,1159,1.88,47.33,4.769,-82.5
603487,1164,1.879,47.33,4.774,-81.5
603507,1165,1.89,47.34,4.774,-82
603527,1168,1.905,47.23,4.774,-82
603547,1170,1.908,47.17,4.774,-83
603567,1175,1.911,47.25,4.774,-82
603587,1177,1.908,46.85,4.774,-82.5
603607,1179,1.908,46.59,4.776,-82.5
603627,1181,1.903,46.39,4.776,-82
603647,1185,1.917,46.4,4.776,-82.5
603667,1188,1.92,46.61,4.776,-82.5
603687,1190,1.927,46.62,4.776,-82
603707,1193,1.924,46.43,4.776,-82
603727,1198,1.925,46.41,4.787,-81.5
603747,1200,1.919,46.81,4.787,-82
603767,1202,1.919,46.71,4.787,-82
603787,1204,1.915,46.44,4.787,-82
603807,1209,1.899,46.18,4.787,-82.5
603827,1211,1.892,46.41,4.787,-82
603847,1213,1.893,46.11,4.787,-81.5
603867,1216,1.898,45.86,4.787,-82
603887,1221,1.893,45.7,4.787,-82
603907,1223,1.884,45.56,4.787,-82
603927,1226,1.884,45.3,4.787,-82
603947,1227,1.893,45.28,4.787,-81.5
603967,1233,1.895,45.35,4.769,-82
603987,1235,1.898,45.35,4.769,-81.5
604007,1238,1.895,45.12,4.769,-81.5
604027,1240,1.888,45.36,4.769,-82
604047,1245,1.883,45.03,4.769,-82
604067,1248,1.877,44.58,4.769,-82
604087,1250,1.881,44.6,4.782,-82
604107,1253,1.881,44.75,4.782,-81.5
604127,1258,1.876,44.52,4.782,-81.5
604147,1260,1.878,44.71,4.782,-81.5
604167,1263,1.879,45.06,4.782,-82
604187,1265,1.882,44.5,4.782,-82
604207,1270,1.884,44.45,4.78,-82
604227,1273,1.891,44.65,4.78,-81.5
604247,1276,1.89,44.6,4.78,-81.5
604267,1278,1.879,45.09,4.78,-82
604287,1283,1.879,44.98,4.78,-82
604307,1286,1.875,44.67,4.78,-82
604327,1289,1.88,44.31,4.776,-82
604347,1291,1.886,44.57,4.776,-82
604367,1297,1.888,44.46,4.776,-82.5
604387,1299,1.883,44.2,4.776,-82
604407,1302,1.884,44.17,4.776,-82
604427,1305,1.892,44.2,4.776,-82
604447,1310,1.889,44.15,4.787,-82.5
604467,1313,1.886,43.93,4.787,-82
604487,1316,1.895,43.8,4.787,-81.5
604507,1319,1.901,43.75,4.787,-81.5
604527,1325,1.903,43.89,4.787,-81.5
604547,1327,1.901,43.62,4.787,-82
604567,1330,1.905,43.74,4.768,-82.5
604587,1334,1.905,43.43,4.768,-82.5
604607,1339,1.909,43.34,4.768,-82.5
604627,1341,1.902,43.12,4.768,-82
604647,1345,1.902,42.83,4.768,-81.5
604667,1348,1.896,42.79,4.768,-81.5
604687,1354,1.896,42.34,4.787,-82
604707,1357,1.891,42.17,4.787,-81.5
604727,1360,1.888,42.15,4.787,-82.5
604747,1363,1.879,41.96,4.787,-81.5
604767,1369,1.879,41.92,4.787,-81.5
604787,1372,1.883,42.08,4.787,-82
604807,1375,1.881,41.82,4.776,-82
604827,1378,1.889,41.76,4.776,-82
604847,1384,1.896,41.45,4.776,-82.5
604867,1387,1.902,41.49,4.776,-81.5
604887,1390,1.898,41.39,4.776,-82
604907,1393,1.901,40.96,4.776,-82
604927,1399,1.9,40.77,4.779,-82
604947,1403,1.899,40.54,4.779,-81.5
604967,1406,1.903,40.25,4.779,-82
604987,1410,1.907,40.18,4.779,-82.5
605007,1416,1.919,40.05,4.779,-83.5
605027,1419,1.914,40.05,4.779,-82.5
605047,1423,1.911,39.86,4.787,-82
605067,1426,1.907,39.37,4.787,-82.5
605087,1433,1.899,39.5,4.787,-82
605107,1436,1.898,39.28,4.787,-82
605127,1439,1.892,39.48,4.787,-82.5
605147,1442,1.896,39.43,4.787,-81.5
605167,1449,1.891,39.32,4.769,-82
605187,1452,1.895,39.14,4.769,-82
605207,1456,1.89,39.37,4.769,-82
605227,1459,1.889,39.37,4.769,-82
605247,1465,1.897,39.36,4.769,-82
605267,1469,1.902,38.96,4.769,-82
605287,1472,1.913,38.84,4.776,-82.5
605307,1475,1.922,38.55,4.776,-82.5
605327,1482,1.922,38.23,4.776,-82.5
605347,1485,1.924,38.04,4.776,-82.5
605367,1489,1.931,38,4.776,-82
605387,1491,1.93,38,4.776,-82.5
605407,1499,1.931,37.86,4.776,-83
605427,1503,1.931,37.52,4.776,-82
605447,1505,1.932,37.25,4.776,-82
605467,1509,1.928,36.98,4.776,-82
605487,1515,1.928,36.23,4.776,-82
605507,1518,1.94,36.04,4.776,-82.5
605527,1522,1.94,35.59,4.776,-82
605547,1525,1.935,35.55,4.776,-82
605567,1532,1.94,35.16,4.776,-82
605587,1536,1.941,35,4.776,-82.5
605607,1540,1.943,35.39,4.776,-82.5
605627,1543,1.942,35.59,4.776,-82
605647,1550,1.948,35.43,4.774,-82
605667,1553,1.946,35.16,4.774,-81.5
605687,1557,1.94,34.79,4.774,-81.5
605707,1561,1.947,34.39,4.774,-82.5
605727,1567,1.951,34.43,4.774,-82
605747,1570,1.951,34.07,4.774,-81.5
605767,1574,1.945,33.96,4.769,-81.5
605787,1577,1.954,33.84,4.769,-82.5
605807,1584,1.969,33.73,4.769,-83
605827,1587,1.975,33.55,4.769,-82.5
605847,1591,1.971,33.59,4.769,-82
605867,1593,1.971,33.39,4.769,-81.5
605887,1602,1.966,33.05,4.787,-82.5
605907,1605,1.966,32.77,4.787,-81.5
605927,1609,1.959,32.38,4.787,-82
605947,1612,1.962,31.96,4.787,-82
605967,1619,1.964,32.12,4.787,-82
606027,1630,1.981,31.88,4.776,-83
606047,1636,1.972,31.64,4.776,-82.5
606067,1639,1.98,31.59,4.776,-83
606087,1643,2.006,31.65,4.776,-83
606107,1646,2.014,31.29,4.776,-82
606127,1654,2.022,31,4.776,-83
606147,1656,2.033,30.34,4.776,-85.5
606167,1660,2.042,29.92,4.776,-82.5
606187,1664,2.03,30.18,4.776,-83
606207,1671,2.032,29.96,4.776,-82.5
606227,1674,2.03,29.97,4.776,-81.5
606247,1678,2.033,29.59,4.787,-84
606267,1682,2.025,29.08,4.787,-83
606287,1689,2.009,28.63,4.787,-82
606307,1692,1.998,28.51,4.787,-82
606327,1696,2,28.06,4.787,-84.5
606347,1699,1.991,27.59,4.787,-82
606367,1706,1.993,27.18,4.769,-82.5
606387,1710,2.005,26.76,4.769,-82.5
606407,1713,2.016,26.47,4.769,-82.5
606427,1717,2.02,26.14,4.769,-82.5
606447,1724,2.022,25.49,4.769,-82
606467,1728,2.02,25.35,4.769,-82.5
606487,1731,2.02,24.93,4.787,-82.5
606507,1735,2.01,24.68,4.787,-82.5
606527,1742,2.01,24.21,4.787,-82.5
606547,1746,2.013,24.01,4.787,-82.5
606567,1750,2.01,23.48,4.787,-82
606587,1753,1.994,23.14,4.787,-82
606607,1761,1.989,23.03,4.779,-82.5
606627,1764,1.996,22.76,4.779,-82.5
606647,1767,1.982,22.6,4.779,-82
606667,1771,1.991,22.26,4.779,-82.5
606687,1778,1.991,22.1,4.779,-82
606707,1781,1.986,21.68,4.779,-82
606727,1785,1.981,21.32,4.779,-82
606747,1789,1.964,21.31,4.779,-82
606767,1797,1.972,20.96,4.779,-83
606787,1800,1.957,20.56,4.779,-83
606807,1804,1.946,20.1,4.779,-81
606827,1808,1.95,19.68,4.779,-81.5
606847,1815,1.947,19.2,4.774,-81.5
606867,1818,1.963,18.89,4.774,-82.5
606887,1821,1.965,18.85,4.774,-82
606907,1825,1.973,18.62,4.774,-82
606927,1833,1.98,18.14,4.774,-82
606947,1836,1.969,17.94,4.774,-81.5
606967,1839,1.977,17.65,4.768,-82
606987,1843,1.973,17.45,4.768,-81.5
607007,1850,1.968,16.94,4.768,-82
607027,1853,1.962,16.54,4.768,-81.5
607047,1857,1.975,16.25,4.768,-82
607067,1861,1.975,16.02,4.768,-81.5
607087,1868,1.963,15.63,4.787,-81.5
607107,1872,1.965,15.5,4.787,-81.5
607127,1875,1.974,15.07,4.787,-82
607147,1878,1.973,14.46,4.787,-81.5
607167,1886,1.967,13.99,4.787,-82
607187,1889,1.971,13.63,4.787,-81.5
607207,1893,1.979,13.19,4.782,-81.5
607227,1897,1.964,12.77,4.782,-81.5
607247,1904,1.956,12.54,4.782,-82
607267,1908,1.962,12.21,4.782,-81.5
607287,1911,1.955,12.17,4.782,-81.5
607307,1915,1.945,11.69,4.782,-81.5
607327,1923,1.939,11.35,4.787,-82
607347,1927,1.945,10.88,4.787,-82
607367,1931,1.942,10.28,4.787,-82
607387,1935,1.949,9.83,4.787,-82.5
607407,1942,1.96,9.46,4.787,-81.5
607427,1946,1.962,9.09,4.787,-81.5
607447,1950,1.96,8.85,4.787,-81.5
607467,1954,1.956,8.54,4.787,-81.5
607487,1962,1.965,8.2,4.787,-82
607507,1966,1.97,7.79,4.787,-81
607527,1969,1.97,7.51,4.787,-81
607547,1974,1.958,7.29,4.787,-81.5
607567,1982,1.968,6.8,4.769,-82
607587,1986,1.954,6.48,4.769,-81.5
607607,1990,1.947,6.23,4.769,-82
607627,1994,1.95,5.52,4.769,-81.5
607647,2002,1.951,5.41,4.769,-81
607667,2006,1.959,5.27,4.769,-82
607687,2011,1.969,4.88,4.776,-82
607707,2014,1.977,4.46,4.776,-82.5
607727,2023,1.974,3.81,4.776,-81
607747,2027,1.973,3.33,4.776,-81.5
607767,2032,1.98,2.72,4.776,-81.5
607787,2036,1.969,2.26,4.776,-82
607807,2044,1.977,2.1,4.776,-81.5
607827,2048,1.973,1.36,4.776,-82
