1268321,2047,1.951,-7.79,4.765,-81.5
1268341,2055,1.962,-7.57,4.765,-82
1268361,2065,1.954,-7.66,4.765,-82
1268381,2077,1.959,-8.05,4.765,-81.5
1268401,2091,1.973,-7.77,4.774,-82
1268421,2104,1.965,-7.83,4.774,-82.5
1268441,2115,1.972,-7.85,4.774,-81.5
1268461,2121,1.965,-7.94,4.774,-82.5
1268481,2124,1.963,-8.1,4.774,-81.5
1268501,2123,1.961,-8.21,4.774,-81.5
1268521,2124,1.951,-8.26,4.774,-82
1268541,2124,1.959,-7.93,4.774,-81.5
1268561,2124,1.96,-8.21,4.774,-82
1268581,2125,1.957,-8.13,4.774,-82
1268601,2125,1.963,-7.76,4.774,-82
1268621,2126,1.959,-8,4.774,-82
1268641,2127,1.946,-8.13,4.774,-81.5
1268661,2129,1.943,-7.8,4.774,-82
1268681,2129,1.94,-8.1,4.774,-82
1268701,2130,1.948,-7.99,4.774,-81.5
1268721,2131,1.958,-7.97,4.774,-82
1268741,2133,1.974,-7.62,4.774,-82
1268761,2135,1.974,-6.64,4.761,-86.5
1268781,2136,1.975,-7.62,4.761,-82.5
1268801,2136,1.997,-7.87,4.761,-84.5
1268821,2138,2.014,-7.48,4.761,-83.5
1268841,2140,2.01,-7.48,4.761,-90.5
1268861,2142,2.019,-7.45,4.761,-82.5
1268881,2143,2.003,-7.03,4.776,-82
1268901,2145,1.989,-7.29,4.776,-81.5
1268921,2147,1.995,-8.5,4.776,-82.5
1268941,2149,2.007,-8.38,4.776,-82.5
1268961,2150,2.019,-8.01,4.776,-83
1268981,2152,2.036,-8.42,4.776,-84
1269001,2155,2.042,-8.67,4.774,-82.5
1269021,2157,2.038,-9.13,4.774,-81.5
1269041,2159,2.023,-9.45,4.774,-81.5
1269061,2161,2.003,-9.5,4.774,-82
1269081,2164,1.989,-9.39,4.774,-81
1269101,2166,1.986,-9.34,4.774,-81.5
1269121,2168,1.985,-10,4.774,-82
1269141,2171,1.991,-8.84,4.774,-82
1269161,2173,2.015,-8.59,4.774,-84
1269181,2175,2.016,-9.51,4.774,-83
1269201,2178,2.038,-11.53,4.774,-85
1269221,2180,2.04,-12.1,4.774,-82
1269241,2187,2.039,-12.42,4.774,-82
1269261,2189,2.026,-12.2,4.774,-82
1269281,2192,2.012,-12.86,4.774,-82.5
1269301,2195,1.999,-13.1,4.774,-81.5
1269321,2201,2,-13.13,4.774,-81
1269341,2204,1.993,-13.58,4.774,-81.5
1269361,2207,1.989,-14.21,4.761,-81.5
1269381,2210,1.984,-14.73,4.761,-82.5
1269401,2217,1.986,-14.94,4.761,-82.5
1269421,2220,2,-15,4.761,-82
1269441,2224,1.987,-15.6,4.761,-82.5
1269461,2228,1.984,-16.24,4.761,-81.5
1269481,2235,1.982,-16.6,4.774,-81.5
1269501,2238,1.968,-16.77,4.774,-82
1269521,2241,1.956,-17.31,4.774,-81.5
1269541,2245,1.953,-17.95,4.774,-81.5
1269561,2254,1.946,-18.34,4.774,-82
1269581,2258,1.948,-18.69,4.774,-81.5
1269601,2261,1.953,-19.5,4.753,-81
1269621,2266,1.959,-20.28,4.753,-82
1269641,2275,1.955,-20.56,4.753,-82
1269661,2279,1.941,-20.96,4.753,-81.5
1269681,2283,1.939,-21.25,4.753,-82
1269701,2288,1.952,-21.54,4.753,-82
1269721,2297,1.962,-21.64,4.774,-81.5
1269741,2301,1.944,-21.38,4.774,-82
1269761,2306,1.958,-21.89,4.774,-82
1269781,2310,1.959,-22.53,4.774,-81.5
1269801,2320,1.952,-23.1,4.774,-81
1269821,2325,1.95,-23.85,4.774,-82.5
1269841,2330,1.94,-24.32,4.758,-81.5
1269861,2335,1.945,-24.84,4.758,-81.5
1269881,2346,1.951,-25.84,4.758,-82
1269901,2351,1.946,-26.51,4.758,-82
1269921,2356,1.939,-26.93,4.758,-81
1269941,2361,1.933,-27.49,4.758,-81.5
1269961,2370,1.924,-27.8,4.768,-82
1269981,2375,1.924,-28.13,4.768,-81.5
1270001,2381,1.922,-28.81,4.768,-81
1270021,2387,1.913,-29.56,4.768,-82
1270041,2398,1.908,-29.82,4.768,-81.5
1270061,2404,1.902,-30.46,4.768,-81
1270081,2410,1.901,-31.09,4.758,-82
1270101,2416,1.903,-31.58,4.758,-81.5
1270121,2427,1.904,-32.36,4.758,-81.5
1270141,2433,1.899,-33.07,4.758,-81.5
1270161,2439,1.896,-33.68,4.758,-81.5
1270181,2445,1.897,-34.21,4.758,-82
1270201,2458,1.897,-34.89,4.776,-81.5
1270221,2463,1.9,-35.53,4.776,-81
1270241,2469,1.911,-36.3,4.776,-81.5
1270261,2476,1.906,-37.03,4.776,-82.5
1270281,2488,1.903,-37.66,4.776,-81.5
1270301,2495,1.902,-38.71,4.776,-81.5
1270321,2500,1.891,-39.27,4.76,-81
1270341,2507,1.89,-40.41,4.76,-82
1270361,2520,1.887,-41.11,4.76,-82
1270381,2527,1.891,-42.07,4.76,-82
1270401,2534,1.891,-42.73,4.76,-82
1270421,2540,1.894,-43.36,4.76,-81.5
1270441,2553,1.898,-44.15,4.758,-81.5
1270461,2560,1.891,-44.73,4.758,-81.5
1270481,2567,1.893,-44.94,4.758,-81.5
1270501,2574,1.887,-45.58,4.758,-81
1270521,2589,1.882,-46.23,4.758,-81
1270541,2595,1.878,-46.76,4.758,-82
1270561,2602,1.878,-47.5,4.761,-82
1270581,2609,1.875,-47.96,4.761,-81
1270601,2624,1.877,-48.6,4.761,-81.5
1270621,2631,1.874,-49.36,4.761,-81
1270641,2639,1.873,-50.03,4.761,-82
1270661,2646,1.882,-50.87,4.761,-82.5
1270681,2662,1.878,-51.37,4.774,-81.5
1270701,2669,1.881,-51.9,4.774,-81
1270721,2677,1.885,-52.34,4.774,-81.5
1270741,2685,1.875,-52.96,4.774,-82.5
1270761,2699,1.879,-53.62,4.774,-82
1270781,2707,1.878,-54.3,4.774,-82.5
1270801,2714,1.878,-55.34,4.774,-81.5
1270821,2730,1.882,-55.82,4.774,-81.5
1270841,2737,1.886,-56.27,4.774,-81.5
1270861,2746,1.889,-57.07,4.774,-82.5
1270881,2754,1.883,-57.71,4.774,-82
1270901,2770,1.876,-58.26,4.774,-82
1270921,2778,1.878,-58.71,4.776,-82
1270941,2786,1.874,-59.33,4.776,-81.5
1270961,2795,1.883,-59.69,4.776,-82
1270981,2811,1.879,-60.44,4.776,-82
1271001,2820,1.877,-61,4.776,-81.5
1271021,2828,1.878,-61.46,4.776,-82
1271041,2836,1.878,-62.28,4.765,-82.5
1271061,2853,1.873,-63.35,4.765,-82
1271081,2862,1.863,-63.85,4.765,-81.5
1271101,2870,1.853,-65,4.765,-81.5
1271121,2880,1.847,-66.06,4.765,-82
1271141,2896,1.848,-66.69,4.765,-82
1271161,2905,1.848,-67.22,4.768,-82.5
1271181,2913,1.859,-67.94,4.768,-82.5
1271201,2923,1.86,-68.71,4.768,-81.5
1271221,2941,1.854,-69.33,4.768,-81.5
1271241,2950,1.856,-70.1,4.768,-82
1271261,2959,1.858,-70.46,4.768,-83
1271281,2967,1.859,-71.54,4.774,-81.5
1271301,2987,1.855,-71.9,4.774,-82
1271321,2996,1.866,-72.43,4.774,-82.5
1271341,3005,1.86,-72.83,4.774,-82
1271361,3016,1.857,-73.25,4.774,-82
1271381,3034,1.859,-73.76,4.774,-83
1271401,3043,1.846,-73.82,4.774,-82
1271421,3053,1.852,-74.14,4.774,-83.5
1271441,3062,1.852,-74.36,4.774,-82.5
1271461,3072,1.855,-74.82,4.774,-82.5
1271481,3086,1.861,-75.04,4.774,-83.5
1271501,3076,1.872,-75.64,4.774,-83.5
1271521,3059,1.876,-76,4.774,-83.5
1271541,3037,1.878,-76.46,4.774,-84
1271561,3039,1.876,-76.79,4.774,-83
1271581,3042,1.871,-77.29,4.774,-83
1271601,3048,1.872,-77.58,4.774,-83
1271621,3066,1.863,-77.92,4.774,-83
1271641,3074,1.868,-78.62,4.774,-83.5
1271661,3080,1.869,-79.69,4.774,-83.5
1271681,3087,1.88,-80.08,4.774,-84
1271701,3101,1.874,-80.5,4.774,-83
1271721,3107,1.879,-81,4.774,-83.5
1271741,3114,1.882,-81.9,4.774,-83
1271761,3120,1.888,-82.09,4.768,-84.5
1271781,3130,1.883,-82.43,4.768,-84
1271801,3134,1.883,-83.1,4.768,-84
1271821,3139,1.882,-83.78,4.768,-84
1271841,3144,1.887,-83.98,4.768,-83.5
1271861,3152,1.886,-84.43,4.768,-82.5
1271881,3156,1.886,-84.4,4.753,-83.5
1271901,3160,1.887,-84.58,4.753,-84
1271921,3164,1.893,-85.14,4.753,-84
1271941,3169,1.895,-85.25,4.753,-84
1271961,3172,1.892,-85.53,4.753,-84.5
1271981,3174,1.89,-85.83,4.753,-84
1272001,3176,1.894,-86.25,4.774,-85
1272021,3181,1.888,-86.12,4.774,-84
1272041,3182,1.89,-86.52,4.774,-83.5
1272061,3182,1.893,-86.48,4.774,-83
1272081,3183,1.893,-86.31,4.774,-83.5
1272101,3183,1.885,-85.73,4.774,-83.5
1272121,3183,1.893,-85.8,4.757,-84
1272141,3183,1.89,-85.75,4.757,-84
1272161,3182,1.892,-86.17,4.757,-84
1272181,3182,1.887,-86.23,4.757,-84
1272201,3182,1.887,-86.09,4.757,-84
1272221,3182,1.883,-85.83,4.757,-83.5
1272241,3182,1.881,-85.92,4.757,-83
1272261,3181,1.881,-85.99,4.757,-84
1272281,3181,1.878,-85.9,4.757,-83.5
1272301,3180,1.876,-86.25,4.757,-83.5
1272321,3180,1.891,-86.43,4.757,-84
1272341,3179,1.897,-86.3,4.757,-84
1272361,3178,1.897,-86.38,4.768,-83.5
1272381,3178,1.901,-86.27,4.768,-84
1272401,3176,1.902,-86.23,4.768,-84
1272421,3172,1.908,-86.59,4.768,-83.5
1272441,3171,1.906,-86.75,4.768,-83.5
1272461,3169,1.904,-86.83,4.768,-83
1272481,3167,1.902,-87.3,4.758,-83.5
1272501,3164,1.903,-87.28,4.758,-83.5
1272521,3162,1.904,-87.02,4.758,-83
1272541,3160,1.899,-87.22,4.758,-83
1272561,3158,1.893,-87.17,4.758,-83
1272581,3155,1.891,-86.96,4.758,-82.5
1272601,3152,1.888,-87.14,4.774,-82.5
1272621,3151,1.898,-86.87,4.774,-83
1272641,3149,1.903,-86.66,4.774,-83.5
1272661,3145,1.901,-86.73,4.774,-83.5
1272681,3143,1.9,-86.47,4.774,-84
1272701,3141,1.899,-86.43,4.774,-84
1272721,3139,1.895,-86.5,4.774,-83
1272741,3135,1.89,-86.32,4.774,-84
1272761,3133,1.888,-86.18,4.774,-83.5
1272781,3131,1.884,-86.27,4.774,-84.5
1272801,3129,1.899,-85.93,4.774,-83.5
1272821,3125,1.897,-85.16,4.774,-84
1272841,3124,1.903,-84.95,4.765,-84
1272861,3121,1.899,-84.62,4.765,-84
1272881,3119,1.896,-84.2,4.765,-83
1272901,3115,1.886,-84.3,4.765,-83.5
1272921,3112,1.893,-84.52,4.765,-82.5
1272941,3110,1.894,-84.34,4.765,-83.5
1272961,3108,1.886,-84.14,4.761,-83.5
1272981,3103,1.877,-84.13,4.761,-83
1273001,3101,1.875,-83.86,4.761,-83
1273021,3099,1.882,-84.17,4.761,-83.5
1273041,3097,1.891,-84.15,4.761,-84.5
1273061,3092,1.891,-84.11,4.761,-83
1273081,3089,1.893,-84.08,4.774,-83
1273101,3088,1.889,-83.85,4.774,-83.5
1273121,3085,1.879,-83.34,4.774,-83
1273141,3081,1.874,-82.81,4.774,-83
1273161,3078,1.876,-82.54,4.774,-83
1273181,3076,1.881,-82.46,4.774,-84.5
1273201,3074,1.872,-82.14,4.774,-83
1273221,3069,1.869,-82.1,4.774,-83
1273241,3066,1.86,-81.75,4.774,-83
1273261,3064,1.855,-81.36,4.774,-82.5
1273281,3061,1.852,-81,4.774,-82.5
1273301,3057,1.85,-81.15,4.774,-83
1273321,3054,1.846,-80.9,4.774,-82.5
1273341,3052,1.845,-80.75,4.774,-82
1273361,3049,1.847,-80.4,4.774,-82.5
1273381,3043,1.844,-80.08,4.774,-83
1273401,3041,1.848,-79.81,4.774,-83
1273421,3039,1.843,-79.61,4.774,-82.5
1273441,3035,1.844,-79.72,4.776,-83
1273461,3030,1.851,-79.54,4.776,-83.5
1273481,3028,1.854,-79.15,4.776,-83.5
1273501,3025,1.862,-78.9,4.776,-83
1273521,3022,1.863,-78.83,4.776,-83.5
1273541,3016,1.857,-78.86,4.776,-83.5
1273561,3013,1.861,-78.64,4.768,-83
1273581,3011,1.859,-78.36,4.768,-82.5
1273601,3008,1.857,-78.44,4.768,-83
1273621,3001,1.862,-78.37,4.768,-83.5
1273641,2998,1.876,-77.82,4.768,-84
1273661,2995,1.878,-77.47,4.768,-82.5
1273681,2993,1.881,-77.53,4.774,-83.5
1273701,2987,1.881,-77.35,4.774,-84.5
1273721,2984,1.881,-77.11,4.774,-83
1273741,2981,1.877,-76.93,4.774,-82.5
1273761,2978,1.873,-77,4.774,-83
1273781,2972,1.873,-76.76,4.774,-83
1273801,2969,1.862,-76.44,4.774,-82.5
1273821,2966,1.859,-76.5,4.774,-82
1273841,2963,1.853,-76.32,4.774,-82
1273861,2957,1.864,-75.99,4.774,-82
1273881,2954,1.86,-76.08,4.774,-82.5
1273901,2951,1.857,-75.75,4.774,-82.5
1273921,2948,1.859,-75.4,4.774,-82.5
1273941,2942,1.858,-75.1,4.774,-82
1273961,2939,1.848,-75.18,4.774,-82.5
1273981,2936,1.846,-74.89,4.774,-82
1274001,2933,1.847,-74.72,4.774,-83
1274021,2926,1.852,-74.39,4.774,-83
1274041,2924,1.861,-74.29,4.765,-82.5
1274061,2921,1.861,-74,4.765,-82
1274081,2918,1.876,-74.01,4.765,-83
1274101,2911,1.871,-73.81,4.765,-82
1274121,2908,1.871,-73.61,4.765,-83
1274141,2905,1.868,-73.36,4.765,-82.5
1274161,2902,1.866,-73.26,4.763,-82
1274181,2896,1.856,-73.29,4.763,-82
1274201,2893,1.859,-73.21,4.763,-83
1274221,2890,1.863,-73.01,4.763,-83
1274241,2887,1.862,-72.78,4.763,-82
1274261,2881,1.862,-72.61,4.763,-82.5
1274281,2879,1.863,-72.39,4.774,-82.5
1274301,2876,1.871,-72.17,4.774,-82
1274321,2872,1.881,-71.9,4.774,-82
1274341,2867,1.88,-71.9,4.774,-81.5
1274361,2863,1.879,-72.29,4.774,-82.5
1274381,2861,1.881,-72.36,4.774,-82
1274401,2857,1.872,-72.1,4.774,-82
1274421,2851,1.871,-71.74,4.774,-82.5
1274441,2848,1.873,-71.49,4.774,-82
1274461,2846,1.872,-71.46,4.774,-81.5
1274481,2842,1.865,-71.47,4.774,-82
1274501,2837,1.868,-71.56,4.774,-82.5
1274521,2833,1.862,-71.12,4.774,-82
1274541,2831,1.853,-71.15,4.774,-81.5
1274561,2827,1.858,-71.03,4.774,-82
1274581,2821,1.862,-70.78,4.774,-82
1274601,2819,1.872,-70.72,4.774,-82.5
1274621,2815,1.873,-70.33,4.774,-82
1274641,2813,1.871,-70.12,4.774,-82
1274661,2807,1.872,-70.17,4.774,-82
1274681,2804,1.874,-70.06,4.774,-82
1274701,2801,1.862,-70.26,4.774,-82
1274721,2798,1.856,-69.9,4.774,-82
1274741,2792,1.864,-69.32,4.774,-83
1274761,2789,1.865,-69.11,4.768,-82
1274781,2786,1.874,-68.67,4.768,-82.5
1274801,2783,1.879,-68.69,4.768,-82.5
1274821,2777,1.875,-68.74,4.768,-82
1274841,2774,1.876,-68.69,4.768,-82
1274861,2772,1.876,-68.65,4.768,-82
1274881,2769,1.874,-68.47,4.774,-82
1274901,2763,1.865,-68.54,4.774,-81.5
1274921,2760,1.856,-68.33,4.774,-82
1274941,2757,1.85,-68.22,4.774,-82
1274961,2754,1.853,-68.18,4.774,-81.5
1274981,2749,1.851,-68.39,4.774,-82
1275001,2745,1.852,-68.1,4.774,-81.5
1275021,2742,1.854,-67.83,4.774,-82.5
1275041,2739,1.862,-67.56,4.774,-81.5
1275061,2734,1.874,-67.4,4.774,-82
1275081,2731,1.875,-67.22,4.774,-82
1275101,2727,1.881,-66.79,4.774,-82
1275121,2725,1.891,-66.71,4.774,-82.5
1275141,2720,1.9,-66.11,4.774,-82
1275161,2716,1.9,-65.65,4.774,-82
1275181,2713,1.889,-65.47,4.774,-82
1275201,2710,1.883,-65.61,4.774,-82
1275221,2704,1.88,-65.29,4.774,-81.5
1275241,2701,1.88,-65.12,4.765,-82
1275261,2698,1.885,-65.01,4.765,-82
1275281,2695,1.887,-64.43,4.765,-81.5
1275301,2689,1.89,-63.87,4.765,-82
1275321,2687,1.889,-63.39,4.765,-82
1275341,2684,1.891,-62.92,4.765,-81.5
1275361,2681,1.885,-62.3,4.755,-81.5
1275381,2675,1.888,-61.92,4.755,-81.5
1275401,2672,1.883,-61.52,4.755,-81.5
1275421,2669,1.878,-61.39,4.755,-81.5
1275441,2666,1.878,-61.27,4.755,-81
1275461,2660,1.873,-61.03,4.755,-81.5
1275481,2657,1.87,-60.6,4.774,-81.5
1275501,2654,1.867,-60.82,4.774,-82
1275521,2651,1.866,-60.59,4.774,-81.5
1275541,2645,1.865,-60.07,4.774,-81
1275561,2641,1.857,-60.06,4.774,-82
1275581,2638,1.867,-60.1,4.774,-82
1275601,2635,1.864,-59.82,4.763,-81.5
1275621,2629,1.866,-59.52,4.763,-81.5
1275641,2626,1.86,-58.81,4.763,-82
1275661,2623,1.866,-58.66,4.763,-82
1275681,2620,1.868,-58.26,4.763,-82
1275701,2614,1.867,-57.85,4.763,-82
1275721,2610,1.868,-57.53,4.774,-82.5
1275741,2608,1.873,-57.24,4.774,-82.5
1275761,2604,1.871,-56.83,4.774,-82.5
1275781,2598,1.866,-56.34,4.774,-81.5
1275801,2594,1.871,-56.21,4.774,-81.5
1275821,2591,1.879,-55.98,4.774,-81.5
1275841,2588,1.88,-55.57,4.757,-81.5
1275861,2582,1.874,-55.17,4.757,-81
1275881,2579,1.873,-55.46,4.757,-82
1275901,2576,1.873,-55.39,4.757,-81.5
1275921,2572,1.867,-54.9,4.757,-82
1275941,2566,1.869,-54.31,4.757,-81.5
1275961,2563,1.866,-54.24,4.768,-82
1275981,2560,1.868,-53.74,4.768,-82
1276001,2557,1.866,-53.44,4.768,-81.5
1276021,2550,1.878,-52.94,4.768,-81
1276041,2547,1.879,-52.82,4.768,-81.5
1276061,2544,1.882,-52.23,4.768,-81
1276081,2541,1.882,-51.52,4.774,-82
1276101,2534,1.881,-51.33,4.774,-82.5
1276121,2531,1.882,-51.42,4.774,-82
1276141,2527,1.877,-51.53,4.774,-81
1276161,2524,1.871,-51.25,4.774,-81.5
1276181,2517,1.885,-51.01,4.774,-81.5
1276201,2514,1.882,-50.83,4.776,-81.5
1276221,2510,1.878,-50.41,4.776,-82
1276241,2507,1.875,-50.21,4.776,-81.5
1276261,2501,1.875,-50.14,4.776,-82.5
1276281,2496,1.869,-49.89,4.776,-81
1276301,2495,1.873,-49.44,4.776,-81
1276321,2491,1.863,-48.91,4.757,-82
1276341,2484,1.865,-48.65,4.757,-81.5
1276361,2481,1.873,-48.62,4.757,-82
1276381,2477,1.877,-48.11,4.757,-81.5
1276401,2474,1.877,-48.1,4.757,-81
1276421,2467,1.884,-47.68,4.757,-81.5
1276441,2463,1.883,-47.11,4.76,-82.5
1276461,2460,1.885,-46.8,4.76,-82
1276481,2456,1.886,-46.61,4.76,-82
1276501,2449,1.89,-46.39,4.76,-81.5
1276521,2446,1.892,-46.56,4.76,-82
1276541,2442,1.895,-46.44,4.76,-82
1276561,2439,1.896,-46.28,4.755,-81.5
1276581,2432,1.898,-45.89,4.755,-81.5
1276601,2428,1.898,-45.28,4.755,-82
1276621,2424,1.901,-45.18,4.755,-82
1276641,2421,1.9,-44.65,4.755,-81.5
1276661,2413,1.902,-44.32,4.755,-82
1276681,2410,1.892,-43.8,4.776,-81.5
1276701,2407,1.891,-43.61,4.776,-82
1276721,2403,1.892,-43.49,4.776,-81.5
1276741,2395,1.888,-43.11,4.776,-81
1276761,2392,1.894,-43.64,4.776,-81.5
1276781,2389,1.894,-43.32,4.776,-81.5
1276801,2385,1.897,-43.09,4.774,-81
1276821,2378,1.898,-42.68,4.774,-81.5
1276841,2375,1.901,-42.6,4.774,-82.5
1276861,2371,1.914,-42.23,4.774,-81
1276881,2368,1.916,-41.81,4.774,-81.5
1276901,2362,1.917,-41.17,4.774,-82
1276921,2358,1.918,-40.73,4.774,-81.5
1276941,2355,1.925,-40.14,4.774,-81.5
1276961,2351,1.92,-39.93,4.774,-82
1276981,2344,1.919,-39.39,4.774,-81.5
1277001,2341,1.918,-38.91,4.774,-81.5
1277021,2337,1.91,-38.62,4.774,-81.5
1277041,2334,1.899,-38.07,4.758,-81
1277061,2326,1.904,-37.46,4.758,-81
1277081,2323,1.899,-37.21,4.758,-82
1277101,2320,1.901,-36.64,4.758,-81
1277121,2316,1.897,-36.18,4.758,-81.5
1277141,2310,1.89,-35.57,4.758,-82.5
1277161,2306,1.895,-35.41,4.768,-81
1277181,2303,1.893,-34.91,4.768,-81.5
1277201,2299,1.895,-34.13,4.768,-81.5
1277221,2292,1.905,-33.68,4.768,-81.5
1277241,2289,1.9,-33.59,4.768,-81.5
1277261,2285,1.902,-33.21,4.768,-81
1277281,2282,1.908,-32.82,4.776,-82
1277301,2275,1.907,-32.12,4.776,-81.5
1277321,2272,1.907,-31.84,4.776,-81.5
1277341,2268,1.907,-31.63,4.776,-82
1277361,2265,1.913,-31.26,4.776,-81.5
1277381,2258,1.923,-30.9,4.776,-82
1277401,2254,1.931,-30.22,4.774,-81.5
1277421,2251,1.93,-29.88,4.774,-81.5
1277441,2248,1.929,-29.34,4.774,-82
1277461,2241,1.946,-28.7,4.774,-81.5
1277481,2238,1.95,-28.48,4.774,-82
1277501,2235,1.94,-28.2,4.774,-81.5
1277521,2232,1.943,-27.74,4.774,-82
1277541,2225,1.952,-27.22,4.774,-81.5
1277561,2222,1.951,-26.95,4.774,-81.5
1277581,2218,1.944,-26.9,4.774,-81.5
1277601,2215,1.953,-26.57,4.774,-81.5
1277621,2208,1.963,-26.8,4.774,-82
1277641,2205,1.96,-26.26,4.765,-81
1277661,2202,1.947,-25.45,4.765,-82
1277681,2198,1.958,-25.01,4.765,-81.5
1277701,2192,1.969,-24.48,4.765,-82.5
1277721,2188,1.964,-23.98,4.765,-81.5
1277741,2185,1.946,-23.58,4.765,-82
1277761,2182,1.938,-23.39,4.734,-81.5
1277781,2175,1.943,-23.16,4.734,-82.5
1277801,2172,1.954,-22.84,4.734,-81.5
1277821,2169,1.949,-22.51,4.734,-82.5
1277841,2166,1.956,-22.75,4.734,-81
1277861,2160,1.96,-22.31,4.734,-82
1277881,2156,1.965,-22,4.776,-82.5
1277901,2153,1.95,-21.59,4.776,-82
1277921,2150,1.94,-21.22,4.776,-81.5
1277941,2144,1.947,-21.09,4.776,-82
1277961,2141,1.944,-20.7,4.776,-81.5
1277981,2138,1.949,-20.32,4.776,-81.5
1278001,2135,1.95,-19.83,4.776,-82
1278021,2129,1.951,-19.86,4.776,-81.5
1278041,2125,1.965,-19.53,4.776,-82
1278061,2123,1.971,-18.9,4.776,-82.5
1278081,2119,1.981,-18.58,4.776,-82.5
1278101,2114,1.98,-18.18,4.776,-81.5
1278121,2111,1.976,-17.54,4.774,-82
1278141,2108,1.99,-17.18,4.774,-82
1278161,2105,1.996,-16.56,4.774,-81.5
1278181,2099,1.988,-16.19,4.774,-82
1278201,2096,1.987,-16.34,4.774,-82
1278221,2094,1.985,-15.63,4.774,-82
1278241,2091,1.983,-15.13,4.76,-81.5
1278261,2085,1.963,-14.56,4.76,-82.5
1278281,2082,1.947,-14.24,4.76,-81
1278301,2079,1.947,-14.25,4.76,-81.5
1278321,2076,1.96,-13.92,4.76,-82
1278341,2071,1.968,-13.41,4.76,-81.5
1278361,2068,1.968,-13.02,4.768,-81.5
1278381,2065,1.973,-12.55,4.768,-82
1278401,2062,1.983,-12.65,4.768,-81.5
1278421,2056,1.994,-12.31,4.768,-84
1278441,2053,2,-11.89,4.768,-82.5
1278461,2051,2.013,-11.49,4.768,-82.5
1278481,2045,2.007,-11.29,4.774,-82
1278501,2042,2.009,-10.92,4.774,-82
1278521,2039,2.017,-10.53,4.774,-81.5
1278541,2036,2.025,-10.04,4.774,-82
1278561,2031,2.02,-9.76,4.774,-81.5
1278581,2029,1.998,-9.24,4.774,-82
1278601,2026,1.987,-8.76,4.774,-81.5
1278621,2023,1.991,-8.26,4.774,-81.5
1278641,2018,1.992,-7.87,4.774,-82
1278661,2015,1.991,-7.53,4.774,-81.5
1278681,2013,1.992,-7.24,4.774,-81.5
1278701,2010,1.986,-6.83,4.774,-82
1278721,2005,1.983,-6.64,4.774,-82
1278741,2002,1.977,-6.46,4.774,-81.5
1278761,2000,1.962,-6.35,4.774,-82
1278781,1997,1.959,-6.1,4.774,-81.5
1278801,1992,1.962,-5.64,4.774,-82
1278821,1990,1.965,-4.94,4.774,-82.5
1278841,1987,1.961,-4.54,4.757,-82
1278861,1985,1.955,-4.12,4.757,-82
1278881,1980,1.953,-3.6,4.757,-81.5
1278901,1977,1.946,-2.86,4.757,-82
1278921,1975,1.943,-2.46,4.757,-81.5
1278941,1972,1.937,-2.06,4.757,-81
1278961,1967,1.945,-1.87,4.76,-81.5
1278981,1964,1.943,-1.52,4.76,-82
1279001,1962,1.937,-1.32,4.76,-82
1279021,1959,1.939,-1.14,4.76,-81.5
1279041,1954,1.937,-0.91,4.76,-82
1279061,1952,1.934,-0.51,4.76,-82
1279081,1950,1.929,-0.29,4.758,-81.5
1279101,1947,1.924,0.22,4.758,-81.5
1279121,1942,1.914,0.97,4.758,-82.5
1279141,1940,1.913,1.19,4.758,-82
1279161,1937,1.924,1.29,4.758,-81.5
1279181,1935,1.931,1.42,4.758,-81.5
1279201,1930,1.934,1.83,4.757,-81
1279221,1928,1.921,2.08,4.757,-82
1279241,1925,1.921,2.19,4.757,-82
1279261,1923,1.933,2.32,4.757,-81.5
1279281,1917,1.94,2.48,4.757,-82.5
1279301,1915,1.942,2.56,4.757,-82
1279321,1912,1.943,3.26,4.774,-82
1279341,1910,1.933,3.57,4.774,-81.5
1279361,1906,1.936,3.8,4.774,-82
1279381,1904,1.95,4.21,4.774,-81.5
1279401,1901,1.938,4.31,4.774,-82
1279421,1899,1.933,4.62,4.774,-82
1279441,1894,1.939,4.79,4.776,-81.5
1279461,1892,1.944,4.83,4.776,-81.5
1279481,1890,1.958,5.21,4.776,-81.5
1279501,1888,1.964,5.45,4.776,-82
1279521,1883,1.957,5.76,4.776,-82.5
1279541,1880,1.941,6,4.776,-81.5
1279561,1878,1.939,6.42,4.768,-81.5
1279581,1876,1.934,6.85,4.768,-81.5
1279601,1871,1.937,7.56,4.768,-81.5
1279621,1869,1.941,7.75,4.768,-82
1279641,1867,1.939,7.87,4.768,-82
1279661,1864,1.932,8.17,4.768,-82
1279681,1860,1.941,8.21,4.774,-81.5
1279701,1857,1.934,8.46,4.774,-82
1279721,1855,1.937,8.88,4.774,-81.5
1279741,1853,1.937,9.53,4.774,-82
1279761,1849,1.929,9.84,4.774,-81.5
1279781,1847,1.916,10.3,4.774,-81.5
1279801,1844,1.917,10.65,4.774,-81.5
1279821,1842,1.916,10.51,4.774,-82
1279841,1837,1.911,10.96,4.774,-82
1279861,1835,1.912,11.19,4.774,-82
1279881,1833,1.904,11.24,4.774,-81.5
1279901,1831,1.901,11.44,4.774,-81.5
1279921,1826,1.903,11.85,4.774,-81.5
1279941,1824,1.894,11.87,4.774,-81.5
1279961,1822,1.892,12.19,4.774,-81
1279981,1819,1.901,12.98,4.774,-81.5
1280001,1815,1.912,12.96,4.774,-82
1280021,1813,1.911,13.34,4.774,-82
1280041,1811,1.912,13.75,4.758,-82
1280061,1808,1.907,13.96,4.758,-81.5
1280081,1804,1.911,14.25,4.758,-82
1280101,1802,1.916,14.5,4.758,-81.5
1280121,1799,1.925,15.11,4.758,-82.5
1280141,1797,1.935,15.46,4.758,-81.5
1280161,1792,1.922,16.15,4.734,-82.5
1280181,1789,1.913,16.27,4.734,-82
1280201,1786,1.91,16.41,4.734,-82.5
1280221,1784,1.912,16.69,4.734,-81.5
1280241,1779,1.923,17.02,4.734,-82
1280261,1776,1.922,17.1,4.734,-81.5
1280281,1774,1.91,17.45,4.774,-81.5
1280301,1772,1.906,17.52,4.774,-82
1280321,1766,1.912,17.98,4.774,-82
1280341,1764,1.91,18.59,4.774,-82
1280361,1761,1.911,18.9,4.774,-82.5
1280381,1759,1.908,19.4,4.774,-82.5
1280401,1754,1.9,18.93,4.774,-82
1280421,1752,1.901,19.36,4.774,-82
1280441,1749,1.902,19.54,4.774,-81.5
1280461,1747,1.905,19.9,4.774,-82
1280481,1741,1.896,20.17,4.774,-82
1280501,1739,1.895,20.31,4.774,-82
1280521,1736,1.907,20.45,4.774,-82
1280541,1733,1.909,21.07,4.774,-82
1280561,1728,1.903,21.35,4.774,-81.5
1280581,1725,1.905,21.63,4.774,-81.5
1280601,1723,1.915,21.93,4.774,-82
1280621,1720,1.915,22.28,4.774,-81.5
1280641,1714,1.924,22.56,4.765,-81.5
1280661,1711,1.923,22.71,4.765,-81.5
1280681,1709,1.917,22.76,4.765,-81.5
1280701,1705,1.917,23.01,4.765,-82
1280721,1700,1.907,23.32,4.765,-81.5
1280741,1697,1.897,23.5,4.765,-82
1280761,1694,1.903,23.68,4.755,-81.5
1280781,1691,1.906,23.74,4.755,-83
1280801,1685,1.913,24.18,4.755,-82
1280821,1683,1.917,24.81,4.755,-82.5
1280841,1680,1.923,24.83,4.755,-82
1280861,1677,1.919,24.68,4.755,-82
1280881,1670,1.927,24.67,4.776,-83
1280901,1667,1.929,25.25,4.776,-82.5
1280921,1664,1.912,25.29,4.776,-82.5
1280941,1661,1.925,25.73,4.776,-83
1280961,1655,1.933,26.12,4.776,-83
1280981,1651,1.943,26.48,4.776,-82.5
1281001,1648,1.949,26.66,4.763,-82.5
1281021,1645,1.957,27.18,4.763,-82.5
1281041,1639,1.966,26.79,4.763,-82.5
1281061,1636,1.981,27.3,4.763,-82.5
1281081,1633,1.982,27.79,4.763,-83
1281101,1629,1.979,28.22,4.763,-83
1281121,1623,1.979,28.58,4.774,-82.5
1281141,1620,1.974,29.03,4.774,-82.5
1281161,1616,1.966,29.39,4.774,-82
1281181,1613,1.943,29.51,4.774,-82
1281201,1606,1.927,29.92,4.774,-82
1281221,1603,1.916,30.17,4.774,-81.5
1281241,1598,1.903,30.39,4.76,-81.5
1281261,1595,1.895,30.88,4.76,-81
1281281,1589,1.897,31.25,4.76,-81.5
1281301,1585,1.915,31.4,4.76,-83
1281321,1582,1.924,31.64,4.76,-82.5
1281341,1578,1.926,31.8,4.76,-82.5
1281361,1572,1.934,32.25,4.768,-84
1281381,1569,1.931,32.82,4.768,-82.5
1281401,1565,1.94,33.14,4.768,-82.5
1281421,1562,1.95,33.7,4.768,-83.5
1281441,1555,1.948,34.14,4.768,-84
1281461,1551,1.961,34.8,4.768,-83
1281481,1548,1.967,34.84,4.774,-82
1281501,1544,1.96,34.82,4.774,-82.5
1281521,1537,1.955,35.07,4.774,-82
1281541,1533,1.956,35.16,4.774,-82.5
1281561,1529,1.96,35.55,4.774,-82.5
1281581,1525,1.964,35.73,4.774,-82.5
1281601,1518,1.965,36.05,4.774,-83
1281621,1515,1.954,36.48,4.774,-82.5
1281641,1512,1.934,36.84,4.774,-82
1281661,1508,1.925,37.13,4.774,-82
1281681,1500,1.916,37.3,4.774,-81.5
1281701,1497,1.901,37.61,4.774,-81.5
1281721,1493,1.894,37.77,4.774,-81.5
1281741,1490,1.905,38.09,4.774,-82
1281761,1482,1.911,38.59,4.774,-82.5
1281781,1478,1.911,38.82,4.774,-83
1281801,1474,1.91,38.98,4.774,-82
1281821,1470,1.899,39.3,4.774,-82
1281841,1463,1.901,39.75,4.774,-82
1281861,1459,1.891,40.02,4.774,-82
1281881,1456,1.897,40.32,4.774,-82
1281901,1451,1.896,40.86,4.774,-82
1281921,1444,1.889,41.46,4.774,-82
1281941,1440,1.885,41.31,4.774,-82
1281961,1436,1.882,41.55,4.75,-82
1281981,1432,1.881,41.74,4.75,-82
1282001,1424,1.874,42.25,4.75,-82
1282021,1420,1.863,42.54,4.75,-82
1282041,1417,1.856,42.7,4.75,-82
1282061,1413,1.856,42.71,4.75,-82.5
1282081,1404,1.857,42.98,4.774,-81
1282101,1400,1.849,43.23,4.774,-81.5
1282121,1396,1.845,43.03,4.774,-81.5
1282141,1392,1.853,43.65,4.774,-82
1282161,1384,1.862,44.06,4.774,-82
1282181,1380,1.861,44.24,4.774,-82
1282201,1376,1.864,44.26,4.774,-82
1282221,1372,1.862,44.42,4.774,-81.5
1282241,1364,1.862,44.65,4.774,-82
1282261,1360,1.874,45.17,4.774,-83
1282281,1355,1.884,45.02,4.774,-82.5
1282301,1351,1.879,45.12,4.774,-82.5
1282321,1341,1.869,45.48,4.774,-81.5
1282341,1338,1.876,45.33,4.774,-83
1282361,1334,1.87,45.31,4.774,-82
1282381,1330,1.872,45.36,4.774,-82.5
1282401,1321,1.862,45.46,4.774,-82.5
1282421,1317,1.859,46.02,4.774,-82
1282441,1313,1.857,46.26,4.76,-81.5
1282461,1309,1.845,46.11,4.76,-82
1282481,1301,1.839,45.96,4.76,-81.5
1282501,1297,1.835,46.24,4.76,-82
1282521,1292,1.833,46.01,4.76,-81.5
1282541,1289,1.827,46.35,4.76,-82
1282561,1280,1.822,46.24,4.734,-82.5
1282581,1276,1.827,46.4,4.734,-82.5
1282601,1272,1.831,46.86,4.734,-82
1282621,1268,1.831,46.84,4.734,-82
1282641,1260,1.833,47.27,4.734,-82
1282661,1256,1.82,47.53,4.734,-82.5
1282681,1251,1.825,47.78,4.774,-82.5
1282701,1247,1.834,47.5,4.774,-82
1282721,1239,1.836,47.81,4.774,-82
1282741,1235,1.838,48.07,4.774,-82
1282761,1230,1.841,48.19,4.774,-82
1282781,1226,1.857,48.55,4.774,-83
1282801,1217,1.873,48.96,4.774,-83.5
1282821,1214,1.883,48.53,4.774,-85
1282841,1209,1.903,49.34,4.774,-85
1282861,1205,1.894,49.36,4.774,-81.5
1282881,1197,1.869,49.87,4.774,-81.5
1282901,1193,1.85,49.9,4.774,-82.5
1282921,1188,1.848,51.03,4.757,-83
1282941,1184,1.847,50.74,4.757,-82
1282961,1176,1.838,50.87,4.757,-81.5
1282981,1171,1.826,51.17,4.757,-82
1283001,1167,1.819,51.4,4.757,-81.5
1283021,1163,1.807,51.89,4.757,-81.5
1283041,1155,1.805,52.33,4.758,-82
1283061,1150,1.811,53.07,4.758,-82.5
1283081,1147,1.811,53.43,4.758,-81.5
1283101,1142,1.826,52.83,4.758,-82
1283121,1133,1.838,52.4,4.758,-82
1283141,1129,1.859,52.37,4.758,-85
1283161,1125,1.87,53.35,4.734,-93.5
1283181,1120,1.878,52.49,4.734,-91
1283201,1112,1.891,51.86,4.734,-82
1283221,1107,1.875,52.12,4.734,-81.5
1283241,1103,1.841,51.87,4.734,-81.5
1283261,1099,1.842,51.94,4.734,-82
1283281,1090,1.838,52.78,4.765,-82.5
1283301,1085,1.826,53.37,4.765,-81.5
1283321,1081,1.831,53.11,4.765,-82.5
1283341,1077,1.826,53.46,4.765,-81.5
1283361,1068,1.816,52.98,4.765,-81.5
1283381,1063,1.808,52.67,4.765,-82
1283401,1059,1.814,52.19,4.776,-81.5
1283421,1055,1.817,52.36,4.776,-83.5
1283441,1046,1.816,51.91,4.776,-82
1283461,1042,1.818,51.59,4.776,-83
1283481,1037,1.814,51.19,4.776,-82
1283501,1033,1.817,51.03,4.776,-83
1283521,1025,1.823,50.53,4.774,-83.5
1283541,1021,1.823,50.28,4.774,-83
1283561,1017,1.821,50.24,4.774,-82.5
1283581,1022,1.82,49.94,4.774,-83
1283601,1036,1.821,49.64,4.774,-81.5
1283621,1049,1.823,49.73,4.774,-82.5
1283641,1060,1.819,49.4,4.765,-81.5
1283661,1068,1.822,48.81,4.765,-82
1283681,1068,1.82,48.75,4.765,-82.5
1283701,1068,1.822,48.77,4.765,-81.5
1283721,1066,1.826,48.61,4.765,-82
1283741,1065,1.83,48.57,4.765,-82
1283761,1064,1.828,48.69,4.755,-81.5
1283781,1062,1.821,48.99,4.755,-82
1283801,1062,1.812,48.9,4.755,-81.5
1283821,1061,1.809,48.84,4.755,-82.5
1283841,1060,1.809,49.09,4.755,-82
1283861,1059,1.809,48.91,4.755,-82
1283881,1059,1.801,48.81,4.774,-82
1283901,1059,1.797,48.84,4.774,-82
1283921,1059,1.792,48.86,4.774,-82.5
1283941,1059,1.798,49.03,4.774,-82.5
1283961,1059,1.797,49.21,4.774,-82
1283981,1059,1.79,49.03,4.774,-82
1284001,1060,1.792,48.52,4.776,-82.5
1284021,1061,1.804,48.41,4.776,-82.5
1284041,1061,1.815,48.16,4.776,-82.5
1284061,1062,1.815,48.02,4.776,-82.5
1284081,1064,1.811,47.92,4.776,-82
1284101,1064,1.803,47.99,4.776,-82
1284121,1065,1.801,47.84,4.774,-82
1284141,1066,1.802,48.3,4.774,-82
1284161,1068,1.803,48.12,4.774,-81.5
1284181,1069,1.808,48.24,4.774,-81.5
1284201,1071,1.802,48.19,4.774,-82
1284221,1074,1.793,48.31,4.774,-81.5
1284241,1078,1.79,48.23,4.766,-82
1284261,1080,1.8,48.45,4.766,-82
1284281,1082,1.796,48.62,4.766,-82.5
1284301,1084,1.803,48.39,4.766,-82
1284321,1089,1.8,48.82,4.766,-81.5
1284341,1092,1.792,48.33,4.766,-81.5
1284361,1094,1.786,48.39,4.757,-82
1284381,1096,1.79,48.17,4.757,-82
1284401,1100,1.794,48.37,4.757,-81.5
1284421,1102,1.798,48.17,4.757,-81.5
1284441,1105,1.797,47.74,4.757,-81.5
1284461,1107,1.796,47.9,4.757,-82
1284481,1111,1.801,47.98,4.774,-81.5
1284501,1113,1.806,48.17,4.774,-82
1284521,1116,1.805,47.91,4.774,-81.5
1284541,1117,1.804,47.85,4.774,-81.5
1284561,1122,1.81,47.59,4.774,-81.5
1284581,1124,1.812,47.53,4.774,-82
1284601,1127,1.814,47.36,4.774,-82
1284621,1129,1.815,47.77,4.774,-81.5
1284641,1134,1.809,47.62,4.774,-81.5
1284661,1136,1.806,47.68,4.774,-81.5
1284681,1139,1.802,47.83,4.774,-82
1284701,1141,1.804,47.87,4.774,-81.5
1284721,1145,1.805,48.12,4.774,-81.5
1284741,1148,1.798,47.84,4.774,-81.5
1284761,1150,1.801,47.41,4.774,-81.5
1284781,1153,1.802,47.71,4.774,-82
1284801,1157,1.805,47.78,4.774,-81.5
1284821,1159,1.808,47.83,4.774,-82
1284841,1162,1.804,47.73,4.758,-82
1284861,1164,1.805,47.65,4.758,-82
1284881,1170,1.803,47.66,4.758,-81.5
1284901,1172,1.799,47.81,4.758,-82
1284921,1175,1.794,47.85,4.758,-81.5
1284941,1177,1.793,48.46,4.758,-81.5
1284961,1182,1.791,48.31,4.768,-81.5
1284981,1185,1.793,48.37,4.768,-81.5
1285001,1187,1.794,48.68,4.768,-82
1285021,1191,1.8,49.02,4.768,-81.5
1285041,1195,1.803,49.11,4.768,-82
1285061,1198,1.8,49.23,4.768,-81.5
1285081,1201,1.792,49.07,4.774,-82
1285101,1203,1.803,48.93,4.774,-82
1285121,1208,1.816,49.2,4.774,-81.5
1285141,1211,1.815,49.21,4.774,-82
1285161,1213,1.809,49.46,4.774,-82
1285181,1216,1.81,49.62,4.774,-82
1285201,1221,1.818,49.36,4.776,-81.5
1285221,1224,1.818,49.52,4.776,-82
1285241,1227,1.819,49.56,4.776,-82
1285261,1229,1.822,49.7,4.776,-82
1285281,1235,1.824,49.16,4.776,-82
1285301,1238,1.822,49.25,4.776,-81.5
1285321,1241,1.823,49.93,4.774,-82
1285341,1243,1.819,49.84,4.774,-82
1285361,1249,1.816,50.27,4.774,-82.5
1285381,1251,1.815,50.24,4.774,-81.5
1285401,1255,1.815,50.24,4.774,-82
1285421,1257,1.815,50.35,4.774,-82
1285441,1263,1.81,50.57,4.76,-82
1285461,1265,1.807,50.49,4.76,-81.5
1285481,1268,1.796,49.64,4.76,-81.5
1285501,1271,1.797,49.86,4.76,-82
1285521,1276,1.808,50,4.76,-82
1285541,1279,1.81,49.81,4.76,-82
1285561,1282,1.809,49.33,4.755,-82
1285581,1285,1.804,49.24,4.755,-82
1285601,1291,1.807,49.62,4.755,-82
1285621,1293,1.798,49.41,4.755,-81.5
1285641,1296,1.801,49.66,4.755,-82
1285661,1299,1.796,49.59,4.755,-81.5
1285681,1305,1.798,49.52,4.765,-82
1285701,1307,1.801,49.7,4.765,-81.5
1285721,1310,1.81,49.74,4.765,-82
1285741,1313,1.818,49.81,4.765,-82
1285761,1319,1.824,49.75,4.765,-82
1285781,1322,1.83,49.7,4.765,-82
1285801,1325,1.83,49.58,4.774,-82
1285821,1328,1.824,49.28,4.774,-82
1285841,1334,1.83,49.11,4.774,-82
1285861,1337,1.823,48.87,4.774,-82
1285881,1340,1.831,48.83,4.774,-82
1285901,1344,1.83,48.52,4.774,-82.5
1285921,1350,1.844,48.65,4.774,-82
1285941,1353,1.844,48.66,4.774,-81.5
1285961,1356,1.831,48.64,4.774,-82.5
1285981,1359,1.834,48.33,4.774,-82
1286001,1365,1.836,48.06,4.774,-82
1286021,1368,1.842,48.12,4.774,-82.5
1286041,1371,1.848,48.43,4.757,-81.5
1286061,1375,1.846,48.33,4.757,-82
1286081,1381,1.846,48.25,4.757,-81.5
1286101,1384,1.838,47.92,4.757,-82
1286121,1387,1.844,48.01,4.757,-82
1286141,1390,1.836,47.9,4.757,-82
1286161,1396,1.841,47.83,4.761,-82
1286181,1399,1.836,47.87,4.761,-81.5
1286201,1403,1.831,47.53,4.761,-81.5
1286221,1406,1.827,47.24,4.761,-82
1286241,1413,1.823,47,4.761,-82
1286261,1416,1.833,46.7,4.761,-82.5
1286281,1420,1.838,46.61,4.774,-82
1286301,1423,1.849,46.46,4.774,-82.5
1286321,1429,1.851,46.07,4.774,-81.5
1286341,1433,1.845,45.71,4.774,-81.5
1286361,1436,1.85,45.32,4.774,-82.5
1286381,1439,1.86,44.87,4.774,-82
1286401,1446,1.866,44.78,4.774,-82
1286421,1449,1.871,44.58,4.774,-82
1286441,1452,1.873,44.49,4.774,-82.5
1286461,1456,1.882,44.46,4.774,-82
1286481,1462,1.89,44.42,4.774,-82.5
1286501,1465,1.884,44.21,4.774,-82
1286521,1469,1.877,44.31,4.76,-81.5
1286541,1472,1.885,44.18,4.76,-82
1286561,1478,1.887,44.09,4.76,-82
1286581,1482,1.883,44.17,4.76,-82.5
1286601,1485,1.88,44.02,4.76,-81.5
1286621,1489,1.875,44,4.76,-81.5
1286641,1495,1.872,43.61,4.776,-82
1286661,1498,1.866,43.3,4.776,-81.5
1286681,1502,1.868,43.42,4.776,-81.5
1286701,1505,1.853,43.12,4.776,-82.5
1286721,1512,1.847,42.87,4.776,-81.5
1286741,1515,1.846,42.67,4.776,-81.5
1286761,1518,1.845,42.61,4.761,-82
1286781,1521,1.849,42.21,4.761,-82
1286801,1528,1.864,42.14,4.761,-82.5
1286821,1531,1.871,42.07,4.761,-82
1286841,1536,1.878,41.86,4.761,-82
1286861,1539,1.885,41.5,4.761,-82
1286881,1546,1.882,41.62,4.774,-82
1286901,1549,1.88,41.21,4.774,-82
1286921,1552,1.894,41.2,4.774,-82.5
1286941,1556,1.905,40.82,4.774,-82.5
1286961,1562,1.9,40.64,4.774,-82
1286981,1566,1.906,40.52,4.774,-82
1287001,1569,1.9,39.91,4.774,-82
1287021,1572,1.901,39.82,4.774,-82
1287041,1578,1.906,39.66,4.774,-82
1287061,1582,1.914,39.18,4.774,-82.5
1287081,1585,1.923,38.77,4.774,-82
1287101,1588,1.927,38.59,4.774,-82
1287121,1595,1.917,38.87,4.774,-82.5
1287141,1598,1.903,38.79,4.774,-81.5
1287161,1603,1.895,38.16,4.774,-81.5
1287181,1606,1.889,37.96,4.774,-81.5
1287201,1613,1.878,37.91,4.774,-81.5
1287221,1616,1.885,37.68,4.774,-82
1287241,1619,1.908,37.5,4.766,-83
1287261,1622,1.923,36.98,4.766,-82.5
1287281,1629,1.935,36.25,4.766,-82.5
1287301,1632,1.949,36.05,4.766,-83
1287321,1635,1.95,35.5,4.766,-82.5
1287341,1642,1.949,34.75,4.766,-82
1287361,1646,1.964,34.53,4.757,-83
1287381,1649,1.969,34.46,4.757,-84
1287401,1652,1.967,34.55,4.757,-83
1287421,1658,1.967,34.61,4.757,-83
1287441,1662,1.975,34.64,4.757,-83
1287461,1665,1.968,34.61,4.757,-81.5
1287481,1669,1.965,34.25,4.774,-83
1287501,1676,1.97,34.09,4.774,-83
1287521,1679,1.967,33.64,4.774,-82
1287541,1683,1.976,33.23,4.774,-82.5
1287561,1686,1.969,32.87,4.774,-82
1287581,1693,1.952,32.66,4.774,-82
1287601,1696,1.927,32.48,4.774,-82.5
1287621,1699,1.909,32.32,4.774,-81.5
1287641,1703,1.9,32.05,4.774,-82
1287661,1709,1.901,31.95,4.774,-82.5
1287681,1713,1.906,31.64,4.774,-82
1287701,1716,1.914,31.41,4.774,-82
1287721,1720,1.933,31.38,4.776,-83
1287741,1726,1.943,30.97,4.776,-82.5
1287761,1730,1.942,30.88,4.776,-82
1287781,1733,1.955,30.54,4.776,-83
1287801,1737,1.961,30.01,4.776,-82.5
1287821,1743,1.959,29.6,4.776,-82
1287841,1747,1.953,28.95,4.758,-82.5
1287861,1750,1.944,28.59,4.758,-82
1287881,1754,1.937,28.25,4.758,-81.5
1287901,1761,1.93,28.05,4.758,-82.5
1287921,1764,1.917,27.72,4.758,-81.5
1287941,1767,1.923,27.33,4.758,-82
1287961,1771,1.927,26.43,4.761,-82.5
1287981,1777,1.917,26.13,4.761,-81.5
1288001,1780,1.921,25.84,4.761,-82.5
1288021,1784,1.92,25.6,4.761,-82.5
1288041,1788,1.926,25.23,4.761,-82
1288061,1795,1.918,24.85,4.761,-81.5
1288081,1798,1.903,24.43,4.765,-81.5
1288101,1801,1.905,24.1,4.765,-81.5
1288121,1805,1.907,23.87,4.765,-81.5
1288141,1812,1.906,23.46,4.765,-82.5
1288161,1815,1.912,23.16,4.765,-81.5
1288181,1818,1.919,22.85,4.765,-82
1288201,1821,1.915,21.95,4.774,-82
1288221,1828,1.914,21.8,4.774,-81.5
1288241,1831,1.917,21.88,4.774,-81.5
1288261,1834,1.921,21.22,4.774,-82
1288281,1838,1.916,20.68,4.774,-81.5
1288301,1845,1.924,20.02,4.774,-82.5
1288321,1848,1.919,20.31,4.776,-81.5
1288341,1851,1.914,20.16,4.776,-81.5
1288361,1854,1.914,19.68,4.776,-81.5
1288381,1861,1.913,19.51,4.776,-81.5
1288401,1864,1.911,19.17,4.776,-81.5
1288421,1868,1.913,18.54,4.776,-81.5
1288441,1871,1.906,18.33,4.76,-81.5
1288461,1877,1.915,17.95,4.76,-81.5
1288481,1881,1.914,17.6,4.76,-82
1288501,1884,1.912,17.26,4.76,-82
1288521,1887,1.912,16.85,4.76,-81
1288541,1894,1.916,16.45,4.76,-82
1288561,1897,1.915,16.03,4.768,-82
1288581,1901,1.913,15.58,4.768,-81.5
1288601,1904,1.912,15.21,4.768,-82
1288621,1910,1.914,14.74,4.768,-81.5
1288641,1914,1.919,14.42,4.768,-82
1288661,1917,1.915,14.1,4.768,-82
1288681,1922,1.914,13.48,4.774,-82
1288701,1928,1.919,12.96,4.774,-82
1288721,1932,1.916,12.44,4.774,-82
1288741,1935,1.917,12.07,4.774,-81.5
1288761,1939,1.909,11.17,4.774,-82
1288781,1945,1.906,10.83,4.774,-82
1288801,1948,1.909,10.36,4.765,-81.5
1288821,1952,1.92,9.8,4.765,-81
1288841,1956,1.916,9.46,4.765,-82
1288861,1963,1.918,9.04,4.765,-81.5
1288881,1967,1.932,8.72,4.765,-82.5
1288901,1970,1.932,8.51,4.765,-82
1288921,1974,1.927,8.3,4.774,-81.5
1288941,1982,1.931,7.73,4.774,-82
1288961,1985,1.944,7.06,4.774,-82.5
1288981,1989,1.942,6.53,4.774,-81
1289001,1992,1.941,6.16,4.774,-82.5
1289021,1999,1.932,5.48,4.774,-82
1289041,2003,1.937,4.85,4.774,-81.5
1289061,2007,1.927,4.5,4.774,-81.5
1289081,2010,1.942,3.95,4.774,-81.5
1289101,2018,1.942,3.72,4.774,-82
1289121,2022,1.936,3.22,4.774,-82
1289141,2027,1.932,2.67,4.774,-81.5
1289161,2030,1.923,2.19,4.768,-81.5
1289181,2037,1.926,1.78,4.768,-81.5
1289201,2042,1.928,1.41,4.768,-81
1289221,2046,1.935,1.03,4.768,-81.5
