10377332,1762,1.205,18.04,4.744,-81.5
10377352,1763,1.202,18.01,4.744,-81.5
10377372,1762,1.2,18.04,4.731,-82
10377392,1762,1.203,17.9,4.731,-81
10377412,1763,1.204,17.94,4.731,-81.5
10377432,1762,1.205,17.99,4.731,-81.5
10377452,1762,1.202,18.17,4.731,-82
10377472,1762,1.208,18.2,4.731,-81.5
10377492,1762,1.21,18.77,4.749,-81.5
10377512,1762,1.203,18.83,4.749,-82
10377532,1762,1.207,18.92,4.749,-82.5
10377552,1761,1.207,18.79,4.749,-81.5
10377572,1762,1.205,18.98,4.749,-81.5
10377592,1761,1.205,19.1,4.749,-82
10377612,1762,1.203,18.86,4.731,-81.5
10377632,1762,1.208,19.2,4.731,-81
10377652,1762,1.206,19.12,4.731,-82
10377672,1762,1.209,19.09,4.731,-82
10377692,1761,1.216,18.86,4.731,-81
10377712,1762,1.217,19.45,4.731,-81.5
10377732,1762,1.213,19.51,4.728,-82
10377752,1761,1.213,19.64,4.728,-81
10377772,1762,1.211,19.74,4.728,-81.5
10377792,1761,1.214,19.9,4.728,-82
10377812,1761,1.205,20.17,4.728,-82.5
10377832,1761,1.209,19.81,4.728,-81.5
10377852,1762,1.207,20.32,4.734,-81.5
10377872,1762,1.204,20.52,4.734,-81.5
10377892,1761,1.208,20.33,4.734,-81
10377912,1762,1.211,20.5,4.734,-81.5
10377932,1761,1.214,20.35,4.734,-81.5
10377952,1761,1.215,20.53,4.734,-82
10377972,1762,1.214,20.31,4.731,-81.5
10377992,1762,1.212,20.62,4.731,-81.5
10378012,1761,1.206,20.77,4.731,-82
10378032,1762,1.209,20.76,4.731,-81
10378052,1762,1.211,21.2,4.731,-81
10378072,1762,1.207,21.32,4.731,-82
10378092,1762,1.203,20.92,4.734,-82.5
10378112,1761,1.202,21.45,4.734,-81.5
10378132,1762,1.203,21.59,4.734,-81.5
10378152,1761,1.202,21.22,4.734,-82
10378172,1761,1.209,20.85,4.734,-81.5
10378192,1762,1.21,21.08,4.734,-81.5
10378212,1762,1.205,20.7,4.734,-82
10378232,1761,1.21,20.45,4.734,-81.5
10378252,1761,1.216,20.4,4.734,-81.5
10378272,1762,1.214,20.48,4.734,-82
10378292,1762,1.214,20.31,4.734,-81
10378312,1761,1.213,20.67,4.734,-81
10378332,1761,1.208,20.65,4.744,-81.5
10378352,1761,1.208,20.8,4.744,-81
10378372,1761,1.209,21,4.744,-81.5
10378392,1762,1.207,20.85,4.744,-81.5
10378412,1762,1.209,20.77,4.744,-81
10378432,1762,1.214,20.34,4.744,-81.5
10378452,1761,1.209,20.41,4.734,-81.5
10378472,1761,1.205,20.52,4.734,-82.5
10378492,1761,1.209,20.48,4.734,-81.5
10378512,1762,1.21,20.87,4.734,-82
10378532,1762,1.205,20.91,4.734,-82
10378552,1762,1.21,20.57,4.734,-81
10378572,1761,1.212,20.43,4.75,-81.5
10378592,1761,1.208,20.67,4.75,-82
10378612,1761,1.217,20.6,4.75,-81
10378632,1762,1.219,20.7,4.75,-81
10378652,1761,1.216,20.83,4.75,-81.5
10378672,1761,1.214,20.88,4.75,-81
10378692,1762,1.213,21.32,4.75,-81
10378712,1762,1.21,21.41,4.75,-81.5
10378732,1761,1.207,21.34,4.75,-81.5
10378752,1761,1.212,21.6,4.75,-81
10378772,1762,1.209,21.56,4.75,-81.5
10378792,1761,1.204,21.38,4.75,-82
10378812,1762,1.207,21.12,4.734,-81
10378832,1762,1.208,20.92,4.734,-81.5
10378852,1762,1.205,20.85,4.734,-82
10378872,1761,1.209,21.01,4.734,-81.5
10378892,1761,1.209,21.3,4.734,-81.5
10378912,1762,1.206,21.12,4.734,-81.5
10378932,1762,1.201,21.07,4.734,-82
10378952,1762,1.202,20.98,4.734,-81
10378972,1761,1.198,21.08,4.734,-81.5
10378992,1762,1.202,21.02,4.734,-82
10379012,1761,1.204,21.14,4.734,-81.5
10379032,1762,1.203,20.9,4.734,-82
10379052,1761,1.198,20.85,4.734,-82
10379072,1761,1.202,20.9,4.734,-81.5
10379092,1762,1.205,21.43,4.734,-81.5
10379112,1761,1.205,21.51,4.734,-82
10379132,1761,1.207,21.24,4.734,-81
10379152,1761,1.207,21.67,4.734,-81.5
10379172,1762,1.198,21.39,4.742,-81.5
10379192,1762,1.203,21.26,4.742,-81
10379212,1762,1.203,21.52,4.742,-81.5
10379232,1762,1.199,21.38,4.742,-82
10379252,1761,1.2,21.27,4.742,-81
10379272,1762,1.202,21.8,4.742,-81.5
10379292,1761,1.204,21.67,4.741,-82
10379312,1761,1.202,21.49,4.741,-82.5
10379332,1762,1.206,21.13,4.741,-81.5
10379352,1761,1.209,21.53,4.741,-81.5
10379372,1761,1.204,21.37,4.741,-82
10379392,1761,1.206,21.14,4.741,-81
10379412,1762,1.209,21.13,4.734,-81.5
10379432,1761,1.205,21.27,4.734,-82
10379452,1761,1.212,20.96,4.734,-81.5
10379472,1762,1.212,21.1,4.734,-81.5
10379492,1761,1.21,21.55,4.734,-82
10379512,1761,1.212,21.03,4.734,-81.5
10379532,1761,1.215,20.79,4.734,-81
10379552,1761,1.21,20.96,4.734,-82
10379572,1761,1.209,20.45,4.734,-82.5
10379592,1761,1.214,20.37,4.734,-81.5
10379612,1762,1.211,20.32,4.734,-81.5
10379632,1762,1.203,20.18,4.734,-82
10379652,1761,1.213,20.06,4.734,-81
10379672,1762,1.213,20.04,4.734,-81.5
10379692,1761,1.205,19.79,4.734,-82.5
10379712,1762,1.21,19.65,4.734,-81
10379732,1762,1.209,19.52,4.734,-81.5
10379752,1761,1.203,19.59,4.734,-82
10379772,1762,1.202,19.87,4.765,-81
10379792,1762,1.205,20.24,4.765,-81.5
10379812,1761,1.201,20.59,4.765,-81.5
10379832,1762,1.206,20.72,4.765,-82
10379852,1761,1.211,20.77,4.765,-81.5
10379872,1762,1.212,20.7,4.765,-81.5
10379892,1762,1.209,20.68,4.749,-82
10379912,1762,1.211,20.68,4.749,-81
10379932,1761,1.212,20.71,4.749,-82
10379952,1762,1.209,20.9,4.749,-82
10379972,1761,1.213,20.58,4.749,-81
10379992,1761,1.212,20.35,4.749,-82
10380012,1761,1.208,20.52,4.734,-82
10380032,1761,1.213,20.32,4.734,-81
10380052,1761,1.211,20.59,4.734,-81.5
10380072,1762,1.208,20.36,4.734,-82
10380092,1761,1.209,20.27,4.734,-81
10380112,1761,1.21,20.35,4.734,-81.5
10380132,1762,1.209,20.54,4.734,-81.5
10380152,1761,1.206,20.18,4.734,-82.5
10380172,1761,1.209,20.08,4.734,-81.5
10380192,1762,1.209,20.37,4.734,-81.5
10380212,1761,1.203,20.04,4.734,-82
10380232,1761,1.207,19.99,4.734,-81
10380252,1761,1.211,20.01,4.744,-81.5
10380272,1761,1.206,19.92,4.744,-82
10380292,1761,1.209,19.6,4.744,-81.5
10380312,1761,1.206,19.45,4.744,-81.5
10380332,1761,1.202,19.83,4.744,-82
10380352,1762,1.21,19.73,4.744,-81.5
10380372,1761,1.212,20.1,4.731,-81
10380392,1761,1.211,20.26,4.731,-82
10380412,1762,1.213,20.41,4.731,-81
10380432,1762,1.213,20.93,4.731,-82
10380452,1761,1.21,21.02,4.731,-82
10380472,1762,1.211,20.82,4.731,-81
10380492,1761,1.211,21.25,4.728,-81
10380512,1761,1.207,21.08,4.728,-81.5
10380532,1762,1.21,21.18,4.728,-81
10380552,1762,1.211,21.7,4.728,-81
10380572,1761,1.205,21.55,4.728,-81.5
10380592,1762,1.202,21.45,4.728,-81
10380612,1761,1.208,21.67,4.734,-81
10380632,1762,1.208,21.8,4.734,-81.5
10380652,1762,1.202,21.45,4.734,-82.5
10380672,1762,1.208,20.96,4.734,-81
10380692,1761,1.206,20.95,4.734,-82
10380712,1761,1.206,21.09,4.734,-82
10380732,1761,1.208,20.91,4.731,-81
10380752,1762,1.208,20.95,4.731,-81.5
10380772,1761,1.203,20.62,4.731,-82
10380792,1761,1.209,20.2,4.731,-81.5
10380812,1762,1.209,20.51,4.731,-81.5
10380832,1761,1.205,20.27,4.731,-82
10380852,1761,1.206,20.02,4.761,-81.5
10380872,1761,1.212,20.12,4.761,-81.5
10380892,1761,1.21,20.27,4.761,-82
10380912,1761,1.211,20.01,4.761,-81.5
10380932,1762,1.211,20.43,4.761,-81.5
10380952,1762,1.206,20.74,4.761,-82
10380972,1762,1.211,20.93,4.731,-81
10380992,1762,1.214,21.26,4.731,-81.5
10381012,1762,1.203,21.06,4.731,-82
10381032,1761,1.198,20.98,4.731,-82.5
10381052,1762,1.202,21.03,4.731,-81.5
10381072,1761,1.199,20.62,4.731,-81.5
10381092,1762,1.202,20.49,4.728,-82.5
10381112,1762,1.209,20.67,4.728,-81
10381132,1762,1.204,20.65,4.728,-81.5
10381152,1762,1.201,20.44,4.728,-82.5
10381172,1762,1.202,20.48,4.728,-81.5
10381192,1761,1.205,20.65,4.728,-81.5
10381212,1761,1.198,20.65,4.734,-82
10381232,1762,1.205,20.55,4.734,-81.5
10381252,1762,1.202,20.84,4.734,-81.5
10381272,1761,1.203,21.06,4.734,-82.5
10381292,1761,1.203,20.78,4.734,-81
10381312,1762,1.204,20.77,4.734,-81.5
10381332,1762,1.199,20.6,4.728,-82
10381352,1761,1.209,20.65,4.728,-81
10381372,1762,1.213,20.57,4.728,-81.5
10381392,1761,1.211,20.45,4.728,-82
10381412,1761,1.211,20.39,4.728,-81
10381432,1761,1.209,20.48,4.728,-82
10381452,1762,1.21,20.84,4.742,-81.5
10381472,1761,1.216,20.88,4.742,-81.5
10381492,1762,1.217,21.3,4.742,-81.5
10381512,1762,1.213,21.27,4.742,-81.5
10381532,1761,1.213,21.01,4.742,-81.5
10381552,1761,1.214,21.14,4.742,-81.5
10381572,1762,1.21,21.37,4.731,-81.5
10381592,1762,1.207,21.15,4.731,-81
10381612,1762,1.209,21.54,4.731,-81.5
10381632,1761,1.208,21.59,4.731,-82
10381652,1761,1.209,21.43,4.731,-82.5
10381672,1762,1.208,21.35,4.731,-81
10381692,1761,1.208,21.49,4.734,-81.5
10381712,1762,1.205,21.22,4.734,-81
10381732,1762,1.209,21.33,4.734,-81
10381752,1761,1.207,21.35,4.734,-81.5
10381772,1761,1.204,21.07,4.734,-82
10381792,1761,1.208,20.97,4.734,-81.5
10381812,1761,1.206,20.74,4.731,-81.5
10381832,1761,1.206,20.56,4.731,-82
10381852,1762,1.208,20.5,4.731,-81
10381872,1762,1.205,20.43,4.731,-81.5
10381892,1762,1.203,20.25,4.731,-82
10381912,1762,1.203,20.27,4.731,-81.5
10381932,1761,1.201,20.6,4.737,-81.5
10381952,1762,1.198,20.59,4.737,-82
10381972,1762,1.201,20.26,4.737,-81.5
10381992,1761,1.204,20.34,4.737,-82
10382012,1761,1.198,20.2,4.737,-82.5
10382032,1761,1.205,20.36,4.737,-81.5
10382052,1761,1.206,20.76,4.734,-81.5
10382072,1762,1.2,20.78,4.734,-82.5
10382092,1762,1.204,20.84,4.734,-81
10382112,1762,1.202,20.77,4.734,-81.5
10382132,1761,1.196,20.79,4.734,-82.5
10382152,1761,1.201,21.01,4.734,-81.5
10382172,1761,1.199,21.08,4.742,-81.5
10382192,1762,1.197,20.91,4.742,-82.5
10382212,1761,1.202,21.32,4.742,-81
10382232,1762,1.202,21.6,4.742,-82
10382252,1761,1.201,21.51,4.742,-82
10382272,1761,1.204,21.83,4.742,-81
10382292,1762,1.206,21.54,4.728,-81.5
10382312,1761,1.204,21.1,4.728,-82.5
10382332,1761,1.206,21.35,4.728,-81.5
10382352,1761,1.205,21.57,4.728,-81.5
10382372,1762,1.202,21.35,4.728,-82
10382392,1761,1.201,21.53,4.728,-81.5
10382412,1761,1.202,21.32,4.734,-81.5
10382432,1761,1.2,20.89,4.734,-81
10382452,1762,1.207,21.28,4.734,-81
10382472,1762,1.202,21.1,4.734,-81.5
10382492,1761,1.202,20.83,4.734,-81.5
10382512,1761,1.204,20.88,4.734,-81
10382532,1761,1.2,21.01,4.731,-82
10382552,1762,1.198,21,4.731,-81
10382572,1762,1.199,21.42,4.731,-81
10382592,1761,1.193,21.07,4.731,-82
10382612,1761,1.2,20.53,4.731,-81.5
10382632,1762,1.201,20.43,4.731,-81.5
10382652,1761,1.199,20.54,4.734,-82
10382672,1762,1.207,20.55,4.734,-81
10382692,1762,1.207,20.45,4.734,-81.5
10382712,1761,1.206,20.66,4.734,-82
10382732,1761,1.209,20.36,4.734,-81.5
10382752,1761,1.207,20.88,4.734,-82
10382772,1762,1.203,20.73,4.755,-82
10382792,1762,1.204,20.64,4.755,-81
10382812,1761,1.206,20.52,4.755,-82
10382832,1762,1.204,20.44,4.755,-82.5
10382852,1761,1.204,20.93,4.755,-81
10382872,1762,1.202,20.85,4.755,-81.5
10382892,1761,1.2,20.78,4.749,-82.5
10382912,1762,1.202,21.29,4.749,-81.5
10382932,1761,1.202,21.05,4.749,-82
10382952,1761,1.199,20.7,4.749,-82.5
10382972,1761,1.199,21.02,4.749,-82
10382992,1761,1.198,20.68,4.749,-82
10383012,1762,1.199,20.63,4.731,-81.5
10383032,1761,1.205,20.73,4.731,-81.5
10383052,1762,1.204,20.66,4.731,-82
10383072,1761,1.205,20.66,4.731,-81
10383092,1762,1.205,20.42,4.731,-81.5
10383112,1761,1.203,20.14,4.731,-82
10383132,1761,1.21,20.75,4.731,-81.5
10383152,1762,1.206,20.84,4.731,-82
10383172,1761,1.203,20.56,4.731,-82.5
10383192,1761,1.204,21.05,4.731,-81
10383212,1761,1.201,20.96,4.731,-82
10383232,1762,1.202,20.63,4.731,-81.5
10383252,1762,1.201,21.21,4.731,-81.5
10383272,1761,1.202,21.48,4.731,-81.5
10383292,1762,1.201,21,4.731,-81
10383312,1761,1.201,21.4,4.731,-82
10383332,1762,1.199,21.59,4.731,-82
10383352,1761,1.204,21.22,4.731,-81.5
10383372,1761,1.202,21.31,4.731,-82
10383392,1761,1.203,21.25,4.731,-82
10383412,1762,1.208,21.34,4.731,-81
10383432,1762,1.208,21.6,4.731,-81.5
10383452,1761,1.205,21.59,4.731,-82
10383472,1761,1.207,22.14,4.731,-81.5
10383492,1762,1.207,22.04,4.763,-81.5
10383512,1761,1.212,21.6,4.763,-81.5
10383532,1761,1.215,21.97,4.763,-82
10383552,1761,1.211,21.6,4.763,-82
10383572,1761,1.216,21.35,4.763,-81.5
10383592,1761,1.216,21.46,4.763,-82
10383612,1762,1.212,21.43,4.734,-82
10383632,1762,1.208,21.55,4.734,-81.5
10383652,1761,1.209,21.66,4.734,-81.5
10383672,1762,1.206,21.75,4.734,-82
10383692,1762,1.208,22.23,4.734,-81.5
10383712,1761,1.205,21.87,4.734,-81.5
10383732,1761,1.209,21.76,4.734,-81
10383752,1761,1.209,22.05,4.734,-81.5
10383772,1762,1.208,21.81,4.734,-82
10383792,1761,1.208,21.83,4.734,-81
10383812,1761,1.206,22.13,4.734,-81.5
10383832,1761,1.202,21.9,4.734,-82
10383852,1761,1.209,21.82,4.731,-81.5
10383872,1762,1.205,21.38,4.731,-81.5
10383892,1762,1.207,21.53,4.731,-81
10383912,1762,1.207,21.78,4.731,-81.5
10383932,1762,1.205,21.51,4.731,-82
10383952,1761,1.21,21.29,4.731,-81
10383972,1762,1.213,21.53,4.734,-81.5
10383992,1761,1.209,21.49,4.734,-82
10384012,1761,1.212,21.33,4.734,-81
10384032,1761,1.209,21.64,4.734,-81.5
10384052,1762,1.205,21.45,4.734,-82
10384072,1761,1.207,22.09,4.734,-81
10384092,1761,1.208,22.05,4.728,-81.5
10384112,1761,1.21,22.02,4.728,-81
10384132,1761,1.209,22.07,4.728,-81.5
10384152,1762,1.202,22.13,4.728,-82
10384172,1762,1.209,22.1,4.728,-81.5
10384192,1762,1.206,22.46,4.728,-81.5
10384212,1762,1.205,22.26,4.709,-82
10384232,1761,1.207,21.95,4.709,-81
10384252,1762,1.208,21.77,4.709,-82
10384272,1761,1.201,21.25,4.709,-82.5
10384292,1762,1.205,21.68,4.709,-81
10384312,1761,1.201,21.67,4.709,-82
10384332,1761,1.195,21.33,4.734,-82.5
10384352,1761,1.2,21.15,4.734,-81.5
10384372,1761,1.202,21,4.734,-81.5
10384392,1762,1.206,21.15,4.734,-81
10384412,1762,1.206,21.38,4.734,-81.5
10384432,1761,1.202,21.05,4.734,-82
10384452,1762,1.206,20.63,4.734,-81.5
10384472,1761,1.208,21.1,4.734,-81.5
10384492,1761,1.202,20.81,4.734,-82
10384512,1762,1.204,20.8,4.734,-81
10384532,1761,1.2,20.68,4.734,-82
10384552,1761,1.2,21,4.734,-82
10384572,1762,1.204,20.68,4.734,-81.5
10384592,1761,1.207,20.85,4.734,-81.5
10384612,1761,1.203,20.88,4.734,-82
10384632,1762,1.206,20.97,4.734,-81.5
10384652,1762,1.207,20.88,4.734,-81.5
10384672,1761,1.207,20.85,4.734,-81.5
10384692,1762,1.207,20.95,4.734,-81.5
10384712,1761,1.205,20.85,4.734,-81.5
10384732,1761,1.206,20.98,4.734,-81
10384752,1761,1.206,20.89,4.734,-81.5
10384772,1761,1.203,20.8,4.734,-82.5
10384792,1762,1.208,20.87,4.734,-81
10384812,1761,1.207,21.25,4.734,-82
10384832,1762,1.198,20.93,4.734,-82
10384852,1761,1.206,20.79,4.734,-81
10384872,1762,1.204,21.23,4.734,-82
10384892,1762,1.202,21.14,4.734,-82
10384912,1762,1.208,20.65,4.734,-81
10384932,1761,1.206,21.02,4.731,-81.5
10384952,1761,1.202,20.91,4.731,-82.5
10384972,1761,1.204,20.45,4.731,-81.5
10384992,1762,1.204,20.7,4.731,-81.5
10385012,1761,1.201,20.68,4.731,-82
10385032,1762,1.203,20.95,4.731,-81.5
10385052,1761,1.203,20.76,4.734,-81.5
10385072,1762,1.211,20.67,4.734,-81.5
10385092,1761,1.213,20.85,4.734,-82
10385112,1761,1.208,20.96,4.734,-81.5
10385132,1762,1.214,20.96,4.734,-81
10385152,1762,1.218,21.33,4.734,-82
10385172,1762,1.211,21.06,4.731,-82
10385192,1762,1.212,21.05,4.731,-81
10385212,1762,1.207,20.89,4.731,-82
10385232,1762,1.205,20.85,4.731,-82
10385252,1762,1.208,20.75,4.731,-81.5
10385272,1762,1.203,20.37,4.731,-81.5
10385292,1762,1.204,20.48,4.728,-81
10385312,1762,1.206,20.98,4.728,-81.5
10385332,1762,1.199,20.83,4.728,-82
10385352,1762,1.2,20.91,4.728,-81
10385372,1762,1.198,21.08,4.728,-82
10385392,1762,1.193,20.6,4.728,-82
10385412,1762,1.198,20.32,4.725,-81.5
10385432,1762,1.193,20.39,4.725,-82
10385452,1762,1.192,20.35,4.725,-82
10385472,1762,1.2,20.71,4.725,-81
10385492,1761,1.197,20.68,4.725,-82
10385512,1762,1.202,20.65,4.725,-81.5
10385532,1762,1.203,21.08,4.731,-81.5
10385552,1762,1.201,21.14,4.731,-82.5
10385572,1762,1.209,21.65,4.731,-81.5
10385592,1762,1.205,21.49,4.731,-81.5
10385612,1762,1.204,21.39,4.731,-81.5
10385632,1762,1.211,21.67,4.731,-81
10385652,1762,1.211,22.03,4.731,-81.5
10385672,1762,1.216,21.85,4.731,-81
10385692,1762,1.215,22.18,4.731,-81.5
10385712,1762,1.208,21.67,4.731,-82.5
10385732,1762,1.21,21.3,4.731,-81.5
10385752,1762,1.205,21.59,4.731,-82
10385772,1762,1.208,21.55,4.742,-81.5
10385792,1762,1.211,21.39,4.742,-81.5
10385812,1762,1.207,21.01,4.742,-82
10385832,1762,1.206,20.85,4.742,-81
10385852,1762,1.203,20.71,4.742,-81.5
10385872,1761,1.198,20.76,4.742,-82.5
10385892,1762,1.203,20.6,4.728,-81.5
10385912,1762,1.201,20.56,4.728,-82
10385932,1762,1.204,20.54,4.728,-81
10385952,1762,1.208,21.25,4.728,-82
10385972,1762,1.205,21.24,4.728,-82
10385992,1762,1.208,21.34,4.728,-81
10386012,1762,1.204,21.32,4.768,-81.5
10386032,1762,1.207,21.47,4.768,-81
10386052,1762,1.208,21.72,4.768,-82
10386072,1761,1.204,21.51,4.768,-82
10386092,1762,1.207,21.72,4.768,-81.5
10386112,1761,1.204,21.41,4.768,-82
10386132,1762,1.199,21.18,4.734,-82.5
10386152,1762,1.206,21.26,4.734,-81
10386172,1762,1.201,21.21,4.734,-82
10386192,1762,1.206,21.1,4.734,-81.5
10386212,1762,1.206,21.1,4.734,-81.5
10386232,1762,1.204,20.93,4.734,-82.5
10386252,1762,1.21,20.81,4.731,-81.5
10386272,1762,1.209,20.63,4.731,-82
10386292,1761,1.207,20.24,4.731,-81
10386312,1762,1.212,20.93,4.731,-81.5
10386332,1762,1.21,20.78,4.731,-82
10386352,1762,1.213,20.57,4.731,-81.5
10386372,1762,1.212,20.4,4.731,-81.5
10386392,1762,1.213,20.16,4.731,-81.5
10386412,1762,1.213,20.57,4.731,-81.5
10386432,1762,1.206,20.66,4.731,-82
10386452,1762,1.208,20.48,4.731,-81.5
10386472,1762,1.204,20.55,4.731,-81.5
10386492,1762,1.204,20.23,4.728,-82
10386512,1762,1.205,20.71,4.728,-81.5
10386532,1762,1.204,20.77,4.728,-81.5
10386552,1762,1.205,20.43,4.728,-81
10386572,1762,1.202,20.27,4.728,-81.5
10386592,1762,1.198,20.07,4.728,-82.5
10386612,1762,1.204,20.27,4.728,-81.5
10386632,1762,1.199,20.4,4.728,-82
10386652,1762,1.206,20.43,4.728,-81.5
10386672,1762,1.209,20.82,4.728,-82
10386692,1762,1.206,20.7,4.728,-82
10386712,1762,1.209,20.96,4.728,-81
10386732,1762,1.208,21.26,4.731,-81.5
10386752,1762,1.207,21.09,4.731,-81.5
10386772,1762,1.205,21.47,4.731,-81.5
10386792,1762,1.203,21.02,4.731,-82.5
10386812,1762,1.209,21.3,4.731,-81.5
10386832,1762,1.205,21.47,4.731,-81.5
10386852,1762,1.204,21.2,4.728,-82.5
10386872,1762,1.21,21.01,4.728,-82
10386892,1762,1.207,20.91,4.728,-82.5
10386912,1762,1.212,20.6,4.728,-81
10386932,1762,1.21,20.49,4.728,-81.5
10386952,1762,1.21,20.06,4.728,-81
10386972,1762,1.213,20.6,4.731,-81.5
10386992,1762,1.204,20.41,4.731,-82.5
10387012,1762,1.21,20.63,4.731,-81.5
10387032,1762,1.209,20.96,4.731,-82
10387052,1762,1.21,20.89,4.731,-81
10387072,1762,1.213,20.91,4.731,-81.5
10387092,1762,1.208,20.54,4.728,-82
10387112,1762,1.21,20.4,4.728,-81
10387132,1762,1.207,20.78,4.728,-81.5
10387152,1762,1.204,20.68,4.728,-81
10387172,1762,1.205,21.07,4.728,-81
10387192,1762,1.198,20.95,4.728,-82
10387212,1762,1.206,21.07,4.734,-81.5
10387232,1762,1.201,20.89,4.734,-81.5
10387252,1762,1.206,20.82,4.734,-81
10387272,1762,1.207,20.85,4.734,-81.5
10387292,1762,1.206,20.83,4.734,-82
10387312,1762,1.212,20.83,4.734,-81
